Log file open, 06/20/20 15:25:30
LogInit: Display: Running engine for game: Pinball
LogPlatformFile: Not using cached read wrapper
LogTaskGraph: Started task graph with 5 named threads and 23 total threads with 3 sets of task threads.
LogStats: Stats thread started at 2.672078
LogD3D11RHI: Loaded GFSDK_Aftermath_Lib.x64.dll
LogICUInternationalization: ICU TimeZone Detection - Raw Offset: +5:30, Platform Override: ''
LogPluginManager: Mounting plugin Paper2D
LogPluginManager: Mounting plugin AISupport
LogPluginManager: Mounting plugin LightPropagationVolume
LogPluginManager: Mounting plugin CameraShakePreviewer
LogPluginManager: Mounting plugin ActorLayerUtilities
LogPluginManager: Mounting plugin AnimationSharing
LogPluginManager: Mounting plugin CLionSourceCodeAccess
LogPluginManager: Mounting plugin CodeLiteSourceCodeAccess
LogPluginManager: Mounting plugin GitSourceControl
LogPluginManager: Mounting plugin KDevelopSourceCodeAccess
LogPluginManager: Mounting plugin NullSourceCodeAccess
LogPluginManager: Mounting plugin PerforceSourceControl
LogPluginManager: Mounting plugin PlasticSourceControl
LogPluginManager: Mounting plugin RiderSourceCodeAccess
LogPluginManager: Mounting plugin SubversionSourceControl
LogPluginManager: Mounting plugin UObjectPlugin
LogPluginManager: Mounting plugin VisualStudioCodeSourceCodeAccess
LogPluginManager: Mounting plugin VisualStudioSourceCodeAccess
LogPluginManager: Mounting plugin XCodeSourceCodeAccess
LogPluginManager: Mounting plugin AssetManagerEditor
LogPluginManager: Mounting plugin CryptoKeys
LogPluginManager: Mounting plugin CurveEditorTools
LogPluginManager: Mounting plugin DataValidation
LogPluginManager: Mounting plugin EditorScriptingUtilities
LogPluginManager: Mounting plugin FacialAnimation
LogPluginManager: Mounting plugin GameplayTagsEditor
LogPluginManager: Mounting plugin GeometryMode
LogPluginManager: Mounting plugin MacGraphicsSwitching
LogPluginManager: Mounting plugin MaterialAnalyzer
LogPluginManager: Mounting plugin MobileLauncherProfileWizard
LogPluginManager: Mounting plugin PluginBrowser
LogPluginManager: Mounting plugin SpeedTreeImporter
LogPluginManager: Mounting plugin DatasmithContent
LogPluginManager: Mounting plugin VariantManagerContent
LogPluginManager: Mounting plugin AlembicImporter
LogPluginManager: Mounting plugin AutomationUtils
LogPluginManager: Mounting plugin BackChannel
LogPluginManager: Mounting plugin ChaosCloth
LogPluginManager: Mounting plugin ChaosClothEditor
LogPluginManager: Mounting plugin ChaosEditor
LogPluginManager: Mounting plugin ChaosNiagara
LogPluginManager: Mounting plugin ChaosSolverPlugin
LogPluginManager: Mounting plugin CharacterAI
LogPluginManager: Mounting plugin GeometryCache
LogPluginManager: Mounting plugin GeometryCollectionPlugin
LogPluginManager: Mounting plugin GeometryProcessing
LogPluginManager: Mounting plugin PlanarCut
LogPluginManager: Mounting plugin PlatformCrypto
LogPluginManager: Mounting plugin ProxyLODPlugin
LogPluginManager: Mounting plugin SkeletalReduction
LogPluginManager: Mounting plugin Niagara
LogPluginManager: Mounting plugin MagicLeap
LogPluginManager: Mounting plugin MagicLeapLightEstimation
LogPluginManager: Mounting plugin MagicLeapMedia
LogPluginManager: Mounting plugin MagicLeapPassableWorld
LogPluginManager: Mounting plugin MLSDK
LogPluginManager: Mounting plugin AndroidMedia
LogPluginManager: Mounting plugin AvfMedia
LogPluginManager: Mounting plugin ImgMedia
LogPluginManager: Mounting plugin MediaCompositing
LogPluginManager: Mounting plugin MediaPlayerEditor
LogPluginManager: Mounting plugin WebMMedia
LogPluginManager: Mounting plugin WmfMedia
LogPluginManager: Mounting plugin MeshPainting
LogPluginManager: Mounting plugin TcpMessaging
LogPluginManager: Mounting plugin UdpMessaging
LogPluginManager: Mounting plugin ActorSequence
LogPluginManager: Mounting plugin LevelSequenceEditor
LogPluginManager: Mounting plugin MatineeToLevelSequence
LogPluginManager: Mounting plugin MovieRenderPipeline
LogPluginManager: Mounting plugin TemplateSequence
LogPluginManager: Mounting plugin NetcodeUnitTest
LogPluginManager: Mounting plugin NUTUnrealEngine4
LogPluginManager: Mounting plugin OnlineSubsystemGooglePlay
LogPluginManager: Mounting plugin OnlineSubsystemIOS
LogPluginManager: Mounting plugin OnlineSubsystem
LogPluginManager: Mounting plugin OnlineSubsystemNull
LogPluginManager: Mounting plugin OnlineSubsystemUtils
LogPluginManager: Mounting plugin LauncherChunkInstaller
LogPluginManager: Mounting plugin AndroidDeviceProfileSelector
LogPluginManager: Mounting plugin AndroidMoviePlayer
LogPluginManager: Mounting plugin AndroidPermission
LogPluginManager: Mounting plugin AppleImageUtils
LogPluginManager: Mounting plugin AppleMoviePlayer
LogPluginManager: Mounting plugin ArchVisCharacter
LogPluginManager: Mounting plugin AssetTags
LogPluginManager: Mounting plugin AudioCapture
LogPluginManager: Mounting plugin CableComponent
LogPluginManager: Mounting plugin CustomMeshComponent
LogPluginManager: Mounting plugin EditableMesh
LogPluginManager: Mounting plugin ExampleDeviceProfileSelector
LogPluginManager: Mounting plugin GoogleCloudMessaging
LogPluginManager: Mounting plugin GooglePAD
LogPluginManager: Mounting plugin IOSDeviceProfileSelector
LogPluginManager: Mounting plugin LinuxDeviceProfileSelector
LogPluginManager: Mounting plugin LocationServicesBPLibrary
LogPluginManager: Mounting plugin MobilePatchingUtils
LogPluginManager: Mounting plugin OculusVR
LogPluginManager: Mounting plugin PhysXVehicles
LogPluginManager: Mounting plugin PostSplashScreen
LogPluginManager: Mounting plugin ProceduralMeshComponent
LogPluginManager: Mounting plugin RuntimePhysXCooking
LogPluginManager: Mounting plugin SignificanceManager
LogPluginManager: Mounting plugin SoundFields
LogPluginManager: Mounting plugin SteamVR
LogPluginManager: Mounting plugin Synthesis
LogPluginManager: Mounting plugin WebMMoviePlayer
LogPluginManager: Mounting plugin WindowsMoviePlayer
LogPluginManager: Mounting plugin ScreenshotTools
LogInit: Using libcurl 7.55.1-DEV
LogInit:  - built for x86_64-pc-win32
LogInit:  - supports SSL with OpenSSL/1.1.1
LogInit:  - supports HTTP deflate (compression) using libz 1.2.8
LogInit:  - other features:
LogInit:      CURL_VERSION_SSL
LogInit:      CURL_VERSION_LIBZ
LogInit:      CURL_VERSION_IPV6
LogInit:      CURL_VERSION_ASYNCHDNS
LogInit:      CURL_VERSION_LARGEFILE
LogInit:      CURL_VERSION_IDN
LogInit:  CurlRequestOptions (configurable via config and command line):
LogInit:  - bVerifyPeer = true  - Libcurl will verify peer certificate
LogInit:  - bUseHttpProxy = false  - Libcurl will NOT use HTTP proxy
LogInit:  - bDontReuseConnections = false  - Libcurl will reuse connections
LogInit:  - MaxHostConnections = 16  - Libcurl will limit the number of connections to a host
LogInit:  - LocalHostAddr = Default
LogInit:  - BufferSize = 65536
LogOnline: OSS: Creating online subsystem instance for: NULL
LogInit: WinSock: version 1.1 (2.2), MaxSocks=32767, MaxUdp=65467
LogOnline: OSS: TryLoadSubsystemAndSetDefault: Loaded subsystem for module [NULL]
LogInit: Build: ++UE4+Release-4.25-CL-13144385
LogInit: Engine Version: 4.25.0-13144385+++UE4+Release-4.25
LogInit: Compatible Engine Version: 4.25.0-13144385+++UE4+Release-4.25
LogInit: Net CL: 13144385
LogInit: OS: Windows 10 (Release 1903) (), CPU: Intel(R) Core(TM) i5-8250U CPU @ 1.60GHz, GPU: Intel(R) UHD Graphics 620
LogInit: Compiled (64-bit): May  2 2020 02:12:11
LogInit: Compiled with Visual C++: 19.24.28315.00
LogInit: Build Configuration: Development
LogInit: Branch Name: ++UE4+Release-4.25
LogInit: Command Line: 
LogInit: Base Directory: C:/Program Files/Epic Games/UE_4.25/Engine/Binaries/Win64/
LogInit: Allocator: TBB
LogInit: Installed Engine Build: 1
LogDevObjectVersion: Number of dev versions registered: 26
LogDevObjectVersion:   Dev-Blueprints (B0D832E4-1F89-4F0D-ACCF-7EB736FD4AA2): 10
LogDevObjectVersion:   Dev-Build (E1C64328-A22C-4D53-A36C-8E866417BD8C): 0
LogDevObjectVersion:   Dev-Core (375EC13C-06E4-48FB-B500-84F0262A717E): 4
LogDevObjectVersion:   Dev-Editor (E4B068ED-F494-42E9-A231-DA0B2E46BB41): 38
LogDevObjectVersion:   Dev-Framework (CFFC743F-43B0-4480-9391-14DF171D2073): 37
LogDevObjectVersion:   Dev-Mobile (B02B49B5-BB20-44E9-A304-32B752E40360): 2
LogDevObjectVersion:   Dev-Networking (A4E4105C-59A1-49B5-A7C5-40C4547EDFEE): 0
LogDevObjectVersion:   Dev-Online (39C831C9-5AE6-47DC-9A44-9C173E1C8E7C): 0
LogDevObjectVersion:   Dev-Physics (78F01B33-EBEA-4F98-B9B4-84EACCB95AA2): 4
LogDevObjectVersion:   Dev-Platform (6631380F-2D4D-43E0-8009-CF276956A95A): 0
LogDevObjectVersion:   Dev-Rendering (12F88B9F-8875-4AFC-A67C-D90C383ABD29): 43
LogDevObjectVersion:   Dev-Sequencer (7B5AE74C-D270-4C10-A958-57980B212A5A): 12
LogDevObjectVersion:   Dev-VR (D7296918-1DD6-4BDD-9DE2-64A83CC13884): 3
LogDevObjectVersion:   Dev-LoadTimes (C2A15278-BFE7-4AFE-6C17-90FF531DF755): 1
LogDevObjectVersion:   Private-Geometry (6EACA3D4-40EC-4CC1-B786-8BED09428FC5): 3
LogDevObjectVersion:   Dev-AnimPhys (29E575DD-E0A3-4627-9D10-D276232CDCEA): 17
LogDevObjectVersion:   Dev-Anim (AF43A65D-7FD3-4947-9873-3E8ED9C1BB05): 7
LogDevObjectVersion:   Dev-ReflectionCapture (6B266CEC-1EC7-4B8F-A30B-E4D90942FC07): 1
LogDevObjectVersion:   Dev-Automation (0DF73D61-A23F-47EA-B727-89E90C41499A): 1
LogDevObjectVersion:   FortniteMain (601D1886-AC64-4F84-AA16-D3DE0DEAC7D6): 31
LogDevObjectVersion:   Dev-Enterprise (9DFFBCD6-494F-0158-E221-12823C92A888): 10
LogDevObjectVersion:   Dev-Niagara (F2AED0AC-9AFE-416F-8664-AA7FFA26D6FC): 1
LogDevObjectVersion:   Dev-Destruction (174F1F0B-B4C6-45A5-B13F-2EE8D0FB917D): 10
LogDevObjectVersion:   Dev-Physics-Ext (35F94A83-E258-406C-A318-09F59610247C): 37
LogDevObjectVersion:   Dev-PhysicsMaterial-Chaos (B68FC16E-8B1B-42E2-B453-215C058844FE): 1
LogDevObjectVersion:   Dev-CineCamera (B2E18506-4273-CFC2-A54E-F4BB758BBA07): 1
LogInit: Presizing for max 25165824 objects, including 0 objects not considered by GC, pre-allocating 0 bytes for permanent pool.
LogConfig: Applying CVar settings from Section [/Script/Engine.StreamingSettings] File [C:/Users/Lenovo/Documents/GitHub/UnrealEngine_Truneshkhatri/Pinball/Saved/Config/Windows/Engine.ini]
LogConfig: Setting CVar [[s.MinBulkDataSizeForAsyncLoading:131072]]
LogConfig: Setting CVar [[s.AsyncLoadingThreadEnabled:0]]
LogConfig: Setting CVar [[s.EventDrivenLoaderEnabled:1]]
LogConfig: Setting CVar [[s.WarnIfTimeLimitExceeded:0]]
LogConfig: Setting CVar [[s.TimeLimitExceededMultiplier:1.5]]
LogConfig: Setting CVar [[s.TimeLimitExceededMinTime:0.005]]
LogConfig: Setting CVar [[s.UseBackgroundLevelStreaming:1]]
LogConfig: Setting CVar [[s.PriorityAsyncLoadingExtraTime:15.0]]
LogConfig: Setting CVar [[s.LevelStreamingActorsUpdateTimeLimit:5.0]]
LogConfig: Setting CVar [[s.PriorityLevelStreamingActorsUpdateExtraTime:5.0]]
LogConfig: Setting CVar [[s.LevelStreamingComponentsRegistrationGranularity:10]]
LogConfig: Setting CVar [[s.UnregisterComponentsTimeLimit:1.0]]
LogConfig: Setting CVar [[s.LevelStreamingComponentsUnregistrationGranularity:5]]
LogConfig: Setting CVar [[s.FlushStreamingOnExit:1]]
LogInit: Object subsystem initialized
LogConfig: Setting CVar [[con.DebugEarlyDefault:1]]
LogConfig: Setting CVar [[r.setres:1280x720]]
[2020.06.20-09.55.57:278][  0]LogConfig: Setting CVar [[r.VSync:0]]
[2020.06.20-09.55.57:279][  0]LogConfig: Setting CVar [[r.RHICmdBypass:0]]
[2020.06.20-09.55.57:279][  0]LogConfig: Applying CVar settings from Section [/Script/Engine.RendererSettings] File [C:/Users/Lenovo/Documents/GitHub/UnrealEngine_Truneshkhatri/Pinball/Saved/Config/Windows/Engine.ini]
[2020.06.20-09.55.57:279][  0]LogConfig: Setting CVar [[r.GPUCrashDebugging:0]]
[2020.06.20-09.55.57:280][  0]LogConfig: Applying CVar settings from Section [/Script/Engine.RendererOverrideSettings] File [C:/Users/Lenovo/Documents/GitHub/UnrealEngine_Truneshkhatri/Pinball/Saved/Config/Windows/Engine.ini]
[2020.06.20-09.55.57:280][  0]LogConfig: Applying CVar settings from Section [/Script/Engine.StreamingSettings] File [C:/Users/Lenovo/Documents/GitHub/UnrealEngine_Truneshkhatri/Pinball/Saved/Config/Windows/Engine.ini]
[2020.06.20-09.55.57:280][  0]LogConfig: Setting CVar [[s.MinBulkDataSizeForAsyncLoading:131072]]
[2020.06.20-09.55.57:281][  0]LogConfig: Setting CVar [[s.AsyncLoadingThreadEnabled:0]]
[2020.06.20-09.55.57:281][  0]LogConfig: Setting CVar [[s.EventDrivenLoaderEnabled:1]]
[2020.06.20-09.55.57:281][  0]LogConfig: Setting CVar [[s.WarnIfTimeLimitExceeded:0]]
[2020.06.20-09.55.57:282][  0]LogConfig: Setting CVar [[s.TimeLimitExceededMultiplier:1.5]]
[2020.06.20-09.55.57:282][  0]LogConfig: Setting CVar [[s.TimeLimitExceededMinTime:0.005]]
[2020.06.20-09.55.57:282][  0]LogConfig: Setting CVar [[s.UseBackgroundLevelStreaming:1]]
[2020.06.20-09.55.57:283][  0]LogConfig: Setting CVar [[s.PriorityAsyncLoadingExtraTime:15.0]]
[2020.06.20-09.55.57:283][  0]LogConfig: Setting CVar [[s.LevelStreamingActorsUpdateTimeLimit:5.0]]
[2020.06.20-09.55.57:283][  0]LogConfig: Setting CVar [[s.PriorityLevelStreamingActorsUpdateExtraTime:5.0]]
[2020.06.20-09.55.57:284][  0]LogConfig: Setting CVar [[s.LevelStreamingComponentsRegistrationGranularity:10]]
[2020.06.20-09.55.57:284][  0]LogConfig: Setting CVar [[s.UnregisterComponentsTimeLimit:1.0]]
[2020.06.20-09.55.57:284][  0]LogConfig: Setting CVar [[s.LevelStreamingComponentsUnregistrationGranularity:5]]
[2020.06.20-09.55.57:285][  0]LogConfig: Setting CVar [[s.FlushStreamingOnExit:1]]
[2020.06.20-09.55.57:285][  0]LogConfig: Applying CVar settings from Section [/Script/Engine.GarbageCollectionSettings] File [C:/Users/Lenovo/Documents/GitHub/UnrealEngine_Truneshkhatri/Pinball/Saved/Config/Windows/Engine.ini]
[2020.06.20-09.55.57:285][  0]LogConfig: Setting CVar [[gc.MaxObjectsNotConsideredByGC:1]]
[2020.06.20-09.55.57:286][  0]LogConfig: Setting CVar [[gc.SizeOfPermanentObjectPool:0]]
[2020.06.20-09.55.57:286][  0]LogConfig: Setting CVar [[gc.FlushStreamingOnGC:0]]
[2020.06.20-09.55.57:286][  0]LogConfig: Setting CVar [[gc.NumRetriesBeforeForcingGC:10]]
[2020.06.20-09.55.57:287][  0]LogConfig: Setting CVar [[gc.AllowParallelGC:1]]
[2020.06.20-09.55.57:287][  0]LogConfig: Setting CVar [[gc.TimeBetweenPurgingPendingKillObjects:61.1]]
[2020.06.20-09.55.57:287][  0]LogConfig: Setting CVar [[gc.MaxObjectsInEditor:25165824]]
[2020.06.20-09.55.57:287][  0]LogConfig: Setting CVar [[gc.IncrementalBeginDestroyEnabled:1]]
[2020.06.20-09.55.57:288][  0]LogConfig: Setting CVar [[gc.CreateGCClusters:1]]
[2020.06.20-09.55.57:288][  0]LogConfig: Setting CVar [[gc.MinGCClusterSize:5]]
[2020.06.20-09.55.57:288][  0]LogConfig: Setting CVar [[gc.ActorClusteringEnabled:0]]
[2020.06.20-09.55.57:289][  0]LogConfig: Setting CVar [[gc.BlueprintClusteringEnabled:0]]
[2020.06.20-09.55.57:289][  0]LogConfig: Setting CVar [[gc.UseDisregardForGCOnDedicatedServers:0]]
[2020.06.20-09.55.57:289][  0]LogConfig: Applying CVar settings from Section [/Script/Engine.NetworkSettings] File [C:/Users/Lenovo/Documents/GitHub/UnrealEngine_Truneshkhatri/Pinball/Saved/Config/Windows/Engine.ini]
[2020.06.20-09.55.57:290][  0]LogConfig: Applying CVar settings from Section [/Script/UnrealEd.CookerSettings] File [C:/Users/Lenovo/Documents/GitHub/UnrealEngine_Truneshkhatri/Pinball/Saved/Config/Windows/Engine.ini]
[2020.06.20-09.55.57:296][  0]LogConfig: Applying CVar settings from Section [ViewDistanceQuality@3] File [C:/Users/Lenovo/Documents/GitHub/UnrealEngine_Truneshkhatri/Pinball/Saved/Config/Windows/Scalability.ini]
[2020.06.20-09.55.57:302][  0]LogConfig: Setting CVar [[r.SkeletalMeshLODBias:0]]
[2020.06.20-09.55.57:303][  0]LogConfig: Setting CVar [[r.ViewDistanceScale:1.0]]
[2020.06.20-09.55.57:303][  0]LogConfig: Applying CVar settings from Section [AntiAliasingQuality@3] File [C:/Users/Lenovo/Documents/GitHub/UnrealEngine_Truneshkhatri/Pinball/Saved/Config/Windows/Scalability.ini]
[2020.06.20-09.55.57:303][  0]LogConfig: Setting CVar [[r.PostProcessAAQuality:4]]
[2020.06.20-09.55.57:304][  0]LogConfig: Applying CVar settings from Section [ShadowQuality@3] File [C:/Users/Lenovo/Documents/GitHub/UnrealEngine_Truneshkhatri/Pinball/Saved/Config/Windows/Scalability.ini]
[2020.06.20-09.55.57:304][  0]LogConfig: Setting CVar [[r.LightFunctionQuality:1]]
[2020.06.20-09.55.57:304][  0]LogConfig: Setting CVar [[r.ShadowQuality:5]]
[2020.06.20-09.55.57:305][  0]LogConfig: Setting CVar [[r.Shadow.CSM.MaxCascades:10]]
[2020.06.20-09.55.57:305][  0]LogConfig: Setting CVar [[r.Shadow.MaxResolution:2048]]
[2020.06.20-09.55.57:305][  0]LogConfig: Setting CVar [[r.Shadow.MaxCSMResolution:2048]]
[2020.06.20-09.55.57:306][  0]LogConfig: Setting CVar [[r.Shadow.RadiusThreshold:0.01]]
[2020.06.20-09.55.57:306][  0]LogConfig: Setting CVar [[r.Shadow.DistanceScale:1.0]]
[2020.06.20-09.55.57:306][  0]LogConfig: Setting CVar [[r.Shadow.CSM.TransitionScale:1.0]]
[2020.06.20-09.55.57:307][  0]LogConfig: Setting CVar [[r.Shadow.PreShadowResolutionFactor:1.0]]
[2020.06.20-09.55.57:307][  0]LogConfig: Setting CVar [[r.DistanceFieldShadowing:1]]
[2020.06.20-09.55.57:307][  0]LogConfig: Setting CVar [[r.DistanceFieldAO:1]]
[2020.06.20-09.55.57:308][  0]LogConfig: Setting CVar [[r.AOQuality:2]]
[2020.06.20-09.55.57:308][  0]LogConfig: Setting CVar [[r.VolumetricFog:1]]
[2020.06.20-09.55.57:308][  0]LogConfig: Setting CVar [[r.VolumetricFog.GridPixelSize:8]]
[2020.06.20-09.55.57:309][  0]LogConfig: Setting CVar [[r.VolumetricFog.GridSizeZ:128]]
[2020.06.20-09.55.57:309][  0]LogConfig: Setting CVar [[r.VolumetricFog.HistoryMissSupersampleCount:4]]
[2020.06.20-09.55.57:309][  0]LogConfig: Setting CVar [[r.LightMaxDrawDistanceScale:1]]
[2020.06.20-09.55.57:310][  0]LogConfig: Setting CVar [[r.CapsuleShadows:1]]
[2020.06.20-09.55.57:310][  0]LogConfig: Applying CVar settings from Section [PostProcessQuality@3] File [C:/Users/Lenovo/Documents/GitHub/UnrealEngine_Truneshkhatri/Pinball/Saved/Config/Windows/Scalability.ini]
[2020.06.20-09.55.57:310][  0]LogConfig: Setting CVar [[r.MotionBlurQuality:4]]
[2020.06.20-09.55.57:311][  0]LogConfig: Setting CVar [[r.AmbientOcclusionMipLevelFactor:0.4]]
[2020.06.20-09.55.57:311][  0]LogConfig: Setting CVar [[r.AmbientOcclusionMaxQuality:100]]
[2020.06.20-09.55.57:311][  0]LogConfig: Setting CVar [[r.AmbientOcclusionLevels:-1]]
[2020.06.20-09.55.57:311][  0]LogConfig: Setting CVar [[r.AmbientOcclusionRadiusScale:1.0]]
[2020.06.20-09.55.57:312][  0]LogConfig: Setting CVar [[r.DepthOfFieldQuality:2]]
[2020.06.20-09.55.57:312][  0]LogConfig: Setting CVar [[r.RenderTargetPoolMin:400]]
[2020.06.20-09.55.57:312][  0]LogConfig: Setting CVar [[r.LensFlareQuality:2]]
[2020.06.20-09.55.57:313][  0]LogConfig: Setting CVar [[r.SceneColorFringeQuality:1]]
[2020.06.20-09.55.57:313][  0]LogConfig: Setting CVar [[r.EyeAdaptationQuality:2]]
[2020.06.20-09.55.57:313][  0]LogConfig: Setting CVar [[r.BloomQuality:5]]
[2020.06.20-09.55.57:314][  0]LogConfig: Setting CVar [[r.FastBlurThreshold:100]]
[2020.06.20-09.55.57:314][  0]LogConfig: Setting CVar [[r.Upscale.Quality:3]]
[2020.06.20-09.55.57:314][  0]LogConfig: Setting CVar [[r.Tonemapper.GrainQuantization:1]]
[2020.06.20-09.55.57:315][  0]LogConfig: Setting CVar [[r.LightShaftQuality:1]]
[2020.06.20-09.55.57:315][  0]LogConfig: Setting CVar [[r.Filter.SizeScale:1]]
[2020.06.20-09.55.57:315][  0]LogConfig: Setting CVar [[r.Tonemapper.Quality:5]]
[2020.06.20-09.55.57:315][  0]LogConfig: Setting CVar [[r.DOF.Gather.AccumulatorQuality:1        ; higher gathering accumulator quality]]
[2020.06.20-09.55.57:316][  0]LogConfig: Setting CVar [[r.DOF.Gather.PostfilterMethod:1          ; Median3x3 postfilering method]]
[2020.06.20-09.55.57:316][  0]LogConfig: Setting CVar [[r.DOF.Gather.EnableBokehSettings:0       ; no bokeh simulation when gathering]]
[2020.06.20-09.55.57:316][  0]LogConfig: Setting CVar [[r.DOF.Gather.RingCount:4                 ; medium number of samples when gathering]]
[2020.06.20-09.55.57:317][  0]LogConfig: Setting CVar [[r.DOF.Scatter.ForegroundCompositing:1    ; additive foreground scattering]]
[2020.06.20-09.55.57:317][  0]LogConfig: Setting CVar [[r.DOF.Scatter.BackgroundCompositing:2    ; additive background scattering]]
[2020.06.20-09.55.57:317][  0]LogConfig: Setting CVar [[r.DOF.Scatter.EnableBokehSettings:1      ; bokeh simulation when scattering]]
[2020.06.20-09.55.57:318][  0]LogConfig: Setting CVar [[r.DOF.Scatter.MaxSpriteRatio:0.1         ; only a maximum of 10% of scattered bokeh]]
[2020.06.20-09.55.57:318][  0]LogConfig: Setting CVar [[r.DOF.Recombine.Quality:1                ; cheap slight out of focus]]
[2020.06.20-09.55.57:318][  0]LogConfig: Setting CVar [[r.DOF.Recombine.EnableBokehSettings:0    ; no bokeh simulation on slight out of focus]]
[2020.06.20-09.55.57:319][  0]LogConfig: Setting CVar [[r.DOF.TemporalAAQuality:1                ; more stable temporal accumulation]]
[2020.06.20-09.55.57:319][  0]LogConfig: Setting CVar [[r.DOF.Kernel.MaxForegroundRadius:0.025]]
[2020.06.20-09.55.57:319][  0]LogConfig: Setting CVar [[r.DOF.Kernel.MaxBackgroundRadius:0.025]]
[2020.06.20-09.55.57:320][  0]LogConfig: Applying CVar settings from Section [TextureQuality@3] File [C:/Users/Lenovo/Documents/GitHub/UnrealEngine_Truneshkhatri/Pinball/Saved/Config/Windows/Scalability.ini]
[2020.06.20-09.55.57:320][  0]LogConfig: Setting CVar [[r.Streaming.MipBias:0]]
[2020.06.20-09.55.57:320][  0]LogConfig: Setting CVar [[r.Streaming.AmortizeCPUToGPUCopy:0]]
[2020.06.20-09.55.57:321][  0]LogConfig: Setting CVar [[r.Streaming.MaxNumTexturesToStreamPerFrame:0]]
[2020.06.20-09.55.57:321][  0]LogConfig: Setting CVar [[r.Streaming.Boost:1]]
[2020.06.20-09.55.57:321][  0]LogConfig: Setting CVar [[r.MaxAnisotropy:8]]
[2020.06.20-09.55.57:322][  0]LogConfig: Setting CVar [[r.VT.MaxAnisotropy:8]]
[2020.06.20-09.55.57:322][  0]LogConfig: Setting CVar [[r.Streaming.LimitPoolSizeToVRAM:0]]
[2020.06.20-09.55.57:322][  0]LogConfig: Setting CVar [[r.Streaming.PoolSize:1000]]
[2020.06.20-09.55.57:322][  0]LogConfig: Setting CVar [[r.Streaming.MaxEffectiveScreenSize:0]]
[2020.06.20-09.55.57:323][  0]LogConfig: Applying CVar settings from Section [EffectsQuality@3] File [C:/Users/Lenovo/Documents/GitHub/UnrealEngine_Truneshkhatri/Pinball/Saved/Config/Windows/Scalability.ini]
[2020.06.20-09.55.57:323][  0]LogConfig: Setting CVar [[r.TranslucencyLightingVolumeDim:64]]
[2020.06.20-09.55.57:324][  0]LogConfig: Setting CVar [[r.RefractionQuality:2]]
[2020.06.20-09.55.57:324][  0]LogConfig: Setting CVar [[r.SSR.Quality:3]]
[2020.06.20-09.55.57:324][  0]LogConfig: Setting CVar [[r.SSR.HalfResSceneColor:0]]
[2020.06.20-09.55.57:325][  0]LogConfig: Setting CVar [[r.SceneColorFormat:4]]
[2020.06.20-09.55.57:325][  0]LogConfig: Setting CVar [[r.DetailMode:2]]
[2020.06.20-09.55.57:326][  0]LogConfig: Setting CVar [[r.TranslucencyVolumeBlur:1]]
[2020.06.20-09.55.57:326][  0]LogConfig: Setting CVar [[r.MaterialQualityLevel:1 ; High quality]]
[2020.06.20-09.55.57:326][  0]LogConfig: Setting CVar [[r.SSS.Scale:1]]
[2020.06.20-09.55.57:327][  0]LogConfig: Setting CVar [[r.SSS.SampleSet:2]]
[2020.06.20-09.55.57:327][  0]LogConfig: Setting CVar [[r.SSS.Quality:1]]
[2020.06.20-09.55.57:327][  0]LogConfig: Setting CVar [[r.SSS.HalfRes:0]]
[2020.06.20-09.55.57:328][  0]LogConfig: Setting CVar [[r.SSGI.Quality:3]]
[2020.06.20-09.55.57:328][  0]LogConfig: Setting CVar [[r.EmitterSpawnRateScale:1.0]]
[2020.06.20-09.55.57:328][  0]LogConfig: Setting CVar [[r.ParticleLightQuality:2]]
[2020.06.20-09.55.57:329][  0]LogConfig: Setting CVar [[r.SkyAtmosphere.AerialPerspectiveLUT.FastApplyOnOpaque:1 ; Always have FastSkyLUT 1 in this case to avoid wrong sky]]
[2020.06.20-09.55.57:329][  0]LogConfig: Setting CVar [[r.SkyAtmosphere.AerialPerspectiveLUT.SampleCountPerSlice:1]]
[2020.06.20-09.55.57:329][  0]LogConfig: Setting CVar [[r.SkyAtmosphere.AerialPerspectiveLUT.DepthResolution:16.0]]
[2020.06.20-09.55.57:330][  0]LogConfig: Setting CVar [[r.SkyAtmosphere.FastSkyLUT:1]]
[2020.06.20-09.55.57:330][  0]LogConfig: Setting CVar [[r.SkyAtmosphere.FastSkyLUT.SampleCountMin:4.0]]
[2020.06.20-09.55.57:330][  0]LogConfig: Setting CVar [[r.SkyAtmosphere.FastSkyLUT.SampleCountMax:32.0]]
[2020.06.20-09.55.57:330][  0]LogConfig: Setting CVar [[r.SkyAtmosphere.SampleCountMin:4.0]]
[2020.06.20-09.55.57:331][  0]LogConfig: Setting CVar [[r.SkyAtmosphere.SampleCountMax:32.0]]
[2020.06.20-09.55.57:331][  0]LogConfig: Setting CVar [[r.SkyAtmosphere.TransmittanceLUT.UseSmallFormat:0]]
[2020.06.20-09.55.57:331][  0]LogConfig: Setting CVar [[r.SkyAtmosphere.TransmittanceLUT.SampleCount:10.0]]
[2020.06.20-09.55.57:332][  0]LogConfig: Setting CVar [[r.SkyAtmosphere.MultiScatteringLUT.SampleCount:15.0]]
[2020.06.20-09.55.57:332][  0]LogConfig: Applying CVar settings from Section [FoliageQuality@3] File [C:/Users/Lenovo/Documents/GitHub/UnrealEngine_Truneshkhatri/Pinball/Saved/Config/Windows/Scalability.ini]
[2020.06.20-09.55.57:332][  0]LogConfig: Setting CVar [[foliage.DensityScale:1.0]]
[2020.06.20-09.55.57:333][  0]LogConfig: Setting CVar [[grass.DensityScale:1.0]]
[2020.06.20-09.55.57:333][  0]LogConfig: Applying CVar settings from Section [ShadingQuality@3] File [C:/Users/Lenovo/Documents/GitHub/UnrealEngine_Truneshkhatri/Pinball/Saved/Config/Windows/Scalability.ini]
[2020.06.20-09.55.57:333][  0]LogConfig: Setting CVar [[r.HairStrands.SkyLighting.SampleCount:16]]
[2020.06.20-09.55.57:334][  0]LogConfig: Setting CVar [[r.HairStrands.SkyLighting.JitterIntegration:0]]
[2020.06.20-09.55.57:334][  0]LogConfig: Setting CVar [[r.HairStrands.SkyAO.SampleCount:16]]
[2020.06.20-09.55.57:334][  0]LogConfig: Setting CVar [[r.HairStrands.DeepShadow.SuperSampling:0]]
[2020.06.20-09.55.57:335][  0]LogConfig: Setting CVar [[r.HairStrands.VisibilityPPLL:0]]
[2020.06.20-09.55.57:335][  0]LogConfig: Setting CVar [[r.HairStrands.RasterizationScale:0.5]]
[2020.06.20-09.55.57:335][  0]LogConfig: Setting CVar [[r.HairStrands.VelocityRasterizationScale:1]]
[2020.06.20-09.55.57:336][  0]LogInit: Selected Device Profile: [Windows]
[2020.06.20-09.55.57:336][  0]LogInit: Applying CVar settings loaded from the selected device profile: [Windows]
[2020.06.20-09.55.57:336][  0]LogHAL: Display: Platform has ~ 8 GB [8494747648 / 8589934592 / 8], which maps to Default [LargestMinGB=32, LargerMinGB=12, DefaultMinGB=8, SmallerMinGB=6, SmallestMinGB=0)
[2020.06.20-09.55.57:337][  0]LogInit: Going up to parent DeviceProfile []
[2020.06.20-09.55.57:337][  0]LogConfig: Applying CVar settings from Section [ViewDistanceQuality@3] File [C:/Users/Lenovo/Documents/GitHub/UnrealEngine_Truneshkhatri/Pinball/Saved/Config/Windows/Scalability.ini]
[2020.06.20-09.55.57:338][  0]LogConfig: Setting CVar [[r.SkeletalMeshLODBias:0]]
[2020.06.20-09.55.57:338][  0]LogConfig: Setting CVar [[r.ViewDistanceScale:1.0]]
[2020.06.20-09.55.57:338][  0]LogConfig: Applying CVar settings from Section [AntiAliasingQuality@3] File [C:/Users/Lenovo/Documents/GitHub/UnrealEngine_Truneshkhatri/Pinball/Saved/Config/Windows/Scalability.ini]
[2020.06.20-09.55.57:339][  0]LogConfig: Setting CVar [[r.PostProcessAAQuality:4]]
[2020.06.20-09.55.57:339][  0]LogConfig: Applying CVar settings from Section [ShadowQuality@3] File [C:/Users/Lenovo/Documents/GitHub/UnrealEngine_Truneshkhatri/Pinball/Saved/Config/Windows/Scalability.ini]
[2020.06.20-09.55.57:339][  0]LogConfig: Setting CVar [[r.LightFunctionQuality:1]]
[2020.06.20-09.55.57:340][  0]LogConfig: Setting CVar [[r.ShadowQuality:5]]
[2020.06.20-09.55.57:340][  0]LogConfig: Setting CVar [[r.Shadow.CSM.MaxCascades:10]]
[2020.06.20-09.55.57:340][  0]LogConfig: Setting CVar [[r.Shadow.MaxResolution:2048]]
[2020.06.20-09.55.57:341][  0]LogConfig: Setting CVar [[r.Shadow.MaxCSMResolution:2048]]
[2020.06.20-09.55.57:341][  0]LogConfig: Setting CVar [[r.Shadow.RadiusThreshold:0.01]]
[2020.06.20-09.55.57:341][  0]LogConfig: Setting CVar [[r.Shadow.DistanceScale:1.0]]
[2020.06.20-09.55.57:342][  0]LogConfig: Setting CVar [[r.Shadow.CSM.TransitionScale:1.0]]
[2020.06.20-09.55.57:342][  0]LogConfig: Setting CVar [[r.Shadow.PreShadowResolutionFactor:1.0]]
[2020.06.20-09.55.57:342][  0]LogConfig: Setting CVar [[r.DistanceFieldShadowing:1]]
[2020.06.20-09.55.57:342][  0]LogConfig: Setting CVar [[r.DistanceFieldAO:1]]
[2020.06.20-09.55.57:343][  0]LogConfig: Setting CVar [[r.AOQuality:2]]
[2020.06.20-09.55.57:343][  0]LogConfig: Setting CVar [[r.VolumetricFog:1]]
[2020.06.20-09.55.57:343][  0]LogConfig: Setting CVar [[r.VolumetricFog.GridPixelSize:8]]
[2020.06.20-09.55.57:344][  0]LogConfig: Setting CVar [[r.VolumetricFog.GridSizeZ:128]]
[2020.06.20-09.55.57:344][  0]LogConfig: Setting CVar [[r.VolumetricFog.HistoryMissSupersampleCount:4]]
[2020.06.20-09.55.57:344][  0]LogConfig: Setting CVar [[r.LightMaxDrawDistanceScale:1]]
[2020.06.20-09.55.57:345][  0]LogConfig: Setting CVar [[r.CapsuleShadows:1]]
[2020.06.20-09.55.57:345][  0]LogConfig: Applying CVar settings from Section [PostProcessQuality@3] File [C:/Users/Lenovo/Documents/GitHub/UnrealEngine_Truneshkhatri/Pinball/Saved/Config/Windows/Scalability.ini]
[2020.06.20-09.55.57:345][  0]LogConfig: Setting CVar [[r.MotionBlurQuality:4]]
[2020.06.20-09.55.57:346][  0]LogConfig: Setting CVar [[r.AmbientOcclusionMipLevelFactor:0.4]]
[2020.06.20-09.55.57:346][  0]LogConfig: Setting CVar [[r.AmbientOcclusionMaxQuality:100]]
[2020.06.20-09.55.57:346][  0]LogConfig: Setting CVar [[r.AmbientOcclusionLevels:-1]]
[2020.06.20-09.55.57:347][  0]LogConfig: Setting CVar [[r.AmbientOcclusionRadiusScale:1.0]]
[2020.06.20-09.55.57:347][  0]LogConfig: Setting CVar [[r.DepthOfFieldQuality:2]]
[2020.06.20-09.55.57:347][  0]LogConfig: Setting CVar [[r.RenderTargetPoolMin:400]]
[2020.06.20-09.55.57:348][  0]LogConfig: Setting CVar [[r.LensFlareQuality:2]]
[2020.06.20-09.55.57:348][  0]LogConfig: Setting CVar [[r.SceneColorFringeQuality:1]]
[2020.06.20-09.55.57:348][  0]LogConfig: Setting CVar [[r.EyeAdaptationQuality:2]]
[2020.06.20-09.55.57:348][  0]LogConfig: Setting CVar [[r.BloomQuality:5]]
[2020.06.20-09.55.57:349][  0]LogConfig: Setting CVar [[r.FastBlurThreshold:100]]
[2020.06.20-09.55.57:349][  0]LogConfig: Setting CVar [[r.Upscale.Quality:3]]
[2020.06.20-09.55.57:349][  0]LogConfig: Setting CVar [[r.Tonemapper.GrainQuantization:1]]
[2020.06.20-09.55.57:350][  0]LogConfig: Setting CVar [[r.LightShaftQuality:1]]
[2020.06.20-09.55.57:350][  0]LogConfig: Setting CVar [[r.Filter.SizeScale:1]]
[2020.06.20-09.55.57:350][  0]LogConfig: Setting CVar [[r.Tonemapper.Quality:5]]
[2020.06.20-09.55.57:351][  0]LogConfig: Setting CVar [[r.DOF.Gather.AccumulatorQuality:1        ; higher gathering accumulator quality]]
[2020.06.20-09.55.57:351][  0]LogConfig: Setting CVar [[r.DOF.Gather.PostfilterMethod:1          ; Median3x3 postfilering method]]
[2020.06.20-09.55.57:353][  0]LogConfig: Setting CVar [[r.DOF.Gather.EnableBokehSettings:0       ; no bokeh simulation when gathering]]
[2020.06.20-09.55.57:353][  0]LogConfig: Setting CVar [[r.DOF.Gather.RingCount:4                 ; medium number of samples when gathering]]
[2020.06.20-09.55.57:353][  0]LogConfig: Setting CVar [[r.DOF.Scatter.ForegroundCompositing:1    ; additive foreground scattering]]
[2020.06.20-09.55.57:353][  0]LogConfig: Setting CVar [[r.DOF.Scatter.BackgroundCompositing:2    ; additive background scattering]]
[2020.06.20-09.55.57:354][  0]LogConfig: Setting CVar [[r.DOF.Scatter.EnableBokehSettings:1      ; bokeh simulation when scattering]]
[2020.06.20-09.55.57:354][  0]LogConfig: Setting CVar [[r.DOF.Scatter.MaxSpriteRatio:0.1         ; only a maximum of 10% of scattered bokeh]]
[2020.06.20-09.55.57:354][  0]LogConfig: Setting CVar [[r.DOF.Recombine.Quality:1                ; cheap slight out of focus]]
[2020.06.20-09.55.57:354][  0]LogConfig: Setting CVar [[r.DOF.Recombine.EnableBokehSettings:0    ; no bokeh simulation on slight out of focus]]
[2020.06.20-09.55.57:354][  0]LogConfig: Setting CVar [[r.DOF.TemporalAAQuality:1                ; more stable temporal accumulation]]
[2020.06.20-09.55.57:355][  0]LogConfig: Setting CVar [[r.DOF.Kernel.MaxForegroundRadius:0.025]]
[2020.06.20-09.55.57:355][  0]LogConfig: Setting CVar [[r.DOF.Kernel.MaxBackgroundRadius:0.025]]
[2020.06.20-09.55.57:355][  0]LogConfig: Applying CVar settings from Section [TextureQuality@3] File [C:/Users/Lenovo/Documents/GitHub/UnrealEngine_Truneshkhatri/Pinball/Saved/Config/Windows/Scalability.ini]
[2020.06.20-09.55.57:355][  0]LogConfig: Setting CVar [[r.Streaming.MipBias:0]]
[2020.06.20-09.55.57:356][  0]LogConfig: Setting CVar [[r.Streaming.AmortizeCPUToGPUCopy:0]]
[2020.06.20-09.55.57:366][  0]LogConfig: Setting CVar [[r.Streaming.MaxNumTexturesToStreamPerFrame:0]]
[2020.06.20-09.55.57:366][  0]LogConfig: Setting CVar [[r.Streaming.Boost:1]]
[2020.06.20-09.55.57:366][  0]LogConfig: Setting CVar [[r.MaxAnisotropy:8]]
[2020.06.20-09.55.57:366][  0]LogConfig: Setting CVar [[r.VT.MaxAnisotropy:8]]
[2020.06.20-09.55.57:366][  0]LogConfig: Setting CVar [[r.Streaming.LimitPoolSizeToVRAM:0]]
[2020.06.20-09.55.57:366][  0]LogConfig: Setting CVar [[r.Streaming.PoolSize:1000]]
[2020.06.20-09.55.57:366][  0]LogConfig: Setting CVar [[r.Streaming.MaxEffectiveScreenSize:0]]
[2020.06.20-09.55.57:366][  0]LogConfig: Applying CVar settings from Section [EffectsQuality@3] File [C:/Users/Lenovo/Documents/GitHub/UnrealEngine_Truneshkhatri/Pinball/Saved/Config/Windows/Scalability.ini]
[2020.06.20-09.55.57:366][  0]LogConfig: Setting CVar [[r.TranslucencyLightingVolumeDim:64]]
[2020.06.20-09.55.57:366][  0]LogConfig: Setting CVar [[r.RefractionQuality:2]]
[2020.06.20-09.55.57:366][  0]LogConfig: Setting CVar [[r.SSR.Quality:3]]
[2020.06.20-09.55.57:366][  0]LogConfig: Setting CVar [[r.SSR.HalfResSceneColor:0]]
[2020.06.20-09.55.57:367][  0]LogConfig: Setting CVar [[r.SceneColorFormat:4]]
[2020.06.20-09.55.57:367][  0]LogConfig: Setting CVar [[r.DetailMode:2]]
[2020.06.20-09.55.57:367][  0]LogConfig: Setting CVar [[r.TranslucencyVolumeBlur:1]]
[2020.06.20-09.55.57:367][  0]LogConfig: Setting CVar [[r.MaterialQualityLevel:1 ; High quality]]
[2020.06.20-09.55.57:367][  0]LogConfig: Setting CVar [[r.SSS.Scale:1]]
[2020.06.20-09.55.57:367][  0]LogConfig: Setting CVar [[r.SSS.SampleSet:2]]
[2020.06.20-09.55.57:367][  0]LogConfig: Setting CVar [[r.SSS.Quality:1]]
[2020.06.20-09.55.57:367][  0]LogConfig: Setting CVar [[r.SSS.HalfRes:0]]
[2020.06.20-09.55.57:367][  0]LogConfig: Setting CVar [[r.SSGI.Quality:3]]
[2020.06.20-09.55.57:367][  0]LogConfig: Setting CVar [[r.EmitterSpawnRateScale:1.0]]
[2020.06.20-09.55.57:367][  0]LogConfig: Setting CVar [[r.ParticleLightQuality:2]]
[2020.06.20-09.55.57:367][  0]LogConfig: Setting CVar [[r.SkyAtmosphere.AerialPerspectiveLUT.FastApplyOnOpaque:1 ; Always have FastSkyLUT 1 in this case to avoid wrong sky]]
[2020.06.20-09.55.57:367][  0]LogConfig: Setting CVar [[r.SkyAtmosphere.AerialPerspectiveLUT.SampleCountPerSlice:1]]
[2020.06.20-09.55.57:368][  0]LogConfig: Setting CVar [[r.SkyAtmosphere.AerialPerspectiveLUT.DepthResolution:16.0]]
[2020.06.20-09.55.57:368][  0]LogConfig: Setting CVar [[r.SkyAtmosphere.FastSkyLUT:1]]
[2020.06.20-09.55.57:368][  0]LogConfig: Setting CVar [[r.SkyAtmosphere.FastSkyLUT.SampleCountMin:4.0]]
[2020.06.20-09.55.57:368][  0]LogConfig: Setting CVar [[r.SkyAtmosphere.FastSkyLUT.SampleCountMax:32.0]]
[2020.06.20-09.55.57:368][  0]LogConfig: Setting CVar [[r.SkyAtmosphere.SampleCountMin:4.0]]
[2020.06.20-09.55.57:368][  0]LogConfig: Setting CVar [[r.SkyAtmosphere.SampleCountMax:32.0]]
[2020.06.20-09.55.57:368][  0]LogConfig: Setting CVar [[r.SkyAtmosphere.TransmittanceLUT.UseSmallFormat:0]]
[2020.06.20-09.55.57:368][  0]LogConfig: Setting CVar [[r.SkyAtmosphere.TransmittanceLUT.SampleCount:10.0]]
[2020.06.20-09.55.57:368][  0]LogConfig: Setting CVar [[r.SkyAtmosphere.MultiScatteringLUT.SampleCount:15.0]]
[2020.06.20-09.55.57:368][  0]LogConfig: Applying CVar settings from Section [FoliageQuality@3] File [C:/Users/Lenovo/Documents/GitHub/UnrealEngine_Truneshkhatri/Pinball/Saved/Config/Windows/Scalability.ini]
[2020.06.20-09.55.57:368][  0]LogConfig: Setting CVar [[foliage.DensityScale:1.0]]
[2020.06.20-09.55.57:368][  0]LogConfig: Setting CVar [[grass.DensityScale:1.0]]
[2020.06.20-09.55.57:368][  0]LogConfig: Applying CVar settings from Section [ShadingQuality@3] File [C:/Users/Lenovo/Documents/GitHub/UnrealEngine_Truneshkhatri/Pinball/Saved/Config/Windows/Scalability.ini]
[2020.06.20-09.55.57:369][  0]LogConfig: Setting CVar [[r.HairStrands.SkyLighting.SampleCount:16]]
[2020.06.20-09.55.57:369][  0]LogConfig: Setting CVar [[r.HairStrands.SkyLighting.JitterIntegration:0]]
[2020.06.20-09.55.57:369][  0]LogConfig: Setting CVar [[r.HairStrands.SkyAO.SampleCount:16]]
[2020.06.20-09.55.57:369][  0]LogConfig: Setting CVar [[r.HairStrands.DeepShadow.SuperSampling:0]]
[2020.06.20-09.55.57:369][  0]LogConfig: Setting CVar [[r.HairStrands.VisibilityPPLL:0]]
[2020.06.20-09.55.57:369][  0]LogConfig: Setting CVar [[r.HairStrands.RasterizationScale:0.5]]
[2020.06.20-09.55.57:369][  0]LogConfig: Setting CVar [[r.HairStrands.VelocityRasterizationScale:1]]
[2020.06.20-09.55.57:369][  0]LogConfig: Applying CVar settings from Section [Startup] File [../../../Engine/Config/ConsoleVariables.ini]
[2020.06.20-09.55.57:470][  0]LogConfig: Setting CVar [[net.UseAdaptiveNetUpdateFrequency:0]]
[2020.06.20-09.55.57:470][  0]LogConfig: Setting CVar [[p.chaos.AllowCreatePhysxBodies:1]]
[2020.06.20-09.55.57:470][  0]LogConfig: Setting CVar [[fx.SkipVectorVMBackendOptimizations:1]]
[2020.06.20-09.55.57:471][  0]LogConfig: Applying CVar settings from Section [ConsoleVariables] File [C:/Users/Lenovo/Documents/GitHub/UnrealEngine_Truneshkhatri/Pinball/Saved/Config/Windows/Engine.ini]
[2020.06.20-09.55.57:471][  0]LogInit: Computer: DESKTOP-0GI6FT0
[2020.06.20-09.55.57:471][  0]LogInit: User: Lenovo
[2020.06.20-09.55.57:471][  0]LogInit: CPU Page size=4096, Cores=4
[2020.06.20-09.55.57:471][  0]LogInit: High frequency timer resolution =10.000000 MHz
[2020.06.20-09.55.57:472][  0]LogMemory: Memory total: Physical=7.9GB (8GB approx)
[2020.06.20-09.55.57:472][  0]LogMemory: Platform Memory Stats for Windows
[2020.06.20-09.55.57:472][  0]LogMemory: Process Physical Memory: 114.34 MB used, 114.34 MB peak
[2020.06.20-09.55.57:472][  0]LogMemory: Process Virtual Memory: 104.45 MB used, 104.46 MB peak
[2020.06.20-09.55.57:472][  0]LogMemory: Physical Memory: 4924.09 MB used,  3177.14 MB free, 8101.22 MB total
[2020.06.20-09.55.57:472][  0]LogMemory: Virtual Memory: 5118.03 MB used,  134212608.00 MB free, 134217728.00 MB total
[2020.06.20-09.55.57:479][  0]LogWindows: WindowsPlatformFeatures enabled
[2020.06.20-09.55.59:303][  0]LogInit: Physics initialised using underlying interface: PhysX
[2020.06.20-09.55.59:320][  0]LogInit: Using OS detected language (en-US).
[2020.06.20-09.55.59:320][  0]LogInit: Using OS detected locale (en-US).
[2020.06.20-09.55.59:437][  0]LogTextLocalizationManager: No specific localization for 'en-US' exists, so the 'en' localization will be used.
[2020.06.20-09.56.02:347][  0]LogInit: Setting process to per monitor DPI aware
[2020.06.20-09.56.03:985][  0]LogSlate: New Slate User Created.  User Index 0, Is Virtual User: 0
[2020.06.20-09.56.03:985][  0]LogSlate: Slate User Registered.  User Index 0, Is Virtual User: 0
[2020.06.20-09.56.13:896][  0]LogHMD: Failed to initialize OpenVR with code 110
[2020.06.20-09.56.13:896][  0]LogD3D11RHI: D3D11 min allowed feature level: 11_0
[2020.06.20-09.56.13:896][  0]LogD3D11RHI: D3D11 max allowed feature level: 11_0
[2020.06.20-09.56.13:897][  0]LogD3D11RHI: D3D11 adapters:
[2020.06.20-09.56.15:518][  0]LogD3D11RHI:    0. 'NVIDIA GeForce MX150' (Feature Level 11_0)
[2020.06.20-09.56.15:518][  0]LogD3D11RHI:       1983/0/4050 MB DedicatedVideo/DedicatedSystem/SharedSystem, Outputs:1, VendorId:0x10de
[2020.06.20-09.56.15:600][  0]LogD3D11RHI:    1. 'Intel(R) UHD Graphics 620' (Feature Level 11_0)
[2020.06.20-09.56.15:600][  0]LogD3D11RHI:       128/0/4050 MB DedicatedVideo/DedicatedSystem/SharedSystem, Outputs:0, VendorId:0x8086
[2020.06.20-09.56.15:643][  0]LogD3D11RHI:    2. 'Microsoft Basic Render Driver' (Feature Level 11_0)
[2020.06.20-09.56.15:643][  0]LogD3D11RHI:       0/0/4050 MB DedicatedVideo/DedicatedSystem/SharedSystem, Outputs:0, VendorId:0x1414
[2020.06.20-09.56.15:644][  0]LogD3D11RHI: Chosen D3D11 Adapter: 0
[2020.06.20-09.56.15:875][  0]LogD3D11RHI: Creating new Direct3DDevice
[2020.06.20-09.56.15:876][  0]LogD3D11RHI:     GPU DeviceId: 0x1d10 (for the marketing name, search the web for "GPU Device Id")
[2020.06.20-09.56.15:876][  0]LogWindows: EnumDisplayDevices:
[2020.06.20-09.56.15:876][  0]LogWindows:    0. 'Intel(R) UHD Graphics 620' (P:1 D:1)
[2020.06.20-09.56.15:878][  0]LogWindows:    1. 'Intel(R) UHD Graphics 620' (P:0 D:0)
[2020.06.20-09.56.15:879][  0]LogWindows:    2. 'Intel(R) UHD Graphics 620' (P:0 D:0)
[2020.06.20-09.56.15:880][  0]LogWindows: DebugString: PrimaryIsNotTheChoosenAdapter PrimaryIsNotTheChoosenAdapter PrimaryIsNotTheChoosenAdapter FoundDriverCount:0 
[2020.06.20-09.56.15:881][  0]LogD3D11RHI:     Adapter Name: NVIDIA GeForce MX150
[2020.06.20-09.56.15:881][  0]LogD3D11RHI:   Driver Version: Unknown (internal:Unknown, unified:Unknown)
[2020.06.20-09.56.15:881][  0]LogD3D11RHI:      Driver Date: Unknown
[2020.06.20-09.56.15:881][  0]LogRHI: Texture pool is 1388 MB (70% of 1983 MB)
[2020.06.20-09.56.16:150][  0]LogD3D11RHI: RHI has support for 64 bit atomics
[2020.06.20-09.56.16:157][  0]LogD3D11RHI: [Aftermath] Enabled and primed
[2020.06.20-09.56.16:157][  0]LogD3D11RHI: Async texture creation enabled
[2020.06.20-09.56.16:157][  0]LogD3D11RHI: Array index from any shader is supported
[2020.06.20-09.56.16:249][  0]LogD3D11RHI: GPU Timing Frequency: 1000.000000 (Debug: 2 1)
[2020.06.20-09.56.19:060][  0]LogTargetPlatformManager: Display: Loaded TargetPlatform 'AllDesktop'
[2020.06.20-09.56.19:133][  0]LogTargetPlatformManager: Display: Loaded TargetPlatform 'Android'
[2020.06.20-09.56.19:133][  0]LogTargetPlatformManager: Display: Loaded TargetPlatform 'Android_ASTC'
[2020.06.20-09.56.19:133][  0]LogTargetPlatformManager: Display: Loaded TargetPlatform 'Android_DXT'
[2020.06.20-09.56.19:133][  0]LogTargetPlatformManager: Display: Loaded TargetPlatform 'Android_ETC2'
[2020.06.20-09.56.19:133][  0]LogTargetPlatformManager: Display: Loaded TargetPlatform 'AndroidClient'
[2020.06.20-09.56.19:133][  0]LogTargetPlatformManager: Display: Loaded TargetPlatform 'Android_ASTCClient'
[2020.06.20-09.56.19:133][  0]LogTargetPlatformManager: Display: Loaded TargetPlatform 'Android_DXTClient'
[2020.06.20-09.56.19:134][  0]LogTargetPlatformManager: Display: Loaded TargetPlatform 'Android_ETC2Client'
[2020.06.20-09.56.19:134][  0]LogTargetPlatformManager: Display: Loaded TargetPlatform 'Android_Multi'
[2020.06.20-09.56.19:134][  0]LogTargetPlatformManager: Display: Loaded TargetPlatform 'Android_MultiClient'
[2020.06.20-09.56.19:198][  0]LogTargetPlatformManager: Display: Loaded TargetPlatform 'IOSClient'
[2020.06.20-09.56.19:198][  0]LogTargetPlatformManager: Display: Loaded TargetPlatform 'IOS'
[2020.06.20-09.56.19:228][  0]LogTargetPlatformManager: Display: Loaded TargetPlatform 'Linux'
[2020.06.20-09.56.19:256][  0]LogTargetPlatformManager: Display: Loaded TargetPlatform 'LinuxNoEditor'
[2020.06.20-09.56.19:286][  0]LogTargetPlatformManager: Display: Loaded TargetPlatform 'LinuxClient'
[2020.06.20-09.56.19:325][  0]LogTargetPlatformManager: Display: Loaded TargetPlatform 'LinuxServer'
[2020.06.20-09.56.19:367][  0]LogTargetPlatformManager: Display: Loaded TargetPlatform 'LinuxAArch64NoEditor'
[2020.06.20-09.56.19:414][  0]LogTargetPlatformManager: Display: Loaded TargetPlatform 'LinuxAArch64Client'
[2020.06.20-09.56.19:504][  0]LogTargetPlatformManager: Display: Loaded TargetPlatform 'LinuxAArch64Server'
[2020.06.20-09.56.19:665][  0]LogTargetPlatformManager: Display: Loaded TargetPlatform 'Lumin'
[2020.06.20-09.56.19:666][  0]LogTargetPlatformManager: Display: Loaded TargetPlatform 'LuminClient'
[2020.06.20-09.56.19:728][  0]LogTargetPlatformManager: Display: Loaded TargetPlatform 'TVOSClient'
[2020.06.20-09.56.19:729][  0]LogTargetPlatformManager: Display: Loaded TargetPlatform 'TVOS'
[2020.06.20-09.56.19:882][  0]LogTargetPlatformManager: Display: Loaded TargetPlatform 'WindowsNoEditor'
[2020.06.20-09.56.19:931][  0]LogTargetPlatformManager: Display: Loaded TargetPlatform 'Windows'
[2020.06.20-09.56.19:970][  0]LogTargetPlatformManager: Display: Loaded TargetPlatform 'WindowsClient'
[2020.06.20-09.56.20:130][  0]LogTargetPlatformManager: Display: Loaded TargetPlatform 'WindowsServer'
[2020.06.20-09.56.20:130][  0]LogTargetPlatformManager: Display: Building Assets For Windows
[2020.06.20-09.56.20:341][  0]LogAudioDebug: Display: Lib vorbis DLL was dynamically loaded.
[2020.06.20-09.56.21:367][  0]LogShaderCompilers: Guid format shader working directory is -34 characters bigger than the processId version (../../../../../../Users/Lenovo/Documents/GitHub/UnrealEngine_Truneshkhatri/Pinball/Intermediate/Shaders/WorkingDirectory/976/).
[2020.06.20-09.56.21:368][  0]LogShaderCompilers: Cleaned the shader compiler working directory 'C:/Users/Lenovo/AppData/Local/Temp/UnrealShaderWorkingDir/35521F054E1FD1DC2BD5ED820985D915/'.
[2020.06.20-09.56.21:370][  0]LogXGEController: Cannot use XGE Controller as Incredibuild is not installed on this machine.
[2020.06.20-09.56.21:370][  0]LogShaderCompilers: Cannot use XGE Shader Compiler as Incredibuild is not installed on this machine.
[2020.06.20-09.56.21:370][  0]LogShaderCompilers: Display: Using Local Shader Compiler.
[2020.06.20-09.56.29:730][  0]LogDerivedDataCache: Display: Max Cache Size: 512 MB
[2020.06.20-09.56.31:710][  0]LogDerivedDataCache: Loaded boot cache 1.93s 104MB C:/Users/Lenovo/AppData/Local/UnrealEngine/4.25/DerivedDataCache/Boot.ddc.
[2020.06.20-09.56.31:710][  0]LogDerivedDataCache: Display: Loaded Boot cache: C:/Users/Lenovo/AppData/Local/UnrealEngine/4.25/DerivedDataCache/Boot.ddc
[2020.06.20-09.56.31:710][  0]LogDerivedDataCache: FDerivedDataBackendGraph:  Pak pak cache file ../../../../../../Users/Lenovo/Documents/GitHub/UnrealEngine_Truneshkhatri/Pinball/DerivedDataCache/DDC.ddp not found, will not use a pak cache.
[2020.06.20-09.56.31:710][  0]LogDerivedDataCache: Unable to find inner node Pak for hierarchical cache Hierarchy.
[2020.06.20-09.56.31:711][  0]LogDerivedDataCache: FDerivedDataBackendGraph:  CompressedPak pak cache file ../../../../../../Users/Lenovo/Documents/GitHub/UnrealEngine_Truneshkhatri/Pinball/DerivedDataCache/Compressed.ddp not found, will not use a pak cache.
[2020.06.20-09.56.31:711][  0]LogDerivedDataCache: Unable to find inner node CompressedPak for hierarchical cache Hierarchy.
[2020.06.20-09.56.31:783][  0]LogDerivedDataCache: Display: Pak cache opened for reading ../../../Engine/DerivedDataCache/Compressed.ddp.
[2020.06.20-09.56.31:783][  0]LogDerivedDataCache: FDerivedDataBackendGraph:  EnterprisePak pak cache file ../../../Enterprise/DerivedDataCache/Compressed.ddp not found, will not use a pak cache.
[2020.06.20-09.56.31:784][  0]LogDerivedDataCache: Unable to find inner node EnterprisePak for hierarchical cache Hierarchy.
[2020.06.20-09.56.31:790][  0]LogDerivedDataCache: Using Local data cache path C:/Users/Lenovo/AppData/Local/UnrealEngine/Common/DerivedDataCache: Writable
[2020.06.20-09.56.31:791][  0]LogDerivedDataCache: Shared data cache path not found in *engine.ini, will not use an Shared cache.
[2020.06.20-09.56.31:791][  0]LogDerivedDataCache: Unable to find inner node Shared for hierarchical cache Hierarchy.
[2020.06.20-09.56.32:083][  0]LogSlate: Using FreeType 2.10.0
[2020.06.20-09.56.32:099][  0]LogSlate: SlateFontServices - WITH_FREETYPE: 1, WITH_HARFBUZZ: 1
[2020.06.20-09.56.33:250][  0]LogAssetRegistry: FAssetRegistry took 0.0086 seconds to start up
[2020.06.20-09.56.34:429][  0]LogInit: Selected Device Profile: [Windows]
[2020.06.20-09.56.36:241][  0]LogMeshReduction: Using QuadricMeshReduction for automatic static mesh reduction
[2020.06.20-09.56.36:241][  0]LogMeshReduction: Using SimplygonMeshReduction for automatic skeletal mesh reduction
[2020.06.20-09.56.36:241][  0]LogMeshReduction: Using ProxyLODMeshReduction for automatic mesh merging
[2020.06.20-09.56.36:241][  0]LogMeshReduction: No distributed automatic mesh merging module available
[2020.06.20-09.56.36:242][  0]LogMeshMerging: No distributed automatic mesh merging module available
[2020.06.20-09.56.36:576][  0]LogNetVersion: Pinball 1.0.0, NetCL: 13144385, EngineNetVer: 14, GameNetVer: 0 (Checksum: 2258170969)
[2020.06.20-09.56.48:890][  0]LogAISub: UAISubsystem::UAISubsystem AISubsystem (00000212C61E4B80), frame # 0
[2020.06.20-09.56.48:890][  0]LogAISub: UAISubsystem::UAISubsystem AIPerceptionSystem (00000212C9D8A0C0), frame # 0
[2020.06.20-09.56.48:894][  0]LogAISub: UAISubsystem::UAISubsystem EnvQueryManager (00000212C909A200), frame # 0
[2020.06.20-09.56.51:208][  0]LogPackageLocalizationCache: Processed 19 localized package path(s) for 1 prioritized culture(s) in 0.790563 seconds
[2020.06.20-09.56.51:218][  0]LogUObjectArray: 15917 objects as part of root set at end of initial load.
[2020.06.20-09.56.51:218][  0]LogUObjectAllocator: 3965568 out of 0 bytes used by permanent object pool.
[2020.06.20-09.56.51:218][  0]LogUObjectArray: CloseDisregardForGC: 0/0 objects in disregard for GC pool
[2020.06.20-09.57.04:127][  0]LogTcpMessaging: Initializing TcpMessaging bridge
[2020.06.20-09.57.04:379][  0]LogUdpMessaging: Initializing bridge on interface 0.0.0.0:0 to multicast group 230.0.0.1:6666.
[2020.06.20-09.57.06:036][  0]SourceControl: Source control is disabled
[2020.06.20-09.57.06:037][  0]SourceControl: Source control is disabled
[2020.06.20-09.57.06:192][  0]SourceControl: Source control is disabled
[2020.06.20-09.57.06:364][  0]SourceControl: Source control is disabled
[2020.06.20-09.57.06:406][  0]SourceControl: Source control is disabled
[2020.06.20-09.57.06:751][  0]LogVSAccessor: Display: Unable to create Visual Studio setup instance: 80040154
[2020.06.20-09.57.06:754][  0]LogVSAccessor: Display: Unable to create Visual Studio setup instance: 80040154
[2020.06.20-09.57.11:330][  0]LogAndroidPermission: UAndroidPermissionCallbackProxy::GetInstance
[2020.06.20-09.57.11:717][  0]LogAudioCaptureCore: Display: No Audio Capture implementations found. Audio input will be silent.
[2020.06.20-09.57.11:717][  0]LogAudioCaptureCore: Display: No Audio Capture implementations found. Audio input will be silent.
[2020.06.20-09.57.12:869][  0]LogOcInput: OculusInput pre-init called
[2020.06.20-09.57.13:136][  0]LogWindows: Failed to load 'OVRPlugin.dll' (GetLastError=126)
[2020.06.20-09.57.13:136][  0]LogWindows: File 'OVRPlugin.dll' does not exist
[2020.06.20-09.57.15:571][  0]LogEngine: Initializing Engine...
[2020.06.20-09.57.15:925][  0]LogHMD: Failed to initialize OpenVR with code 110
[2020.06.20-09.57.15:925][  0]LogMagicLeap: Warning: VR disabled because ZI is not enabled.  To enable, in the editor, Edit -> Project Settings -> Plugins -> Magic Leap Plugin -> Enable Zero Iteration
[2020.06.20-09.57.15:954][  0]LogStats: UGameplayTagsManager::InitializeManager -  0.001 s
[2020.06.20-09.57.17:812][  0]LogInit: Initializing FReadOnlyCVARCache
[2020.06.20-09.57.21:499][  0]LogAIModule: Creating AISystem for world Untitled
[2020.06.20-09.57.21:499][  0]LogAISub: UAISubsystem::UAISubsystem EnvQueryManager (00000212CCD41200), frame # 0
[2020.06.20-09.57.21:500][  0]LogAISub: UAISubsystem::UAISubsystem AIPerceptionSystem (00000212CCD4EC00), frame # 0
[2020.06.20-09.57.22:918][  0]LogAudioMixer: Display: Audio Mixer Platform Settings:
[2020.06.20-09.57.22:918][  0]LogAudioMixer: Display: 	Sample Rate:						  48000
[2020.06.20-09.57.22:919][  0]LogAudioMixer: Display: 	Callback Buffer Frame Size Requested: 1024
[2020.06.20-09.57.22:919][  0]LogAudioMixer: Display: 	Callback Buffer Frame Size To Use:	  1024
[2020.06.20-09.57.22:920][  0]LogAudioMixer: Display: 	Number of buffers to queue:			  2
[2020.06.20-09.57.22:921][  0]LogAudioMixer: Display: 	Max Channels (voices):				  32
[2020.06.20-09.57.22:921][  0]LogAudioMixer: Display: 	Number of Async Source Workers:		  0
[2020.06.20-09.57.22:936][  0]LogAudio: Display: AudioDevice MaxSources: 32
[2020.06.20-09.57.22:967][  0]LogAudio: Display: Using built-in audio occlusion.
[2020.06.20-09.57.22:968][  0]LogAudioMixer: Display: Initializing audio mixer.
[2020.06.20-09.57.23:609][  0]LogAudioMixer: Display: 0: FrontLeft
[2020.06.20-09.57.23:609][  0]LogAudioMixer: Display: 1: FrontRight
[2020.06.20-09.57.25:390][  0]LogAudioMixer: Display: Using Audio Device Speakers (2- Realtek High Definition Audio)
[2020.06.20-09.57.25:515][  0]LogAudioMixer: Display: Initializing Sound Submixes...
[2020.06.20-09.57.25:710][  0]LogAudioMixer: Display: Creating Master Submix 'MasterSubmixDefault'
[2020.06.20-09.57.25:710][  0]LogAudioMixer: Display: Creating Master Submix 'MasterReverbSubmixDefault'
[2020.06.20-09.57.25:740][  0]LogAudioMixer: Display: Creating Master Submix 'MasterEQSubmixDefault'
[2020.06.20-09.57.25:743][  0]LogInit: FAudioDevice initialized.
[2020.06.20-09.57.25:872][  0]LogNetVersion: Set ProjectVersion to 1.0.0.0. Version Checksum will be recalculated on next use.
[2020.06.20-09.57.27:130][  0]LogDerivedDataCache: Saved boot cache 1.26s 104MB C:/Users/Lenovo/AppData/Local/UnrealEngine/4.25/DerivedDataCache/Boot.ddc.
[2020.06.20-09.57.27:134][  0]LogInit: Texture streaming: Enabled
[2020.06.20-09.57.27:842][  0]LogEngineSessionManager: EngineSessionManager initialized
[2020.06.20-09.57.27:842][  0]LogEditorSessionSummary: Verbose: Initializing EditorSessionSummaryWriter for editor session tracking
[2020.06.20-09.57.29:476][  0]LogInit: Transaction tracking system initialized
[2020.06.20-09.57.31:267][  0]BlueprintLog: New page: Editor Load
[2020.06.20-09.57.36:273][  0]LocalizationService: Localization service is disabled
[2020.06.20-09.57.38:952][  0]LogVSAccessor: Display: Unable to create Visual Studio setup instance: 80040154
[2020.06.20-09.57.38:955][  0]LogVSAccessor: Display: Unable to create Visual Studio setup instance: 80040154
[2020.06.20-09.57.44:281][  0]LogCook: Display: Max memory allowance for cook 16384mb min free memory 0mb
[2020.06.20-09.57.44:281][  0]LogCook: Display: Mobile HDR setting 1
[2020.06.20-09.57.45:508][  0]LogFileCache: Scanning file cache for directory 'C:/Users/Lenovo/Documents/GitHub/UnrealEngine_Truneshkhatri/Pinball/Content/' took 0.02s
[2020.06.20-09.57.46:763][  0]LogLinker: Warning: Failed to load '/Engine/BasicShapes/Cube': Can't find file.
[2020.06.20-09.57.46:764][  0]LogLinker: Warning: Failed to load '/Engine/BasicShapes/Cube': Can't find file.
[2020.06.20-09.57.46:765][  0]LogUObjectGlobals: Warning: Failed to find object 'StaticMesh /Engine/BasicShapes/Cube.Cube'
[2020.06.20-09.57.56:041][  0]SourceControl: Source control is disabled
[2020.06.20-09.57.56:062][  0]LogUnrealEdMisc: Loading editor; pre map load, took 204.283
[2020.06.20-09.57.56:315][  0]Cmd: MAP LOAD FILE="../../../Engine/Content/Maps/Templates/Template_Default.umap" TEMPLATE=1 SHOWPROGRESS=1 FEATURELEVEL=3
[2020.06.20-09.57.56:572][  0]LightingResults: New page: Lighting Build
[2020.06.20-09.57.57:129][  0]LogWorld: UWorld::CleanupWorld for Untitled, bSessionEnded=true, bCleanupResources=true
[2020.06.20-09.57.57:296][  0]LogSlate: InvalidateAllWidgets triggered.  All widgets were invalidated
[2020.06.20-09.57.57:528][  0]MapCheck: New page: Map Check
[2020.06.20-09.57.57:529][  0]LightingResults: New page: Lighting Build
[2020.06.20-09.57.59:379][  0]LogAISub: UAISubsystem::~UAISubsystem EnvQueryManager (00000212CCD41200), frame # 0
[2020.06.20-09.57.59:380][  0]LogAISub: UAISubsystem::~UAISubsystem AIPerceptionSystem (00000212CCD4EC00), frame # 0
[2020.06.20-09.57.59:489][  0]LogUObjectHash: Compacting FUObjectHashTables data took   3.81ms
[2020.06.20-09.58.03:332][  0]LogAIModule: Creating AISystem for world Untitled_1
[2020.06.20-09.58.03:332][  0]LogAISub: UAISubsystem::UAISubsystem EnvQueryManager (00000212BEE13E00), frame # 0
[2020.06.20-09.58.03:333][  0]LogAISub: UAISubsystem::UAISubsystem AIPerceptionSystem (00000212BE571A80), frame # 0
[2020.06.20-09.58.05:311][  0]LogEditorServer: Finished looking for orphan Actors (0.000 secs)
[2020.06.20-09.58.05:454][  0]LogUObjectHash: Compacting FUObjectHashTables data took   2.49ms
[2020.06.20-09.58.05:455][  0]Cmd: MAP CHECKDEP NOCLEARLOG
[2020.06.20-09.58.05:504][  0]MapCheck: Map check complete: 0 Error(s), 0 Warning(s), took 48.693ms to complete.
[2020.06.20-09.58.05:504][  0]LogFileHelpers: Loading map 'Template_Default' took 9.391
[2020.06.20-09.58.07:623][  0]LogUnrealEdMisc: Total Editor Startup Time, took 215.844
[2020.06.20-09.58.11:692][  0]LogSlate: Updating window title bar state: overlay mode, drag disabled, window buttons hidden, title bar hidden
[2020.06.20-09.58.11:781][  0]LogSlate: Updating window title bar state: overlay mode, drag disabled, window buttons hidden, title bar hidden
[2020.06.20-09.58.11:808][  0]LogSlate: Updating window title bar state: overlay mode, drag disabled, window buttons hidden, title bar hidden
[2020.06.20-09.58.11:835][  0]LogSlate: Updating window title bar state: overlay mode, drag disabled, window buttons hidden, title bar hidden
[2020.06.20-09.58.13:549][  0]LogCollectionManager: Loaded 0 collections in 0.977240 seconds
[2020.06.20-09.58.14:458][  0]LogFileCache: Scanning file cache for directory 'C:/Users/Lenovo/Documents/GitHub/UnrealEngine_Truneshkhatri/Pinball/Saved/Collections/' took 0.00s
[2020.06.20-09.58.14:458][  0]LogFileCache: Scanning file cache for directory 'C:/Users/Lenovo/Documents/GitHub/UnrealEngine_Truneshkhatri/Pinball/Content/Developers/Lenovo/Collections/' took 0.00s
[2020.06.20-09.58.14:458][  0]LogFileCache: Scanning file cache for directory 'C:/Users/Lenovo/Documents/GitHub/UnrealEngine_Truneshkhatri/Pinball/Content/Collections/' took 0.00s
[2020.06.20-09.58.14:458][  0]LogContentBrowser: Native class hierarchy populated in 0.1091 seconds. Added 3426 classes and 820 folders.
[2020.06.20-09.58.14:847][  0]LogContentBrowser: Native class hierarchy updated for 'WidgetCarousel' in 0.0006 seconds. Added 0 classes and 0 folders.
[2020.06.20-09.58.22:998][  0]LogContentBrowser: Native class hierarchy updated for 'AddContentDialog' in 0.0005 seconds. Added 0 classes and 0 folders.
[2020.06.20-09.58.23:265][  0]LogContentBrowser: Native class hierarchy updated for 'SceneOutliner' in 0.0007 seconds. Added 2 classes and 0 folders.
[2020.06.20-09.58.27:326][  0]LogSlate: Took 0.000442 seconds to synchronously load lazily loaded font '../../../Engine/Content/Slate/Fonts/Roboto-Regular.ttf' (155K)
[2020.06.20-09.58.27:425][  0]LogSlate: Took 0.000351 seconds to synchronously load lazily loaded font '../../../Engine/Content/Slate/Fonts/Roboto-Bold.ttf' (160K)
[2020.06.20-09.58.28:126][  0]LogSlate: Took 0.012794 seconds to synchronously load lazily loaded font '../../../Engine/Content/Editor/Slate/Fonts/FontAwesome.ttf' (139K)
[2020.06.20-09.58.33:606][  0]LogRenderer: Reallocating scene render targets to support 812x380 Format 10 NumSamples 1 (Frame:1).
[2020.06.20-09.58.36:107][  0]LogContentBrowser: Native class hierarchy updated for 'HierarchicalLODOutliner' in 0.0005 seconds. Added 0 classes and 0 folders.
[2020.06.20-09.58.36:107][  0]LogLoad: (Engine Initialization) Total time: 244.33 seconds
[2020.06.20-09.58.36:107][  0]LogLoad: (Engine Initialization) Total Blueprint compile time: 0.00 seconds
[2020.06.20-09.58.36:123][  0]LogEditorSessionSummary: Verbose: Initializing EditorSessionSummaryWriter for editor session tracking
[2020.06.20-09.58.36:149][  0]LogEditorSessionSummary: EditorSessionSummaryWriter initialized
[2020.06.20-09.58.36:602][  0]LogContentStreaming: Texture pool size now 1000 MB
[2020.06.20-09.58.37:099][  0]LogSlate: Took 0.023104 seconds to synchronously load lazily loaded font '../../../Engine/Content/Slate/Fonts/Roboto-Light.ttf' (167K)
[2020.06.20-09.58.37:546][  1]LogAssetRegistry: Asset discovery search completed in 124.2978 seconds
[2020.06.20-09.58.37:577][  1]LogCollectionManager: Fixed up redirectors for 0 collections in 0.000005 seconds (updated 0 objects)
[2020.06.20-09.59.40:892][630]LogSlate: Took 0.000355 seconds to synchronously load lazily loaded font '../../../Engine/Content/Slate/Fonts/Roboto-Light.ttf' (167K)
[2020.06.20-09.59.41:474][630]LogLinker: Warning: The file '../../../../../../Users/Lenovo/Documents/GitHub/UnrealEngine_Truneshkhatri/Pinball/Content/Assets/flipper_rubber.uasset' contains unrecognizable data, check that it is of the expected type.
[2020.06.20-09.59.41:479][630]LogLinker: Warning: The file '../../../../../../Users/Lenovo/Documents/GitHub/UnrealEngine_Truneshkhatri/Pinball/Content/Assets/flipper_rubber.uasset' contains unrecognizable data, check that it is of the expected type.
[2020.06.20-09.59.41:490][630]LogLinker: Warning: The file '../../../../../../Users/Lenovo/Documents/GitHub/UnrealEngine_Truneshkhatri/Pinball/Content/Assets/white.uasset' contains unrecognizable data, check that it is of the expected type.
[2020.06.20-09.59.41:491][630]LogLinker: Warning: The file '../../../../../../Users/Lenovo/Documents/GitHub/UnrealEngine_Truneshkhatri/Pinball/Content/Assets/white.uasset' contains unrecognizable data, check that it is of the expected type.
[2020.06.20-09.59.41:493][630]LogLinker: Warning: The file '../../../../../../Users/Lenovo/Documents/GitHub/UnrealEngine_Truneshkhatri/Pinball/Content/Assets/flipper_rubber.uasset' contains unrecognizable data, check that it is of the expected type.
[2020.06.20-09.59.41:494][630]LogLinker: Warning: The file '../../../../../../Users/Lenovo/Documents/GitHub/UnrealEngine_Truneshkhatri/Pinball/Content/Assets/flipper_rubber.uasset' contains unrecognizable data, check that it is of the expected type.
[2020.06.20-09.59.41:494][630]LogLinker: Warning: The file '../../../../../../Users/Lenovo/Documents/GitHub/UnrealEngine_Truneshkhatri/Pinball/Content/Assets/white.uasset' contains unrecognizable data, check that it is of the expected type.
[2020.06.20-09.59.41:496][630]LogLinker: Warning: The file '../../../../../../Users/Lenovo/Documents/GitHub/UnrealEngine_Truneshkhatri/Pinball/Content/Assets/white.uasset' contains unrecognizable data, check that it is of the expected type.
[2020.06.20-09.59.42:367][630]LogLinker: Warning: The file '../../../../../../Users/Lenovo/Documents/GitHub/UnrealEngine_Truneshkhatri/Pinball/Content/Assets/white.uasset' contains unrecognizable data, check that it is of the expected type.
[2020.06.20-09.59.42:368][630]LogLinker: Warning: The file '../../../../../../Users/Lenovo/Documents/GitHub/UnrealEngine_Truneshkhatri/Pinball/Content/Assets/white.uasset' contains unrecognizable data, check that it is of the expected type.
[2020.06.20-09.59.42:369][630]LogLinker: Warning: The file '../../../../../../Users/Lenovo/Documents/GitHub/UnrealEngine_Truneshkhatri/Pinball/Content/Assets/flipper_rubber.uasset' contains unrecognizable data, check that it is of the expected type.
[2020.06.20-09.59.42:369][630]LogLinker: Warning: The file '../../../../../../Users/Lenovo/Documents/GitHub/UnrealEngine_Truneshkhatri/Pinball/Content/Assets/flipper_rubber.uasset' contains unrecognizable data, check that it is of the expected type.
[2020.06.20-09.59.42:370][630]LogLinker: Warning: The file '../../../../../../Users/Lenovo/Documents/GitHub/UnrealEngine_Truneshkhatri/Pinball/Content/Assets/white.uasset' contains unrecognizable data, check that it is of the expected type.
[2020.06.20-09.59.42:371][630]LogLinker: Warning: The file '../../../../../../Users/Lenovo/Documents/GitHub/UnrealEngine_Truneshkhatri/Pinball/Content/Assets/white.uasset' contains unrecognizable data, check that it is of the expected type.
[2020.06.20-09.59.42:371][630]LogLinker: Warning: The file '../../../../../../Users/Lenovo/Documents/GitHub/UnrealEngine_Truneshkhatri/Pinball/Content/Assets/flipper_rubber.uasset' contains unrecognizable data, check that it is of the expected type.
[2020.06.20-09.59.42:372][630]LogLinker: Warning: The file '../../../../../../Users/Lenovo/Documents/GitHub/UnrealEngine_Truneshkhatri/Pinball/Content/Assets/flipper_rubber.uasset' contains unrecognizable data, check that it is of the expected type.
[2020.06.20-09.59.43:841][630]LogAssetEditorSubsystem: Opening Asset editor for World /Game/Pinball.Pinball
[2020.06.20-09.59.43:893][630]LogUObjectHash: Compacting FUObjectHashTables data took   1.83ms
[2020.06.20-09.59.43:896][630]Cmd: MAP LOAD FILE="../../../../../../Users/Lenovo/Documents/GitHub/UnrealEngine_Truneshkhatri/Pinball/Content/Pinball.umap" TEMPLATE=0 SHOWPROGRESS=1 FEATURELEVEL=3
[2020.06.20-09.59.43:896][630]LightingResults: New page: Lighting Build
[2020.06.20-09.59.43:896][630]LoadErrors: New page: Loading map: Pinball.umap
[2020.06.20-09.59.43:911][630]LogWorld: UWorld::CleanupWorld for Untitled_1, bSessionEnded=true, bCleanupResources=true
[2020.06.20-09.59.43:911][630]LogSlate: InvalidateAllWidgets triggered.  All widgets were invalidated
[2020.06.20-09.59.43:911][630]MapCheck: New page: Map Check
[2020.06.20-09.59.43:911][630]LightingResults: New page: Lighting Build
[2020.06.20-09.59.43:931][630]LogAISub: UAISubsystem::~UAISubsystem EnvQueryManager (00000212BEE13E00), frame # 630
[2020.06.20-09.59.43:931][630]LogAISub: UAISubsystem::~UAISubsystem AIPerceptionSystem (00000212BE571A80), frame # 630
[2020.06.20-09.59.43:933][630]LogUObjectHash: Compacting FUObjectHashTables data took   1.35ms
[2020.06.20-09.59.44:214][630]LogEditorServer: Finished looking for orphan Actors (0.000 secs)
[2020.06.20-09.59.44:215][630]LogAIModule: Creating AISystem for world Pinball
[2020.06.20-09.59.44:215][630]LogAISub: UAISubsystem::UAISubsystem EnvQueryManager (00000212BE728E00), frame # 630
[2020.06.20-09.59.44:215][630]LogAISub: UAISubsystem::UAISubsystem AIPerceptionSystem (00000212C65C6340), frame # 630
[2020.06.20-09.59.44:242][630]LogUObjectHash: Compacting FUObjectHashTables data took   1.16ms
[2020.06.20-09.59.44:291][630]Cmd: MAP CHECKDEP NOCLEARLOG
[2020.06.20-09.59.44:291][630]MapCheck: Map check complete: 0 Error(s), 0 Warning(s), took 0.235ms to complete.
[2020.06.20-09.59.44:292][630]LogFileHelpers: Loading map 'Pinball' took 0.397
[2020.06.20-09.59.45:965][761]LogEditorViewport: Clicking on Actor (LMB): BP_Sky_Sphere_C (Sky Sphere)
[2020.06.20-09.59.51:638][969]LogTemp: Repeating last play command: New Editor Window (PIE)
[2020.06.20-09.59.51:813][969]LogPlayLevel: PlayLevel: No blueprints needed recompiling
[2020.06.20-09.59.51:825][969]PIE: New page: PIE session: Pinball (Jun 20, 2020, 8:59:51 PM)
[2020.06.20-09.59.51:850][969]LogOnline: OSS: Creating online subsystem instance for: NULL
[2020.06.20-09.59.51:872][969]LogOnline: OSS: TryLoadSubsystemAndSetDefault: Loaded subsystem for module [NULL]
[2020.06.20-09.59.51:904][969]LogPlayLevel: Creating play world package: /Game/UEDPIE_0_Pinball
[2020.06.20-09.59.51:980][969]LogPlayLevel: PIE: StaticDuplicateObject took: (0.075472s)
[2020.06.20-09.59.51:982][969]LogAIModule: Creating AISystem for world Pinball
[2020.06.20-09.59.51:982][969]LogAISub: UAISubsystem::UAISubsystem EnvQueryManager (00000212F5E77E00), frame # 969
[2020.06.20-09.59.51:982][969]LogAISub: UAISubsystem::UAISubsystem AIPerceptionSystem (000002128910DD00), frame # 969
[2020.06.20-09.59.51:983][969]LogPlayLevel: PIE: World Init took: (0.002642s)
[2020.06.20-09.59.52:002][969]LogPlayLevel: PIE: Created PIE world by copying editor world from /Game/Pinball.Pinball to /Game/UEDPIE_0_Pinball.Pinball (0.078627s)
[2020.06.20-09.59.52:021][969]LogUObjectHash: Compacting FUObjectHashTables data took   1.48ms
[2020.06.20-09.59.52:087][969]LogAudioMixer: Display: Audio Mixer Platform Settings:
[2020.06.20-09.59.52:088][969]LogAudioMixer: Display: 	Sample Rate:						  48000
[2020.06.20-09.59.52:088][969]LogAudioMixer: Display: 	Callback Buffer Frame Size Requested: 1024
[2020.06.20-09.59.52:088][969]LogAudioMixer: Display: 	Callback Buffer Frame Size To Use:	  1024
[2020.06.20-09.59.52:088][969]LogAudioMixer: Display: 	Number of buffers to queue:			  2
[2020.06.20-09.59.52:088][969]LogAudioMixer: Display: 	Max Channels (voices):				  32
[2020.06.20-09.59.52:088][969]LogAudioMixer: Display: 	Number of Async Source Workers:		  0
[2020.06.20-09.59.52:088][969]LogAudio: Display: AudioDevice MaxSources: 32
[2020.06.20-09.59.52:090][969]LogAudio: Display: Using built-in audio occlusion.
[2020.06.20-09.59.52:090][969]LogAudioMixer: Display: Initializing audio mixer.
[2020.06.20-09.59.52:110][969]LogAudioMixer: Display: 0: FrontLeft
[2020.06.20-09.59.52:111][969]LogAudioMixer: Display: 1: FrontRight
[2020.06.20-09.59.52:175][969]LogAudioMixer: Display: Using Audio Device Speakers (2- Realtek High Definition Audio)
[2020.06.20-09.59.52:175][969]LogAudioMixer: Display: Initializing Sound Submixes...
[2020.06.20-09.59.52:175][969]LogAudioMixer: Display: Creating Master Submix 'MasterSubmixDefault'
[2020.06.20-09.59.52:175][969]LogAudioMixer: Display: Creating Master Submix 'MasterReverbSubmixDefault'
[2020.06.20-09.59.52:176][969]LogAudioMixer: Display: Creating Master Submix 'MasterEQSubmixDefault'
[2020.06.20-09.59.52:205][969]LogInit: FAudioDevice initialized.
[2020.06.20-09.59.52:726][969]LogSlate: Updating window title bar state: overlay mode, drag disabled, window buttons hidden, title bar hidden
[2020.06.20-09.59.52:840][969]LogLoad: Game class is 'PinballGameMode_C'
[2020.06.20-09.59.53:293][969]LogWorld: Bringing World /Game/UEDPIE_0_Pinball.Pinball up for play (max tick rate 0) at 2020.06.20-15.29.53
[2020.06.20-09.59.53:326][969]LogWorld: Bringing up level for play took: 0.003026
[2020.06.20-09.59.53:354][969]LogOnline: OSS: Creating online subsystem instance for: :Context_5
[2020.06.20-09.59.54:146][969]LogContentBrowser: Native class hierarchy updated for 'MovieSceneCapture' in 0.0009 seconds. Added 20 classes and 0 folders.
[2020.06.20-09.59.54:619][969]LogBlueprintUserMessages: [BP_Ball_38] Hello
[2020.06.20-09.59.54:685][969]LogBlueprintUserMessages: [BP_Ball_C_0] Hello
[2020.06.20-09.59.54:701][969]LogSlate: Updating window title bar state: overlay mode, drag disabled, window buttons hidden, title bar hidden
[2020.06.20-09.59.54:879][969]PIE: Server logged in
[2020.06.20-09.59.54:885][969]PIE: Play in editor total start time 3.194 seconds.
[2020.06.20-09.59.55:385][970]LogRenderer: Reallocating scene render targets to support 1280x696 Format 10 NumSamples 1 (Frame:1).
[2020.06.20-09.59.59:086][200]LogAudioMixer: Display: No commands were queued while flushing the source manager.
[2020.06.20-09.59.59:099][200]LogAudioMixer: Display: Flush succeeded in the source manager command queue (1).
[2020.06.20-09.59.59:120][200]LogAudioMixer: Display: Flush succeeded the source manager command queue (2).
[2020.06.20-09.59.59:390][200]LogSlate: Updating window title bar state: overlay mode, drag disabled, window buttons hidden, title bar hidden
[2020.06.20-09.59.59:390][200]LogWorld: BeginTearingDown for /Game/UEDPIE_0_Pinball
[2020.06.20-09.59.59:391][200]LogSlate: Window 'Pinball Preview [NetMode: Standalone] (64-bit/Windows) ' being destroyed
[2020.06.20-09.59.59:397][200]LogAudioMixer: Display: No commands were queued while flushing the source manager.
[2020.06.20-09.59.59:398][200]LogWorld: UWorld::CleanupWorld for Pinball, bSessionEnded=true, bCleanupResources=true
[2020.06.20-09.59.59:399][200]LogSlate: InvalidateAllWidgets triggered.  All widgets were invalidated
[2020.06.20-09.59.59:412][200]LogPlayLevel: Display: Shutting down PIE online subsystems
[2020.06.20-09.59.59:476][200]LogSlate: InvalidateAllWidgets triggered.  All widgets were invalidated
[2020.06.20-09.59.59:496][200]LogAudioMixer: Display: No commands were queued while flushing the source manager.
[2020.06.20-09.59.59:694][200]LogAISub: UAISubsystem::~UAISubsystem AIPerceptionSystem (000002128910DD00), frame # 1200
[2020.06.20-09.59.59:694][200]LogAISub: UAISubsystem::~UAISubsystem EnvQueryManager (00000212F5E77E00), frame # 1200
[2020.06.20-09.59.59:696][200]LogUObjectHash: Compacting FUObjectHashTables data took   1.19ms
[2020.06.20-09.59.59:930][201]LogPlayLevel: Display: Destroying online subsystem :Context_5
[2020.06.20-10.00.08:317][899]LogAssetEditorSubsystem: Opening Asset editor for Blueprint /Game/Assets/Blueprints/BP_Ball.BP_Ball
[2020.06.20-10.00.12:152][899]LogContentBrowser: Native class hierarchy updated for 'BlueprintGraph' in 0.0020 seconds. Added 125 classes and 0 folders.
[2020.06.20-10.00.17:846][899]LogSlate: Took 0.000350 seconds to synchronously load lazily loaded font '../../../Engine/Content/Slate/Fonts/Roboto-BoldCondensed.ttf' (158K)
[2020.06.20-10.00.19:387][900]LogSlate: Took 0.012590 seconds to synchronously load lazily loaded font '../../../Engine/Content/Slate/Fonts/Roboto-Italic.ttf' (157K)
[2020.06.20-10.00.34:230][586]LogSlate: Window 'BP_Ball' being destroyed
[2020.06.20-10.00.34:251][586]LogSlate: Window 'BP_Ball' being destroyed
[2020.06.20-10.00.34:269][586]LogWorld: UWorld::CleanupWorld for World_4, bSessionEnded=true, bCleanupResources=true
[2020.06.20-10.00.34:269][586]LogSlate: InvalidateAllWidgets triggered.  All widgets were invalidated
[2020.06.20-10.00.36:049][696]LogEditorViewport: Clicking on Actor (LMB): BP_Plunger_C (BP_Plunger)
[2020.06.20-10.00.39:240][921]LogEditorViewport: Clicking on Actor (LMB): BP_Sky_Sphere_C (Sky Sphere)
[2020.06.20-10.00.40:549][ 10]LogEditorViewport: Clicking on Actor (LMB): BP_Plunger_C (BP_Plunger)
[2020.06.20-10.00.43:097][177]LogEditorViewport: Clicking on Actor (LMB): BP_Plunger_C (BP_Plunger)
[2020.06.20-10.00.54:897][149]LogTemp: Repeating last play command: New Editor Window (PIE)
[2020.06.20-10.00.54:944][149]LogPlayLevel: PlayLevel: No blueprints needed recompiling
[2020.06.20-10.00.54:945][149]PIE: New page: PIE session: Pinball (Jun 20, 2020, 9:00:54 PM)
[2020.06.20-10.00.54:945][149]LogPlayLevel: Creating play world package: /Game/UEDPIE_0_Pinball
[2020.06.20-10.00.54:969][149]LogPlayLevel: PIE: StaticDuplicateObject took: (0.024244s)
[2020.06.20-10.00.54:971][149]LogAIModule: Creating AISystem for world Pinball
[2020.06.20-10.00.54:972][149]LogAISub: UAISubsystem::UAISubsystem EnvQueryManager (000002131A23DC00), frame # 4149
[2020.06.20-10.00.54:972][149]LogAISub: UAISubsystem::UAISubsystem AIPerceptionSystem (00000212F5EEFB00), frame # 4149
[2020.06.20-10.00.54:972][149]LogPlayLevel: PIE: World Init took: (0.002693s)
[2020.06.20-10.00.54:972][149]LogPlayLevel: PIE: Created PIE world by copying editor world from /Game/Pinball.Pinball to /Game/UEDPIE_0_Pinball.Pinball (0.027389s)
[2020.06.20-10.00.55:037][149]LogUObjectHash: Compacting FUObjectHashTables data took   5.17ms
[2020.06.20-10.00.55:043][149]LogAudioMixer: Display: Audio Mixer Platform Settings:
[2020.06.20-10.00.55:043][149]LogAudioMixer: Display: 	Sample Rate:						  48000
[2020.06.20-10.00.55:044][149]LogAudioMixer: Display: 	Callback Buffer Frame Size Requested: 1024
[2020.06.20-10.00.55:044][149]LogAudioMixer: Display: 	Callback Buffer Frame Size To Use:	  1024
[2020.06.20-10.00.55:044][149]LogAudioMixer: Display: 	Number of buffers to queue:			  2
[2020.06.20-10.00.55:044][149]LogAudioMixer: Display: 	Max Channels (voices):				  32
[2020.06.20-10.00.55:044][149]LogAudioMixer: Display: 	Number of Async Source Workers:		  0
[2020.06.20-10.00.55:044][149]LogAudio: Display: AudioDevice MaxSources: 32
[2020.06.20-10.00.55:045][149]LogAudio: Display: Using built-in audio occlusion.
[2020.06.20-10.00.55:045][149]LogAudioMixer: Display: Initializing audio mixer.
[2020.06.20-10.00.55:054][149]LogAudioMixer: Display: 0: FrontLeft
[2020.06.20-10.00.55:054][149]LogAudioMixer: Display: 1: FrontRight
[2020.06.20-10.00.55:121][149]LogAudioMixer: Display: Using Audio Device Speakers (2- Realtek High Definition Audio)
[2020.06.20-10.00.55:122][149]LogAudioMixer: Display: Initializing Sound Submixes...
[2020.06.20-10.00.55:122][149]LogAudioMixer: Display: Creating Master Submix 'MasterSubmixDefault'
[2020.06.20-10.00.55:122][149]LogAudioMixer: Display: Creating Master Submix 'MasterReverbSubmixDefault'
[2020.06.20-10.00.55:123][149]LogAudioMixer: Display: Creating Master Submix 'MasterEQSubmixDefault'
[2020.06.20-10.00.55:152][149]LogInit: FAudioDevice initialized.
[2020.06.20-10.00.55:228][149]LogSlate: Updating window title bar state: overlay mode, drag disabled, window buttons hidden, title bar hidden
[2020.06.20-10.00.55:229][149]LogLoad: Game class is 'PinballGameMode_C'
[2020.06.20-10.00.55:236][149]LogWorld: Bringing World /Game/UEDPIE_0_Pinball.Pinball up for play (max tick rate 0) at 2020.06.20-15.30.55
[2020.06.20-10.00.55:237][149]LogWorld: Bringing up level for play took: 0.005861
[2020.06.20-10.00.55:237][149]LogOnline: OSS: Creating online subsystem instance for: :Context_8
[2020.06.20-10.00.55:244][149]LogBlueprintUserMessages: [BP_Ball_38] Hello
[2020.06.20-10.00.55:245][149]LogBlueprintUserMessages: [BP_Ball_C_0] Hello
[2020.06.20-10.00.55:246][149]LogSlate: Updating window title bar state: overlay mode, drag disabled, window buttons hidden, title bar hidden
[2020.06.20-10.00.55:249][149]PIE: Server logged in
[2020.06.20-10.00.55:252][149]PIE: Play in editor total start time 0.318 seconds.
[2020.06.20-10.01.06:024][739]LogBlueprintUserMessages: [BP_Ball_C_1] Hello
[2020.06.20-10.01.09:056][942]LogBlueprintUserMessages: [BP_Bumper5] 10.0
[2020.06.20-10.01.10:586][ 45]LogBlueprintUserMessages: [BP_Bumper3_8] 20.0
[2020.06.20-10.01.14:467][294]LogBlueprintUserMessages: [BP_Ball_C_2] Hello
[2020.06.20-10.01.27:671][ 47]LogBlueprintUserMessages: [PinballGameMode_C_0] Gameover
[2020.06.20-10.01.28:849][131]LogActor: Warning: BP_Ball_38 is outside the world bounds!
[2020.06.20-10.01.32:284][368]LogAudioMixer: Display: No commands were queued while flushing the source manager.
[2020.06.20-10.01.32:300][368]LogAudioMixer: Display: Flush succeeded in the source manager command queue (1).
[2020.06.20-10.01.32:319][368]LogAudioMixer: Display: Flush succeeded the source manager command queue (2).
[2020.06.20-10.01.32:335][368]LogSlate: Updating window title bar state: overlay mode, drag disabled, window buttons hidden, title bar hidden
[2020.06.20-10.01.32:335][368]LogWorld: BeginTearingDown for /Game/UEDPIE_0_Pinball
[2020.06.20-10.01.32:336][368]LogSlate: Window 'Pinball Preview [NetMode: Standalone] (64-bit/Windows) ' being destroyed
[2020.06.20-10.01.32:345][368]LogAudioMixer: Display: No commands were queued while flushing the source manager.
[2020.06.20-10.01.32:346][368]LogWorld: UWorld::CleanupWorld for Pinball, bSessionEnded=true, bCleanupResources=true
[2020.06.20-10.01.32:347][368]LogSlate: InvalidateAllWidgets triggered.  All widgets were invalidated
[2020.06.20-10.01.32:365][368]LogPlayLevel: Display: Shutting down PIE online subsystems
[2020.06.20-10.01.32:376][368]LogSlate: InvalidateAllWidgets triggered.  All widgets were invalidated
[2020.06.20-10.01.32:420][368]LogAudioMixer: Display: No commands were queued while flushing the source manager.
[2020.06.20-10.01.32:499][368]LogAISub: UAISubsystem::~UAISubsystem EnvQueryManager (000002131A23DC00), frame # 6368
[2020.06.20-10.01.32:499][368]LogAISub: UAISubsystem::~UAISubsystem AIPerceptionSystem (00000212F5EEFB00), frame # 6368
[2020.06.20-10.01.32:505][368]LogUObjectHash: Compacting FUObjectHashTables data took   5.61ms
[2020.06.20-10.01.32:576][369]LogPlayLevel: Display: Destroying online subsystem :Context_8
[2020.06.20-10.01.37:288][787]Cmd: OBJ SAVEPACKAGE PACKAGE="/Game/Pinball" FILE="../../../../../../Users/Lenovo/Documents/GitHub/UnrealEngine_Truneshkhatri/Pinball/Content/Pinball.umap" SILENT=true AUTOSAVING=false KEEPDIRTY=false
[2020.06.20-10.01.37:412][787]LogUObjectHash: Compacting FUObjectHashTables data took   3.41ms
[2020.06.20-10.01.37:984][787]LogSavePackage: Moving '../../../../../../Users/Lenovo/Documents/GitHub/UnrealEngine_Truneshkhatri/Pinball/Saved/PinballAAE73B4345EA699ED34C6D98BAF38A7A.tmp' to '../../../../../../Users/Lenovo/Documents/GitHub/UnrealEngine_Truneshkhatri/Pinball/Content/Pinball.umap'
[2020.06.20-10.01.38:270][787]Cmd: OBJ SAVEPACKAGE PACKAGE="/Game/Pinball_BuiltData" FILE="../../../../../../Users/Lenovo/Documents/GitHub/UnrealEngine_Truneshkhatri/Pinball/Content/Pinball_BuiltData.uasset" SILENT=true
[2020.06.20-10.01.38:362][787]LogSavePackage: Moving '../../../../../../Users/Lenovo/Documents/GitHub/UnrealEngine_Truneshkhatri/Pinball/Saved/Pinball_BuiltDataBDC033324E7A12BF44CC05B486FBE535.tmp' to '../../../../../../Users/Lenovo/Documents/GitHub/UnrealEngine_Truneshkhatri/Pinball/Content/Pinball_BuiltData.uasset'
[2020.06.20-10.01.38:429][787]AssetCheck: New page: Asset Save: multiple assets
[2020.06.20-10.01.38:429][787]LogContentValidation: Display: Validating World /Game/Pinball.Pinball
[2020.06.20-10.01.38:429][787]LogContentValidation: Display: Validating MapBuildDataRegistry /Game/Pinball_BuiltData.Pinball_BuiltData
[2020.06.20-10.01.45:894][477]Cmd: OBJ SAVEPACKAGE PACKAGE="/Game/Pinball" FILE="../../../../../../Users/Lenovo/Documents/GitHub/UnrealEngine_Truneshkhatri/Pinball/Content/Pinball.umap" SILENT=true AUTOSAVING=false KEEPDIRTY=false
[2020.06.20-10.01.45:938][477]LogUObjectHash: Compacting FUObjectHashTables data took   2.55ms
[2020.06.20-10.01.46:072][477]LogSavePackage: Moving '../../../../../../Users/Lenovo/Documents/GitHub/UnrealEngine_Truneshkhatri/Pinball/Saved/Pinball53E902884BB967DDEF2E9B9DB4D1F3E9.tmp' to '../../../../../../Users/Lenovo/Documents/GitHub/UnrealEngine_Truneshkhatri/Pinball/Content/Pinball.umap'
[2020.06.20-10.01.46:134][477]Cmd: OBJ SAVEPACKAGE PACKAGE="/Game/Pinball_BuiltData" FILE="../../../../../../Users/Lenovo/Documents/GitHub/UnrealEngine_Truneshkhatri/Pinball/Content/Pinball_BuiltData.uasset" SILENT=true
[2020.06.20-10.01.46:216][477]LogSavePackage: Moving '../../../../../../Users/Lenovo/Documents/GitHub/UnrealEngine_Truneshkhatri/Pinball/Saved/Pinball_BuiltData5544D3B549A90EEEFEF8E78C1D0ECC70.tmp' to '../../../../../../Users/Lenovo/Documents/GitHub/UnrealEngine_Truneshkhatri/Pinball/Content/Pinball_BuiltData.uasset'
[2020.06.20-10.01.46:244][477]AssetCheck: New page: Asset Save: multiple assets
[2020.06.20-10.01.46:244][477]LogContentValidation: Display: Validating World /Game/Pinball.Pinball
[2020.06.20-10.01.46:244][477]LogContentValidation: Display: Validating MapBuildDataRegistry /Game/Pinball_BuiltData.Pinball_BuiltData
[2020.06.20-10.01.55:463][895]LogSlate: Window 'Save Level As' being destroyed
