Log file open, 06/18/20 22:59:35
LogInit: Display: Running engine for game: Pinball
LogPlatformFile: Not using cached read wrapper
LogTaskGraph: Started task graph with 5 named threads and 23 total threads with 3 sets of task threads.
LogStats: Stats thread started at 0.121215
LogD3D11RHI: Loaded GFSDK_Aftermath_Lib.x64.dll
LogICUInternationalization: ICU TimeZone Detection - Raw Offset: +5:30, Platform Override: ''
LogPluginManager: Mounting plugin Paper2D
LogPluginManager: Mounting plugin AISupport
LogPluginManager: Mounting plugin LightPropagationVolume
LogPluginManager: Mounting plugin CameraShakePreviewer
LogPluginManager: Mounting plugin ActorLayerUtilities
LogPluginManager: Mounting plugin AnimationSharing
LogPluginManager: Mounting plugin CLionSourceCodeAccess
LogPluginManager: Mounting plugin CodeLiteSourceCodeAccess
LogPluginManager: Mounting plugin GitSourceControl
LogPluginManager: Mounting plugin KDevelopSourceCodeAccess
LogPluginManager: Mounting plugin NullSourceCodeAccess
LogPluginManager: Mounting plugin PerforceSourceControl
LogPluginManager: Mounting plugin PlasticSourceControl
LogPluginManager: Mounting plugin RiderSourceCodeAccess
LogPluginManager: Mounting plugin SubversionSourceControl
LogPluginManager: Mounting plugin UObjectPlugin
LogPluginManager: Mounting plugin VisualStudioCodeSourceCodeAccess
LogPluginManager: Mounting plugin VisualStudioSourceCodeAccess
LogPluginManager: Mounting plugin XCodeSourceCodeAccess
LogPluginManager: Mounting plugin AssetManagerEditor
LogPluginManager: Mounting plugin CryptoKeys
LogPluginManager: Mounting plugin CurveEditorTools
LogPluginManager: Mounting plugin DataValidation
LogPluginManager: Mounting plugin EditorScriptingUtilities
LogPluginManager: Mounting plugin FacialAnimation
LogPluginManager: Mounting plugin GameplayTagsEditor
LogPluginManager: Mounting plugin GeometryMode
LogPluginManager: Mounting plugin MacGraphicsSwitching
LogPluginManager: Mounting plugin MaterialAnalyzer
LogPluginManager: Mounting plugin MobileLauncherProfileWizard
LogPluginManager: Mounting plugin PluginBrowser
LogPluginManager: Mounting plugin SpeedTreeImporter
LogPluginManager: Mounting plugin DatasmithContent
LogPluginManager: Mounting plugin VariantManagerContent
LogPluginManager: Mounting plugin AlembicImporter
LogPluginManager: Mounting plugin AutomationUtils
LogPluginManager: Mounting plugin BackChannel
LogPluginManager: Mounting plugin ChaosCloth
LogPluginManager: Mounting plugin ChaosClothEditor
LogPluginManager: Mounting plugin ChaosEditor
LogPluginManager: Mounting plugin ChaosNiagara
LogPluginManager: Mounting plugin ChaosSolverPlugin
LogPluginManager: Mounting plugin CharacterAI
LogPluginManager: Mounting plugin GeometryCache
LogPluginManager: Mounting plugin GeometryCollectionPlugin
LogPluginManager: Mounting plugin GeometryProcessing
LogPluginManager: Mounting plugin PlanarCut
LogPluginManager: Mounting plugin PlatformCrypto
LogPluginManager: Mounting plugin ProxyLODPlugin
LogPluginManager: Mounting plugin SkeletalReduction
LogPluginManager: Mounting plugin Niagara
LogPluginManager: Mounting plugin MagicLeap
LogPluginManager: Mounting plugin MagicLeapLightEstimation
LogPluginManager: Mounting plugin MagicLeapMedia
LogPluginManager: Mounting plugin MagicLeapPassableWorld
LogPluginManager: Mounting plugin MLSDK
LogPluginManager: Mounting plugin AndroidMedia
LogPluginManager: Mounting plugin AvfMedia
LogPluginManager: Mounting plugin ImgMedia
LogPluginManager: Mounting plugin MediaCompositing
LogPluginManager: Mounting plugin MediaPlayerEditor
LogPluginManager: Mounting plugin WebMMedia
LogPluginManager: Mounting plugin WmfMedia
LogPluginManager: Mounting plugin MeshPainting
LogPluginManager: Mounting plugin TcpMessaging
LogPluginManager: Mounting plugin UdpMessaging
LogPluginManager: Mounting plugin ActorSequence
LogPluginManager: Mounting plugin LevelSequenceEditor
LogPluginManager: Mounting plugin MatineeToLevelSequence
LogPluginManager: Mounting plugin MovieRenderPipeline
LogPluginManager: Mounting plugin TemplateSequence
LogPluginManager: Mounting plugin NetcodeUnitTest
LogPluginManager: Mounting plugin NUTUnrealEngine4
LogPluginManager: Mounting plugin OnlineSubsystemGooglePlay
LogPluginManager: Mounting plugin OnlineSubsystemIOS
LogPluginManager: Mounting plugin OnlineSubsystem
LogPluginManager: Mounting plugin OnlineSubsystemNull
LogPluginManager: Mounting plugin OnlineSubsystemUtils
LogPluginManager: Mounting plugin LauncherChunkInstaller
LogPluginManager: Mounting plugin AndroidDeviceProfileSelector
LogPluginManager: Mounting plugin AndroidMoviePlayer
LogPluginManager: Mounting plugin AndroidPermission
LogPluginManager: Mounting plugin AppleImageUtils
LogPluginManager: Mounting plugin AppleMoviePlayer
LogPluginManager: Mounting plugin ArchVisCharacter
LogPluginManager: Mounting plugin AssetTags
LogPluginManager: Mounting plugin AudioCapture
LogPluginManager: Mounting plugin CableComponent
LogPluginManager: Mounting plugin CustomMeshComponent
LogPluginManager: Mounting plugin EditableMesh
LogPluginManager: Mounting plugin ExampleDeviceProfileSelector
LogPluginManager: Mounting plugin GoogleCloudMessaging
LogPluginManager: Mounting plugin GooglePAD
LogPluginManager: Mounting plugin IOSDeviceProfileSelector
LogPluginManager: Mounting plugin LinuxDeviceProfileSelector
LogPluginManager: Mounting plugin LocationServicesBPLibrary
LogPluginManager: Mounting plugin MobilePatchingUtils
LogPluginManager: Mounting plugin OculusVR
LogPluginManager: Mounting plugin PhysXVehicles
LogPluginManager: Mounting plugin PostSplashScreen
LogPluginManager: Mounting plugin ProceduralMeshComponent
LogPluginManager: Mounting plugin RuntimePhysXCooking
LogPluginManager: Mounting plugin SignificanceManager
LogPluginManager: Mounting plugin SoundFields
LogPluginManager: Mounting plugin SteamVR
LogPluginManager: Mounting plugin Synthesis
LogPluginManager: Mounting plugin WebMMoviePlayer
LogPluginManager: Mounting plugin WindowsMoviePlayer
LogPluginManager: Mounting plugin ScreenshotTools
LogInit: Using libcurl 7.55.1-DEV
LogInit:  - built for x86_64-pc-win32
LogInit:  - supports SSL with OpenSSL/1.1.1
LogInit:  - supports HTTP deflate (compression) using libz 1.2.8
LogInit:  - other features:
LogInit:      CURL_VERSION_SSL
LogInit:      CURL_VERSION_LIBZ
LogInit:      CURL_VERSION_IPV6
LogInit:      CURL_VERSION_ASYNCHDNS
LogInit:      CURL_VERSION_LARGEFILE
LogInit:      CURL_VERSION_IDN
LogInit:  CurlRequestOptions (configurable via config and command line):
LogInit:  - bVerifyPeer = true  - Libcurl will verify peer certificate
LogInit:  - bUseHttpProxy = false  - Libcurl will NOT use HTTP proxy
LogInit:  - bDontReuseConnections = false  - Libcurl will reuse connections
LogInit:  - MaxHostConnections = 16  - Libcurl will limit the number of connections to a host
LogInit:  - LocalHostAddr = Default
LogInit:  - BufferSize = 65536
LogOnline: OSS: Creating online subsystem instance for: NULL
LogInit: WinSock: version 1.1 (2.2), MaxSocks=32767, MaxUdp=65467
LogOnline: OSS: TryLoadSubsystemAndSetDefault: Loaded subsystem for module [NULL]
LogInit: Build: ++UE4+Release-4.25-CL-13144385
LogInit: Engine Version: 4.25.0-13144385+++UE4+Release-4.25
LogInit: Compatible Engine Version: 4.25.0-13144385+++UE4+Release-4.25
LogInit: Net CL: 13144385
LogInit: OS: Windows 10 (Release 1903) (), CPU: Intel(R) Core(TM) i5-8250U CPU @ 1.60GHz, GPU: Intel(R) UHD Graphics 620
LogInit: Compiled (64-bit): May  2 2020 02:12:11
LogInit: Compiled with Visual C++: 19.24.28315.00
LogInit: Build Configuration: Development
LogInit: Branch Name: ++UE4+Release-4.25
LogInit: Command Line: 
LogInit: Base Directory: C:/Program Files/Epic Games/UE_4.25/Engine/Binaries/Win64/
LogInit: Allocator: TBB
LogInit: Installed Engine Build: 1
LogDevObjectVersion: Number of dev versions registered: 26
LogDevObjectVersion:   Dev-Blueprints (B0D832E4-1F89-4F0D-ACCF-7EB736FD4AA2): 10
LogDevObjectVersion:   Dev-Build (E1C64328-A22C-4D53-A36C-8E866417BD8C): 0
LogDevObjectVersion:   Dev-Core (375EC13C-06E4-48FB-B500-84F0262A717E): 4
LogDevObjectVersion:   Dev-Editor (E4B068ED-F494-42E9-A231-DA0B2E46BB41): 38
LogDevObjectVersion:   Dev-Framework (CFFC743F-43B0-4480-9391-14DF171D2073): 37
LogDevObjectVersion:   Dev-Mobile (B02B49B5-BB20-44E9-A304-32B752E40360): 2
LogDevObjectVersion:   Dev-Networking (A4E4105C-59A1-49B5-A7C5-40C4547EDFEE): 0
LogDevObjectVersion:   Dev-Online (39C831C9-5AE6-47DC-9A44-9C173E1C8E7C): 0
LogDevObjectVersion:   Dev-Physics (78F01B33-EBEA-4F98-B9B4-84EACCB95AA2): 4
LogDevObjectVersion:   Dev-Platform (6631380F-2D4D-43E0-8009-CF276956A95A): 0
LogDevObjectVersion:   Dev-Rendering (12F88B9F-8875-4AFC-A67C-D90C383ABD29): 43
LogDevObjectVersion:   Dev-Sequencer (7B5AE74C-D270-4C10-A958-57980B212A5A): 12
LogDevObjectVersion:   Dev-VR (D7296918-1DD6-4BDD-9DE2-64A83CC13884): 3
LogDevObjectVersion:   Dev-LoadTimes (C2A15278-BFE7-4AFE-6C17-90FF531DF755): 1
LogDevObjectVersion:   Private-Geometry (6EACA3D4-40EC-4CC1-B786-8BED09428FC5): 3
LogDevObjectVersion:   Dev-AnimPhys (29E575DD-E0A3-4627-9D10-D276232CDCEA): 17
LogDevObjectVersion:   Dev-Anim (AF43A65D-7FD3-4947-9873-3E8ED9C1BB05): 7
LogDevObjectVersion:   Dev-ReflectionCapture (6B266CEC-1EC7-4B8F-A30B-E4D90942FC07): 1
LogDevObjectVersion:   Dev-Automation (0DF73D61-A23F-47EA-B727-89E90C41499A): 1
LogDevObjectVersion:   FortniteMain (601D1886-AC64-4F84-AA16-D3DE0DEAC7D6): 31
LogDevObjectVersion:   Dev-Enterprise (9DFFBCD6-494F-0158-E221-12823C92A888): 10
LogDevObjectVersion:   Dev-Niagara (F2AED0AC-9AFE-416F-8664-AA7FFA26D6FC): 1
LogDevObjectVersion:   Dev-Destruction (174F1F0B-B4C6-45A5-B13F-2EE8D0FB917D): 10
LogDevObjectVersion:   Dev-Physics-Ext (35F94A83-E258-406C-A318-09F59610247C): 37
LogDevObjectVersion:   Dev-PhysicsMaterial-Chaos (B68FC16E-8B1B-42E2-B453-215C058844FE): 1
LogDevObjectVersion:   Dev-CineCamera (B2E18506-4273-CFC2-A54E-F4BB758BBA07): 1
LogInit: Presizing for max 25165824 objects, including 0 objects not considered by GC, pre-allocating 0 bytes for permanent pool.
LogConfig: Applying CVar settings from Section [/Script/Engine.StreamingSettings] File [C:/Users/Lenovo/Documents/GitHub/UnrealEngine_Mudassir/Pinball/Saved/Config/Windows/Engine.ini]
LogConfig: Setting CVar [[s.MinBulkDataSizeForAsyncLoading:131072]]
LogConfig: Setting CVar [[s.AsyncLoadingThreadEnabled:0]]
LogConfig: Setting CVar [[s.EventDrivenLoaderEnabled:1]]
LogConfig: Setting CVar [[s.WarnIfTimeLimitExceeded:0]]
LogConfig: Setting CVar [[s.TimeLimitExceededMultiplier:1.5]]
LogConfig: Setting CVar [[s.TimeLimitExceededMinTime:0.005]]
LogConfig: Setting CVar [[s.UseBackgroundLevelStreaming:1]]
LogConfig: Setting CVar [[s.PriorityAsyncLoadingExtraTime:15.0]]
LogConfig: Setting CVar [[s.LevelStreamingActorsUpdateTimeLimit:5.0]]
LogConfig: Setting CVar [[s.PriorityLevelStreamingActorsUpdateExtraTime:5.0]]
LogConfig: Setting CVar [[s.LevelStreamingComponentsRegistrationGranularity:10]]
LogConfig: Setting CVar [[s.UnregisterComponentsTimeLimit:1.0]]
LogConfig: Setting CVar [[s.LevelStreamingComponentsUnregistrationGranularity:5]]
LogConfig: Setting CVar [[s.FlushStreamingOnExit:1]]
LogInit: Object subsystem initialized
LogConfig: Setting CVar [[con.DebugEarlyDefault:1]]
LogConfig: Setting CVar [[r.setres:1280x720]]
[2020.06.18-17.29.36:267][  0]LogConfig: Setting CVar [[r.VSync:0]]
[2020.06.18-17.29.36:267][  0]LogConfig: Setting CVar [[r.RHICmdBypass:0]]
[2020.06.18-17.29.36:267][  0]LogConfig: Applying CVar settings from Section [/Script/Engine.RendererSettings] File [C:/Users/Lenovo/Documents/GitHub/UnrealEngine_Mudassir/Pinball/Saved/Config/Windows/Engine.ini]
[2020.06.18-17.29.36:267][  0]LogConfig: Setting CVar [[r.GPUCrashDebugging:0]]
[2020.06.18-17.29.36:268][  0]LogConfig: Applying CVar settings from Section [/Script/Engine.RendererOverrideSettings] File [C:/Users/Lenovo/Documents/GitHub/UnrealEngine_Mudassir/Pinball/Saved/Config/Windows/Engine.ini]
[2020.06.18-17.29.36:268][  0]LogConfig: Applying CVar settings from Section [/Script/Engine.StreamingSettings] File [C:/Users/Lenovo/Documents/GitHub/UnrealEngine_Mudassir/Pinball/Saved/Config/Windows/Engine.ini]
[2020.06.18-17.29.36:268][  0]LogConfig: Setting CVar [[s.MinBulkDataSizeForAsyncLoading:131072]]
[2020.06.18-17.29.36:268][  0]LogConfig: Setting CVar [[s.AsyncLoadingThreadEnabled:0]]
[2020.06.18-17.29.36:268][  0]LogConfig: Setting CVar [[s.EventDrivenLoaderEnabled:1]]
[2020.06.18-17.29.36:268][  0]LogConfig: Setting CVar [[s.WarnIfTimeLimitExceeded:0]]
[2020.06.18-17.29.36:268][  0]LogConfig: Setting CVar [[s.TimeLimitExceededMultiplier:1.5]]
[2020.06.18-17.29.36:268][  0]LogConfig: Setting CVar [[s.TimeLimitExceededMinTime:0.005]]
[2020.06.18-17.29.36:268][  0]LogConfig: Setting CVar [[s.UseBackgroundLevelStreaming:1]]
[2020.06.18-17.29.36:268][  0]LogConfig: Setting CVar [[s.PriorityAsyncLoadingExtraTime:15.0]]
[2020.06.18-17.29.36:268][  0]LogConfig: Setting CVar [[s.LevelStreamingActorsUpdateTimeLimit:5.0]]
[2020.06.18-17.29.36:268][  0]LogConfig: Setting CVar [[s.PriorityLevelStreamingActorsUpdateExtraTime:5.0]]
[2020.06.18-17.29.36:268][  0]LogConfig: Setting CVar [[s.LevelStreamingComponentsRegistrationGranularity:10]]
[2020.06.18-17.29.36:268][  0]LogConfig: Setting CVar [[s.UnregisterComponentsTimeLimit:1.0]]
[2020.06.18-17.29.36:268][  0]LogConfig: Setting CVar [[s.LevelStreamingComponentsUnregistrationGranularity:5]]
[2020.06.18-17.29.36:268][  0]LogConfig: Setting CVar [[s.FlushStreamingOnExit:1]]
[2020.06.18-17.29.36:268][  0]LogConfig: Applying CVar settings from Section [/Script/Engine.GarbageCollectionSettings] File [C:/Users/Lenovo/Documents/GitHub/UnrealEngine_Mudassir/Pinball/Saved/Config/Windows/Engine.ini]
[2020.06.18-17.29.36:268][  0]LogConfig: Setting CVar [[gc.MaxObjectsNotConsideredByGC:1]]
[2020.06.18-17.29.36:269][  0]LogConfig: Setting CVar [[gc.SizeOfPermanentObjectPool:0]]
[2020.06.18-17.29.36:269][  0]LogConfig: Setting CVar [[gc.FlushStreamingOnGC:0]]
[2020.06.18-17.29.36:269][  0]LogConfig: Setting CVar [[gc.NumRetriesBeforeForcingGC:10]]
[2020.06.18-17.29.36:269][  0]LogConfig: Setting CVar [[gc.AllowParallelGC:1]]
[2020.06.18-17.29.36:269][  0]LogConfig: Setting CVar [[gc.TimeBetweenPurgingPendingKillObjects:61.1]]
[2020.06.18-17.29.36:269][  0]LogConfig: Setting CVar [[gc.MaxObjectsInEditor:25165824]]
[2020.06.18-17.29.36:269][  0]LogConfig: Setting CVar [[gc.IncrementalBeginDestroyEnabled:1]]
[2020.06.18-17.29.36:269][  0]LogConfig: Setting CVar [[gc.CreateGCClusters:1]]
[2020.06.18-17.29.36:269][  0]LogConfig: Setting CVar [[gc.MinGCClusterSize:5]]
[2020.06.18-17.29.36:270][  0]LogConfig: Setting CVar [[gc.ActorClusteringEnabled:0]]
[2020.06.18-17.29.36:270][  0]LogConfig: Setting CVar [[gc.BlueprintClusteringEnabled:0]]
[2020.06.18-17.29.36:270][  0]LogConfig: Setting CVar [[gc.UseDisregardForGCOnDedicatedServers:0]]
[2020.06.18-17.29.36:270][  0]LogConfig: Applying CVar settings from Section [/Script/Engine.NetworkSettings] File [C:/Users/Lenovo/Documents/GitHub/UnrealEngine_Mudassir/Pinball/Saved/Config/Windows/Engine.ini]
[2020.06.18-17.29.36:270][  0]LogConfig: Applying CVar settings from Section [/Script/UnrealEd.CookerSettings] File [C:/Users/Lenovo/Documents/GitHub/UnrealEngine_Mudassir/Pinball/Saved/Config/Windows/Engine.ini]
[2020.06.18-17.29.36:276][  0]LogConfig: Applying CVar settings from Section [ViewDistanceQuality@3] File [C:/Users/Lenovo/Documents/GitHub/UnrealEngine_Mudassir/Pinball/Saved/Config/Windows/Scalability.ini]
[2020.06.18-17.29.36:276][  0]LogConfig: Setting CVar [[r.SkeletalMeshLODBias:0]]
[2020.06.18-17.29.36:276][  0]LogConfig: Setting CVar [[r.ViewDistanceScale:1.0]]
[2020.06.18-17.29.36:276][  0]LogConfig: Applying CVar settings from Section [AntiAliasingQuality@3] File [C:/Users/Lenovo/Documents/GitHub/UnrealEngine_Mudassir/Pinball/Saved/Config/Windows/Scalability.ini]
[2020.06.18-17.29.36:276][  0]LogConfig: Setting CVar [[r.PostProcessAAQuality:4]]
[2020.06.18-17.29.36:276][  0]LogConfig: Applying CVar settings from Section [ShadowQuality@3] File [C:/Users/Lenovo/Documents/GitHub/UnrealEngine_Mudassir/Pinball/Saved/Config/Windows/Scalability.ini]
[2020.06.18-17.29.36:276][  0]LogConfig: Setting CVar [[r.LightFunctionQuality:1]]
[2020.06.18-17.29.36:276][  0]LogConfig: Setting CVar [[r.ShadowQuality:5]]
[2020.06.18-17.29.36:276][  0]LogConfig: Setting CVar [[r.Shadow.CSM.MaxCascades:10]]
[2020.06.18-17.29.36:276][  0]LogConfig: Setting CVar [[r.Shadow.MaxResolution:2048]]
[2020.06.18-17.29.36:276][  0]LogConfig: Setting CVar [[r.Shadow.MaxCSMResolution:2048]]
[2020.06.18-17.29.36:276][  0]LogConfig: Setting CVar [[r.Shadow.RadiusThreshold:0.01]]
[2020.06.18-17.29.36:276][  0]LogConfig: Setting CVar [[r.Shadow.DistanceScale:1.0]]
[2020.06.18-17.29.36:276][  0]LogConfig: Setting CVar [[r.Shadow.CSM.TransitionScale:1.0]]
[2020.06.18-17.29.36:276][  0]LogConfig: Setting CVar [[r.Shadow.PreShadowResolutionFactor:1.0]]
[2020.06.18-17.29.36:276][  0]LogConfig: Setting CVar [[r.DistanceFieldShadowing:1]]
[2020.06.18-17.29.36:277][  0]LogConfig: Setting CVar [[r.DistanceFieldAO:1]]
[2020.06.18-17.29.36:277][  0]LogConfig: Setting CVar [[r.AOQuality:2]]
[2020.06.18-17.29.36:277][  0]LogConfig: Setting CVar [[r.VolumetricFog:1]]
[2020.06.18-17.29.36:277][  0]LogConfig: Setting CVar [[r.VolumetricFog.GridPixelSize:8]]
[2020.06.18-17.29.36:277][  0]LogConfig: Setting CVar [[r.VolumetricFog.GridSizeZ:128]]
[2020.06.18-17.29.36:277][  0]LogConfig: Setting CVar [[r.VolumetricFog.HistoryMissSupersampleCount:4]]
[2020.06.18-17.29.36:277][  0]LogConfig: Setting CVar [[r.LightMaxDrawDistanceScale:1]]
[2020.06.18-17.29.36:277][  0]LogConfig: Setting CVar [[r.CapsuleShadows:1]]
[2020.06.18-17.29.36:277][  0]LogConfig: Applying CVar settings from Section [PostProcessQuality@3] File [C:/Users/Lenovo/Documents/GitHub/UnrealEngine_Mudassir/Pinball/Saved/Config/Windows/Scalability.ini]
[2020.06.18-17.29.36:277][  0]LogConfig: Setting CVar [[r.MotionBlurQuality:4]]
[2020.06.18-17.29.36:277][  0]LogConfig: Setting CVar [[r.AmbientOcclusionMipLevelFactor:0.4]]
[2020.06.18-17.29.36:277][  0]LogConfig: Setting CVar [[r.AmbientOcclusionMaxQuality:100]]
[2020.06.18-17.29.36:277][  0]LogConfig: Setting CVar [[r.AmbientOcclusionLevels:-1]]
[2020.06.18-17.29.36:277][  0]LogConfig: Setting CVar [[r.AmbientOcclusionRadiusScale:1.0]]
[2020.06.18-17.29.36:277][  0]LogConfig: Setting CVar [[r.DepthOfFieldQuality:2]]
[2020.06.18-17.29.36:277][  0]LogConfig: Setting CVar [[r.RenderTargetPoolMin:400]]
[2020.06.18-17.29.36:277][  0]LogConfig: Setting CVar [[r.LensFlareQuality:2]]
[2020.06.18-17.29.36:277][  0]LogConfig: Setting CVar [[r.SceneColorFringeQuality:1]]
[2020.06.18-17.29.36:278][  0]LogConfig: Setting CVar [[r.EyeAdaptationQuality:2]]
[2020.06.18-17.29.36:278][  0]LogConfig: Setting CVar [[r.BloomQuality:5]]
[2020.06.18-17.29.36:278][  0]LogConfig: Setting CVar [[r.FastBlurThreshold:100]]
[2020.06.18-17.29.36:278][  0]LogConfig: Setting CVar [[r.Upscale.Quality:3]]
[2020.06.18-17.29.36:278][  0]LogConfig: Setting CVar [[r.Tonemapper.GrainQuantization:1]]
[2020.06.18-17.29.36:278][  0]LogConfig: Setting CVar [[r.LightShaftQuality:1]]
[2020.06.18-17.29.36:278][  0]LogConfig: Setting CVar [[r.Filter.SizeScale:1]]
[2020.06.18-17.29.36:278][  0]LogConfig: Setting CVar [[r.Tonemapper.Quality:5]]
[2020.06.18-17.29.36:278][  0]LogConfig: Setting CVar [[r.DOF.Gather.AccumulatorQuality:1        ; higher gathering accumulator quality]]
[2020.06.18-17.29.36:278][  0]LogConfig: Setting CVar [[r.DOF.Gather.PostfilterMethod:1          ; Median3x3 postfilering method]]
[2020.06.18-17.29.36:278][  0]LogConfig: Setting CVar [[r.DOF.Gather.EnableBokehSettings:0       ; no bokeh simulation when gathering]]
[2020.06.18-17.29.36:278][  0]LogConfig: Setting CVar [[r.DOF.Gather.RingCount:4                 ; medium number of samples when gathering]]
[2020.06.18-17.29.36:278][  0]LogConfig: Setting CVar [[r.DOF.Scatter.ForegroundCompositing:1    ; additive foreground scattering]]
[2020.06.18-17.29.36:278][  0]LogConfig: Setting CVar [[r.DOF.Scatter.BackgroundCompositing:2    ; additive background scattering]]
[2020.06.18-17.29.36:278][  0]LogConfig: Setting CVar [[r.DOF.Scatter.EnableBokehSettings:1      ; bokeh simulation when scattering]]
[2020.06.18-17.29.36:278][  0]LogConfig: Setting CVar [[r.DOF.Scatter.MaxSpriteRatio:0.1         ; only a maximum of 10% of scattered bokeh]]
[2020.06.18-17.29.36:278][  0]LogConfig: Setting CVar [[r.DOF.Recombine.Quality:1                ; cheap slight out of focus]]
[2020.06.18-17.29.36:278][  0]LogConfig: Setting CVar [[r.DOF.Recombine.EnableBokehSettings:0    ; no bokeh simulation on slight out of focus]]
[2020.06.18-17.29.36:278][  0]LogConfig: Setting CVar [[r.DOF.TemporalAAQuality:1                ; more stable temporal accumulation]]
[2020.06.18-17.29.36:278][  0]LogConfig: Setting CVar [[r.DOF.Kernel.MaxForegroundRadius:0.025]]
[2020.06.18-17.29.36:279][  0]LogConfig: Setting CVar [[r.DOF.Kernel.MaxBackgroundRadius:0.025]]
[2020.06.18-17.29.36:279][  0]LogConfig: Applying CVar settings from Section [TextureQuality@3] File [C:/Users/Lenovo/Documents/GitHub/UnrealEngine_Mudassir/Pinball/Saved/Config/Windows/Scalability.ini]
[2020.06.18-17.29.36:279][  0]LogConfig: Setting CVar [[r.Streaming.MipBias:0]]
[2020.06.18-17.29.36:279][  0]LogConfig: Setting CVar [[r.Streaming.AmortizeCPUToGPUCopy:0]]
[2020.06.18-17.29.36:279][  0]LogConfig: Setting CVar [[r.Streaming.MaxNumTexturesToStreamPerFrame:0]]
[2020.06.18-17.29.36:279][  0]LogConfig: Setting CVar [[r.Streaming.Boost:1]]
[2020.06.18-17.29.36:279][  0]LogConfig: Setting CVar [[r.MaxAnisotropy:8]]
[2020.06.18-17.29.36:279][  0]LogConfig: Setting CVar [[r.VT.MaxAnisotropy:8]]
[2020.06.18-17.29.36:279][  0]LogConfig: Setting CVar [[r.Streaming.LimitPoolSizeToVRAM:0]]
[2020.06.18-17.29.36:279][  0]LogConfig: Setting CVar [[r.Streaming.PoolSize:1000]]
[2020.06.18-17.29.36:279][  0]LogConfig: Setting CVar [[r.Streaming.MaxEffectiveScreenSize:0]]
[2020.06.18-17.29.36:279][  0]LogConfig: Applying CVar settings from Section [EffectsQuality@3] File [C:/Users/Lenovo/Documents/GitHub/UnrealEngine_Mudassir/Pinball/Saved/Config/Windows/Scalability.ini]
[2020.06.18-17.29.36:279][  0]LogConfig: Setting CVar [[r.TranslucencyLightingVolumeDim:64]]
[2020.06.18-17.29.36:279][  0]LogConfig: Setting CVar [[r.RefractionQuality:2]]
[2020.06.18-17.29.36:279][  0]LogConfig: Setting CVar [[r.SSR.Quality:3]]
[2020.06.18-17.29.36:279][  0]LogConfig: Setting CVar [[r.SSR.HalfResSceneColor:0]]
[2020.06.18-17.29.36:279][  0]LogConfig: Setting CVar [[r.SceneColorFormat:4]]
[2020.06.18-17.29.36:279][  0]LogConfig: Setting CVar [[r.DetailMode:2]]
[2020.06.18-17.29.36:280][  0]LogConfig: Setting CVar [[r.TranslucencyVolumeBlur:1]]
[2020.06.18-17.29.36:280][  0]LogConfig: Setting CVar [[r.MaterialQualityLevel:1 ; High quality]]
[2020.06.18-17.29.36:280][  0]LogConfig: Setting CVar [[r.SSS.Scale:1]]
[2020.06.18-17.29.36:280][  0]LogConfig: Setting CVar [[r.SSS.SampleSet:2]]
[2020.06.18-17.29.36:280][  0]LogConfig: Setting CVar [[r.SSS.Quality:1]]
[2020.06.18-17.29.36:280][  0]LogConfig: Setting CVar [[r.SSS.HalfRes:0]]
[2020.06.18-17.29.36:280][  0]LogConfig: Setting CVar [[r.SSGI.Quality:3]]
[2020.06.18-17.29.36:280][  0]LogConfig: Setting CVar [[r.EmitterSpawnRateScale:1.0]]
[2020.06.18-17.29.36:280][  0]LogConfig: Setting CVar [[r.ParticleLightQuality:2]]
[2020.06.18-17.29.36:280][  0]LogConfig: Setting CVar [[r.SkyAtmosphere.AerialPerspectiveLUT.FastApplyOnOpaque:1 ; Always have FastSkyLUT 1 in this case to avoid wrong sky]]
[2020.06.18-17.29.36:280][  0]LogConfig: Setting CVar [[r.SkyAtmosphere.AerialPerspectiveLUT.SampleCountPerSlice:1]]
[2020.06.18-17.29.36:280][  0]LogConfig: Setting CVar [[r.SkyAtmosphere.AerialPerspectiveLUT.DepthResolution:16.0]]
[2020.06.18-17.29.36:280][  0]LogConfig: Setting CVar [[r.SkyAtmosphere.FastSkyLUT:1]]
[2020.06.18-17.29.36:280][  0]LogConfig: Setting CVar [[r.SkyAtmosphere.FastSkyLUT.SampleCountMin:4.0]]
[2020.06.18-17.29.36:280][  0]LogConfig: Setting CVar [[r.SkyAtmosphere.FastSkyLUT.SampleCountMax:32.0]]
[2020.06.18-17.29.36:280][  0]LogConfig: Setting CVar [[r.SkyAtmosphere.SampleCountMin:4.0]]
[2020.06.18-17.29.36:280][  0]LogConfig: Setting CVar [[r.SkyAtmosphere.SampleCountMax:32.0]]
[2020.06.18-17.29.36:280][  0]LogConfig: Setting CVar [[r.SkyAtmosphere.TransmittanceLUT.UseSmallFormat:0]]
[2020.06.18-17.29.36:280][  0]LogConfig: Setting CVar [[r.SkyAtmosphere.TransmittanceLUT.SampleCount:10.0]]
[2020.06.18-17.29.36:280][  0]LogConfig: Setting CVar [[r.SkyAtmosphere.MultiScatteringLUT.SampleCount:15.0]]
[2020.06.18-17.29.36:281][  0]LogConfig: Applying CVar settings from Section [FoliageQuality@3] File [C:/Users/Lenovo/Documents/GitHub/UnrealEngine_Mudassir/Pinball/Saved/Config/Windows/Scalability.ini]
[2020.06.18-17.29.36:281][  0]LogConfig: Setting CVar [[foliage.DensityScale:1.0]]
[2020.06.18-17.29.36:281][  0]LogConfig: Setting CVar [[grass.DensityScale:1.0]]
[2020.06.18-17.29.36:281][  0]LogConfig: Applying CVar settings from Section [ShadingQuality@3] File [C:/Users/Lenovo/Documents/GitHub/UnrealEngine_Mudassir/Pinball/Saved/Config/Windows/Scalability.ini]
[2020.06.18-17.29.36:281][  0]LogConfig: Setting CVar [[r.HairStrands.SkyLighting.SampleCount:16]]
[2020.06.18-17.29.36:281][  0]LogConfig: Setting CVar [[r.HairStrands.SkyLighting.JitterIntegration:0]]
[2020.06.18-17.29.36:281][  0]LogConfig: Setting CVar [[r.HairStrands.SkyAO.SampleCount:16]]
[2020.06.18-17.29.36:281][  0]LogConfig: Setting CVar [[r.HairStrands.DeepShadow.SuperSampling:0]]
[2020.06.18-17.29.36:281][  0]LogConfig: Setting CVar [[r.HairStrands.VisibilityPPLL:0]]
[2020.06.18-17.29.36:281][  0]LogConfig: Setting CVar [[r.HairStrands.RasterizationScale:0.5]]
[2020.06.18-17.29.36:281][  0]LogConfig: Setting CVar [[r.HairStrands.VelocityRasterizationScale:1]]
[2020.06.18-17.29.36:281][  0]LogInit: Selected Device Profile: [Windows]
[2020.06.18-17.29.36:281][  0]LogInit: Applying CVar settings loaded from the selected device profile: [Windows]
[2020.06.18-17.29.36:281][  0]LogHAL: Display: Platform has ~ 8 GB [8494747648 / 8589934592 / 8], which maps to Default [LargestMinGB=32, LargerMinGB=12, DefaultMinGB=8, SmallerMinGB=6, SmallestMinGB=0)
[2020.06.18-17.29.36:281][  0]LogInit: Going up to parent DeviceProfile []
[2020.06.18-17.29.36:282][  0]LogConfig: Applying CVar settings from Section [ViewDistanceQuality@3] File [C:/Users/Lenovo/Documents/GitHub/UnrealEngine_Mudassir/Pinball/Saved/Config/Windows/Scalability.ini]
[2020.06.18-17.29.36:282][  0]LogConfig: Setting CVar [[r.SkeletalMeshLODBias:0]]
[2020.06.18-17.29.36:282][  0]LogConfig: Setting CVar [[r.ViewDistanceScale:1.0]]
[2020.06.18-17.29.36:282][  0]LogConfig: Applying CVar settings from Section [AntiAliasingQuality@3] File [C:/Users/Lenovo/Documents/GitHub/UnrealEngine_Mudassir/Pinball/Saved/Config/Windows/Scalability.ini]
[2020.06.18-17.29.36:282][  0]LogConfig: Setting CVar [[r.PostProcessAAQuality:4]]
[2020.06.18-17.29.36:282][  0]LogConfig: Applying CVar settings from Section [ShadowQuality@3] File [C:/Users/Lenovo/Documents/GitHub/UnrealEngine_Mudassir/Pinball/Saved/Config/Windows/Scalability.ini]
[2020.06.18-17.29.36:282][  0]LogConfig: Setting CVar [[r.LightFunctionQuality:1]]
[2020.06.18-17.29.36:282][  0]LogConfig: Setting CVar [[r.ShadowQuality:5]]
[2020.06.18-17.29.36:282][  0]LogConfig: Setting CVar [[r.Shadow.CSM.MaxCascades:10]]
[2020.06.18-17.29.36:282][  0]LogConfig: Setting CVar [[r.Shadow.MaxResolution:2048]]
[2020.06.18-17.29.36:282][  0]LogConfig: Setting CVar [[r.Shadow.MaxCSMResolution:2048]]
[2020.06.18-17.29.36:282][  0]LogConfig: Setting CVar [[r.Shadow.RadiusThreshold:0.01]]
[2020.06.18-17.29.36:282][  0]LogConfig: Setting CVar [[r.Shadow.DistanceScale:1.0]]
[2020.06.18-17.29.36:282][  0]LogConfig: Setting CVar [[r.Shadow.CSM.TransitionScale:1.0]]
[2020.06.18-17.29.36:282][  0]LogConfig: Setting CVar [[r.Shadow.PreShadowResolutionFactor:1.0]]
[2020.06.18-17.29.36:282][  0]LogConfig: Setting CVar [[r.DistanceFieldShadowing:1]]
[2020.06.18-17.29.36:282][  0]LogConfig: Setting CVar [[r.DistanceFieldAO:1]]
[2020.06.18-17.29.36:283][  0]LogConfig: Setting CVar [[r.AOQuality:2]]
[2020.06.18-17.29.36:283][  0]LogConfig: Setting CVar [[r.VolumetricFog:1]]
[2020.06.18-17.29.36:283][  0]LogConfig: Setting CVar [[r.VolumetricFog.GridPixelSize:8]]
[2020.06.18-17.29.36:283][  0]LogConfig: Setting CVar [[r.VolumetricFog.GridSizeZ:128]]
[2020.06.18-17.29.36:283][  0]LogConfig: Setting CVar [[r.VolumetricFog.HistoryMissSupersampleCount:4]]
[2020.06.18-17.29.36:283][  0]LogConfig: Setting CVar [[r.LightMaxDrawDistanceScale:1]]
[2020.06.18-17.29.36:283][  0]LogConfig: Setting CVar [[r.CapsuleShadows:1]]
[2020.06.18-17.29.36:283][  0]LogConfig: Applying CVar settings from Section [PostProcessQuality@3] File [C:/Users/Lenovo/Documents/GitHub/UnrealEngine_Mudassir/Pinball/Saved/Config/Windows/Scalability.ini]
[2020.06.18-17.29.36:283][  0]LogConfig: Setting CVar [[r.MotionBlurQuality:4]]
[2020.06.18-17.29.36:283][  0]LogConfig: Setting CVar [[r.AmbientOcclusionMipLevelFactor:0.4]]
[2020.06.18-17.29.36:283][  0]LogConfig: Setting CVar [[r.AmbientOcclusionMaxQuality:100]]
[2020.06.18-17.29.36:283][  0]LogConfig: Setting CVar [[r.AmbientOcclusionLevels:-1]]
[2020.06.18-17.29.36:283][  0]LogConfig: Setting CVar [[r.AmbientOcclusionRadiusScale:1.0]]
[2020.06.18-17.29.36:283][  0]LogConfig: Setting CVar [[r.DepthOfFieldQuality:2]]
[2020.06.18-17.29.36:283][  0]LogConfig: Setting CVar [[r.RenderTargetPoolMin:400]]
[2020.06.18-17.29.36:283][  0]LogConfig: Setting CVar [[r.LensFlareQuality:2]]
[2020.06.18-17.29.36:283][  0]LogConfig: Setting CVar [[r.SceneColorFringeQuality:1]]
[2020.06.18-17.29.36:283][  0]LogConfig: Setting CVar [[r.EyeAdaptationQuality:2]]
[2020.06.18-17.29.36:283][  0]LogConfig: Setting CVar [[r.BloomQuality:5]]
[2020.06.18-17.29.36:283][  0]LogConfig: Setting CVar [[r.FastBlurThreshold:100]]
[2020.06.18-17.29.36:284][  0]LogConfig: Setting CVar [[r.Upscale.Quality:3]]
[2020.06.18-17.29.36:284][  0]LogConfig: Setting CVar [[r.Tonemapper.GrainQuantization:1]]
[2020.06.18-17.29.36:284][  0]LogConfig: Setting CVar [[r.LightShaftQuality:1]]
[2020.06.18-17.29.36:284][  0]LogConfig: Setting CVar [[r.Filter.SizeScale:1]]
[2020.06.18-17.29.36:284][  0]LogConfig: Setting CVar [[r.Tonemapper.Quality:5]]
[2020.06.18-17.29.36:284][  0]LogConfig: Setting CVar [[r.DOF.Gather.AccumulatorQuality:1        ; higher gathering accumulator quality]]
[2020.06.18-17.29.36:284][  0]LogConfig: Setting CVar [[r.DOF.Gather.PostfilterMethod:1          ; Median3x3 postfilering method]]
[2020.06.18-17.29.36:284][  0]LogConfig: Setting CVar [[r.DOF.Gather.EnableBokehSettings:0       ; no bokeh simulation when gathering]]
[2020.06.18-17.29.36:284][  0]LogConfig: Setting CVar [[r.DOF.Gather.RingCount:4                 ; medium number of samples when gathering]]
[2020.06.18-17.29.36:284][  0]LogConfig: Setting CVar [[r.DOF.Scatter.ForegroundCompositing:1    ; additive foreground scattering]]
[2020.06.18-17.29.36:284][  0]LogConfig: Setting CVar [[r.DOF.Scatter.BackgroundCompositing:2    ; additive background scattering]]
[2020.06.18-17.29.36:284][  0]LogConfig: Setting CVar [[r.DOF.Scatter.EnableBokehSettings:1      ; bokeh simulation when scattering]]
[2020.06.18-17.29.36:284][  0]LogConfig: Setting CVar [[r.DOF.Scatter.MaxSpriteRatio:0.1         ; only a maximum of 10% of scattered bokeh]]
[2020.06.18-17.29.36:284][  0]LogConfig: Setting CVar [[r.DOF.Recombine.Quality:1                ; cheap slight out of focus]]
[2020.06.18-17.29.36:284][  0]LogConfig: Setting CVar [[r.DOF.Recombine.EnableBokehSettings:0    ; no bokeh simulation on slight out of focus]]
[2020.06.18-17.29.36:284][  0]LogConfig: Setting CVar [[r.DOF.TemporalAAQuality:1                ; more stable temporal accumulation]]
[2020.06.18-17.29.36:284][  0]LogConfig: Setting CVar [[r.DOF.Kernel.MaxForegroundRadius:0.025]]
[2020.06.18-17.29.36:284][  0]LogConfig: Setting CVar [[r.DOF.Kernel.MaxBackgroundRadius:0.025]]
[2020.06.18-17.29.36:284][  0]LogConfig: Applying CVar settings from Section [TextureQuality@3] File [C:/Users/Lenovo/Documents/GitHub/UnrealEngine_Mudassir/Pinball/Saved/Config/Windows/Scalability.ini]
[2020.06.18-17.29.36:284][  0]LogConfig: Setting CVar [[r.Streaming.MipBias:0]]
[2020.06.18-17.29.36:285][  0]LogConfig: Setting CVar [[r.Streaming.AmortizeCPUToGPUCopy:0]]
[2020.06.18-17.29.36:285][  0]LogConfig: Setting CVar [[r.Streaming.MaxNumTexturesToStreamPerFrame:0]]
[2020.06.18-17.29.36:285][  0]LogConfig: Setting CVar [[r.Streaming.Boost:1]]
[2020.06.18-17.29.36:285][  0]LogConfig: Setting CVar [[r.MaxAnisotropy:8]]
[2020.06.18-17.29.36:285][  0]LogConfig: Setting CVar [[r.VT.MaxAnisotropy:8]]
[2020.06.18-17.29.36:285][  0]LogConfig: Setting CVar [[r.Streaming.LimitPoolSizeToVRAM:0]]
[2020.06.18-17.29.36:285][  0]LogConfig: Setting CVar [[r.Streaming.PoolSize:1000]]
[2020.06.18-17.29.36:285][  0]LogConfig: Setting CVar [[r.Streaming.MaxEffectiveScreenSize:0]]
[2020.06.18-17.29.36:285][  0]LogConfig: Applying CVar settings from Section [EffectsQuality@3] File [C:/Users/Lenovo/Documents/GitHub/UnrealEngine_Mudassir/Pinball/Saved/Config/Windows/Scalability.ini]
[2020.06.18-17.29.36:285][  0]LogConfig: Setting CVar [[r.TranslucencyLightingVolumeDim:64]]
[2020.06.18-17.29.36:285][  0]LogConfig: Setting CVar [[r.RefractionQuality:2]]
[2020.06.18-17.29.36:285][  0]LogConfig: Setting CVar [[r.SSR.Quality:3]]
[2020.06.18-17.29.36:285][  0]LogConfig: Setting CVar [[r.SSR.HalfResSceneColor:0]]
[2020.06.18-17.29.36:285][  0]LogConfig: Setting CVar [[r.SceneColorFormat:4]]
[2020.06.18-17.29.36:285][  0]LogConfig: Setting CVar [[r.DetailMode:2]]
[2020.06.18-17.29.36:285][  0]LogConfig: Setting CVar [[r.TranslucencyVolumeBlur:1]]
[2020.06.18-17.29.36:285][  0]LogConfig: Setting CVar [[r.MaterialQualityLevel:1 ; High quality]]
[2020.06.18-17.29.36:285][  0]LogConfig: Setting CVar [[r.SSS.Scale:1]]
[2020.06.18-17.29.36:285][  0]LogConfig: Setting CVar [[r.SSS.SampleSet:2]]
[2020.06.18-17.29.36:285][  0]LogConfig: Setting CVar [[r.SSS.Quality:1]]
[2020.06.18-17.29.36:286][  0]LogConfig: Setting CVar [[r.SSS.HalfRes:0]]
[2020.06.18-17.29.36:286][  0]LogConfig: Setting CVar [[r.SSGI.Quality:3]]
[2020.06.18-17.29.36:286][  0]LogConfig: Setting CVar [[r.EmitterSpawnRateScale:1.0]]
[2020.06.18-17.29.36:286][  0]LogConfig: Setting CVar [[r.ParticleLightQuality:2]]
[2020.06.18-17.29.36:286][  0]LogConfig: Setting CVar [[r.SkyAtmosphere.AerialPerspectiveLUT.FastApplyOnOpaque:1 ; Always have FastSkyLUT 1 in this case to avoid wrong sky]]
[2020.06.18-17.29.36:286][  0]LogConfig: Setting CVar [[r.SkyAtmosphere.AerialPerspectiveLUT.SampleCountPerSlice:1]]
[2020.06.18-17.29.36:286][  0]LogConfig: Setting CVar [[r.SkyAtmosphere.AerialPerspectiveLUT.DepthResolution:16.0]]
[2020.06.18-17.29.36:286][  0]LogConfig: Setting CVar [[r.SkyAtmosphere.FastSkyLUT:1]]
[2020.06.18-17.29.36:286][  0]LogConfig: Setting CVar [[r.SkyAtmosphere.FastSkyLUT.SampleCountMin:4.0]]
[2020.06.18-17.29.36:286][  0]LogConfig: Setting CVar [[r.SkyAtmosphere.FastSkyLUT.SampleCountMax:32.0]]
[2020.06.18-17.29.36:286][  0]LogConfig: Setting CVar [[r.SkyAtmosphere.SampleCountMin:4.0]]
[2020.06.18-17.29.36:286][  0]LogConfig: Setting CVar [[r.SkyAtmosphere.SampleCountMax:32.0]]
[2020.06.18-17.29.36:286][  0]LogConfig: Setting CVar [[r.SkyAtmosphere.TransmittanceLUT.UseSmallFormat:0]]
[2020.06.18-17.29.36:286][  0]LogConfig: Setting CVar [[r.SkyAtmosphere.TransmittanceLUT.SampleCount:10.0]]
[2020.06.18-17.29.36:286][  0]LogConfig: Setting CVar [[r.SkyAtmosphere.MultiScatteringLUT.SampleCount:15.0]]
[2020.06.18-17.29.36:286][  0]LogConfig: Applying CVar settings from Section [FoliageQuality@3] File [C:/Users/Lenovo/Documents/GitHub/UnrealEngine_Mudassir/Pinball/Saved/Config/Windows/Scalability.ini]
[2020.06.18-17.29.36:286][  0]LogConfig: Setting CVar [[foliage.DensityScale:1.0]]
[2020.06.18-17.29.36:286][  0]LogConfig: Setting CVar [[grass.DensityScale:1.0]]
[2020.06.18-17.29.36:286][  0]LogConfig: Applying CVar settings from Section [ShadingQuality@3] File [C:/Users/Lenovo/Documents/GitHub/UnrealEngine_Mudassir/Pinball/Saved/Config/Windows/Scalability.ini]
[2020.06.18-17.29.36:286][  0]LogConfig: Setting CVar [[r.HairStrands.SkyLighting.SampleCount:16]]
[2020.06.18-17.29.36:287][  0]LogConfig: Setting CVar [[r.HairStrands.SkyLighting.JitterIntegration:0]]
[2020.06.18-17.29.36:287][  0]LogConfig: Setting CVar [[r.HairStrands.SkyAO.SampleCount:16]]
[2020.06.18-17.29.36:287][  0]LogConfig: Setting CVar [[r.HairStrands.DeepShadow.SuperSampling:0]]
[2020.06.18-17.29.36:287][  0]LogConfig: Setting CVar [[r.HairStrands.VisibilityPPLL:0]]
[2020.06.18-17.29.36:287][  0]LogConfig: Setting CVar [[r.HairStrands.RasterizationScale:0.5]]
[2020.06.18-17.29.36:287][  0]LogConfig: Setting CVar [[r.HairStrands.VelocityRasterizationScale:1]]
[2020.06.18-17.29.36:287][  0]LogConfig: Applying CVar settings from Section [Startup] File [../../../Engine/Config/ConsoleVariables.ini]
[2020.06.18-17.29.36:287][  0]LogConfig: Setting CVar [[net.UseAdaptiveNetUpdateFrequency:0]]
[2020.06.18-17.29.36:288][  0]LogConfig: Setting CVar [[p.chaos.AllowCreatePhysxBodies:1]]
[2020.06.18-17.29.36:288][  0]LogConfig: Setting CVar [[fx.SkipVectorVMBackendOptimizations:1]]
[2020.06.18-17.29.36:288][  0]LogConfig: Applying CVar settings from Section [ConsoleVariables] File [C:/Users/Lenovo/Documents/GitHub/UnrealEngine_Mudassir/Pinball/Saved/Config/Windows/Engine.ini]
[2020.06.18-17.29.36:288][  0]LogInit: Computer: DESKTOP-0GI6FT0
[2020.06.18-17.29.36:288][  0]LogInit: User: Lenovo
[2020.06.18-17.29.36:288][  0]LogInit: CPU Page size=4096, Cores=4
[2020.06.18-17.29.36:288][  0]LogInit: High frequency timer resolution =10.000000 MHz
[2020.06.18-17.29.36:288][  0]LogMemory: Memory total: Physical=7.9GB (8GB approx)
[2020.06.18-17.29.36:288][  0]LogMemory: Platform Memory Stats for Windows
[2020.06.18-17.29.36:288][  0]LogMemory: Process Physical Memory: 114.34 MB used, 114.35 MB peak
[2020.06.18-17.29.36:289][  0]LogMemory: Process Virtual Memory: 98.30 MB used, 98.31 MB peak
[2020.06.18-17.29.36:289][  0]LogMemory: Physical Memory: 4539.13 MB used,  3562.09 MB free, 8101.22 MB total
[2020.06.18-17.29.36:289][  0]LogMemory: Virtual Memory: 5112.38 MB used,  134212616.00 MB free, 134217728.00 MB total
[2020.06.18-17.29.36:300][  0]LogWindows: WindowsPlatformFeatures enabled
[2020.06.18-17.29.36:374][  0]LogInit: Physics initialised using underlying interface: PhysX
[2020.06.18-17.29.36:376][  0]LogInit: Using OS detected language (en-US).
[2020.06.18-17.29.36:376][  0]LogInit: Using OS detected locale (en-US).
[2020.06.18-17.29.36:385][  0]LogTextLocalizationManager: No specific localization for 'en-US' exists, so the 'en' localization will be used.
[2020.06.18-17.29.36:776][  0]LogInit: Setting process to per monitor DPI aware
[2020.06.18-17.29.36:853][  0]LogSlate: New Slate User Created.  User Index 0, Is Virtual User: 0
[2020.06.18-17.29.36:854][  0]LogSlate: Slate User Registered.  User Index 0, Is Virtual User: 0
[2020.06.18-17.29.37:352][  0]LogHMD: Failed to initialize OpenVR with code 110
[2020.06.18-17.29.37:352][  0]LogD3D11RHI: D3D11 min allowed feature level: 11_0
[2020.06.18-17.29.37:352][  0]LogD3D11RHI: D3D11 max allowed feature level: 11_0
[2020.06.18-17.29.37:352][  0]LogD3D11RHI: D3D11 adapters:
[2020.06.18-17.29.37:473][  0]LogD3D11RHI:    0. 'NVIDIA GeForce MX150' (Feature Level 11_0)
[2020.06.18-17.29.37:473][  0]LogD3D11RHI:       1983/0/4050 MB DedicatedVideo/DedicatedSystem/SharedSystem, Outputs:1, VendorId:0x10de
[2020.06.18-17.29.37:515][  0]LogD3D11RHI:    1. 'Intel(R) UHD Graphics 620' (Feature Level 11_0)
[2020.06.18-17.29.37:515][  0]LogD3D11RHI:       128/0/4050 MB DedicatedVideo/DedicatedSystem/SharedSystem, Outputs:0, VendorId:0x8086
[2020.06.18-17.29.37:522][  0]LogD3D11RHI:    2. 'Microsoft Basic Render Driver' (Feature Level 11_0)
[2020.06.18-17.29.37:522][  0]LogD3D11RHI:       0/0/4050 MB DedicatedVideo/DedicatedSystem/SharedSystem, Outputs:0, VendorId:0x1414
[2020.06.18-17.29.37:522][  0]LogD3D11RHI: Chosen D3D11 Adapter: 0
[2020.06.18-17.29.37:630][  0]LogD3D11RHI: Creating new Direct3DDevice
[2020.06.18-17.29.37:630][  0]LogD3D11RHI:     GPU DeviceId: 0x1d10 (for the marketing name, search the web for "GPU Device Id")
[2020.06.18-17.29.37:630][  0]LogWindows: EnumDisplayDevices:
[2020.06.18-17.29.37:630][  0]LogWindows:    0. 'Intel(R) UHD Graphics 620' (P:1 D:1)
[2020.06.18-17.29.37:631][  0]LogWindows:    1. 'Intel(R) UHD Graphics 620' (P:0 D:0)
[2020.06.18-17.29.37:632][  0]LogWindows:    2. 'Intel(R) UHD Graphics 620' (P:0 D:0)
[2020.06.18-17.29.37:633][  0]LogWindows: DebugString: PrimaryIsNotTheChoosenAdapter PrimaryIsNotTheChoosenAdapter PrimaryIsNotTheChoosenAdapter FoundDriverCount:0 
[2020.06.18-17.29.37:633][  0]LogD3D11RHI:     Adapter Name: NVIDIA GeForce MX150
[2020.06.18-17.29.37:633][  0]LogD3D11RHI:   Driver Version: Unknown (internal:Unknown, unified:Unknown)
[2020.06.18-17.29.37:633][  0]LogD3D11RHI:      Driver Date: Unknown
[2020.06.18-17.29.37:633][  0]LogRHI: Texture pool is 1388 MB (70% of 1983 MB)
[2020.06.18-17.29.37:715][  0]LogD3D11RHI: RHI has support for 64 bit atomics
[2020.06.18-17.29.37:718][  0]LogD3D11RHI: [Aftermath] Enabled and primed
[2020.06.18-17.29.37:718][  0]LogD3D11RHI: Async texture creation enabled
[2020.06.18-17.29.37:718][  0]LogD3D11RHI: Array index from any shader is supported
[2020.06.18-17.29.37:748][  0]LogD3D11RHI: GPU Timing Frequency: 1000.000000 (Debug: 2 1)
[2020.06.18-17.29.38:502][  0]LogTargetPlatformManager: Display: Loaded TargetPlatform 'AllDesktop'
[2020.06.18-17.29.38:549][  0]LogTargetPlatformManager: Display: Loaded TargetPlatform 'Android'
[2020.06.18-17.29.38:549][  0]LogTargetPlatformManager: Display: Loaded TargetPlatform 'Android_ASTC'
[2020.06.18-17.29.38:549][  0]LogTargetPlatformManager: Display: Loaded TargetPlatform 'Android_DXT'
[2020.06.18-17.29.38:549][  0]LogTargetPlatformManager: Display: Loaded TargetPlatform 'Android_ETC2'
[2020.06.18-17.29.38:549][  0]LogTargetPlatformManager: Display: Loaded TargetPlatform 'AndroidClient'
[2020.06.18-17.29.38:549][  0]LogTargetPlatformManager: Display: Loaded TargetPlatform 'Android_ASTCClient'
[2020.06.18-17.29.38:549][  0]LogTargetPlatformManager: Display: Loaded TargetPlatform 'Android_DXTClient'
[2020.06.18-17.29.38:549][  0]LogTargetPlatformManager: Display: Loaded TargetPlatform 'Android_ETC2Client'
[2020.06.18-17.29.38:549][  0]LogTargetPlatformManager: Display: Loaded TargetPlatform 'Android_Multi'
[2020.06.18-17.29.38:549][  0]LogTargetPlatformManager: Display: Loaded TargetPlatform 'Android_MultiClient'
[2020.06.18-17.29.38:599][  0]LogTargetPlatformManager: Display: Loaded TargetPlatform 'IOSClient'
[2020.06.18-17.29.38:599][  0]LogTargetPlatformManager: Display: Loaded TargetPlatform 'IOS'
[2020.06.18-17.29.38:622][  0]LogTargetPlatformManager: Display: Loaded TargetPlatform 'Linux'
[2020.06.18-17.29.38:642][  0]LogTargetPlatformManager: Display: Loaded TargetPlatform 'LinuxNoEditor'
[2020.06.18-17.29.38:662][  0]LogTargetPlatformManager: Display: Loaded TargetPlatform 'LinuxClient'
[2020.06.18-17.29.38:682][  0]LogTargetPlatformManager: Display: Loaded TargetPlatform 'LinuxServer'
[2020.06.18-17.29.38:702][  0]LogTargetPlatformManager: Display: Loaded TargetPlatform 'LinuxAArch64NoEditor'
[2020.06.18-17.29.38:723][  0]LogTargetPlatformManager: Display: Loaded TargetPlatform 'LinuxAArch64Client'
[2020.06.18-17.29.38:742][  0]LogTargetPlatformManager: Display: Loaded TargetPlatform 'LinuxAArch64Server'
[2020.06.18-17.29.38:799][  0]LogTargetPlatformManager: Display: Loaded TargetPlatform 'Lumin'
[2020.06.18-17.29.38:799][  0]LogTargetPlatformManager: Display: Loaded TargetPlatform 'LuminClient'
[2020.06.18-17.29.38:837][  0]LogTargetPlatformManager: Display: Loaded TargetPlatform 'TVOSClient'
[2020.06.18-17.29.38:837][  0]LogTargetPlatformManager: Display: Loaded TargetPlatform 'TVOS'
[2020.06.18-17.29.38:857][  0]LogTargetPlatformManager: Display: Loaded TargetPlatform 'WindowsNoEditor'
[2020.06.18-17.29.38:879][  0]LogTargetPlatformManager: Display: Loaded TargetPlatform 'Windows'
[2020.06.18-17.29.38:898][  0]LogTargetPlatformManager: Display: Loaded TargetPlatform 'WindowsClient'
[2020.06.18-17.29.38:919][  0]LogTargetPlatformManager: Display: Loaded TargetPlatform 'WindowsServer'
[2020.06.18-17.29.38:919][  0]LogTargetPlatformManager: Display: Building Assets For Windows
[2020.06.18-17.29.38:936][  0]LogAudioDebug: Display: Lib vorbis DLL was dynamically loaded.
[2020.06.18-17.29.39:069][  0]LogShaderCompilers: Guid format shader working directory is -30 characters bigger than the processId version (../../../../../../Users/Lenovo/Documents/GitHub/UnrealEngine_Mudassir/Pinball/Intermediate/Shaders/WorkingDirectory/8576/).
[2020.06.18-17.29.39:069][  0]LogShaderCompilers: Cleaned the shader compiler working directory 'C:/Users/Lenovo/AppData/Local/Temp/UnrealShaderWorkingDir/8862DAC14A6D4115F2CEEAB520CB4884/'.
[2020.06.18-17.29.39:070][  0]LogXGEController: Cannot use XGE Controller as Incredibuild is not installed on this machine.
[2020.06.18-17.29.39:070][  0]LogShaderCompilers: Cannot use XGE Shader Compiler as Incredibuild is not installed on this machine.
[2020.06.18-17.29.39:070][  0]LogShaderCompilers: Display: Using Local Shader Compiler.
[2020.06.18-17.29.40:872][  0]LogDerivedDataCache: Display: Max Cache Size: 512 MB
[2020.06.18-17.29.41:000][  0]LogDerivedDataCache: Loaded boot cache 0.13s 104MB C:/Users/Lenovo/AppData/Local/UnrealEngine/4.25/DerivedDataCache/Boot.ddc.
[2020.06.18-17.29.41:001][  0]LogDerivedDataCache: Display: Loaded Boot cache: C:/Users/Lenovo/AppData/Local/UnrealEngine/4.25/DerivedDataCache/Boot.ddc
[2020.06.18-17.29.41:001][  0]LogDerivedDataCache: FDerivedDataBackendGraph:  Pak pak cache file ../../../../../../Users/Lenovo/Documents/GitHub/UnrealEngine_Mudassir/Pinball/DerivedDataCache/DDC.ddp not found, will not use a pak cache.
[2020.06.18-17.29.41:001][  0]LogDerivedDataCache: Unable to find inner node Pak for hierarchical cache Hierarchy.
[2020.06.18-17.29.41:001][  0]LogDerivedDataCache: FDerivedDataBackendGraph:  CompressedPak pak cache file ../../../../../../Users/Lenovo/Documents/GitHub/UnrealEngine_Mudassir/Pinball/DerivedDataCache/Compressed.ddp not found, will not use a pak cache.
[2020.06.18-17.29.41:001][  0]LogDerivedDataCache: Unable to find inner node CompressedPak for hierarchical cache Hierarchy.
[2020.06.18-17.29.41:024][  0]LogDerivedDataCache: Display: Pak cache opened for reading ../../../Engine/DerivedDataCache/Compressed.ddp.
[2020.06.18-17.29.41:024][  0]LogDerivedDataCache: FDerivedDataBackendGraph:  EnterprisePak pak cache file ../../../Enterprise/DerivedDataCache/Compressed.ddp not found, will not use a pak cache.
[2020.06.18-17.29.41:025][  0]LogDerivedDataCache: Unable to find inner node EnterprisePak for hierarchical cache Hierarchy.
[2020.06.18-17.29.41:027][  0]LogDerivedDataCache: Using Local data cache path C:/Users/Lenovo/AppData/Local/UnrealEngine/Common/DerivedDataCache: Writable
[2020.06.18-17.29.41:027][  0]LogDerivedDataCache: Shared data cache path not found in *engine.ini, will not use an Shared cache.
[2020.06.18-17.29.41:027][  0]LogDerivedDataCache: Unable to find inner node Shared for hierarchical cache Hierarchy.
[2020.06.18-17.29.41:166][  0]LogSlate: Using FreeType 2.10.0
[2020.06.18-17.29.41:167][  0]LogSlate: SlateFontServices - WITH_FREETYPE: 1, WITH_HARFBUZZ: 1
[2020.06.18-17.29.41:224][  0]LogAssetRegistry: FAssetRegistry took 0.0052 seconds to start up
[2020.06.18-17.29.41:755][  0]LogInit: Selected Device Profile: [Windows]
[2020.06.18-17.29.42:014][  0]LogMeshReduction: Using QuadricMeshReduction for automatic static mesh reduction
[2020.06.18-17.29.42:014][  0]LogMeshReduction: Using SimplygonMeshReduction for automatic skeletal mesh reduction
[2020.06.18-17.29.42:014][  0]LogMeshReduction: Using ProxyLODMeshReduction for automatic mesh merging
[2020.06.18-17.29.42:014][  0]LogMeshReduction: No distributed automatic mesh merging module available
[2020.06.18-17.29.42:014][  0]LogMeshMerging: No distributed automatic mesh merging module available
[2020.06.18-17.29.42:045][  0]LogNetVersion: Pinball 1.0.0, NetCL: 13144385, EngineNetVer: 14, GameNetVer: 0 (Checksum: 2258170969)
[2020.06.18-17.29.43:036][  0]LogAISub: UAISubsystem::UAISubsystem AISubsystem (00000223FFCAE740), frame # 0
[2020.06.18-17.29.43:036][  0]LogAISub: UAISubsystem::UAISubsystem AIPerceptionSystem (00000223FFC7CB80), frame # 0
[2020.06.18-17.29.43:039][  0]LogAISub: UAISubsystem::UAISubsystem EnvQueryManager (00000223FEDA6400), frame # 0
[2020.06.18-17.29.43:121][  0]LogPackageLocalizationCache: Processed 19 localized package path(s) for 1 prioritized culture(s) in 0.069745 seconds
[2020.06.18-17.29.43:131][  0]LogUObjectArray: 15917 objects as part of root set at end of initial load.
[2020.06.18-17.29.43:131][  0]LogUObjectAllocator: 3965568 out of 0 bytes used by permanent object pool.
[2020.06.18-17.29.43:131][  0]LogUObjectArray: CloseDisregardForGC: 0/0 objects in disregard for GC pool
[2020.06.18-17.29.43:867][  0]LogTcpMessaging: Initializing TcpMessaging bridge
[2020.06.18-17.29.43:876][  0]LogUdpMessaging: Initializing bridge on interface 0.0.0.0:0 to multicast group 230.0.0.1:6666.
[2020.06.18-17.29.44:044][  0]SourceControl: Source control is disabled
[2020.06.18-17.29.44:044][  0]SourceControl: Source control is disabled
[2020.06.18-17.29.44:051][  0]SourceControl: Source control is disabled
[2020.06.18-17.29.44:057][  0]SourceControl: Source control is disabled
[2020.06.18-17.29.44:071][  0]SourceControl: Source control is disabled
[2020.06.18-17.29.44:099][  0]LogVSAccessor: Display: Unable to create Visual Studio setup instance: 80040154
[2020.06.18-17.29.44:100][  0]LogVSAccessor: Display: Unable to create Visual Studio setup instance: 80040154
[2020.06.18-17.29.44:583][  0]LogAndroidPermission: UAndroidPermissionCallbackProxy::GetInstance
[2020.06.18-17.29.44:625][  0]LogAudioCaptureCore: Display: No Audio Capture implementations found. Audio input will be silent.
[2020.06.18-17.29.44:625][  0]LogAudioCaptureCore: Display: No Audio Capture implementations found. Audio input will be silent.
[2020.06.18-17.29.44:730][  0]LogOcInput: OculusInput pre-init called
[2020.06.18-17.29.44:757][  0]LogWindows: Failed to load 'OVRPlugin.dll' (GetLastError=126)
[2020.06.18-17.29.44:758][  0]LogWindows: File 'OVRPlugin.dll' does not exist
[2020.06.18-17.29.44:894][  0]LogEngine: Initializing Engine...
[2020.06.18-17.29.44:897][  0]LogHMD: Failed to initialize OpenVR with code 110
[2020.06.18-17.29.44:897][  0]LogMagicLeap: Warning: VR disabled because ZI is not enabled.  To enable, in the editor, Edit -> Project Settings -> Plugins -> Magic Leap Plugin -> Enable Zero Iteration
[2020.06.18-17.29.44:899][  0]LogStats: UGameplayTagsManager::InitializeManager -  0.000 s
[2020.06.18-17.29.45:155][  0]LogInit: Initializing FReadOnlyCVARCache
[2020.06.18-17.29.45:170][  0]LogAIModule: Creating AISystem for world Untitled
[2020.06.18-17.29.45:170][  0]LogAISub: UAISubsystem::UAISubsystem EnvQueryManager (000002238358FC00), frame # 0
[2020.06.18-17.29.45:170][  0]LogAISub: UAISubsystem::UAISubsystem AIPerceptionSystem (00000223835E2C00), frame # 0
[2020.06.18-17.29.45:207][  0]LogAudioMixer: Display: Audio Mixer Platform Settings:
[2020.06.18-17.29.45:207][  0]LogAudioMixer: Display: 	Sample Rate:						  48000
[2020.06.18-17.29.45:207][  0]LogAudioMixer: Display: 	Callback Buffer Frame Size Requested: 1024
[2020.06.18-17.29.45:207][  0]LogAudioMixer: Display: 	Callback Buffer Frame Size To Use:	  1024
[2020.06.18-17.29.45:207][  0]LogAudioMixer: Display: 	Number of buffers to queue:			  2
[2020.06.18-17.29.45:207][  0]LogAudioMixer: Display: 	Max Channels (voices):				  32
[2020.06.18-17.29.45:207][  0]LogAudioMixer: Display: 	Number of Async Source Workers:		  0
[2020.06.18-17.29.45:207][  0]LogAudio: Display: AudioDevice MaxSources: 32
[2020.06.18-17.29.45:208][  0]LogAudio: Display: Using built-in audio occlusion.
[2020.06.18-17.29.45:208][  0]LogAudioMixer: Display: Initializing audio mixer.
[2020.06.18-17.29.45:239][  0]LogAudioMixer: Display: 0: FrontLeft
[2020.06.18-17.29.45:239][  0]LogAudioMixer: Display: 1: FrontRight
[2020.06.18-17.29.46:086][  0]LogAudioMixer: Display: Using Audio Device Speakers (2- Realtek High Definition Audio)
[2020.06.18-17.29.46:087][  0]LogAudioMixer: Display: Initializing Sound Submixes...
[2020.06.18-17.29.46:093][  0]LogAudioMixer: Display: Creating Master Submix 'MasterSubmixDefault'
[2020.06.18-17.29.46:093][  0]LogAudioMixer: Display: Creating Master Submix 'MasterReverbSubmixDefault'
[2020.06.18-17.29.46:099][  0]LogAudioMixer: Display: Creating Master Submix 'MasterEQSubmixDefault'
[2020.06.18-17.29.46:101][  0]LogInit: FAudioDevice initialized.
[2020.06.18-17.29.46:102][  0]LogNetVersion: Set ProjectVersion to 1.0.0.0. Version Checksum will be recalculated on next use.
[2020.06.18-17.29.46:788][  0]LogDerivedDataCache: Saved boot cache 0.69s 104MB C:/Users/Lenovo/AppData/Local/UnrealEngine/4.25/DerivedDataCache/Boot.ddc.
[2020.06.18-17.29.46:791][  0]LogInit: Texture streaming: Enabled
[2020.06.18-17.29.46:832][  0]LogEngineSessionManager: EngineSessionManager initialized
[2020.06.18-17.29.46:832][  0]LogEditorSessionSummary: Verbose: Initializing EditorSessionSummaryWriter for editor session tracking
[2020.06.18-17.29.46:853][  0]LogEditorSessionSummary: EditorSessionSummaryWriter initialized
[2020.06.18-17.29.46:942][  0]LogInit: Transaction tracking system initialized
[2020.06.18-17.29.46:987][  0]BlueprintLog: New page: Editor Load
[2020.06.18-17.29.47:132][  0]LocalizationService: Localization service is disabled
[2020.06.18-17.29.47:301][  0]LogVSAccessor: Display: Unable to create Visual Studio setup instance: 80040154
[2020.06.18-17.29.47:303][  0]LogVSAccessor: Display: Unable to create Visual Studio setup instance: 80040154
[2020.06.18-17.29.47:498][  0]LogCook: Display: Max memory allowance for cook 16384mb min free memory 0mb
[2020.06.18-17.29.47:498][  0]LogCook: Display: Mobile HDR setting 1
[2020.06.18-17.29.47:577][  0]LogFileCache: Scanning file cache for directory 'C:/Users/Lenovo/Documents/GitHub/UnrealEngine_Mudassir/Pinball/Content/' took 0.00s
[2020.06.18-17.29.47:578][  0]LogLinker: Warning: Failed to load '/Engine/BasicShapes/Cube': Can't find file.
[2020.06.18-17.29.47:578][  0]LogLinker: Warning: Failed to load '/Engine/BasicShapes/Cube': Can't find file.
[2020.06.18-17.29.47:578][  0]LogUObjectGlobals: Warning: Failed to find object 'StaticMesh /Engine/BasicShapes/Cube.Cube'
[2020.06.18-17.29.48:373][  0]SourceControl: Source control is disabled
[2020.06.18-17.29.48:373][  0]LogUnrealEdMisc: Loading editor; pre map load, took 17.654
[2020.06.18-17.29.48:373][  0]Cmd: MAP LOAD FILE="../../../Engine/Content/Maps/Templates/Template_Default.umap" TEMPLATE=1 SHOWPROGRESS=1 FEATURELEVEL=3
[2020.06.18-17.29.48:374][  0]LightingResults: New page: Lighting Build
[2020.06.18-17.29.48:376][  0]LogWorld: UWorld::CleanupWorld for Untitled, bSessionEnded=true, bCleanupResources=true
[2020.06.18-17.29.48:376][  0]LogSlate: InvalidateAllWidgets triggered.  All widgets were invalidated
[2020.06.18-17.29.48:376][  0]MapCheck: New page: Map Check
[2020.06.18-17.29.48:376][  0]LightingResults: New page: Lighting Build
[2020.06.18-17.29.48:398][  0]LogAISub: UAISubsystem::~UAISubsystem EnvQueryManager (000002238358FC00), frame # 0
[2020.06.18-17.29.48:398][  0]LogAISub: UAISubsystem::~UAISubsystem AIPerceptionSystem (00000223835E2C00), frame # 0
[2020.06.18-17.29.48:400][  0]LogUObjectHash: Compacting FUObjectHashTables data took   1.35ms
[2020.06.18-17.29.48:578][  0]LogAIModule: Creating AISystem for world Untitled_1
[2020.06.18-17.29.48:578][  0]LogAISub: UAISubsystem::UAISubsystem EnvQueryManager (000002238E2F4600), frame # 0
[2020.06.18-17.29.48:578][  0]LogAISub: UAISubsystem::UAISubsystem AIPerceptionSystem (0000022392AF1BC0), frame # 0
[2020.06.18-17.29.48:585][  0]LogEditorServer: Finished looking for orphan Actors (0.000 secs)
[2020.06.18-17.29.48:612][  0]LogUObjectHash: Compacting FUObjectHashTables data took   1.50ms
[2020.06.18-17.29.48:612][  0]Cmd: MAP CHECKDEP NOCLEARLOG
[2020.06.18-17.29.48:613][  0]MapCheck: Map check complete: 0 Error(s), 0 Warning(s), took 0.316ms to complete.
[2020.06.18-17.29.48:613][  0]LogFileHelpers: Loading map 'Template_Default' took 0.239
[2020.06.18-17.29.48:616][  0]LogUnrealEdMisc: Total Editor Startup Time, took 17.896
[2020.06.18-17.29.48:825][  0]LogSlate: Updating window title bar state: overlay mode, drag disabled, window buttons hidden, title bar hidden
[2020.06.18-17.29.48:846][  0]LogSlate: Updating window title bar state: overlay mode, drag disabled, window buttons hidden, title bar hidden
[2020.06.18-17.29.48:864][  0]LogSlate: Updating window title bar state: overlay mode, drag disabled, window buttons hidden, title bar hidden
[2020.06.18-17.29.48:880][  0]LogSlate: Updating window title bar state: overlay mode, drag disabled, window buttons hidden, title bar hidden
[2020.06.18-17.29.48:912][  0]LogCollectionManager: Loaded 0 collections in 0.007663 seconds
[2020.06.18-17.29.48:940][  0]LogFileCache: Scanning file cache for directory 'C:/Users/Lenovo/Documents/GitHub/UnrealEngine_Mudassir/Pinball/Saved/Collections/' took 0.00s
[2020.06.18-17.29.48:940][  0]LogFileCache: Scanning file cache for directory 'C:/Users/Lenovo/Documents/GitHub/UnrealEngine_Mudassir/Pinball/Content/Developers/Lenovo/Collections/' took 0.00s
[2020.06.18-17.29.48:941][  0]LogFileCache: Scanning file cache for directory 'C:/Users/Lenovo/Documents/GitHub/UnrealEngine_Mudassir/Pinball/Content/Collections/' took 0.00s
[2020.06.18-17.29.48:941][  0]LogContentBrowser: Native class hierarchy populated in 0.0202 seconds. Added 3426 classes and 820 folders.
[2020.06.18-17.29.48:946][  0]LogContentBrowser: Native class hierarchy updated for 'WidgetCarousel' in 0.0007 seconds. Added 0 classes and 0 folders.
[2020.06.18-17.29.49:179][  0]LogContentBrowser: Native class hierarchy updated for 'AddContentDialog' in 0.0005 seconds. Added 0 classes and 0 folders.
[2020.06.18-17.29.49:181][  0]LogContentBrowser: Native class hierarchy updated for 'SceneOutliner' in 0.0005 seconds. Added 2 classes and 0 folders.
[2020.06.18-17.29.49:287][  0]LogSlate: Took 0.000472 seconds to synchronously load lazily loaded font '../../../Engine/Content/Slate/Fonts/Roboto-Regular.ttf' (155K)
[2020.06.18-17.29.49:292][  0]LogSlate: Took 0.000518 seconds to synchronously load lazily loaded font '../../../Engine/Content/Slate/Fonts/Roboto-Bold.ttf' (160K)
[2020.06.18-17.29.49:306][  0]LogSlate: Took 0.000509 seconds to synchronously load lazily loaded font '../../../Engine/Content/Editor/Slate/Fonts/FontAwesome.ttf' (139K)
[2020.06.18-17.29.49:466][  0]LogRenderer: Reallocating scene render targets to support 812x280 Format 10 NumSamples 1 (Frame:1).
[2020.06.18-17.29.49:660][  0]LogContentBrowser: Native class hierarchy updated for 'HierarchicalLODOutliner' in 0.0005 seconds. Added 0 classes and 0 folders.
[2020.06.18-17.29.49:660][  0]LogLoad: (Engine Initialization) Total time: 18.94 seconds
[2020.06.18-17.29.49:660][  0]LogLoad: (Engine Initialization) Total Blueprint compile time: 0.00 seconds
[2020.06.18-17.29.49:732][  0]LogContentStreaming: Texture pool size now 1000 MB
[2020.06.18-17.29.49:774][  0]LogSlate: Took 0.000314 seconds to synchronously load lazily loaded font '../../../Engine/Content/Slate/Fonts/Roboto-Light.ttf' (167K)
[2020.06.18-17.29.49:817][  1]LogAssetRegistry: Asset discovery search completed in 8.5946 seconds
[2020.06.18-17.29.49:827][  1]LogCollectionManager: Fixed up redirectors for 0 collections in 0.000010 seconds (updated 0 objects)
[2020.06.18-17.33.23:270][726]LogUObjectHash: Compacting FUObjectHashTables data took   1.43ms
[2020.06.18-17.33.23:273][726]Cmd: MAP LOAD FILE="../../../../../../Users/Lenovo/Documents/GitHub/UnrealEngine_Mudassir/Pinball/Content/Pinball.umap" TEMPLATE=0 SHOWPROGRESS=1 FEATURELEVEL=3
[2020.06.18-17.33.23:298][726]LogSlate: Took 0.000387 seconds to synchronously load lazily loaded font '../../../Engine/Content/Slate/Fonts/Roboto-Light.ttf' (167K)
[2020.06.18-17.33.23:338][726]LightingResults: New page: Lighting Build
[2020.06.18-17.33.23:339][726]LoadErrors: New page: Loading map: Pinball.umap
[2020.06.18-17.33.23:340][726]LogWorld: UWorld::CleanupWorld for Untitled_1, bSessionEnded=true, bCleanupResources=true
[2020.06.18-17.33.23:340][726]LogSlate: InvalidateAllWidgets triggered.  All widgets were invalidated
[2020.06.18-17.33.23:340][726]MapCheck: New page: Map Check
[2020.06.18-17.33.23:340][726]LightingResults: New page: Lighting Build
[2020.06.18-17.33.23:359][726]LogAISub: UAISubsystem::~UAISubsystem EnvQueryManager (000002238E2F4600), frame # 12726
[2020.06.18-17.33.23:359][726]LogAISub: UAISubsystem::~UAISubsystem AIPerceptionSystem (0000022392AF1BC0), frame # 12726
[2020.06.18-17.33.23:361][726]LogUObjectHash: Compacting FUObjectHashTables data took   1.33ms
[2020.06.18-17.33.23:413][726]LogLinker: Warning: The file '../../../../../../Users/Lenovo/Documents/GitHub/UnrealEngine_Mudassir/Pinball/Content/Assets/flipper_rubber.uasset' contains unrecognizable data, check that it is of the expected type.
[2020.06.18-17.33.23:413][726]LogLinker: Warning: The file '../../../../../../Users/Lenovo/Documents/GitHub/UnrealEngine_Mudassir/Pinball/Content/Assets/flipper_rubber.uasset' contains unrecognizable data, check that it is of the expected type.
[2020.06.18-17.33.23:414][726]LogLinker: Warning: The file '../../../../../../Users/Lenovo/Documents/GitHub/UnrealEngine_Mudassir/Pinball/Content/Assets/white.uasset' contains unrecognizable data, check that it is of the expected type.
[2020.06.18-17.33.23:415][726]LogLinker: Warning: The file '../../../../../../Users/Lenovo/Documents/GitHub/UnrealEngine_Mudassir/Pinball/Content/Assets/white.uasset' contains unrecognizable data, check that it is of the expected type.
[2020.06.18-17.33.23:415][726]LogLinker: Warning: The file '../../../../../../Users/Lenovo/Documents/GitHub/UnrealEngine_Mudassir/Pinball/Content/Assets/flipper_rubber.uasset' contains unrecognizable data, check that it is of the expected type.
[2020.06.18-17.33.23:415][726]LogLinker: Warning: The file '../../../../../../Users/Lenovo/Documents/GitHub/UnrealEngine_Mudassir/Pinball/Content/Assets/flipper_rubber.uasset' contains unrecognizable data, check that it is of the expected type.
[2020.06.18-17.33.23:416][726]LogLinker: Warning: The file '../../../../../../Users/Lenovo/Documents/GitHub/UnrealEngine_Mudassir/Pinball/Content/Assets/white.uasset' contains unrecognizable data, check that it is of the expected type.
[2020.06.18-17.33.23:416][726]LogLinker: Warning: The file '../../../../../../Users/Lenovo/Documents/GitHub/UnrealEngine_Mudassir/Pinball/Content/Assets/white.uasset' contains unrecognizable data, check that it is of the expected type.
[2020.06.18-17.33.23:457][726]LogLinker: Warning: The file '../../../../../../Users/Lenovo/Documents/GitHub/UnrealEngine_Mudassir/Pinball/Content/Assets/white.uasset' contains unrecognizable data, check that it is of the expected type.
[2020.06.18-17.33.23:458][726]LogLinker: Warning: The file '../../../../../../Users/Lenovo/Documents/GitHub/UnrealEngine_Mudassir/Pinball/Content/Assets/white.uasset' contains unrecognizable data, check that it is of the expected type.
[2020.06.18-17.33.23:458][726]LogLinker: Warning: The file '../../../../../../Users/Lenovo/Documents/GitHub/UnrealEngine_Mudassir/Pinball/Content/Assets/flipper_rubber.uasset' contains unrecognizable data, check that it is of the expected type.
[2020.06.18-17.33.23:459][726]LogLinker: Warning: The file '../../../../../../Users/Lenovo/Documents/GitHub/UnrealEngine_Mudassir/Pinball/Content/Assets/flipper_rubber.uasset' contains unrecognizable data, check that it is of the expected type.
[2020.06.18-17.33.23:459][726]LogLinker: Warning: The file '../../../../../../Users/Lenovo/Documents/GitHub/UnrealEngine_Mudassir/Pinball/Content/Assets/white.uasset' contains unrecognizable data, check that it is of the expected type.
[2020.06.18-17.33.23:459][726]LogLinker: Warning: The file '../../../../../../Users/Lenovo/Documents/GitHub/UnrealEngine_Mudassir/Pinball/Content/Assets/white.uasset' contains unrecognizable data, check that it is of the expected type.
[2020.06.18-17.33.23:460][726]LogLinker: Warning: The file '../../../../../../Users/Lenovo/Documents/GitHub/UnrealEngine_Mudassir/Pinball/Content/Assets/flipper_rubber.uasset' contains unrecognizable data, check that it is of the expected type.
[2020.06.18-17.33.23:460][726]LogLinker: Warning: The file '../../../../../../Users/Lenovo/Documents/GitHub/UnrealEngine_Mudassir/Pinball/Content/Assets/flipper_rubber.uasset' contains unrecognizable data, check that it is of the expected type.
[2020.06.18-17.33.23:508][726]LogAIModule: Creating AISystem for world Pinball
[2020.06.18-17.33.23:508][726]LogAISub: UAISubsystem::UAISubsystem EnvQueryManager (000002238E2F7000), frame # 12726
[2020.06.18-17.33.23:508][726]LogAISub: UAISubsystem::UAISubsystem AIPerceptionSystem (000002238DF12C00), frame # 12726
[2020.06.18-17.33.23:524][726]LogEditorServer: Finished looking for orphan Actors (0.000 secs)
[2020.06.18-17.33.23:549][726]LogUObjectHash: Compacting FUObjectHashTables data took   1.66ms
[2020.06.18-17.33.23:614][726]Cmd: MAP CHECKDEP NOCLEARLOG
[2020.06.18-17.33.23:614][726]MapCheck: Map check complete: 0 Error(s), 0 Warning(s), took 0.244ms to complete.
[2020.06.18-17.33.23:614][726]LogFileHelpers: Loading map 'Pinball' took 0.341
[2020.06.18-17.33.23:615][726]LogSlate: Window 'Open Level' being destroyed
[2020.06.18-17.33.42:277][824]LogEditorViewport: Clicking on Actor (LMB): BP_Sky_Sphere_C (Sky Sphere)
[2020.06.18-17.33.54:212][524]LogEditorViewport: Clicking on Actor (LMB): BP_Sky_Sphere_C (Sky Sphere)
[2020.06.18-17.34.21:405][841]LogEditorViewport: Clicking on Actor (LMB): BP_Sky_Sphere_C (Sky Sphere)
[2020.06.18-17.34.30:467][376]Cmd: TRANSACTION UNDO
[2020.06.18-17.34.30:467][376]LogEditorTransaction: Undo Rotate Actors
[2020.06.18-17.34.32:990][504]LogEditorViewport: Clicking on Actor (LMB): BP_Sky_Sphere_C (Sky Sphere)
[2020.06.18-17.34.37:887][792]LogTemp: Repeating last play command: Selected Viewport
[2020.06.18-17.34.37:921][792]LogPlayLevel: PlayLevel: No blueprints needed recompiling
[2020.06.18-17.34.37:922][792]PIE: New page: PIE session: Pinball (Jun 19, 2020, 4:34:37 AM)
[2020.06.18-17.34.37:925][792]LogOnline: OSS: Creating online subsystem instance for: NULL
[2020.06.18-17.34.37:927][792]LogOnline: OSS: TryLoadSubsystemAndSetDefault: Loaded subsystem for module [NULL]
[2020.06.18-17.34.37:927][792]LogPlayLevel: Creating play world package: /Game/UEDPIE_0_Pinball
[2020.06.18-17.34.37:947][792]LogPlayLevel: PIE: StaticDuplicateObject took: (0.020121s)
[2020.06.18-17.34.37:949][792]LogAIModule: Creating AISystem for world Pinball
[2020.06.18-17.34.37:949][792]LogAISub: UAISubsystem::UAISubsystem EnvQueryManager (00000223F8867E00), frame # 16792
[2020.06.18-17.34.37:950][792]LogAISub: UAISubsystem::UAISubsystem AIPerceptionSystem (00000223F8A6D800), frame # 16792
[2020.06.18-17.34.37:950][792]LogPlayLevel: PIE: World Init took: (0.002431s)
[2020.06.18-17.34.37:950][792]LogPlayLevel: PIE: Created PIE world by copying editor world from /Game/Pinball.Pinball to /Game/UEDPIE_0_Pinball.Pinball (0.022918s)
[2020.06.18-17.34.38:043][792]LogUObjectHash: Compacting FUObjectHashTables data took   1.76ms
[2020.06.18-17.34.38:046][792]LogAudioMixer: Display: Audio Mixer Platform Settings:
[2020.06.18-17.34.38:046][792]LogAudioMixer: Display: 	Sample Rate:						  48000
[2020.06.18-17.34.38:046][792]LogAudioMixer: Display: 	Callback Buffer Frame Size Requested: 1024
[2020.06.18-17.34.38:046][792]LogAudioMixer: Display: 	Callback Buffer Frame Size To Use:	  1024
[2020.06.18-17.34.38:046][792]LogAudioMixer: Display: 	Number of buffers to queue:			  2
[2020.06.18-17.34.38:047][792]LogAudioMixer: Display: 	Max Channels (voices):				  32
[2020.06.18-17.34.38:047][792]LogAudioMixer: Display: 	Number of Async Source Workers:		  0
[2020.06.18-17.34.38:047][792]LogAudio: Display: AudioDevice MaxSources: 32
[2020.06.18-17.34.38:049][792]LogAudio: Display: Using built-in audio occlusion.
[2020.06.18-17.34.38:049][792]LogAudioMixer: Display: Initializing audio mixer.
[2020.06.18-17.34.38:057][792]LogAudioMixer: Display: 0: FrontLeft
[2020.06.18-17.34.38:057][792]LogAudioMixer: Display: 1: FrontRight
[2020.06.18-17.34.38:119][792]LogAudioMixer: Display: Using Audio Device Speakers (2- Realtek High Definition Audio)
[2020.06.18-17.34.38:119][792]LogAudioMixer: Display: Initializing Sound Submixes...
[2020.06.18-17.34.38:119][792]LogAudioMixer: Display: Creating Master Submix 'MasterSubmixDefault'
[2020.06.18-17.34.38:119][792]LogAudioMixer: Display: Creating Master Submix 'MasterReverbSubmixDefault'
[2020.06.18-17.34.38:120][792]LogAudioMixer: Display: Creating Master Submix 'MasterEQSubmixDefault'
[2020.06.18-17.34.38:122][792]LogInit: FAudioDevice initialized.
[2020.06.18-17.34.38:192][792]LogLoad: Game class is 'PinballGameMode_C'
[2020.06.18-17.34.38:197][792]LogWorld: Bringing World /Game/UEDPIE_0_Pinball.Pinball up for play (max tick rate 60) at 2020.06.18-23.04.38
[2020.06.18-17.34.38:198][792]LogWorld: Bringing up level for play took: 0.002889
[2020.06.18-17.34.38:198][792]LogOnline: OSS: Creating online subsystem instance for: :Context_5
[2020.06.18-17.34.38:204][792]LogContentBrowser: Native class hierarchy updated for 'MovieSceneCapture' in 0.0006 seconds. Added 20 classes and 0 folders.
[2020.06.18-17.34.38:205][792]LogBlueprintUserMessages: [BP_Ball_38] Hello
[2020.06.18-17.34.38:206][792]LogBlueprintUserMessages: [BP_Ball2_2] Hello
[2020.06.18-17.34.38:206][792]LogBlueprintUserMessages: [BP_Ball3_2] Hello
[2020.06.18-17.34.38:207][792]PIE: Server logged in
[2020.06.18-17.34.38:208][792]PIE: Play in editor total start time 0.296 seconds.
[2020.06.18-17.34.38:875][828]LogScript: Warning: Script Msg: A null object was passed as a world context object to UEngine::GetWorldFromContextObject().
[2020.06.18-17.34.40:894][947]LogScript: Warning: Script Msg: A null object was passed as a world context object to UEngine::GetWorldFromContextObject().
[2020.06.18-17.34.42:898][ 65]LogScript: Warning: Script Msg: A null object was passed as a world context object to UEngine::GetWorldFromContextObject().
[2020.06.18-17.34.44:904][185]LogScript: Warning: Script Msg: A null object was passed as a world context object to UEngine::GetWorldFromContextObject().
[2020.06.18-17.34.46:907][305]LogScript: Warning: Script Msg: A null object was passed as a world context object to UEngine::GetWorldFromContextObject().
[2020.06.18-17.34.47:776][357]LogAudioMixer: Display: No commands were queued while flushing the source manager.
[2020.06.18-17.34.47:785][357]LogAudioMixer: Display: Flush succeeded in the source manager command queue (1).
[2020.06.18-17.34.47:804][357]LogAudioMixer: Display: Flush succeeded the source manager command queue (2).
[2020.06.18-17.34.47:815][357]LogSlate: Updating window title bar state: overlay mode, drag disabled, window buttons hidden, title bar hidden
[2020.06.18-17.34.47:815][357]LogWorld: BeginTearingDown for /Game/UEDPIE_0_Pinball
[2020.06.18-17.34.47:816][357]LogAudioMixer: Display: No commands were queued while flushing the source manager.
[2020.06.18-17.34.47:816][357]LogWorld: UWorld::CleanupWorld for Pinball, bSessionEnded=true, bCleanupResources=true
[2020.06.18-17.34.47:816][357]LogSlate: InvalidateAllWidgets triggered.  All widgets were invalidated
[2020.06.18-17.34.47:829][357]LogPlayLevel: Display: Shutting down PIE online subsystems
[2020.06.18-17.34.47:831][357]LogSlate: InvalidateAllWidgets triggered.  All widgets were invalidated
[2020.06.18-17.34.47:848][357]LogAudioMixer: Display: No commands were queued while flushing the source manager.
[2020.06.18-17.34.47:887][357]LogSlate: Updating window title bar state: overlay mode, drag disabled, window buttons hidden, title bar hidden
[2020.06.18-17.34.47:890][357]LogAISub: UAISubsystem::~UAISubsystem EnvQueryManager (00000223F8867E00), frame # 17357
[2020.06.18-17.34.47:891][357]LogAISub: UAISubsystem::~UAISubsystem AIPerceptionSystem (00000223F8A6D800), frame # 17357
[2020.06.18-17.34.47:892][357]LogUObjectHash: Compacting FUObjectHashTables data took   1.58ms
[2020.06.18-17.34.47:940][358]LogPlayLevel: Display: Destroying online subsystem :Context_5
[2020.06.18-17.34.53:108][664]LogEditorViewport: Clicking on Actor (LMB): BP_Plunger_C (BP_Plunger)
[2020.06.18-17.35.00:656][102]LogEditorViewport: Clicking on Actor (LMB): BP_Ball_C (BP_Ball2)
[2020.06.18-17.35.03:560][271]LogTemp: Repeating last play command: Selected Viewport
[2020.06.18-17.35.03:596][271]LogPlayLevel: PlayLevel: No blueprints needed recompiling
[2020.06.18-17.35.03:596][271]PIE: New page: PIE session: Pinball (Jun 19, 2020, 4:35:03 AM)
[2020.06.18-17.35.03:596][271]LogPlayLevel: Creating play world package: /Game/UEDPIE_0_Pinball
[2020.06.18-17.35.03:615][271]LogPlayLevel: PIE: StaticDuplicateObject took: (0.018776s)
[2020.06.18-17.35.03:617][271]LogAIModule: Creating AISystem for world Pinball
[2020.06.18-17.35.03:617][271]LogAISub: UAISubsystem::UAISubsystem EnvQueryManager (00000223F8866400), frame # 18271
[2020.06.18-17.35.03:617][271]LogAISub: UAISubsystem::UAISubsystem AIPerceptionSystem (00000223A2E01F80), frame # 18271
[2020.06.18-17.35.03:617][271]LogPlayLevel: PIE: World Init took: (0.002174s)
[2020.06.18-17.35.03:618][271]LogPlayLevel: PIE: Created PIE world by copying editor world from /Game/Pinball.Pinball to /Game/UEDPIE_0_Pinball.Pinball (0.021300s)
[2020.06.18-17.35.03:636][271]LogUObjectHash: Compacting FUObjectHashTables data took   1.17ms
[2020.06.18-17.35.03:638][271]LogAudioMixer: Display: Audio Mixer Platform Settings:
[2020.06.18-17.35.03:638][271]LogAudioMixer: Display: 	Sample Rate:						  48000
[2020.06.18-17.35.03:638][271]LogAudioMixer: Display: 	Callback Buffer Frame Size Requested: 1024
[2020.06.18-17.35.03:638][271]LogAudioMixer: Display: 	Callback Buffer Frame Size To Use:	  1024
[2020.06.18-17.35.03:639][271]LogAudioMixer: Display: 	Number of buffers to queue:			  2
[2020.06.18-17.35.03:639][271]LogAudioMixer: Display: 	Max Channels (voices):				  32
[2020.06.18-17.35.03:639][271]LogAudioMixer: Display: 	Number of Async Source Workers:		  0
[2020.06.18-17.35.03:639][271]LogAudio: Display: AudioDevice MaxSources: 32
[2020.06.18-17.35.03:639][271]LogAudio: Display: Using built-in audio occlusion.
[2020.06.18-17.35.03:639][271]LogAudioMixer: Display: Initializing audio mixer.
[2020.06.18-17.35.03:647][271]LogAudioMixer: Display: 0: FrontLeft
[2020.06.18-17.35.03:647][271]LogAudioMixer: Display: 1: FrontRight
[2020.06.18-17.35.03:702][271]LogAudioMixer: Display: Using Audio Device Speakers (2- Realtek High Definition Audio)
[2020.06.18-17.35.03:702][271]LogAudioMixer: Display: Initializing Sound Submixes...
[2020.06.18-17.35.03:702][271]LogAudioMixer: Display: Creating Master Submix 'MasterSubmixDefault'
[2020.06.18-17.35.03:702][271]LogAudioMixer: Display: Creating Master Submix 'MasterReverbSubmixDefault'
[2020.06.18-17.35.03:703][271]LogAudioMixer: Display: Creating Master Submix 'MasterEQSubmixDefault'
[2020.06.18-17.35.03:731][271]LogInit: FAudioDevice initialized.
[2020.06.18-17.35.03:747][271]LogLoad: Game class is 'PinballGameMode_C'
[2020.06.18-17.35.03:750][271]LogWorld: Bringing World /Game/UEDPIE_0_Pinball.Pinball up for play (max tick rate 60) at 2020.06.18-23.05.03
[2020.06.18-17.35.03:751][271]LogWorld: Bringing up level for play took: 0.002303
[2020.06.18-17.35.03:751][271]LogOnline: OSS: Creating online subsystem instance for: :Context_7
[2020.06.18-17.35.03:755][271]LogBlueprintUserMessages: [BP_Ball_38] Hello
[2020.06.18-17.35.03:755][271]LogBlueprintUserMessages: [BP_Ball2_2] Hello
[2020.06.18-17.35.03:755][271]LogBlueprintUserMessages: [BP_Ball3_2] Hello
[2020.06.18-17.35.03:756][271]PIE: Server logged in
[2020.06.18-17.35.03:757][271]PIE: Play in editor total start time 0.171 seconds.
[2020.06.18-17.35.04:552][318]LogScript: Warning: Script Msg: A null object was passed as a world context object to UEngine::GetWorldFromContextObject().
[2020.06.18-17.35.06:553][438]LogScript: Warning: Script Msg: A null object was passed as a world context object to UEngine::GetWorldFromContextObject().
[2020.06.18-17.35.08:579][558]LogScript: Warning: Script Msg: A null object was passed as a world context object to UEngine::GetWorldFromContextObject().
[2020.06.18-17.35.08:663][563]LogAudioMixer: Display: No commands were queued while flushing the source manager.
[2020.06.18-17.35.08:676][563]LogAudioMixer: Display: Flush succeeded in the source manager command queue (1).
[2020.06.18-17.35.08:705][563]LogAudioMixer: Display: Flush succeeded the source manager command queue (2).
[2020.06.18-17.35.08:728][563]LogSlate: Updating window title bar state: overlay mode, drag disabled, window buttons hidden, title bar hidden
[2020.06.18-17.35.08:729][563]LogWorld: BeginTearingDown for /Game/UEDPIE_0_Pinball
[2020.06.18-17.35.08:729][563]LogAudioMixer: Display: No commands were queued while flushing the source manager.
[2020.06.18-17.35.08:729][563]LogWorld: UWorld::CleanupWorld for Pinball, bSessionEnded=true, bCleanupResources=true
[2020.06.18-17.35.08:730][563]LogSlate: InvalidateAllWidgets triggered.  All widgets were invalidated
[2020.06.18-17.35.08:750][563]LogPlayLevel: Display: Shutting down PIE online subsystems
[2020.06.18-17.35.08:754][563]LogSlate: InvalidateAllWidgets triggered.  All widgets were invalidated
[2020.06.18-17.35.08:779][563]LogAudioMixer: Display: No commands were queued while flushing the source manager.
[2020.06.18-17.35.08:817][563]LogSlate: Updating window title bar state: overlay mode, drag disabled, window buttons hidden, title bar hidden
[2020.06.18-17.35.08:819][563]LogAISub: UAISubsystem::~UAISubsystem AIPerceptionSystem (00000223A2E01F80), frame # 18563
[2020.06.18-17.35.08:819][563]LogAISub: UAISubsystem::~UAISubsystem EnvQueryManager (00000223F8866400), frame # 18563
[2020.06.18-17.35.08:820][563]LogUObjectHash: Compacting FUObjectHashTables data took   1.18ms
[2020.06.18-17.35.08:861][564]LogPlayLevel: Display: Destroying online subsystem :Context_7
[2020.06.18-17.35.43:621][615]LogSlate: Took 0.000471 seconds to synchronously load lazily loaded font '../../../Engine/Content/Slate/Fonts/Roboto-Italic.ttf' (157K)
[2020.06.18-17.35.45:206][708]LogEditorViewport: Clicking on Actor (LMB): Brush (Box Brush12)
[2020.06.18-17.35.45:798][741]LogEditorViewport: Clicking on Actor (LMB): Brush (Box Brush12)
[2020.06.18-17.35.46:124][758]LogEditorViewport: Clicking on Actor (double click): Brush (Box Brush12)
[2020.06.18-17.35.46:652][788]LogEditorViewport: Clicking on Actor (LMB): Brush (Box Brush12)
[2020.06.18-17.35.46:824][796]LogEditorViewport: Clicking on Actor (double click): Brush (Box Brush12)
[2020.06.18-17.35.47:500][835]LogEditorViewport: Clicking on Actor (double click): Brush (Box Brush12)
[2020.06.18-17.36.00:025][564]LogGeometryMode: Warning: Unable to find BoxBrush11 Brush(s) in new BSP
[2020.06.18-17.36.00:026][564]LogGeometryMode: Warning: Unable to find all previously selected geometry data, resetting selection
[2020.06.18-17.36.12:626][279]LogEditorViewport: Clicking on Actor (LMB): BP_Sky_Sphere_C (Sky Sphere)
[2020.06.18-17.36.49:587][430]Cmd: OBJ SAVEPACKAGE PACKAGE="/Game/Pinball" FILE="../../../../../../Users/Lenovo/Documents/GitHub/UnrealEngine_Mudassir/Pinball/Content/Pinball.umap" SILENT=true AUTOSAVING=false KEEPDIRTY=false
[2020.06.18-17.36.49:611][430]LogUObjectHash: Compacting FUObjectHashTables data took   1.54ms
[2020.06.18-17.36.49:743][430]LogSavePackage: Moving '../../../../../../Users/Lenovo/Documents/GitHub/UnrealEngine_Mudassir/Pinball/Saved/Pinball155215844B6CB2EE7DCB08BC0E1D1B6F.tmp' to '../../../../../../Users/Lenovo/Documents/GitHub/UnrealEngine_Mudassir/Pinball/Content/Pinball.umap'
[2020.06.18-17.36.49:797][430]Cmd: OBJ SAVEPACKAGE PACKAGE="/Game/Pinball_BuiltData" FILE="../../../../../../Users/Lenovo/Documents/GitHub/UnrealEngine_Mudassir/Pinball/Content/Pinball_BuiltData.uasset" SILENT=true
[2020.06.18-17.36.49:871][430]LogSavePackage: Moving '../../../../../../Users/Lenovo/Documents/GitHub/UnrealEngine_Mudassir/Pinball/Saved/Pinball_BuiltData82F024C3441DB7FC07030FB840EEAF81.tmp' to '../../../../../../Users/Lenovo/Documents/GitHub/UnrealEngine_Mudassir/Pinball/Content/Pinball_BuiltData.uasset'
[2020.06.18-17.36.49:905][430]AssetCheck: New page: Asset Save: multiple assets
[2020.06.18-17.36.49:905][430]LogContentValidation: Display: Validating World /Game/Pinball.Pinball
[2020.06.18-17.36.49:905][430]LogContentValidation: Display: Validating MapBuildDataRegistry /Game/Pinball_BuiltData.Pinball_BuiltData
[2020.06.18-17.37.18:644][ 93]LogEditorViewport: Clicking on Actor (LMB): BP_Flipper_C (BP_Flipper2)
[2020.06.18-17.37.24:102][414]LogEditorViewport: Clicking on Actor (LMB): BP_Flipper_C (BP_Flipper)
[2020.06.18-17.37.29:497][715]LogEditorViewport: Clicking on Actor (LMB): BP_Flipper_C (BP_Flipper)
[2020.06.18-17.37.34:951][ 36]LogEditorViewport: Clicking on Actor (LMB): BP_Flipper_C (BP_Flipper2)
[2020.06.18-17.37.38:457][242]LogEditorViewport: Clicking on Actor (LMB): BP_Sky_Sphere_C (Sky Sphere)
[2020.06.18-17.37.41:912][440]LogEditorViewport: Clicking on Actor (LMB): BP_Flipper_C (BP_Flipper)
[2020.06.18-17.37.48:613][835]LogEditorViewport: Clicking on Actor (LMB): BP_Sky_Sphere_C (Sky Sphere)
[2020.06.18-17.38.12:698][226]LogTemp: Repeating last play command: Selected Viewport
[2020.06.18-17.38.12:733][226]LogPlayLevel: PlayLevel: No blueprints needed recompiling
[2020.06.18-17.38.12:733][226]PIE: New page: PIE session: Pinball (Jun 19, 2020, 4:38:12 AM)
[2020.06.18-17.38.12:733][226]LogPlayLevel: Creating play world package: /Game/UEDPIE_0_Pinball
[2020.06.18-17.38.12:753][226]LogPlayLevel: PIE: StaticDuplicateObject took: (0.020095s)
[2020.06.18-17.38.12:756][226]LogAIModule: Creating AISystem for world Pinball
[2020.06.18-17.38.12:756][226]LogAISub: UAISubsystem::UAISubsystem EnvQueryManager (00000223A211F400), frame # 29226
[2020.06.18-17.38.12:756][226]LogAISub: UAISubsystem::UAISubsystem AIPerceptionSystem (000002239643E200), frame # 29226
[2020.06.18-17.38.12:756][226]LogPlayLevel: PIE: World Init took: (0.002637s)
[2020.06.18-17.38.12:756][226]LogPlayLevel: PIE: Created PIE world by copying editor world from /Game/Pinball.Pinball to /Game/UEDPIE_0_Pinball.Pinball (0.023089s)
[2020.06.18-17.38.12:775][226]LogUObjectHash: Compacting FUObjectHashTables data took   1.64ms
[2020.06.18-17.38.12:778][226]LogAudioMixer: Display: Audio Mixer Platform Settings:
[2020.06.18-17.38.12:778][226]LogAudioMixer: Display: 	Sample Rate:						  48000
[2020.06.18-17.38.12:778][226]LogAudioMixer: Display: 	Callback Buffer Frame Size Requested: 1024
[2020.06.18-17.38.12:778][226]LogAudioMixer: Display: 	Callback Buffer Frame Size To Use:	  1024
[2020.06.18-17.38.12:778][226]LogAudioMixer: Display: 	Number of buffers to queue:			  2
[2020.06.18-17.38.12:778][226]LogAudioMixer: Display: 	Max Channels (voices):				  32
[2020.06.18-17.38.12:778][226]LogAudioMixer: Display: 	Number of Async Source Workers:		  0
[2020.06.18-17.38.12:778][226]LogAudio: Display: AudioDevice MaxSources: 32
[2020.06.18-17.38.12:779][226]LogAudio: Display: Using built-in audio occlusion.
[2020.06.18-17.38.12:779][226]LogAudioMixer: Display: Initializing audio mixer.
[2020.06.18-17.38.12:787][226]LogAudioMixer: Display: 0: FrontLeft
[2020.06.18-17.38.12:787][226]LogAudioMixer: Display: 1: FrontRight
[2020.06.18-17.38.12:850][226]LogAudioMixer: Display: Using Audio Device Speakers (2- Realtek High Definition Audio)
[2020.06.18-17.38.12:850][226]LogAudioMixer: Display: Initializing Sound Submixes...
[2020.06.18-17.38.12:851][226]LogAudioMixer: Display: Creating Master Submix 'MasterSubmixDefault'
[2020.06.18-17.38.12:851][226]LogAudioMixer: Display: Creating Master Submix 'MasterReverbSubmixDefault'
[2020.06.18-17.38.12:851][226]LogAudioMixer: Display: Creating Master Submix 'MasterEQSubmixDefault'
[2020.06.18-17.38.12:880][226]LogInit: FAudioDevice initialized.
[2020.06.18-17.38.12:891][226]LogLoad: Game class is 'PinballGameMode_C'
[2020.06.18-17.38.12:895][226]LogWorld: Bringing World /Game/UEDPIE_0_Pinball.Pinball up for play (max tick rate 60) at 2020.06.18-23.08.12
[2020.06.18-17.38.12:896][226]LogWorld: Bringing up level for play took: 0.002796
[2020.06.18-17.38.12:896][226]LogOnline: OSS: Creating online subsystem instance for: :Context_8
[2020.06.18-17.38.12:900][226]LogBlueprintUserMessages: [BP_Ball_38] Hello
[2020.06.18-17.38.12:900][226]LogBlueprintUserMessages: [BP_Ball2_2] Hello
[2020.06.18-17.38.12:900][226]LogBlueprintUserMessages: [BP_Ball3_2] Hello
[2020.06.18-17.38.12:900][226]PIE: Server logged in
[2020.06.18-17.38.12:901][226]PIE: Play in editor total start time 0.179 seconds.
[2020.06.18-17.38.13:694][271]LogScript: Warning: Script Msg: A null object was passed as a world context object to UEngine::GetWorldFromContextObject().
[2020.06.18-17.38.15:699][391]LogScript: Warning: Script Msg: A null object was passed as a world context object to UEngine::GetWorldFromContextObject().
[2020.06.18-17.38.15:817][398]LogAudioMixer: Display: No commands were queued while flushing the source manager.
[2020.06.18-17.38.15:824][398]LogAudioMixer: Display: Flush succeeded in the source manager command queue (1).
[2020.06.18-17.38.15:845][398]LogAudioMixer: Display: Flush succeeded the source manager command queue (2).
[2020.06.18-17.38.15:856][398]LogSlate: Updating window title bar state: overlay mode, drag disabled, window buttons hidden, title bar hidden
[2020.06.18-17.38.15:856][398]LogWorld: BeginTearingDown for /Game/UEDPIE_0_Pinball
[2020.06.18-17.38.15:856][398]LogAudioMixer: Display: No commands were queued while flushing the source manager.
[2020.06.18-17.38.15:856][398]LogWorld: UWorld::CleanupWorld for Pinball, bSessionEnded=true, bCleanupResources=true
[2020.06.18-17.38.15:857][398]LogSlate: InvalidateAllWidgets triggered.  All widgets were invalidated
[2020.06.18-17.38.15:870][398]LogPlayLevel: Display: Shutting down PIE online subsystems
[2020.06.18-17.38.15:872][398]LogSlate: InvalidateAllWidgets triggered.  All widgets were invalidated
[2020.06.18-17.38.15:891][398]LogAudioMixer: Display: No commands were queued while flushing the source manager.
[2020.06.18-17.38.15:927][398]LogSlate: Updating window title bar state: overlay mode, drag disabled, window buttons hidden, title bar hidden
[2020.06.18-17.38.15:928][398]LogAISub: UAISubsystem::~UAISubsystem AIPerceptionSystem (000002239643E200), frame # 29398
[2020.06.18-17.38.15:928][398]LogAISub: UAISubsystem::~UAISubsystem EnvQueryManager (00000223A211F400), frame # 29398
[2020.06.18-17.38.15:930][398]LogUObjectHash: Compacting FUObjectHashTables data took   1.35ms
[2020.06.18-17.38.15:978][399]LogPlayLevel: Display: Destroying online subsystem :Context_8
[2020.06.18-17.38.32:679][394]LogEditorViewport: Clicking on Actor (LMB): BP_Ball_C (BP_Ball2)
[2020.06.18-17.38.52:441][556]LogEditorViewport: Clicking on Actor (LMB): BP_Sky_Sphere_C (Sky Sphere)
[2020.06.18-17.38.55:554][735]Cmd: CAMERA ALIGN ACTIVEVIEWPORTONLY
[2020.06.18-17.39.01:435][ 81]Cmd: CAMERA ALIGN ACTIVEVIEWPORTONLY
[2020.06.18-17.39.02:546][147]Cmd: CAMERA ALIGN ACTIVEVIEWPORTONLY
[2020.06.18-17.39.04:425][259]LogEditorViewport: Clicking on Actor (LMB): Brush (Box Brush2)
[2020.06.18-17.39.06:583][381]Cmd: CAMERA ALIGN ACTIVEVIEWPORTONLY
[2020.06.18-17.39.19:834][160]LogEditorViewport: Clicking on Actor (LMB): BP_Flipper_C (BP_Flipper)
[2020.06.18-17.39.43:818][529]LogEditorViewport: Clicking on Actor (LMB): BP_Flipper_C (BP_Flipper)
[2020.06.18-17.39.47:095][721]LogEditorViewport: Clicking on Actor (LMB): BP_Flipper_C (BP_Flipper2)
[2020.06.18-17.39.53:746][109]LogEditorViewport: Clicking on Actor (LMB): BP_Flipper_C (BP_Flipper)
[2020.06.18-17.40.05:959][827]LogEditorViewport: Clicking on Actor (LMB): BP_Sky_Sphere_C (Sky Sphere)
[2020.06.18-17.40.07:831][935]LogEditorViewport: Clicking on Actor (LMB): BP_Flipper_C (BP_Flipper)
[2020.06.18-17.40.10:140][ 69]LogEditorViewport: Clicking on Actor (LMB): BP_Flipper_C (BP_Flipper2)
[2020.06.18-17.40.12:849][227]LogEditorViewport: Clicking on Actor (LMB): BP_Sky_Sphere_C (Sky Sphere)
[2020.06.18-17.40.15:595][386]LogTemp: Repeating last play command: Selected Viewport
[2020.06.18-17.40.15:628][386]LogPlayLevel: PlayLevel: No blueprints needed recompiling
[2020.06.18-17.40.15:628][386]PIE: New page: PIE session: Pinball (Jun 19, 2020, 4:40:15 AM)
[2020.06.18-17.40.15:629][386]LogPlayLevel: Creating play world package: /Game/UEDPIE_0_Pinball
[2020.06.18-17.40.15:648][386]LogPlayLevel: PIE: StaticDuplicateObject took: (0.019466s)
[2020.06.18-17.40.15:650][386]LogAIModule: Creating AISystem for world Pinball
[2020.06.18-17.40.15:650][386]LogAISub: UAISubsystem::UAISubsystem EnvQueryManager (00000223E438E800), frame # 36386
[2020.06.18-17.40.15:650][386]LogAISub: UAISubsystem::UAISubsystem AIPerceptionSystem (00000223B724BD80), frame # 36386
[2020.06.18-17.40.15:651][386]LogPlayLevel: PIE: World Init took: (0.002350s)
[2020.06.18-17.40.15:651][386]LogPlayLevel: PIE: Created PIE world by copying editor world from /Game/Pinball.Pinball to /Game/UEDPIE_0_Pinball.Pinball (0.022155s)
[2020.06.18-17.40.15:670][386]LogUObjectHash: Compacting FUObjectHashTables data took   1.33ms
[2020.06.18-17.40.15:673][386]LogAudioMixer: Display: Audio Mixer Platform Settings:
[2020.06.18-17.40.15:674][386]LogAudioMixer: Display: 	Sample Rate:						  48000
[2020.06.18-17.40.15:674][386]LogAudioMixer: Display: 	Callback Buffer Frame Size Requested: 1024
[2020.06.18-17.40.15:674][386]LogAudioMixer: Display: 	Callback Buffer Frame Size To Use:	  1024
[2020.06.18-17.40.15:674][386]LogAudioMixer: Display: 	Number of buffers to queue:			  2
[2020.06.18-17.40.15:674][386]LogAudioMixer: Display: 	Max Channels (voices):				  32
[2020.06.18-17.40.15:674][386]LogAudioMixer: Display: 	Number of Async Source Workers:		  0
[2020.06.18-17.40.15:674][386]LogAudio: Display: AudioDevice MaxSources: 32
[2020.06.18-17.40.15:675][386]LogAudio: Display: Using built-in audio occlusion.
[2020.06.18-17.40.15:675][386]LogAudioMixer: Display: Initializing audio mixer.
[2020.06.18-17.40.15:681][386]LogAudioMixer: Display: 0: FrontLeft
[2020.06.18-17.40.15:682][386]LogAudioMixer: Display: 1: FrontRight
[2020.06.18-17.40.15:742][386]LogAudioMixer: Display: Using Audio Device Speakers (2- Realtek High Definition Audio)
[2020.06.18-17.40.15:742][386]LogAudioMixer: Display: Initializing Sound Submixes...
[2020.06.18-17.40.15:742][386]LogAudioMixer: Display: Creating Master Submix 'MasterSubmixDefault'
[2020.06.18-17.40.15:742][386]LogAudioMixer: Display: Creating Master Submix 'MasterReverbSubmixDefault'
[2020.06.18-17.40.15:743][386]LogAudioMixer: Display: Creating Master Submix 'MasterEQSubmixDefault'
[2020.06.18-17.40.15:772][386]LogInit: FAudioDevice initialized.
[2020.06.18-17.40.15:786][386]LogLoad: Game class is 'PinballGameMode_C'
[2020.06.18-17.40.15:790][386]LogWorld: Bringing World /Game/UEDPIE_0_Pinball.Pinball up for play (max tick rate 60) at 2020.06.18-23.10.15
[2020.06.18-17.40.15:791][386]LogWorld: Bringing up level for play took: 0.002265
[2020.06.18-17.40.15:791][386]LogOnline: OSS: Creating online subsystem instance for: :Context_9
[2020.06.18-17.40.15:795][386]LogBlueprintUserMessages: [BP_Ball_38] Hello
[2020.06.18-17.40.15:795][386]LogBlueprintUserMessages: [BP_Ball2_2] Hello
[2020.06.18-17.40.15:795][386]LogBlueprintUserMessages: [BP_Ball3_2] Hello
[2020.06.18-17.40.15:796][386]PIE: Server logged in
[2020.06.18-17.40.15:797][386]PIE: Play in editor total start time 0.178 seconds.
[2020.06.18-17.40.16:595][432]LogScript: Warning: Script Msg: A null object was passed as a world context object to UEngine::GetWorldFromContextObject().
[2020.06.18-17.40.18:607][552]LogScript: Warning: Script Msg: A null object was passed as a world context object to UEngine::GetWorldFromContextObject().
[2020.06.18-17.40.18:675][556]LogAudioMixer: Display: No commands were queued while flushing the source manager.
[2020.06.18-17.40.18:694][556]LogAudioMixer: Display: Flush succeeded in the source manager command queue (1).
[2020.06.18-17.40.18:714][556]LogAudioMixer: Display: Flush succeeded the source manager command queue (2).
[2020.06.18-17.40.18:724][556]LogSlate: Updating window title bar state: overlay mode, drag disabled, window buttons hidden, title bar hidden
[2020.06.18-17.40.18:724][556]LogWorld: BeginTearingDown for /Game/UEDPIE_0_Pinball
[2020.06.18-17.40.18:725][556]LogAudioMixer: Display: No commands were queued while flushing the source manager.
[2020.06.18-17.40.18:725][556]LogWorld: UWorld::CleanupWorld for Pinball, bSessionEnded=true, bCleanupResources=true
[2020.06.18-17.40.18:725][556]LogSlate: InvalidateAllWidgets triggered.  All widgets were invalidated
[2020.06.18-17.40.18:740][556]LogPlayLevel: Display: Shutting down PIE online subsystems
[2020.06.18-17.40.18:743][556]LogSlate: InvalidateAllWidgets triggered.  All widgets were invalidated
[2020.06.18-17.40.18:761][556]LogAudioMixer: Display: No commands were queued while flushing the source manager.
[2020.06.18-17.40.18:799][556]LogSlate: Updating window title bar state: overlay mode, drag disabled, window buttons hidden, title bar hidden
[2020.06.18-17.40.18:801][556]LogAISub: UAISubsystem::~UAISubsystem AIPerceptionSystem (00000223B724BD80), frame # 36556
[2020.06.18-17.40.18:801][556]LogAISub: UAISubsystem::~UAISubsystem EnvQueryManager (00000223E438E800), frame # 36556
[2020.06.18-17.40.18:803][556]LogUObjectHash: Compacting FUObjectHashTables data took   1.35ms
[2020.06.18-17.40.18:852][557]LogPlayLevel: Display: Destroying online subsystem :Context_9
[2020.06.18-17.40.23:979][826]LogEditorViewport: Clicking on Actor (LMB): BP_Ball_C (BP_Ball3)
[2020.06.18-17.40.28:020][ 63]LogEditorViewport: Clicking on Actor (LMB): BP_Flipper_C (BP_Flipper2)
[2020.06.18-17.40.31:329][257]LogEditorViewport: Clicking on Actor (LMB): BP_Flipper_C (BP_Flipper)
[2020.06.18-17.40.54:973][629]Cmd: OBJ SAVEPACKAGE PACKAGE="/Game/Pinball" FILE="../../../../../../Users/Lenovo/Documents/GitHub/UnrealEngine_Mudassir/Pinball/Content/Pinball.umap" SILENT=true AUTOSAVING=false KEEPDIRTY=false
[2020.06.18-17.40.54:994][629]LogUObjectHash: Compacting FUObjectHashTables data took   1.37ms
[2020.06.18-17.40.55:112][629]LogSavePackage: Moving '../../../../../../Users/Lenovo/Documents/GitHub/UnrealEngine_Mudassir/Pinball/Saved/Pinball1C36A3BD4EB31430740FF1A2819FB6D6.tmp' to '../../../../../../Users/Lenovo/Documents/GitHub/UnrealEngine_Mudassir/Pinball/Content/Pinball.umap'
[2020.06.18-17.40.55:173][629]Cmd: OBJ SAVEPACKAGE PACKAGE="/Game/Pinball_BuiltData" FILE="../../../../../../Users/Lenovo/Documents/GitHub/UnrealEngine_Mudassir/Pinball/Content/Pinball_BuiltData.uasset" SILENT=true
[2020.06.18-17.40.55:237][629]LogSavePackage: Moving '../../../../../../Users/Lenovo/Documents/GitHub/UnrealEngine_Mudassir/Pinball/Saved/Pinball_BuiltData9BC7D36643574E2EE6916CBCE846C052.tmp' to '../../../../../../Users/Lenovo/Documents/GitHub/UnrealEngine_Mudassir/Pinball/Content/Pinball_BuiltData.uasset'
[2020.06.18-17.40.55:269][629]AssetCheck: New page: Asset Save: multiple assets
[2020.06.18-17.40.55:269][629]LogContentValidation: Display: Validating World /Game/Pinball.Pinball
[2020.06.18-17.40.55:270][629]LogContentValidation: Display: Validating MapBuildDataRegistry /Game/Pinball_BuiltData.Pinball_BuiltData
[2020.06.18-17.41.00:642][934]Cmd: OBJ SAVEPACKAGE PACKAGE="/Game/Pinball" FILE="../../../../../../Users/Lenovo/Documents/GitHub/UnrealEngine_Mudassir/Pinball/Content/Pinball.umap" SILENT=true AUTOSAVING=false KEEPDIRTY=false
[2020.06.18-17.41.00:666][934]LogUObjectHash: Compacting FUObjectHashTables data took   1.36ms
[2020.06.18-17.41.00:776][934]LogSavePackage: Moving '../../../../../../Users/Lenovo/Documents/GitHub/UnrealEngine_Mudassir/Pinball/Saved/Pinball0D12E9914E1B817998017B9BF7A077C4.tmp' to '../../../../../../Users/Lenovo/Documents/GitHub/UnrealEngine_Mudassir/Pinball/Content/Pinball.umap'
[2020.06.18-17.41.00:825][934]Cmd: OBJ SAVEPACKAGE PACKAGE="/Game/Pinball_BuiltData" FILE="../../../../../../Users/Lenovo/Documents/GitHub/UnrealEngine_Mudassir/Pinball/Content/Pinball_BuiltData.uasset" SILENT=true
[2020.06.18-17.41.00:886][934]LogSavePackage: Moving '../../../../../../Users/Lenovo/Documents/GitHub/UnrealEngine_Mudassir/Pinball/Saved/Pinball_BuiltDataB6DA66B545A4715286A497A31BA06F2E.tmp' to '../../../../../../Users/Lenovo/Documents/GitHub/UnrealEngine_Mudassir/Pinball/Content/Pinball_BuiltData.uasset'
[2020.06.18-17.41.00:918][934]AssetCheck: New page: Asset Save: multiple assets
[2020.06.18-17.41.00:918][934]LogContentValidation: Display: Validating World /Game/Pinball.Pinball
[2020.06.18-17.41.00:918][934]LogContentValidation: Display: Validating MapBuildDataRegistry /Game/Pinball_BuiltData.Pinball_BuiltData
