Log file open, 06/14/20 19:01:21
LogInit: Display: Running engine for game: Pinball
LogPlatformFile: Not using cached read wrapper
LogTaskGraph: Started task graph with 5 named threads and 23 total threads with 3 sets of task threads.
LogStats: Stats thread started at 0.180364
LogD3D11RHI: Loaded GFSDK_Aftermath_Lib.x64.dll
LogICUInternationalization: ICU TimeZone Detection - Raw Offset: +5:30, Platform Override: ''
LogPluginManager: Mounting plugin Paper2D
LogPluginManager: Mounting plugin AISupport
LogPluginManager: Mounting plugin LightPropagationVolume
LogPluginManager: Mounting plugin CameraShakePreviewer
LogPluginManager: Mounting plugin ActorLayerUtilities
LogPluginManager: Mounting plugin AnimationSharing
LogPluginManager: Mounting plugin CLionSourceCodeAccess
LogPluginManager: Mounting plugin CodeLiteSourceCodeAccess
LogPluginManager: Mounting plugin GitSourceControl
LogPluginManager: Mounting plugin KDevelopSourceCodeAccess
LogPluginManager: Mounting plugin NullSourceCodeAccess
LogPluginManager: Mounting plugin PerforceSourceControl
LogPluginManager: Mounting plugin PlasticSourceControl
LogPluginManager: Mounting plugin RiderSourceCodeAccess
LogPluginManager: Mounting plugin SubversionSourceControl
LogPluginManager: Mounting plugin UObjectPlugin
LogPluginManager: Mounting plugin VisualStudioCodeSourceCodeAccess
LogPluginManager: Mounting plugin VisualStudioSourceCodeAccess
LogPluginManager: Mounting plugin XCodeSourceCodeAccess
LogPluginManager: Mounting plugin AssetManagerEditor
LogPluginManager: Mounting plugin CryptoKeys
LogPluginManager: Mounting plugin CurveEditorTools
LogPluginManager: Mounting plugin DataValidation
LogPluginManager: Mounting plugin EditorScriptingUtilities
LogPluginManager: Mounting plugin FacialAnimation
LogPluginManager: Mounting plugin GameplayTagsEditor
LogPluginManager: Mounting plugin GeometryMode
LogPluginManager: Mounting plugin MacGraphicsSwitching
LogPluginManager: Mounting plugin MaterialAnalyzer
LogPluginManager: Mounting plugin MobileLauncherProfileWizard
LogPluginManager: Mounting plugin PluginBrowser
LogPluginManager: Mounting plugin SpeedTreeImporter
LogPluginManager: Mounting plugin DatasmithContent
LogPluginManager: Mounting plugin VariantManagerContent
LogPluginManager: Mounting plugin AlembicImporter
LogPluginManager: Mounting plugin AutomationUtils
LogPluginManager: Mounting plugin BackChannel
LogPluginManager: Mounting plugin ChaosCloth
LogPluginManager: Mounting plugin ChaosClothEditor
LogPluginManager: Mounting plugin ChaosEditor
LogPluginManager: Mounting plugin ChaosNiagara
LogPluginManager: Mounting plugin ChaosSolverPlugin
LogPluginManager: Mounting plugin CharacterAI
LogPluginManager: Mounting plugin GeometryCache
LogPluginManager: Mounting plugin GeometryCollectionPlugin
LogPluginManager: Mounting plugin GeometryProcessing
LogPluginManager: Mounting plugin PlanarCut
LogPluginManager: Mounting plugin PlatformCrypto
LogPluginManager: Mounting plugin ProxyLODPlugin
LogPluginManager: Mounting plugin SkeletalReduction
LogPluginManager: Mounting plugin Niagara
LogPluginManager: Mounting plugin MagicLeap
LogPluginManager: Mounting plugin MagicLeapLightEstimation
LogPluginManager: Mounting plugin MagicLeapMedia
LogPluginManager: Mounting plugin MagicLeapPassableWorld
LogPluginManager: Mounting plugin MLSDK
LogPluginManager: Mounting plugin AndroidMedia
LogPluginManager: Mounting plugin AvfMedia
LogPluginManager: Mounting plugin ImgMedia
LogPluginManager: Mounting plugin MediaCompositing
LogPluginManager: Mounting plugin MediaPlayerEditor
LogPluginManager: Mounting plugin WebMMedia
LogPluginManager: Mounting plugin WmfMedia
LogPluginManager: Mounting plugin MeshPainting
LogPluginManager: Mounting plugin TcpMessaging
LogPluginManager: Mounting plugin UdpMessaging
LogPluginManager: Mounting plugin ActorSequence
LogPluginManager: Mounting plugin LevelSequenceEditor
LogPluginManager: Mounting plugin MatineeToLevelSequence
LogPluginManager: Mounting plugin MovieRenderPipeline
LogPluginManager: Mounting plugin TemplateSequence
LogPluginManager: Mounting plugin NetcodeUnitTest
LogPluginManager: Mounting plugin NUTUnrealEngine4
LogPluginManager: Mounting plugin OnlineSubsystemGooglePlay
LogPluginManager: Mounting plugin OnlineSubsystemIOS
LogPluginManager: Mounting plugin OnlineSubsystem
LogPluginManager: Mounting plugin OnlineSubsystemNull
LogPluginManager: Mounting plugin OnlineSubsystemUtils
LogPluginManager: Mounting plugin LauncherChunkInstaller
LogPluginManager: Mounting plugin AndroidDeviceProfileSelector
LogPluginManager: Mounting plugin AndroidMoviePlayer
LogPluginManager: Mounting plugin AndroidPermission
LogPluginManager: Mounting plugin AppleImageUtils
LogPluginManager: Mounting plugin AppleMoviePlayer
LogPluginManager: Mounting plugin ArchVisCharacter
LogPluginManager: Mounting plugin AssetTags
LogPluginManager: Mounting plugin AudioCapture
LogPluginManager: Mounting plugin CableComponent
LogPluginManager: Mounting plugin CustomMeshComponent
LogPluginManager: Mounting plugin EditableMesh
LogPluginManager: Mounting plugin ExampleDeviceProfileSelector
LogPluginManager: Mounting plugin GoogleCloudMessaging
LogPluginManager: Mounting plugin GooglePAD
LogPluginManager: Mounting plugin IOSDeviceProfileSelector
LogPluginManager: Mounting plugin LinuxDeviceProfileSelector
LogPluginManager: Mounting plugin LocationServicesBPLibrary
LogPluginManager: Mounting plugin MobilePatchingUtils
LogPluginManager: Mounting plugin OculusVR
LogPluginManager: Mounting plugin PhysXVehicles
LogPluginManager: Mounting plugin PostSplashScreen
LogPluginManager: Mounting plugin ProceduralMeshComponent
LogPluginManager: Mounting plugin RuntimePhysXCooking
LogPluginManager: Mounting plugin SignificanceManager
LogPluginManager: Mounting plugin SoundFields
LogPluginManager: Mounting plugin SteamVR
LogPluginManager: Mounting plugin Synthesis
LogPluginManager: Mounting plugin WebMMoviePlayer
LogPluginManager: Mounting plugin WindowsMoviePlayer
LogPluginManager: Mounting plugin ScreenshotTools
LogInit: Using libcurl 7.55.1-DEV
LogInit:  - built for x86_64-pc-win32
LogInit:  - supports SSL with OpenSSL/1.1.1
LogInit:  - supports HTTP deflate (compression) using libz 1.2.8
LogInit:  - other features:
LogInit:      CURL_VERSION_SSL
LogInit:      CURL_VERSION_LIBZ
LogInit:      CURL_VERSION_IPV6
LogInit:      CURL_VERSION_ASYNCHDNS
LogInit:      CURL_VERSION_LARGEFILE
LogInit:      CURL_VERSION_IDN
LogInit:  CurlRequestOptions (configurable via config and command line):
LogInit:  - bVerifyPeer = true  - Libcurl will verify peer certificate
LogInit:  - bUseHttpProxy = false  - Libcurl will NOT use HTTP proxy
LogInit:  - bDontReuseConnections = false  - Libcurl will reuse connections
LogInit:  - MaxHostConnections = 16  - Libcurl will limit the number of connections to a host
LogInit:  - LocalHostAddr = Default
LogInit:  - BufferSize = 65536
LogOnline: OSS: Creating online subsystem instance for: NULL
LogInit: WinSock: version 1.1 (2.2), MaxSocks=32767, MaxUdp=65467
LogOnline: OSS: TryLoadSubsystemAndSetDefault: Loaded subsystem for module [NULL]
LogInit: Build: ++UE4+Release-4.25-CL-13144385
LogInit: Engine Version: 4.25.0-13144385+++UE4+Release-4.25
LogInit: Compatible Engine Version: 4.25.0-13144385+++UE4+Release-4.25
LogInit: Net CL: 13144385
LogInit: OS: Windows 10 (Release 1903) (), CPU: Intel(R) Core(TM) i5-8250U CPU @ 1.60GHz, GPU: Intel(R) UHD Graphics 620
LogInit: Compiled (64-bit): May  2 2020 02:12:11
LogInit: Compiled with Visual C++: 19.24.28315.00
LogInit: Build Configuration: Development
LogInit: Branch Name: ++UE4+Release-4.25
LogInit: Command Line: 
LogInit: Base Directory: C:/Program Files/Epic Games/UE_4.25/Engine/Binaries/Win64/
LogInit: Allocator: TBB
LogInit: Installed Engine Build: 1
LogDevObjectVersion: Number of dev versions registered: 26
LogDevObjectVersion:   Dev-Blueprints (B0D832E4-1F89-4F0D-ACCF-7EB736FD4AA2): 10
LogDevObjectVersion:   Dev-Build (E1C64328-A22C-4D53-A36C-8E866417BD8C): 0
LogDevObjectVersion:   Dev-Core (375EC13C-06E4-48FB-B500-84F0262A717E): 4
LogDevObjectVersion:   Dev-Editor (E4B068ED-F494-42E9-A231-DA0B2E46BB41): 38
LogDevObjectVersion:   Dev-Framework (CFFC743F-43B0-4480-9391-14DF171D2073): 37
LogDevObjectVersion:   Dev-Mobile (B02B49B5-BB20-44E9-A304-32B752E40360): 2
LogDevObjectVersion:   Dev-Networking (A4E4105C-59A1-49B5-A7C5-40C4547EDFEE): 0
LogDevObjectVersion:   Dev-Online (39C831C9-5AE6-47DC-9A44-9C173E1C8E7C): 0
LogDevObjectVersion:   Dev-Physics (78F01B33-EBEA-4F98-B9B4-84EACCB95AA2): 4
LogDevObjectVersion:   Dev-Platform (6631380F-2D4D-43E0-8009-CF276956A95A): 0
LogDevObjectVersion:   Dev-Rendering (12F88B9F-8875-4AFC-A67C-D90C383ABD29): 43
LogDevObjectVersion:   Dev-Sequencer (7B5AE74C-D270-4C10-A958-57980B212A5A): 12
LogDevObjectVersion:   Dev-VR (D7296918-1DD6-4BDD-9DE2-64A83CC13884): 3
LogDevObjectVersion:   Dev-LoadTimes (C2A15278-BFE7-4AFE-6C17-90FF531DF755): 1
LogDevObjectVersion:   Private-Geometry (6EACA3D4-40EC-4CC1-B786-8BED09428FC5): 3
LogDevObjectVersion:   Dev-AnimPhys (29E575DD-E0A3-4627-9D10-D276232CDCEA): 17
LogDevObjectVersion:   Dev-Anim (AF43A65D-7FD3-4947-9873-3E8ED9C1BB05): 7
LogDevObjectVersion:   Dev-ReflectionCapture (6B266CEC-1EC7-4B8F-A30B-E4D90942FC07): 1
LogDevObjectVersion:   Dev-Automation (0DF73D61-A23F-47EA-B727-89E90C41499A): 1
LogDevObjectVersion:   FortniteMain (601D1886-AC64-4F84-AA16-D3DE0DEAC7D6): 31
LogDevObjectVersion:   Dev-Enterprise (9DFFBCD6-494F-0158-E221-12823C92A888): 10
LogDevObjectVersion:   Dev-Niagara (F2AED0AC-9AFE-416F-8664-AA7FFA26D6FC): 1
LogDevObjectVersion:   Dev-Destruction (174F1F0B-B4C6-45A5-B13F-2EE8D0FB917D): 10
LogDevObjectVersion:   Dev-Physics-Ext (35F94A83-E258-406C-A318-09F59610247C): 37
LogDevObjectVersion:   Dev-PhysicsMaterial-Chaos (B68FC16E-8B1B-42E2-B453-215C058844FE): 1
LogDevObjectVersion:   Dev-CineCamera (B2E18506-4273-CFC2-A54E-F4BB758BBA07): 1
LogInit: Presizing for max 25165824 objects, including 0 objects not considered by GC, pre-allocating 0 bytes for permanent pool.
LogConfig: Applying CVar settings from Section [/Script/Engine.StreamingSettings] File [C:/Users/Lenovo/Documents/GitHub/UnrealEngine_Mudassir/Pinball/Saved/Config/Windows/Engine.ini]
LogConfig: Setting CVar [[s.MinBulkDataSizeForAsyncLoading:131072]]
LogConfig: Setting CVar [[s.AsyncLoadingThreadEnabled:0]]
LogConfig: Setting CVar [[s.EventDrivenLoaderEnabled:1]]
LogConfig: Setting CVar [[s.WarnIfTimeLimitExceeded:0]]
LogConfig: Setting CVar [[s.TimeLimitExceededMultiplier:1.5]]
LogConfig: Setting CVar [[s.TimeLimitExceededMinTime:0.005]]
LogConfig: Setting CVar [[s.UseBackgroundLevelStreaming:1]]
LogConfig: Setting CVar [[s.PriorityAsyncLoadingExtraTime:15.0]]
LogConfig: Setting CVar [[s.LevelStreamingActorsUpdateTimeLimit:5.0]]
LogConfig: Setting CVar [[s.PriorityLevelStreamingActorsUpdateExtraTime:5.0]]
LogConfig: Setting CVar [[s.LevelStreamingComponentsRegistrationGranularity:10]]
LogConfig: Setting CVar [[s.UnregisterComponentsTimeLimit:1.0]]
LogConfig: Setting CVar [[s.LevelStreamingComponentsUnregistrationGranularity:5]]
LogConfig: Setting CVar [[s.FlushStreamingOnExit:1]]
LogInit: Object subsystem initialized
LogConfig: Setting CVar [[con.DebugEarlyDefault:1]]
LogConfig: Setting CVar [[r.setres:1280x720]]
[2020.06.14-13.31.22:331][  0]LogConfig: Setting CVar [[r.VSync:0]]
[2020.06.14-13.31.22:331][  0]LogConfig: Setting CVar [[r.RHICmdBypass:0]]
[2020.06.14-13.31.22:331][  0]LogConfig: Applying CVar settings from Section [/Script/Engine.RendererSettings] File [C:/Users/Lenovo/Documents/GitHub/UnrealEngine_Mudassir/Pinball/Saved/Config/Windows/Engine.ini]
[2020.06.14-13.31.22:331][  0]LogConfig: Setting CVar [[r.GPUCrashDebugging:0]]
[2020.06.14-13.31.22:331][  0]LogConfig: Applying CVar settings from Section [/Script/Engine.RendererOverrideSettings] File [C:/Users/Lenovo/Documents/GitHub/UnrealEngine_Mudassir/Pinball/Saved/Config/Windows/Engine.ini]
[2020.06.14-13.31.22:331][  0]LogConfig: Applying CVar settings from Section [/Script/Engine.StreamingSettings] File [C:/Users/Lenovo/Documents/GitHub/UnrealEngine_Mudassir/Pinball/Saved/Config/Windows/Engine.ini]
[2020.06.14-13.31.22:331][  0]LogConfig: Setting CVar [[s.MinBulkDataSizeForAsyncLoading:131072]]
[2020.06.14-13.31.22:331][  0]LogConfig: Setting CVar [[s.AsyncLoadingThreadEnabled:0]]
[2020.06.14-13.31.22:331][  0]LogConfig: Setting CVar [[s.EventDrivenLoaderEnabled:1]]
[2020.06.14-13.31.22:331][  0]LogConfig: Setting CVar [[s.WarnIfTimeLimitExceeded:0]]
[2020.06.14-13.31.22:331][  0]LogConfig: Setting CVar [[s.TimeLimitExceededMultiplier:1.5]]
[2020.06.14-13.31.22:331][  0]LogConfig: Setting CVar [[s.TimeLimitExceededMinTime:0.005]]
[2020.06.14-13.31.22:332][  0]LogConfig: Setting CVar [[s.UseBackgroundLevelStreaming:1]]
[2020.06.14-13.31.22:332][  0]LogConfig: Setting CVar [[s.PriorityAsyncLoadingExtraTime:15.0]]
[2020.06.14-13.31.22:332][  0]LogConfig: Setting CVar [[s.LevelStreamingActorsUpdateTimeLimit:5.0]]
[2020.06.14-13.31.22:332][  0]LogConfig: Setting CVar [[s.PriorityLevelStreamingActorsUpdateExtraTime:5.0]]
[2020.06.14-13.31.22:332][  0]LogConfig: Setting CVar [[s.LevelStreamingComponentsRegistrationGranularity:10]]
[2020.06.14-13.31.22:332][  0]LogConfig: Setting CVar [[s.UnregisterComponentsTimeLimit:1.0]]
[2020.06.14-13.31.22:332][  0]LogConfig: Setting CVar [[s.LevelStreamingComponentsUnregistrationGranularity:5]]
[2020.06.14-13.31.22:332][  0]LogConfig: Setting CVar [[s.FlushStreamingOnExit:1]]
[2020.06.14-13.31.22:332][  0]LogConfig: Applying CVar settings from Section [/Script/Engine.GarbageCollectionSettings] File [C:/Users/Lenovo/Documents/GitHub/UnrealEngine_Mudassir/Pinball/Saved/Config/Windows/Engine.ini]
[2020.06.14-13.31.22:332][  0]LogConfig: Setting CVar [[gc.MaxObjectsNotConsideredByGC:1]]
[2020.06.14-13.31.22:332][  0]LogConfig: Setting CVar [[gc.SizeOfPermanentObjectPool:0]]
[2020.06.14-13.31.22:332][  0]LogConfig: Setting CVar [[gc.FlushStreamingOnGC:0]]
[2020.06.14-13.31.22:332][  0]LogConfig: Setting CVar [[gc.NumRetriesBeforeForcingGC:10]]
[2020.06.14-13.31.22:332][  0]LogConfig: Setting CVar [[gc.AllowParallelGC:1]]
[2020.06.14-13.31.22:332][  0]LogConfig: Setting CVar [[gc.TimeBetweenPurgingPendingKillObjects:61.1]]
[2020.06.14-13.31.22:332][  0]LogConfig: Setting CVar [[gc.MaxObjectsInEditor:25165824]]
[2020.06.14-13.31.22:332][  0]LogConfig: Setting CVar [[gc.IncrementalBeginDestroyEnabled:1]]
[2020.06.14-13.31.22:332][  0]LogConfig: Setting CVar [[gc.CreateGCClusters:1]]
[2020.06.14-13.31.22:332][  0]LogConfig: Setting CVar [[gc.MinGCClusterSize:5]]
[2020.06.14-13.31.22:332][  0]LogConfig: Setting CVar [[gc.ActorClusteringEnabled:0]]
[2020.06.14-13.31.22:332][  0]LogConfig: Setting CVar [[gc.BlueprintClusteringEnabled:0]]
[2020.06.14-13.31.22:332][  0]LogConfig: Setting CVar [[gc.UseDisregardForGCOnDedicatedServers:0]]
[2020.06.14-13.31.22:332][  0]LogConfig: Applying CVar settings from Section [/Script/Engine.NetworkSettings] File [C:/Users/Lenovo/Documents/GitHub/UnrealEngine_Mudassir/Pinball/Saved/Config/Windows/Engine.ini]
[2020.06.14-13.31.22:332][  0]LogConfig: Applying CVar settings from Section [/Script/UnrealEd.CookerSettings] File [C:/Users/Lenovo/Documents/GitHub/UnrealEngine_Mudassir/Pinball/Saved/Config/Windows/Engine.ini]
[2020.06.14-13.31.22:371][  0]LogConfig: Applying CVar settings from Section [ViewDistanceQuality@3] File [C:/Users/Lenovo/Documents/GitHub/UnrealEngine_Mudassir/Pinball/Saved/Config/Windows/Scalability.ini]
[2020.06.14-13.31.22:371][  0]LogConfig: Setting CVar [[r.SkeletalMeshLODBias:0]]
[2020.06.14-13.31.22:371][  0]LogConfig: Setting CVar [[r.ViewDistanceScale:1.0]]
[2020.06.14-13.31.22:371][  0]LogConfig: Applying CVar settings from Section [AntiAliasingQuality@3] File [C:/Users/Lenovo/Documents/GitHub/UnrealEngine_Mudassir/Pinball/Saved/Config/Windows/Scalability.ini]
[2020.06.14-13.31.22:371][  0]LogConfig: Setting CVar [[r.PostProcessAAQuality:4]]
[2020.06.14-13.31.22:371][  0]LogConfig: Applying CVar settings from Section [ShadowQuality@3] File [C:/Users/Lenovo/Documents/GitHub/UnrealEngine_Mudassir/Pinball/Saved/Config/Windows/Scalability.ini]
[2020.06.14-13.31.22:372][  0]LogConfig: Setting CVar [[r.LightFunctionQuality:1]]
[2020.06.14-13.31.22:372][  0]LogConfig: Setting CVar [[r.ShadowQuality:5]]
[2020.06.14-13.31.22:372][  0]LogConfig: Setting CVar [[r.Shadow.CSM.MaxCascades:10]]
[2020.06.14-13.31.22:372][  0]LogConfig: Setting CVar [[r.Shadow.MaxResolution:2048]]
[2020.06.14-13.31.22:372][  0]LogConfig: Setting CVar [[r.Shadow.MaxCSMResolution:2048]]
[2020.06.14-13.31.22:372][  0]LogConfig: Setting CVar [[r.Shadow.RadiusThreshold:0.01]]
[2020.06.14-13.31.22:372][  0]LogConfig: Setting CVar [[r.Shadow.DistanceScale:1.0]]
[2020.06.14-13.31.22:372][  0]LogConfig: Setting CVar [[r.Shadow.CSM.TransitionScale:1.0]]
[2020.06.14-13.31.22:372][  0]LogConfig: Setting CVar [[r.Shadow.PreShadowResolutionFactor:1.0]]
[2020.06.14-13.31.22:372][  0]LogConfig: Setting CVar [[r.DistanceFieldShadowing:1]]
[2020.06.14-13.31.22:372][  0]LogConfig: Setting CVar [[r.DistanceFieldAO:1]]
[2020.06.14-13.31.22:372][  0]LogConfig: Setting CVar [[r.AOQuality:2]]
[2020.06.14-13.31.22:372][  0]LogConfig: Setting CVar [[r.VolumetricFog:1]]
[2020.06.14-13.31.22:372][  0]LogConfig: Setting CVar [[r.VolumetricFog.GridPixelSize:8]]
[2020.06.14-13.31.22:372][  0]LogConfig: Setting CVar [[r.VolumetricFog.GridSizeZ:128]]
[2020.06.14-13.31.22:372][  0]LogConfig: Setting CVar [[r.VolumetricFog.HistoryMissSupersampleCount:4]]
[2020.06.14-13.31.22:372][  0]LogConfig: Setting CVar [[r.LightMaxDrawDistanceScale:1]]
[2020.06.14-13.31.22:372][  0]LogConfig: Setting CVar [[r.CapsuleShadows:1]]
[2020.06.14-13.31.22:372][  0]LogConfig: Applying CVar settings from Section [PostProcessQuality@3] File [C:/Users/Lenovo/Documents/GitHub/UnrealEngine_Mudassir/Pinball/Saved/Config/Windows/Scalability.ini]
[2020.06.14-13.31.22:372][  0]LogConfig: Setting CVar [[r.MotionBlurQuality:4]]
[2020.06.14-13.31.22:372][  0]LogConfig: Setting CVar [[r.AmbientOcclusionMipLevelFactor:0.4]]
[2020.06.14-13.31.22:372][  0]LogConfig: Setting CVar [[r.AmbientOcclusionMaxQuality:100]]
[2020.06.14-13.31.22:372][  0]LogConfig: Setting CVar [[r.AmbientOcclusionLevels:-1]]
[2020.06.14-13.31.22:372][  0]LogConfig: Setting CVar [[r.AmbientOcclusionRadiusScale:1.0]]
[2020.06.14-13.31.22:372][  0]LogConfig: Setting CVar [[r.DepthOfFieldQuality:2]]
[2020.06.14-13.31.22:372][  0]LogConfig: Setting CVar [[r.RenderTargetPoolMin:400]]
[2020.06.14-13.31.22:372][  0]LogConfig: Setting CVar [[r.LensFlareQuality:2]]
[2020.06.14-13.31.22:372][  0]LogConfig: Setting CVar [[r.SceneColorFringeQuality:1]]
[2020.06.14-13.31.22:372][  0]LogConfig: Setting CVar [[r.EyeAdaptationQuality:2]]
[2020.06.14-13.31.22:372][  0]LogConfig: Setting CVar [[r.BloomQuality:5]]
[2020.06.14-13.31.22:372][  0]LogConfig: Setting CVar [[r.FastBlurThreshold:100]]
[2020.06.14-13.31.22:372][  0]LogConfig: Setting CVar [[r.Upscale.Quality:3]]
[2020.06.14-13.31.22:372][  0]LogConfig: Setting CVar [[r.Tonemapper.GrainQuantization:1]]
[2020.06.14-13.31.22:372][  0]LogConfig: Setting CVar [[r.LightShaftQuality:1]]
[2020.06.14-13.31.22:373][  0]LogConfig: Setting CVar [[r.Filter.SizeScale:1]]
[2020.06.14-13.31.22:373][  0]LogConfig: Setting CVar [[r.Tonemapper.Quality:5]]
[2020.06.14-13.31.22:373][  0]LogConfig: Setting CVar [[r.DOF.Gather.AccumulatorQuality:1        ; higher gathering accumulator quality]]
[2020.06.14-13.31.22:373][  0]LogConfig: Setting CVar [[r.DOF.Gather.PostfilterMethod:1          ; Median3x3 postfilering method]]
[2020.06.14-13.31.22:373][  0]LogConfig: Setting CVar [[r.DOF.Gather.EnableBokehSettings:0       ; no bokeh simulation when gathering]]
[2020.06.14-13.31.22:373][  0]LogConfig: Setting CVar [[r.DOF.Gather.RingCount:4                 ; medium number of samples when gathering]]
[2020.06.14-13.31.22:373][  0]LogConfig: Setting CVar [[r.DOF.Scatter.ForegroundCompositing:1    ; additive foreground scattering]]
[2020.06.14-13.31.22:373][  0]LogConfig: Setting CVar [[r.DOF.Scatter.BackgroundCompositing:2    ; additive background scattering]]
[2020.06.14-13.31.22:373][  0]LogConfig: Setting CVar [[r.DOF.Scatter.EnableBokehSettings:1      ; bokeh simulation when scattering]]
[2020.06.14-13.31.22:373][  0]LogConfig: Setting CVar [[r.DOF.Scatter.MaxSpriteRatio:0.1         ; only a maximum of 10% of scattered bokeh]]
[2020.06.14-13.31.22:373][  0]LogConfig: Setting CVar [[r.DOF.Recombine.Quality:1                ; cheap slight out of focus]]
[2020.06.14-13.31.22:373][  0]LogConfig: Setting CVar [[r.DOF.Recombine.EnableBokehSettings:0    ; no bokeh simulation on slight out of focus]]
[2020.06.14-13.31.22:373][  0]LogConfig: Setting CVar [[r.DOF.TemporalAAQuality:1                ; more stable temporal accumulation]]
[2020.06.14-13.31.22:373][  0]LogConfig: Setting CVar [[r.DOF.Kernel.MaxForegroundRadius:0.025]]
[2020.06.14-13.31.22:373][  0]LogConfig: Setting CVar [[r.DOF.Kernel.MaxBackgroundRadius:0.025]]
[2020.06.14-13.31.22:373][  0]LogConfig: Applying CVar settings from Section [TextureQuality@3] File [C:/Users/Lenovo/Documents/GitHub/UnrealEngine_Mudassir/Pinball/Saved/Config/Windows/Scalability.ini]
[2020.06.14-13.31.22:373][  0]LogConfig: Setting CVar [[r.Streaming.MipBias:0]]
[2020.06.14-13.31.22:373][  0]LogConfig: Setting CVar [[r.Streaming.AmortizeCPUToGPUCopy:0]]
[2020.06.14-13.31.22:373][  0]LogConfig: Setting CVar [[r.Streaming.MaxNumTexturesToStreamPerFrame:0]]
[2020.06.14-13.31.22:373][  0]LogConfig: Setting CVar [[r.Streaming.Boost:1]]
[2020.06.14-13.31.22:373][  0]LogConfig: Setting CVar [[r.MaxAnisotropy:8]]
[2020.06.14-13.31.22:373][  0]LogConfig: Setting CVar [[r.VT.MaxAnisotropy:8]]
[2020.06.14-13.31.22:373][  0]LogConfig: Setting CVar [[r.Streaming.LimitPoolSizeToVRAM:0]]
[2020.06.14-13.31.22:373][  0]LogConfig: Setting CVar [[r.Streaming.PoolSize:1000]]
[2020.06.14-13.31.22:373][  0]LogConfig: Setting CVar [[r.Streaming.MaxEffectiveScreenSize:0]]
[2020.06.14-13.31.22:373][  0]LogConfig: Applying CVar settings from Section [EffectsQuality@3] File [C:/Users/Lenovo/Documents/GitHub/UnrealEngine_Mudassir/Pinball/Saved/Config/Windows/Scalability.ini]
[2020.06.14-13.31.22:373][  0]LogConfig: Setting CVar [[r.TranslucencyLightingVolumeDim:64]]
[2020.06.14-13.31.22:373][  0]LogConfig: Setting CVar [[r.RefractionQuality:2]]
[2020.06.14-13.31.22:373][  0]LogConfig: Setting CVar [[r.SSR.Quality:3]]
[2020.06.14-13.31.22:373][  0]LogConfig: Setting CVar [[r.SSR.HalfResSceneColor:0]]
[2020.06.14-13.31.22:374][  0]LogConfig: Setting CVar [[r.SceneColorFormat:4]]
[2020.06.14-13.31.22:374][  0]LogConfig: Setting CVar [[r.DetailMode:2]]
[2020.06.14-13.31.22:374][  0]LogConfig: Setting CVar [[r.TranslucencyVolumeBlur:1]]
[2020.06.14-13.31.22:374][  0]LogConfig: Setting CVar [[r.MaterialQualityLevel:1 ; High quality]]
[2020.06.14-13.31.22:374][  0]LogConfig: Setting CVar [[r.SSS.Scale:1]]
[2020.06.14-13.31.22:374][  0]LogConfig: Setting CVar [[r.SSS.SampleSet:2]]
[2020.06.14-13.31.22:374][  0]LogConfig: Setting CVar [[r.SSS.Quality:1]]
[2020.06.14-13.31.22:374][  0]LogConfig: Setting CVar [[r.SSS.HalfRes:0]]
[2020.06.14-13.31.22:374][  0]LogConfig: Setting CVar [[r.SSGI.Quality:3]]
[2020.06.14-13.31.22:374][  0]LogConfig: Setting CVar [[r.EmitterSpawnRateScale:1.0]]
[2020.06.14-13.31.22:374][  0]LogConfig: Setting CVar [[r.ParticleLightQuality:2]]
[2020.06.14-13.31.22:374][  0]LogConfig: Setting CVar [[r.SkyAtmosphere.AerialPerspectiveLUT.FastApplyOnOpaque:1 ; Always have FastSkyLUT 1 in this case to avoid wrong sky]]
[2020.06.14-13.31.22:374][  0]LogConfig: Setting CVar [[r.SkyAtmosphere.AerialPerspectiveLUT.SampleCountPerSlice:1]]
[2020.06.14-13.31.22:374][  0]LogConfig: Setting CVar [[r.SkyAtmosphere.AerialPerspectiveLUT.DepthResolution:16.0]]
[2020.06.14-13.31.22:374][  0]LogConfig: Setting CVar [[r.SkyAtmosphere.FastSkyLUT:1]]
[2020.06.14-13.31.22:374][  0]LogConfig: Setting CVar [[r.SkyAtmosphere.FastSkyLUT.SampleCountMin:4.0]]
[2020.06.14-13.31.22:374][  0]LogConfig: Setting CVar [[r.SkyAtmosphere.FastSkyLUT.SampleCountMax:32.0]]
[2020.06.14-13.31.22:374][  0]LogConfig: Setting CVar [[r.SkyAtmosphere.SampleCountMin:4.0]]
[2020.06.14-13.31.22:374][  0]LogConfig: Setting CVar [[r.SkyAtmosphere.SampleCountMax:32.0]]
[2020.06.14-13.31.22:374][  0]LogConfig: Setting CVar [[r.SkyAtmosphere.TransmittanceLUT.UseSmallFormat:0]]
[2020.06.14-13.31.22:374][  0]LogConfig: Setting CVar [[r.SkyAtmosphere.TransmittanceLUT.SampleCount:10.0]]
[2020.06.14-13.31.22:374][  0]LogConfig: Setting CVar [[r.SkyAtmosphere.MultiScatteringLUT.SampleCount:15.0]]
[2020.06.14-13.31.22:374][  0]LogConfig: Applying CVar settings from Section [FoliageQuality@3] File [C:/Users/Lenovo/Documents/GitHub/UnrealEngine_Mudassir/Pinball/Saved/Config/Windows/Scalability.ini]
[2020.06.14-13.31.22:374][  0]LogConfig: Setting CVar [[foliage.DensityScale:1.0]]
[2020.06.14-13.31.22:374][  0]LogConfig: Setting CVar [[grass.DensityScale:1.0]]
[2020.06.14-13.31.22:374][  0]LogConfig: Applying CVar settings from Section [ShadingQuality@3] File [C:/Users/Lenovo/Documents/GitHub/UnrealEngine_Mudassir/Pinball/Saved/Config/Windows/Scalability.ini]
[2020.06.14-13.31.22:374][  0]LogConfig: Setting CVar [[r.HairStrands.SkyLighting.SampleCount:16]]
[2020.06.14-13.31.22:374][  0]LogConfig: Setting CVar [[r.HairStrands.SkyLighting.JitterIntegration:0]]
[2020.06.14-13.31.22:374][  0]LogConfig: Setting CVar [[r.HairStrands.SkyAO.SampleCount:16]]
[2020.06.14-13.31.22:375][  0]LogConfig: Setting CVar [[r.HairStrands.DeepShadow.SuperSampling:0]]
[2020.06.14-13.31.22:375][  0]LogConfig: Setting CVar [[r.HairStrands.VisibilityPPLL:0]]
[2020.06.14-13.31.22:375][  0]LogConfig: Setting CVar [[r.HairStrands.RasterizationScale:0.5]]
[2020.06.14-13.31.22:375][  0]LogConfig: Setting CVar [[r.HairStrands.VelocityRasterizationScale:1]]
[2020.06.14-13.31.22:375][  0]LogInit: Selected Device Profile: [Windows]
[2020.06.14-13.31.22:375][  0]LogInit: Applying CVar settings loaded from the selected device profile: [Windows]
[2020.06.14-13.31.22:375][  0]LogHAL: Display: Platform has ~ 8 GB [8494747648 / 8589934592 / 8], which maps to Default [LargestMinGB=32, LargerMinGB=12, DefaultMinGB=8, SmallerMinGB=6, SmallestMinGB=0)
[2020.06.14-13.31.22:375][  0]LogInit: Going up to parent DeviceProfile []
[2020.06.14-13.31.22:375][  0]LogConfig: Applying CVar settings from Section [ViewDistanceQuality@3] File [C:/Users/Lenovo/Documents/GitHub/UnrealEngine_Mudassir/Pinball/Saved/Config/Windows/Scalability.ini]
[2020.06.14-13.31.22:375][  0]LogConfig: Setting CVar [[r.SkeletalMeshLODBias:0]]
[2020.06.14-13.31.22:375][  0]LogConfig: Setting CVar [[r.ViewDistanceScale:1.0]]
[2020.06.14-13.31.22:375][  0]LogConfig: Applying CVar settings from Section [AntiAliasingQuality@3] File [C:/Users/Lenovo/Documents/GitHub/UnrealEngine_Mudassir/Pinball/Saved/Config/Windows/Scalability.ini]
[2020.06.14-13.31.22:375][  0]LogConfig: Setting CVar [[r.PostProcessAAQuality:4]]
[2020.06.14-13.31.22:375][  0]LogConfig: Applying CVar settings from Section [ShadowQuality@3] File [C:/Users/Lenovo/Documents/GitHub/UnrealEngine_Mudassir/Pinball/Saved/Config/Windows/Scalability.ini]
[2020.06.14-13.31.22:375][  0]LogConfig: Setting CVar [[r.LightFunctionQuality:1]]
[2020.06.14-13.31.22:375][  0]LogConfig: Setting CVar [[r.ShadowQuality:5]]
[2020.06.14-13.31.22:375][  0]LogConfig: Setting CVar [[r.Shadow.CSM.MaxCascades:10]]
[2020.06.14-13.31.22:375][  0]LogConfig: Setting CVar [[r.Shadow.MaxResolution:2048]]
[2020.06.14-13.31.22:375][  0]LogConfig: Setting CVar [[r.Shadow.MaxCSMResolution:2048]]
[2020.06.14-13.31.22:375][  0]LogConfig: Setting CVar [[r.Shadow.RadiusThreshold:0.01]]
[2020.06.14-13.31.22:375][  0]LogConfig: Setting CVar [[r.Shadow.DistanceScale:1.0]]
[2020.06.14-13.31.22:375][  0]LogConfig: Setting CVar [[r.Shadow.CSM.TransitionScale:1.0]]
[2020.06.14-13.31.22:375][  0]LogConfig: Setting CVar [[r.Shadow.PreShadowResolutionFactor:1.0]]
[2020.06.14-13.31.22:375][  0]LogConfig: Setting CVar [[r.DistanceFieldShadowing:1]]
[2020.06.14-13.31.22:375][  0]LogConfig: Setting CVar [[r.DistanceFieldAO:1]]
[2020.06.14-13.31.22:375][  0]LogConfig: Setting CVar [[r.AOQuality:2]]
[2020.06.14-13.31.22:375][  0]LogConfig: Setting CVar [[r.VolumetricFog:1]]
[2020.06.14-13.31.22:375][  0]LogConfig: Setting CVar [[r.VolumetricFog.GridPixelSize:8]]
[2020.06.14-13.31.22:376][  0]LogConfig: Setting CVar [[r.VolumetricFog.GridSizeZ:128]]
[2020.06.14-13.31.22:376][  0]LogConfig: Setting CVar [[r.VolumetricFog.HistoryMissSupersampleCount:4]]
[2020.06.14-13.31.22:376][  0]LogConfig: Setting CVar [[r.LightMaxDrawDistanceScale:1]]
[2020.06.14-13.31.22:376][  0]LogConfig: Setting CVar [[r.CapsuleShadows:1]]
[2020.06.14-13.31.22:376][  0]LogConfig: Applying CVar settings from Section [PostProcessQuality@3] File [C:/Users/Lenovo/Documents/GitHub/UnrealEngine_Mudassir/Pinball/Saved/Config/Windows/Scalability.ini]
[2020.06.14-13.31.22:376][  0]LogConfig: Setting CVar [[r.MotionBlurQuality:4]]
[2020.06.14-13.31.22:376][  0]LogConfig: Setting CVar [[r.AmbientOcclusionMipLevelFactor:0.4]]
[2020.06.14-13.31.22:376][  0]LogConfig: Setting CVar [[r.AmbientOcclusionMaxQuality:100]]
[2020.06.14-13.31.22:376][  0]LogConfig: Setting CVar [[r.AmbientOcclusionLevels:-1]]
[2020.06.14-13.31.22:376][  0]LogConfig: Setting CVar [[r.AmbientOcclusionRadiusScale:1.0]]
[2020.06.14-13.31.22:376][  0]LogConfig: Setting CVar [[r.DepthOfFieldQuality:2]]
[2020.06.14-13.31.22:376][  0]LogConfig: Setting CVar [[r.RenderTargetPoolMin:400]]
[2020.06.14-13.31.22:376][  0]LogConfig: Setting CVar [[r.LensFlareQuality:2]]
[2020.06.14-13.31.22:376][  0]LogConfig: Setting CVar [[r.SceneColorFringeQuality:1]]
[2020.06.14-13.31.22:376][  0]LogConfig: Setting CVar [[r.EyeAdaptationQuality:2]]
[2020.06.14-13.31.22:376][  0]LogConfig: Setting CVar [[r.BloomQuality:5]]
[2020.06.14-13.31.22:376][  0]LogConfig: Setting CVar [[r.FastBlurThreshold:100]]
[2020.06.14-13.31.22:376][  0]LogConfig: Setting CVar [[r.Upscale.Quality:3]]
[2020.06.14-13.31.22:376][  0]LogConfig: Setting CVar [[r.Tonemapper.GrainQuantization:1]]
[2020.06.14-13.31.22:376][  0]LogConfig: Setting CVar [[r.LightShaftQuality:1]]
[2020.06.14-13.31.22:376][  0]LogConfig: Setting CVar [[r.Filter.SizeScale:1]]
[2020.06.14-13.31.22:376][  0]LogConfig: Setting CVar [[r.Tonemapper.Quality:5]]
[2020.06.14-13.31.22:376][  0]LogConfig: Setting CVar [[r.DOF.Gather.AccumulatorQuality:1        ; higher gathering accumulator quality]]
[2020.06.14-13.31.22:376][  0]LogConfig: Setting CVar [[r.DOF.Gather.PostfilterMethod:1          ; Median3x3 postfilering method]]
[2020.06.14-13.31.22:376][  0]LogConfig: Setting CVar [[r.DOF.Gather.EnableBokehSettings:0       ; no bokeh simulation when gathering]]
[2020.06.14-13.31.22:376][  0]LogConfig: Setting CVar [[r.DOF.Gather.RingCount:4                 ; medium number of samples when gathering]]
[2020.06.14-13.31.22:376][  0]LogConfig: Setting CVar [[r.DOF.Scatter.ForegroundCompositing:1    ; additive foreground scattering]]
[2020.06.14-13.31.22:376][  0]LogConfig: Setting CVar [[r.DOF.Scatter.BackgroundCompositing:2    ; additive background scattering]]
[2020.06.14-13.31.22:376][  0]LogConfig: Setting CVar [[r.DOF.Scatter.EnableBokehSettings:1      ; bokeh simulation when scattering]]
[2020.06.14-13.31.22:376][  0]LogConfig: Setting CVar [[r.DOF.Scatter.MaxSpriteRatio:0.1         ; only a maximum of 10% of scattered bokeh]]
[2020.06.14-13.31.22:376][  0]LogConfig: Setting CVar [[r.DOF.Recombine.Quality:1                ; cheap slight out of focus]]
[2020.06.14-13.31.22:376][  0]LogConfig: Setting CVar [[r.DOF.Recombine.EnableBokehSettings:0    ; no bokeh simulation on slight out of focus]]
[2020.06.14-13.31.22:377][  0]LogConfig: Setting CVar [[r.DOF.TemporalAAQuality:1                ; more stable temporal accumulation]]
[2020.06.14-13.31.22:377][  0]LogConfig: Setting CVar [[r.DOF.Kernel.MaxForegroundRadius:0.025]]
[2020.06.14-13.31.22:377][  0]LogConfig: Setting CVar [[r.DOF.Kernel.MaxBackgroundRadius:0.025]]
[2020.06.14-13.31.22:377][  0]LogConfig: Applying CVar settings from Section [TextureQuality@3] File [C:/Users/Lenovo/Documents/GitHub/UnrealEngine_Mudassir/Pinball/Saved/Config/Windows/Scalability.ini]
[2020.06.14-13.31.22:377][  0]LogConfig: Setting CVar [[r.Streaming.MipBias:0]]
[2020.06.14-13.31.22:377][  0]LogConfig: Setting CVar [[r.Streaming.AmortizeCPUToGPUCopy:0]]
[2020.06.14-13.31.22:377][  0]LogConfig: Setting CVar [[r.Streaming.MaxNumTexturesToStreamPerFrame:0]]
[2020.06.14-13.31.22:377][  0]LogConfig: Setting CVar [[r.Streaming.Boost:1]]
[2020.06.14-13.31.22:377][  0]LogConfig: Setting CVar [[r.MaxAnisotropy:8]]
[2020.06.14-13.31.22:377][  0]LogConfig: Setting CVar [[r.VT.MaxAnisotropy:8]]
[2020.06.14-13.31.22:377][  0]LogConfig: Setting CVar [[r.Streaming.LimitPoolSizeToVRAM:0]]
[2020.06.14-13.31.22:377][  0]LogConfig: Setting CVar [[r.Streaming.PoolSize:1000]]
[2020.06.14-13.31.22:377][  0]LogConfig: Setting CVar [[r.Streaming.MaxEffectiveScreenSize:0]]
[2020.06.14-13.31.22:377][  0]LogConfig: Applying CVar settings from Section [EffectsQuality@3] File [C:/Users/Lenovo/Documents/GitHub/UnrealEngine_Mudassir/Pinball/Saved/Config/Windows/Scalability.ini]
[2020.06.14-13.31.22:377][  0]LogConfig: Setting CVar [[r.TranslucencyLightingVolumeDim:64]]
[2020.06.14-13.31.22:377][  0]LogConfig: Setting CVar [[r.RefractionQuality:2]]
[2020.06.14-13.31.22:377][  0]LogConfig: Setting CVar [[r.SSR.Quality:3]]
[2020.06.14-13.31.22:377][  0]LogConfig: Setting CVar [[r.SSR.HalfResSceneColor:0]]
[2020.06.14-13.31.22:377][  0]LogConfig: Setting CVar [[r.SceneColorFormat:4]]
[2020.06.14-13.31.22:377][  0]LogConfig: Setting CVar [[r.DetailMode:2]]
[2020.06.14-13.31.22:377][  0]LogConfig: Setting CVar [[r.TranslucencyVolumeBlur:1]]
[2020.06.14-13.31.22:377][  0]LogConfig: Setting CVar [[r.MaterialQualityLevel:1 ; High quality]]
[2020.06.14-13.31.22:377][  0]LogConfig: Setting CVar [[r.SSS.Scale:1]]
[2020.06.14-13.31.22:377][  0]LogConfig: Setting CVar [[r.SSS.SampleSet:2]]
[2020.06.14-13.31.22:377][  0]LogConfig: Setting CVar [[r.SSS.Quality:1]]
[2020.06.14-13.31.22:377][  0]LogConfig: Setting CVar [[r.SSS.HalfRes:0]]
[2020.06.14-13.31.22:377][  0]LogConfig: Setting CVar [[r.SSGI.Quality:3]]
[2020.06.14-13.31.22:377][  0]LogConfig: Setting CVar [[r.EmitterSpawnRateScale:1.0]]
[2020.06.14-13.31.22:377][  0]LogConfig: Setting CVar [[r.ParticleLightQuality:2]]
[2020.06.14-13.31.22:377][  0]LogConfig: Setting CVar [[r.SkyAtmosphere.AerialPerspectiveLUT.FastApplyOnOpaque:1 ; Always have FastSkyLUT 1 in this case to avoid wrong sky]]
[2020.06.14-13.31.22:377][  0]LogConfig: Setting CVar [[r.SkyAtmosphere.AerialPerspectiveLUT.SampleCountPerSlice:1]]
[2020.06.14-13.31.22:377][  0]LogConfig: Setting CVar [[r.SkyAtmosphere.AerialPerspectiveLUT.DepthResolution:16.0]]
[2020.06.14-13.31.22:377][  0]LogConfig: Setting CVar [[r.SkyAtmosphere.FastSkyLUT:1]]
[2020.06.14-13.31.22:377][  0]LogConfig: Setting CVar [[r.SkyAtmosphere.FastSkyLUT.SampleCountMin:4.0]]
[2020.06.14-13.31.22:378][  0]LogConfig: Setting CVar [[r.SkyAtmosphere.FastSkyLUT.SampleCountMax:32.0]]
[2020.06.14-13.31.22:378][  0]LogConfig: Setting CVar [[r.SkyAtmosphere.SampleCountMin:4.0]]
[2020.06.14-13.31.22:378][  0]LogConfig: Setting CVar [[r.SkyAtmosphere.SampleCountMax:32.0]]
[2020.06.14-13.31.22:378][  0]LogConfig: Setting CVar [[r.SkyAtmosphere.TransmittanceLUT.UseSmallFormat:0]]
[2020.06.14-13.31.22:378][  0]LogConfig: Setting CVar [[r.SkyAtmosphere.TransmittanceLUT.SampleCount:10.0]]
[2020.06.14-13.31.22:378][  0]LogConfig: Setting CVar [[r.SkyAtmosphere.MultiScatteringLUT.SampleCount:15.0]]
[2020.06.14-13.31.22:378][  0]LogConfig: Applying CVar settings from Section [FoliageQuality@3] File [C:/Users/Lenovo/Documents/GitHub/UnrealEngine_Mudassir/Pinball/Saved/Config/Windows/Scalability.ini]
[2020.06.14-13.31.22:378][  0]LogConfig: Setting CVar [[foliage.DensityScale:1.0]]
[2020.06.14-13.31.22:378][  0]LogConfig: Setting CVar [[grass.DensityScale:1.0]]
[2020.06.14-13.31.22:378][  0]LogConfig: Applying CVar settings from Section [ShadingQuality@3] File [C:/Users/Lenovo/Documents/GitHub/UnrealEngine_Mudassir/Pinball/Saved/Config/Windows/Scalability.ini]
[2020.06.14-13.31.22:378][  0]LogConfig: Setting CVar [[r.HairStrands.SkyLighting.SampleCount:16]]
[2020.06.14-13.31.22:378][  0]LogConfig: Setting CVar [[r.HairStrands.SkyLighting.JitterIntegration:0]]
[2020.06.14-13.31.22:378][  0]LogConfig: Setting CVar [[r.HairStrands.SkyAO.SampleCount:16]]
[2020.06.14-13.31.22:378][  0]LogConfig: Setting CVar [[r.HairStrands.DeepShadow.SuperSampling:0]]
[2020.06.14-13.31.22:378][  0]LogConfig: Setting CVar [[r.HairStrands.VisibilityPPLL:0]]
[2020.06.14-13.31.22:378][  0]LogConfig: Setting CVar [[r.HairStrands.RasterizationScale:0.5]]
[2020.06.14-13.31.22:378][  0]LogConfig: Setting CVar [[r.HairStrands.VelocityRasterizationScale:1]]
[2020.06.14-13.31.22:378][  0]LogConfig: Applying CVar settings from Section [Startup] File [../../../Engine/Config/ConsoleVariables.ini]
[2020.06.14-13.31.22:378][  0]LogConfig: Setting CVar [[net.UseAdaptiveNetUpdateFrequency:0]]
[2020.06.14-13.31.22:379][  0]LogConfig: Setting CVar [[p.chaos.AllowCreatePhysxBodies:1]]
[2020.06.14-13.31.22:379][  0]LogConfig: Setting CVar [[fx.SkipVectorVMBackendOptimizations:1]]
[2020.06.14-13.31.22:379][  0]LogConfig: Applying CVar settings from Section [ConsoleVariables] File [C:/Users/Lenovo/Documents/GitHub/UnrealEngine_Mudassir/Pinball/Saved/Config/Windows/Engine.ini]
[2020.06.14-13.31.22:379][  0]LogInit: Computer: DESKTOP-0GI6FT0
[2020.06.14-13.31.22:379][  0]LogInit: User: Lenovo
[2020.06.14-13.31.22:379][  0]LogInit: CPU Page size=4096, Cores=4
[2020.06.14-13.31.22:379][  0]LogInit: High frequency timer resolution =10.000000 MHz
[2020.06.14-13.31.22:379][  0]LogMemory: Memory total: Physical=7.9GB (8GB approx)
[2020.06.14-13.31.22:379][  0]LogMemory: Platform Memory Stats for Windows
[2020.06.14-13.31.22:379][  0]LogMemory: Process Physical Memory: 113.40 MB used, 113.41 MB peak
[2020.06.14-13.31.22:379][  0]LogMemory: Process Virtual Memory: 96.29 MB used, 96.30 MB peak
[2020.06.14-13.31.22:379][  0]LogMemory: Physical Memory: 5949.07 MB used,  2152.16 MB free, 8101.22 MB total
[2020.06.14-13.31.22:379][  0]LogMemory: Virtual Memory: 5109.76 MB used,  134212616.00 MB free, 134217728.00 MB total
[2020.06.14-13.31.22:386][  0]LogWindows: WindowsPlatformFeatures enabled
[2020.06.14-13.31.22:430][  0]LogInit: Physics initialised using underlying interface: PhysX
[2020.06.14-13.31.22:431][  0]LogInit: Using OS detected language (en-US).
[2020.06.14-13.31.22:431][  0]LogInit: Using OS detected locale (en-US).
[2020.06.14-13.31.22:441][  0]LogTextLocalizationManager: No specific localization for 'en-US' exists, so the 'en' localization will be used.
[2020.06.14-13.31.22:801][  0]LogInit: Setting process to per monitor DPI aware
[2020.06.14-13.31.22:851][  0]LogSlate: New Slate User Created.  User Index 0, Is Virtual User: 0
[2020.06.14-13.31.22:851][  0]LogSlate: Slate User Registered.  User Index 0, Is Virtual User: 0
[2020.06.14-13.31.23:244][  0]LogHMD: Failed to initialize OpenVR with code 110
[2020.06.14-13.31.23:244][  0]LogD3D11RHI: D3D11 min allowed feature level: 11_0
[2020.06.14-13.31.23:244][  0]LogD3D11RHI: D3D11 max allowed feature level: 11_0
[2020.06.14-13.31.23:244][  0]LogD3D11RHI: D3D11 adapters:
[2020.06.14-13.31.23:322][  0]LogD3D11RHI:    0. 'NVIDIA GeForce MX150' (Feature Level 11_0)
[2020.06.14-13.31.23:322][  0]LogD3D11RHI:       1983/0/4050 MB DedicatedVideo/DedicatedSystem/SharedSystem, Outputs:1, VendorId:0x10de
[2020.06.14-13.31.23:543][  0]LogD3D11RHI:    1. 'Intel(R) UHD Graphics 620' (Feature Level 11_0)
[2020.06.14-13.31.23:543][  0]LogD3D11RHI:       128/0/4050 MB DedicatedVideo/DedicatedSystem/SharedSystem, Outputs:0, VendorId:0x8086
[2020.06.14-13.31.23:547][  0]LogD3D11RHI:    2. 'Microsoft Basic Render Driver' (Feature Level 11_0)
[2020.06.14-13.31.23:547][  0]LogD3D11RHI:       0/0/4050 MB DedicatedVideo/DedicatedSystem/SharedSystem, Outputs:0, VendorId:0x1414
[2020.06.14-13.31.23:547][  0]LogD3D11RHI: Chosen D3D11 Adapter: 0
[2020.06.14-13.31.23:617][  0]LogD3D11RHI: Creating new Direct3DDevice
[2020.06.14-13.31.23:618][  0]LogD3D11RHI:     GPU DeviceId: 0x1d10 (for the marketing name, search the web for "GPU Device Id")
[2020.06.14-13.31.23:618][  0]LogWindows: EnumDisplayDevices:
[2020.06.14-13.31.23:618][  0]LogWindows:    0. 'Intel(R) UHD Graphics 620' (P:1 D:1)
[2020.06.14-13.31.23:618][  0]LogWindows:    1. 'Intel(R) UHD Graphics 620' (P:0 D:0)
[2020.06.14-13.31.23:619][  0]LogWindows:    2. 'Intel(R) UHD Graphics 620' (P:0 D:0)
[2020.06.14-13.31.23:619][  0]LogWindows: DebugString: PrimaryIsNotTheChoosenAdapter PrimaryIsNotTheChoosenAdapter PrimaryIsNotTheChoosenAdapter FoundDriverCount:0 
[2020.06.14-13.31.23:619][  0]LogD3D11RHI:     Adapter Name: NVIDIA GeForce MX150
[2020.06.14-13.31.23:619][  0]LogD3D11RHI:   Driver Version: Unknown (internal:Unknown, unified:Unknown)
[2020.06.14-13.31.23:619][  0]LogD3D11RHI:      Driver Date: Unknown
[2020.06.14-13.31.23:619][  0]LogRHI: Texture pool is 1388 MB (70% of 1983 MB)
[2020.06.14-13.31.23:669][  0]LogD3D11RHI: RHI has support for 64 bit atomics
[2020.06.14-13.31.23:671][  0]LogD3D11RHI: [Aftermath] Enabled and primed
[2020.06.14-13.31.23:671][  0]LogD3D11RHI: Async texture creation enabled
[2020.06.14-13.31.23:671][  0]LogD3D11RHI: Array index from any shader is supported
[2020.06.14-13.31.23:697][  0]LogD3D11RHI: GPU Timing Frequency: 1000.000000 (Debug: 2 2)
[2020.06.14-13.31.25:211][  0]LogTargetPlatformManager: Display: Loaded TargetPlatform 'AllDesktop'
[2020.06.14-13.31.25:240][  0]LogTargetPlatformManager: Display: Loaded TargetPlatform 'Android'
[2020.06.14-13.31.25:240][  0]LogTargetPlatformManager: Display: Loaded TargetPlatform 'Android_ASTC'
[2020.06.14-13.31.25:240][  0]LogTargetPlatformManager: Display: Loaded TargetPlatform 'Android_DXT'
[2020.06.14-13.31.25:240][  0]LogTargetPlatformManager: Display: Loaded TargetPlatform 'Android_ETC2'
[2020.06.14-13.31.25:240][  0]LogTargetPlatformManager: Display: Loaded TargetPlatform 'AndroidClient'
[2020.06.14-13.31.25:240][  0]LogTargetPlatformManager: Display: Loaded TargetPlatform 'Android_ASTCClient'
[2020.06.14-13.31.25:240][  0]LogTargetPlatformManager: Display: Loaded TargetPlatform 'Android_DXTClient'
[2020.06.14-13.31.25:240][  0]LogTargetPlatformManager: Display: Loaded TargetPlatform 'Android_ETC2Client'
[2020.06.14-13.31.25:240][  0]LogTargetPlatformManager: Display: Loaded TargetPlatform 'Android_Multi'
[2020.06.14-13.31.25:240][  0]LogTargetPlatformManager: Display: Loaded TargetPlatform 'Android_MultiClient'
[2020.06.14-13.31.25:270][  0]LogTargetPlatformManager: Display: Loaded TargetPlatform 'IOSClient'
[2020.06.14-13.31.25:270][  0]LogTargetPlatformManager: Display: Loaded TargetPlatform 'IOS'
[2020.06.14-13.31.25:283][  0]LogTargetPlatformManager: Display: Loaded TargetPlatform 'Linux'
[2020.06.14-13.31.25:295][  0]LogTargetPlatformManager: Display: Loaded TargetPlatform 'LinuxNoEditor'
[2020.06.14-13.31.25:307][  0]LogTargetPlatformManager: Display: Loaded TargetPlatform 'LinuxClient'
[2020.06.14-13.31.25:319][  0]LogTargetPlatformManager: Display: Loaded TargetPlatform 'LinuxServer'
[2020.06.14-13.31.25:330][  0]LogTargetPlatformManager: Display: Loaded TargetPlatform 'LinuxAArch64NoEditor'
[2020.06.14-13.31.25:342][  0]LogTargetPlatformManager: Display: Loaded TargetPlatform 'LinuxAArch64Client'
[2020.06.14-13.31.25:354][  0]LogTargetPlatformManager: Display: Loaded TargetPlatform 'LinuxAArch64Server'
[2020.06.14-13.31.25:386][  0]LogTargetPlatformManager: Display: Loaded TargetPlatform 'Lumin'
[2020.06.14-13.31.25:386][  0]LogTargetPlatformManager: Display: Loaded TargetPlatform 'LuminClient'
[2020.06.14-13.31.25:405][  0]LogTargetPlatformManager: Display: Loaded TargetPlatform 'TVOSClient'
[2020.06.14-13.31.25:405][  0]LogTargetPlatformManager: Display: Loaded TargetPlatform 'TVOS'
[2020.06.14-13.31.25:416][  0]LogTargetPlatformManager: Display: Loaded TargetPlatform 'WindowsNoEditor'
[2020.06.14-13.31.25:429][  0]LogTargetPlatformManager: Display: Loaded TargetPlatform 'Windows'
[2020.06.14-13.31.25:440][  0]LogTargetPlatformManager: Display: Loaded TargetPlatform 'WindowsClient'
[2020.06.14-13.31.25:451][  0]LogTargetPlatformManager: Display: Loaded TargetPlatform 'WindowsServer'
[2020.06.14-13.31.25:451][  0]LogTargetPlatformManager: Display: Building Assets For Windows
[2020.06.14-13.31.25:461][  0]LogAudioDebug: Display: Lib vorbis DLL was dynamically loaded.
[2020.06.14-13.31.25:543][  0]LogShaderCompilers: Guid format shader working directory is -30 characters bigger than the processId version (../../../../../../Users/Lenovo/Documents/GitHub/UnrealEngine_Mudassir/Pinball/Intermediate/Shaders/WorkingDirectory/9544/).
[2020.06.14-13.31.25:543][  0]LogShaderCompilers: Cleaned the shader compiler working directory 'C:/Users/Lenovo/AppData/Local/Temp/UnrealShaderWorkingDir/4A2FD1B94D78D3DF1CB046AB0B70C363/'.
[2020.06.14-13.31.25:544][  0]LogXGEController: Cannot use XGE Controller as Incredibuild is not installed on this machine.
[2020.06.14-13.31.25:544][  0]LogShaderCompilers: Cannot use XGE Shader Compiler as Incredibuild is not installed on this machine.
[2020.06.14-13.31.25:544][  0]LogShaderCompilers: Display: Using Local Shader Compiler.
[2020.06.14-13.31.27:266][  0]LogDerivedDataCache: Display: Max Cache Size: 512 MB
[2020.06.14-13.31.27:403][  0]LogDerivedDataCache: Loaded boot cache 0.14s 104MB C:/Users/Lenovo/AppData/Local/UnrealEngine/4.25/DerivedDataCache/Boot.ddc.
[2020.06.14-13.31.27:403][  0]LogDerivedDataCache: Display: Loaded Boot cache: C:/Users/Lenovo/AppData/Local/UnrealEngine/4.25/DerivedDataCache/Boot.ddc
[2020.06.14-13.31.27:404][  0]LogDerivedDataCache: FDerivedDataBackendGraph:  Pak pak cache file ../../../../../../Users/Lenovo/Documents/GitHub/UnrealEngine_Mudassir/Pinball/DerivedDataCache/DDC.ddp not found, will not use a pak cache.
[2020.06.14-13.31.27:404][  0]LogDerivedDataCache: Unable to find inner node Pak for hierarchical cache Hierarchy.
[2020.06.14-13.31.27:404][  0]LogDerivedDataCache: FDerivedDataBackendGraph:  CompressedPak pak cache file ../../../../../../Users/Lenovo/Documents/GitHub/UnrealEngine_Mudassir/Pinball/DerivedDataCache/Compressed.ddp not found, will not use a pak cache.
[2020.06.14-13.31.27:404][  0]LogDerivedDataCache: Unable to find inner node CompressedPak for hierarchical cache Hierarchy.
[2020.06.14-13.31.27:427][  0]LogDerivedDataCache: Display: Pak cache opened for reading ../../../Engine/DerivedDataCache/Compressed.ddp.
[2020.06.14-13.31.27:427][  0]LogDerivedDataCache: FDerivedDataBackendGraph:  EnterprisePak pak cache file ../../../Enterprise/DerivedDataCache/Compressed.ddp not found, will not use a pak cache.
[2020.06.14-13.31.27:427][  0]LogDerivedDataCache: Unable to find inner node EnterprisePak for hierarchical cache Hierarchy.
[2020.06.14-13.31.27:429][  0]LogDerivedDataCache: Using Local data cache path C:/Users/Lenovo/AppData/Local/UnrealEngine/Common/DerivedDataCache: Writable
[2020.06.14-13.31.27:430][  0]LogDerivedDataCache: Shared data cache path not found in *engine.ini, will not use an Shared cache.
[2020.06.14-13.31.27:430][  0]LogDerivedDataCache: Unable to find inner node Shared for hierarchical cache Hierarchy.
[2020.06.14-13.31.27:603][  0]LogSlate: Using FreeType 2.10.0
[2020.06.14-13.31.27:604][  0]LogSlate: SlateFontServices - WITH_FREETYPE: 1, WITH_HARFBUZZ: 1
[2020.06.14-13.31.27:666][  0]LogAssetRegistry: FAssetRegistry took 0.0057 seconds to start up
[2020.06.14-13.31.28:253][  0]LogInit: Selected Device Profile: [Windows]
[2020.06.14-13.31.28:606][  0]LogMeshReduction: Using QuadricMeshReduction for automatic static mesh reduction
[2020.06.14-13.31.28:606][  0]LogMeshReduction: Using SimplygonMeshReduction for automatic skeletal mesh reduction
[2020.06.14-13.31.28:606][  0]LogMeshReduction: Using ProxyLODMeshReduction for automatic mesh merging
[2020.06.14-13.31.28:606][  0]LogMeshReduction: No distributed automatic mesh merging module available
[2020.06.14-13.31.28:606][  0]LogMeshMerging: No distributed automatic mesh merging module available
[2020.06.14-13.31.28:640][  0]LogNetVersion: Pinball 1.0.0, NetCL: 13144385, EngineNetVer: 14, GameNetVer: 0 (Checksum: 2258170969)
[2020.06.14-13.31.29:437][  0]LogAISub: UAISubsystem::UAISubsystem AISubsystem (000002D0F5B83B80), frame # 0
[2020.06.14-13.31.29:437][  0]LogAISub: UAISubsystem::UAISubsystem AIPerceptionSystem (000002D0F5B9AAC0), frame # 0
[2020.06.14-13.31.29:438][  0]LogAISub: UAISubsystem::UAISubsystem EnvQueryManager (000002D0F4CEA200), frame # 0
[2020.06.14-13.31.29:557][  0]LogPackageLocalizationCache: Processed 19 localized package path(s) for 1 prioritized culture(s) in 0.110703 seconds
[2020.06.14-13.31.29:562][  0]LogUObjectArray: 15917 objects as part of root set at end of initial load.
[2020.06.14-13.31.29:562][  0]LogUObjectAllocator: 3965568 out of 0 bytes used by permanent object pool.
[2020.06.14-13.31.29:563][  0]LogUObjectArray: CloseDisregardForGC: 0/0 objects in disregard for GC pool
[2020.06.14-13.31.29:983][  0]LogTcpMessaging: Initializing TcpMessaging bridge
[2020.06.14-13.31.29:988][  0]LogUdpMessaging: Initializing bridge on interface 0.0.0.0:0 to multicast group 230.0.0.1:6666.
[2020.06.14-13.31.30:092][  0]SourceControl: Source control is disabled
[2020.06.14-13.31.30:092][  0]SourceControl: Source control is disabled
[2020.06.14-13.31.30:097][  0]SourceControl: Source control is disabled
[2020.06.14-13.31.30:100][  0]SourceControl: Source control is disabled
[2020.06.14-13.31.30:108][  0]SourceControl: Source control is disabled
[2020.06.14-13.31.30:125][  0]LogVSAccessor: Display: Unable to create Visual Studio setup instance: 80040154
[2020.06.14-13.31.30:126][  0]LogVSAccessor: Display: Unable to create Visual Studio setup instance: 80040154
[2020.06.14-13.31.30:468][  0]LogAndroidPermission: UAndroidPermissionCallbackProxy::GetInstance
[2020.06.14-13.31.30:507][  0]LogAudioCaptureCore: Display: No Audio Capture implementations found. Audio input will be silent.
[2020.06.14-13.31.30:507][  0]LogAudioCaptureCore: Display: No Audio Capture implementations found. Audio input will be silent.
[2020.06.14-13.31.30:591][  0]LogOcInput: OculusInput pre-init called
[2020.06.14-13.31.30:604][  0]LogWindows: Failed to load 'OVRPlugin.dll' (GetLastError=126)
[2020.06.14-13.31.30:604][  0]LogWindows: File 'OVRPlugin.dll' does not exist
[2020.06.14-13.31.30:681][  0]LogEngine: Initializing Engine...
[2020.06.14-13.31.30:682][  0]LogHMD: Failed to initialize OpenVR with code 110
[2020.06.14-13.31.30:682][  0]LogMagicLeap: Warning: VR disabled because ZI is not enabled.  To enable, in the editor, Edit -> Project Settings -> Plugins -> Magic Leap Plugin -> Enable Zero Iteration
[2020.06.14-13.31.30:684][  0]LogStats: UGameplayTagsManager::InitializeManager -  0.000 s
[2020.06.14-13.31.30:853][  0]LogInit: Initializing FReadOnlyCVARCache
[2020.06.14-13.31.30:861][  0]LogAIModule: Creating AISystem for world Untitled
[2020.06.14-13.31.30:861][  0]LogAISub: UAISubsystem::UAISubsystem EnvQueryManager (000002D0DA4BD200), frame # 0
[2020.06.14-13.31.30:861][  0]LogAISub: UAISubsystem::UAISubsystem AIPerceptionSystem (000002D0DA4E5080), frame # 0
[2020.06.14-13.31.30:888][  0]LogAudioMixer: Display: Audio Mixer Platform Settings:
[2020.06.14-13.31.30:888][  0]LogAudioMixer: Display: 	Sample Rate:						  48000
[2020.06.14-13.31.30:888][  0]LogAudioMixer: Display: 	Callback Buffer Frame Size Requested: 1024
[2020.06.14-13.31.30:888][  0]LogAudioMixer: Display: 	Callback Buffer Frame Size To Use:	  1024
[2020.06.14-13.31.30:888][  0]LogAudioMixer: Display: 	Number of buffers to queue:			  2
[2020.06.14-13.31.30:888][  0]LogAudioMixer: Display: 	Max Channels (voices):				  32
[2020.06.14-13.31.30:888][  0]LogAudioMixer: Display: 	Number of Async Source Workers:		  0
[2020.06.14-13.31.30:888][  0]LogAudio: Display: AudioDevice MaxSources: 32
[2020.06.14-13.31.30:889][  0]LogAudio: Display: Using built-in audio occlusion.
[2020.06.14-13.31.30:889][  0]LogAudioMixer: Display: Initializing audio mixer.
[2020.06.14-13.31.30:906][  0]LogAudioMixer: Display: 0: FrontLeft
[2020.06.14-13.31.30:906][  0]LogAudioMixer: Display: 1: FrontRight
[2020.06.14-13.31.31:764][  0]LogAudioMixer: Display: Using Audio Device Speakers (2- Realtek High Definition Audio)
[2020.06.14-13.31.31:766][  0]LogAudioMixer: Display: Initializing Sound Submixes...
[2020.06.14-13.31.31:771][  0]LogAudioMixer: Display: Creating Master Submix 'MasterSubmixDefault'
[2020.06.14-13.31.31:771][  0]LogAudioMixer: Display: Creating Master Submix 'MasterReverbSubmixDefault'
[2020.06.14-13.31.31:773][  0]LogAudioMixer: Display: Creating Master Submix 'MasterEQSubmixDefault'
[2020.06.14-13.31.31:775][  0]LogInit: FAudioDevice initialized.
[2020.06.14-13.31.31:776][  0]LogNetVersion: Set ProjectVersion to 1.0.0.0. Version Checksum will be recalculated on next use.
[2020.06.14-13.31.34:145][  0]LogDerivedDataCache: Saved boot cache 2.37s 104MB C:/Users/Lenovo/AppData/Local/UnrealEngine/4.25/DerivedDataCache/Boot.ddc.
[2020.06.14-13.31.34:148][  0]LogInit: Texture streaming: Enabled
[2020.06.14-13.31.34:192][  0]LogEngineSessionManager: EngineSessionManager initialized
[2020.06.14-13.31.34:193][  0]LogEditorSessionSummary: Verbose: Initializing EditorSessionSummaryWriter for editor session tracking
[2020.06.14-13.31.34:217][  0]LogEditorSessionSummary: EditorSessionSummaryWriter initialized
[2020.06.14-13.31.34:329][  0]LogInit: Transaction tracking system initialized
[2020.06.14-13.31.34:388][  0]BlueprintLog: New page: Editor Load
[2020.06.14-13.31.34:563][  0]LocalizationService: Localization service is disabled
[2020.06.14-13.31.34:774][  0]LogVSAccessor: Display: Unable to create Visual Studio setup instance: 80040154
[2020.06.14-13.31.34:776][  0]LogVSAccessor: Display: Unable to create Visual Studio setup instance: 80040154
[2020.06.14-13.31.34:905][  0]LogCook: Display: Max memory allowance for cook 16384mb min free memory 0mb
[2020.06.14-13.31.34:906][  0]LogCook: Display: Mobile HDR setting 1
[2020.06.14-13.31.34:944][  0]LogFileCache: Scanning file cache for directory 'C:/Users/Lenovo/Documents/GitHub/UnrealEngine_Mudassir/Pinball/Content/' took 0.00s
[2020.06.14-13.31.34:945][  0]LogLinker: Warning: Failed to load '/Engine/BasicShapes/Cube': Can't find file.
[2020.06.14-13.31.34:945][  0]LogLinker: Warning: Failed to load '/Engine/BasicShapes/Cube': Can't find file.
[2020.06.14-13.31.34:945][  0]LogUObjectGlobals: Warning: Failed to find object 'StaticMesh /Engine/BasicShapes/Cube.Cube'
[2020.06.14-13.31.35:310][  0]SourceControl: Source control is disabled
[2020.06.14-13.31.35:310][  0]LogUnrealEdMisc: Loading editor; pre map load, took 18.115
[2020.06.14-13.31.35:310][  0]Cmd: MAP LOAD FILE="../../../Engine/Content/Maps/Templates/Template_Default.umap" TEMPLATE=1 SHOWPROGRESS=1 FEATURELEVEL=3
[2020.06.14-13.31.35:311][  0]LightingResults: New page: Lighting Build
[2020.06.14-13.31.35:312][  0]LogWorld: UWorld::CleanupWorld for Untitled, bSessionEnded=true, bCleanupResources=true
[2020.06.14-13.31.35:312][  0]LogSlate: InvalidateAllWidgets triggered.  All widgets were invalidated
[2020.06.14-13.31.35:312][  0]MapCheck: New page: Map Check
[2020.06.14-13.31.35:312][  0]LightingResults: New page: Lighting Build
[2020.06.14-13.31.35:322][  0]LogAISub: UAISubsystem::~UAISubsystem EnvQueryManager (000002D0DA4BD200), frame # 0
[2020.06.14-13.31.35:322][  0]LogAISub: UAISubsystem::~UAISubsystem AIPerceptionSystem (000002D0DA4E5080), frame # 0
[2020.06.14-13.31.35:323][  0]LogUObjectHash: Compacting FUObjectHashTables data took   1.11ms
[2020.06.14-13.31.35:406][  0]LogAIModule: Creating AISystem for world Untitled_1
[2020.06.14-13.31.35:406][  0]LogAISub: UAISubsystem::UAISubsystem EnvQueryManager (000002D08132FE00), frame # 0
[2020.06.14-13.31.35:406][  0]LogAISub: UAISubsystem::UAISubsystem AIPerceptionSystem (000002D0814AA340), frame # 0
[2020.06.14-13.31.35:411][  0]LogEditorServer: Finished looking for orphan Actors (0.000 secs)
[2020.06.14-13.31.35:421][  0]LogUObjectHash: Compacting FUObjectHashTables data took   0.71ms
[2020.06.14-13.31.35:422][  0]Cmd: MAP CHECKDEP NOCLEARLOG
[2020.06.14-13.31.35:422][  0]MapCheck: Map check complete: 0 Error(s), 0 Warning(s), took 0.162ms to complete.
[2020.06.14-13.31.35:422][  0]LogFileHelpers: Loading map 'Template_Default' took 0.112
[2020.06.14-13.31.35:424][  0]LogUnrealEdMisc: Total Editor Startup Time, took 18.229
[2020.06.14-13.31.35:561][  0]LogSlate: Updating window title bar state: overlay mode, drag disabled, window buttons hidden, title bar hidden
[2020.06.14-13.31.35:569][  0]LogSlate: Updating window title bar state: overlay mode, drag disabled, window buttons hidden, title bar hidden
[2020.06.14-13.31.35:582][  0]LogSlate: Updating window title bar state: overlay mode, drag disabled, window buttons hidden, title bar hidden
[2020.06.14-13.31.35:592][  0]LogSlate: Updating window title bar state: overlay mode, drag disabled, window buttons hidden, title bar hidden
[2020.06.14-13.31.35:607][  0]LogCollectionManager: Loaded 0 collections in 0.003201 seconds
[2020.06.14-13.31.35:621][  0]LogFileCache: Scanning file cache for directory 'C:/Users/Lenovo/Documents/GitHub/UnrealEngine_Mudassir/Pinball/Saved/Collections/' took 0.00s
[2020.06.14-13.31.35:621][  0]LogFileCache: Scanning file cache for directory 'C:/Users/Lenovo/Documents/GitHub/UnrealEngine_Mudassir/Pinball/Content/Developers/Lenovo/Collections/' took 0.00s
[2020.06.14-13.31.35:621][  0]LogFileCache: Scanning file cache for directory 'C:/Users/Lenovo/Documents/GitHub/UnrealEngine_Mudassir/Pinball/Content/Collections/' took 0.00s
[2020.06.14-13.31.35:621][  0]LogContentBrowser: Native class hierarchy populated in 0.0096 seconds. Added 3426 classes and 820 folders.
[2020.06.14-13.31.35:624][  0]LogContentBrowser: Native class hierarchy updated for 'WidgetCarousel' in 0.0004 seconds. Added 0 classes and 0 folders.
[2020.06.14-13.31.35:733][  0]LogContentBrowser: Native class hierarchy updated for 'AddContentDialog' in 0.0003 seconds. Added 0 classes and 0 folders.
[2020.06.14-13.31.35:734][  0]LogContentBrowser: Native class hierarchy updated for 'SceneOutliner' in 0.0003 seconds. Added 2 classes and 0 folders.
[2020.06.14-13.31.35:795][  0]LogContentBrowser: Native class hierarchy updated for 'HierarchicalLODOutliner' in 0.0004 seconds. Added 0 classes and 0 folders.
[2020.06.14-13.31.35:795][  0]LogLoad: (Engine Initialization) Total time: 18.60 seconds
[2020.06.14-13.31.35:795][  0]LogLoad: (Engine Initialization) Total Blueprint compile time: 0.00 seconds
[2020.06.14-13.31.35:845][  0]LogAssetRegistry: Asset discovery search completed in 8.1810 seconds
[2020.06.14-13.31.35:850][  0]LogCollectionManager: Fixed up redirectors for 0 collections in 0.000006 seconds (updated 0 objects)
[2020.06.14-13.31.35:851][  0]LogContentStreaming: Texture pool size now 1000 MB
[2020.06.14-13.31.35:857][  0]LogSlate: Took 0.000216 seconds to synchronously load lazily loaded font '../../../Engine/Content/Slate/Fonts/Roboto-Regular.ttf' (155K)
[2020.06.14-13.31.35:859][  0]LogSlate: Took 0.000185 seconds to synchronously load lazily loaded font '../../../Engine/Content/Slate/Fonts/Roboto-Bold.ttf' (160K)
[2020.06.14-13.31.35:862][  0]LogSlate: Took 0.000222 seconds to synchronously load lazily loaded font '../../../Engine/Content/Editor/Slate/Fonts/FontAwesome.ttf' (139K)
[2020.06.14-13.31.36:176][  1]LogRenderer: Reallocating scene render targets to support 756x348 Format 10 NumSamples 1 (Frame:1).
[2020.06.14-13.31.36:176][  1]LogSlate: Took 0.000155 seconds to synchronously load lazily loaded font '../../../Engine/Content/Slate/Fonts/Roboto-Light.ttf' (167K)
[2020.06.14-13.31.56:113][348]LogUObjectHash: Compacting FUObjectHashTables data took   0.54ms
[2020.06.14-13.31.56:115][348]Cmd: MAP LOAD FILE="../../../../../../Users/Lenovo/Documents/GitHub/UnrealEngine_Mudassir/Pinball/Content/Pinball.umap" TEMPLATE=0 SHOWPROGRESS=1 FEATURELEVEL=3
[2020.06.14-13.31.56:350][348]LogSlate: Took 0.000221 seconds to synchronously load lazily loaded font '../../../Engine/Content/Slate/Fonts/Roboto-Light.ttf' (167K)
[2020.06.14-13.31.56:373][348]LightingResults: New page: Lighting Build
[2020.06.14-13.31.56:373][348]LoadErrors: New page: Loading map: Pinball.umap
[2020.06.14-13.31.56:622][348]LogWorld: UWorld::CleanupWorld for Untitled_1, bSessionEnded=true, bCleanupResources=true
[2020.06.14-13.31.56:622][348]LogSlate: InvalidateAllWidgets triggered.  All widgets were invalidated
[2020.06.14-13.31.56:622][348]MapCheck: New page: Map Check
[2020.06.14-13.31.56:622][348]LightingResults: New page: Lighting Build
[2020.06.14-13.31.56:632][348]LogAISub: UAISubsystem::~UAISubsystem EnvQueryManager (000002D08132FE00), frame # 348
[2020.06.14-13.31.56:632][348]LogAISub: UAISubsystem::~UAISubsystem AIPerceptionSystem (000002D0814AA340), frame # 348
[2020.06.14-13.31.56:633][348]LogUObjectHash: Compacting FUObjectHashTables data took   0.63ms
[2020.06.14-13.31.58:323][348]LogLinker: Warning: The file '../../../../../../Users/Lenovo/Documents/GitHub/UnrealEngine_Mudassir/Pinball/Content/Assets/flipper_rubber.uasset' contains unrecognizable data, check that it is of the expected type.
[2020.06.14-13.31.58:323][348]LogLinker: Warning: The file '../../../../../../Users/Lenovo/Documents/GitHub/UnrealEngine_Mudassir/Pinball/Content/Assets/flipper_rubber.uasset' contains unrecognizable data, check that it is of the expected type.
[2020.06.14-13.31.58:323][348]LogLinker: Warning: The file '../../../../../../Users/Lenovo/Documents/GitHub/UnrealEngine_Mudassir/Pinball/Content/Assets/white.uasset' contains unrecognizable data, check that it is of the expected type.
[2020.06.14-13.31.58:324][348]LogLinker: Warning: The file '../../../../../../Users/Lenovo/Documents/GitHub/UnrealEngine_Mudassir/Pinball/Content/Assets/white.uasset' contains unrecognizable data, check that it is of the expected type.
[2020.06.14-13.31.58:324][348]LogLinker: Warning: The file '../../../../../../Users/Lenovo/Documents/GitHub/UnrealEngine_Mudassir/Pinball/Content/Assets/flipper_rubber.uasset' contains unrecognizable data, check that it is of the expected type.
[2020.06.14-13.31.58:324][348]LogLinker: Warning: The file '../../../../../../Users/Lenovo/Documents/GitHub/UnrealEngine_Mudassir/Pinball/Content/Assets/flipper_rubber.uasset' contains unrecognizable data, check that it is of the expected type.
[2020.06.14-13.31.58:324][348]LogLinker: Warning: The file '../../../../../../Users/Lenovo/Documents/GitHub/UnrealEngine_Mudassir/Pinball/Content/Assets/white.uasset' contains unrecognizable data, check that it is of the expected type.
[2020.06.14-13.31.58:324][348]LogLinker: Warning: The file '../../../../../../Users/Lenovo/Documents/GitHub/UnrealEngine_Mudassir/Pinball/Content/Assets/white.uasset' contains unrecognizable data, check that it is of the expected type.
[2020.06.14-13.31.58:465][348]LogLinker: Warning: The file '../../../../../../Users/Lenovo/Documents/GitHub/UnrealEngine_Mudassir/Pinball/Content/Assets/white.uasset' contains unrecognizable data, check that it is of the expected type.
[2020.06.14-13.31.58:466][348]LogLinker: Warning: The file '../../../../../../Users/Lenovo/Documents/GitHub/UnrealEngine_Mudassir/Pinball/Content/Assets/white.uasset' contains unrecognizable data, check that it is of the expected type.
[2020.06.14-13.31.58:466][348]LogLinker: Warning: The file '../../../../../../Users/Lenovo/Documents/GitHub/UnrealEngine_Mudassir/Pinball/Content/Assets/flipper_rubber.uasset' contains unrecognizable data, check that it is of the expected type.
[2020.06.14-13.31.58:466][348]LogLinker: Warning: The file '../../../../../../Users/Lenovo/Documents/GitHub/UnrealEngine_Mudassir/Pinball/Content/Assets/flipper_rubber.uasset' contains unrecognizable data, check that it is of the expected type.
[2020.06.14-13.31.58:466][348]LogLinker: Warning: The file '../../../../../../Users/Lenovo/Documents/GitHub/UnrealEngine_Mudassir/Pinball/Content/Assets/white.uasset' contains unrecognizable data, check that it is of the expected type.
[2020.06.14-13.31.58:466][348]LogLinker: Warning: The file '../../../../../../Users/Lenovo/Documents/GitHub/UnrealEngine_Mudassir/Pinball/Content/Assets/white.uasset' contains unrecognizable data, check that it is of the expected type.
[2020.06.14-13.31.58:467][348]LogLinker: Warning: The file '../../../../../../Users/Lenovo/Documents/GitHub/UnrealEngine_Mudassir/Pinball/Content/Assets/flipper_rubber.uasset' contains unrecognizable data, check that it is of the expected type.
[2020.06.14-13.31.58:467][348]LogLinker: Warning: The file '../../../../../../Users/Lenovo/Documents/GitHub/UnrealEngine_Mudassir/Pinball/Content/Assets/flipper_rubber.uasset' contains unrecognizable data, check that it is of the expected type.
[2020.06.14-13.32.01:289][348]LogAIModule: Creating AISystem for world Pinball
[2020.06.14-13.32.01:289][348]LogAISub: UAISubsystem::UAISubsystem EnvQueryManager (000002D0DA4BE000), frame # 348
[2020.06.14-13.32.01:289][348]LogAISub: UAISubsystem::UAISubsystem AIPerceptionSystem (000002D0807B1E40), frame # 348
[2020.06.14-13.32.01:720][348]LogEditorServer: Finished looking for orphan Actors (0.000 secs)
[2020.06.14-13.32.01:731][348]LogUObjectHash: Compacting FUObjectHashTables data took   0.78ms
[2020.06.14-13.32.01:755][348]Cmd: MAP CHECKDEP NOCLEARLOG
[2020.06.14-13.32.01:756][348]MapCheck: Map check complete: 0 Error(s), 0 Warning(s), took 0.188ms to complete.
[2020.06.14-13.32.01:756][348]LogFileHelpers: Loading map 'Pinball' took 5.640
[2020.06.14-13.32.01:757][348]LogSlate: Window 'Open Level' being destroyed
[2020.06.14-13.32.07:858][615]LogTemp: Repeating last play command: Selected Viewport
[2020.06.14-13.32.08:859][615]LogPlayLevel: PlayLevel: No blueprints needed recompiling
[2020.06.14-13.32.08:947][615]PIE: New page: PIE session: Pinball (Jun 15, 2020, 12:32:08 AM)
[2020.06.14-13.32.08:960][615]LogOnline: OSS: Creating online subsystem instance for: NULL
[2020.06.14-13.32.09:055][615]LogOnline: OSS: TryLoadSubsystemAndSetDefault: Loaded subsystem for module [NULL]
[2020.06.14-13.32.09:254][615]LogPlayLevel: Creating play world package: /Game/UEDPIE_0_Pinball
[2020.06.14-13.32.09:594][615]LogPlayLevel: PIE: StaticDuplicateObject took: (0.340426s)
[2020.06.14-13.32.09:618][615]LogAIModule: Creating AISystem for world Pinball
[2020.06.14-13.32.09:618][615]LogAISub: UAISubsystem::UAISubsystem EnvQueryManager (000002D092E05A00), frame # 615
[2020.06.14-13.32.09:619][615]LogAISub: UAISubsystem::UAISubsystem AIPerceptionSystem (000002D0E04F79C0), frame # 615
[2020.06.14-13.32.09:619][615]LogPlayLevel: PIE: World Init took: (0.024989s)
[2020.06.14-13.32.09:620][615]LogPlayLevel: PIE: Created PIE world by copying editor world from /Game/Pinball.Pinball to /Game/UEDPIE_0_Pinball.Pinball (0.365977s)
[2020.06.14-13.32.09:641][615]LogUObjectHash: Compacting FUObjectHashTables data took   1.76ms
[2020.06.14-13.32.09:659][615]LogAudioMixer: Display: Audio Mixer Platform Settings:
[2020.06.14-13.32.09:659][615]LogAudioMixer: Display: 	Sample Rate:						  48000
[2020.06.14-13.32.09:659][615]LogAudioMixer: Display: 	Callback Buffer Frame Size Requested: 1024
[2020.06.14-13.32.09:659][615]LogAudioMixer: Display: 	Callback Buffer Frame Size To Use:	  1024
[2020.06.14-13.32.09:659][615]LogAudioMixer: Display: 	Number of buffers to queue:			  2
[2020.06.14-13.32.09:660][615]LogAudioMixer: Display: 	Max Channels (voices):				  32
[2020.06.14-13.32.09:660][615]LogAudioMixer: Display: 	Number of Async Source Workers:		  0
[2020.06.14-13.32.09:660][615]LogAudio: Display: AudioDevice MaxSources: 32
[2020.06.14-13.32.09:661][615]LogAudio: Display: Using built-in audio occlusion.
[2020.06.14-13.32.09:661][615]LogAudioMixer: Display: Initializing audio mixer.
[2020.06.14-13.32.09:678][615]LogAudioMixer: Display: 0: FrontLeft
[2020.06.14-13.32.09:678][615]LogAudioMixer: Display: 1: FrontRight
[2020.06.14-13.32.09:767][615]LogAudioMixer: Display: Using Audio Device Speakers (2- Realtek High Definition Audio)
[2020.06.14-13.32.09:768][615]LogAudioMixer: Display: Initializing Sound Submixes...
[2020.06.14-13.32.09:768][615]LogAudioMixer: Display: Creating Master Submix 'MasterSubmixDefault'
[2020.06.14-13.32.09:768][615]LogAudioMixer: Display: Creating Master Submix 'MasterReverbSubmixDefault'
[2020.06.14-13.32.09:769][615]LogAudioMixer: Display: Creating Master Submix 'MasterEQSubmixDefault'
[2020.06.14-13.32.09:798][615]LogInit: FAudioDevice initialized.
[2020.06.14-13.32.10:385][615]LogLoad: Game class is 'GameModeBase'
[2020.06.14-13.32.11:789][615]LogWorld: Bringing World /Game/UEDPIE_0_Pinball.Pinball up for play (max tick rate 60) at 2020.06.14-19.02.11
[2020.06.14-13.32.11:933][615]LogWorld: Bringing up level for play took: 0.071552
[2020.06.14-13.32.12:152][615]LogOnline: OSS: Creating online subsystem instance for: :Context_5
[2020.06.14-13.32.13:549][615]LogContentBrowser: Native class hierarchy updated for 'MovieSceneCapture' in 0.0010 seconds. Added 20 classes and 0 folders.
[2020.06.14-13.32.14:407][615]LogBlueprintUserMessages: [BP_Ball2_3] Hello
[2020.06.14-13.32.14:409][615]LogBlueprintUserMessages: [BP_Ball_38] Hello
[2020.06.14-13.32.14:827][615]PIE: Server logged in
[2020.06.14-13.32.14:889][615]PIE: Play in editor total start time 6.694 seconds.
[2020.06.14-13.33.03:451][413]LogAudioMixer: Display: No commands were queued while flushing the source manager.
[2020.06.14-13.33.03:453][413]LogAudioMixer: Display: Flush succeeded in the source manager command queue (1).
[2020.06.14-13.33.03:473][413]LogAudioMixer: Display: Flush succeeded the source manager command queue (2).
[2020.06.14-13.33.03:812][413]LogSlate: Updating window title bar state: overlay mode, drag disabled, window buttons hidden, title bar hidden
[2020.06.14-13.33.03:812][413]LogWorld: BeginTearingDown for /Game/UEDPIE_0_Pinball
[2020.06.14-13.33.03:812][413]LogAudioMixer: Display: No commands were queued while flushing the source manager.
[2020.06.14-13.33.03:813][413]LogWorld: UWorld::CleanupWorld for Pinball, bSessionEnded=true, bCleanupResources=true
[2020.06.14-13.33.03:833][413]LogSlate: InvalidateAllWidgets triggered.  All widgets were invalidated
[2020.06.14-13.33.04:060][413]LogPlayLevel: Display: Shutting down PIE online subsystems
[2020.06.14-13.33.04:195][413]LogSlate: InvalidateAllWidgets triggered.  All widgets were invalidated
[2020.06.14-13.33.04:323][413]LogAudioMixer: Display: No commands were queued while flushing the source manager.
[2020.06.14-13.33.04:365][413]LogSlate: Updating window title bar state: overlay mode, drag disabled, window buttons hidden, title bar hidden
[2020.06.14-13.33.04:382][413]LogAISub: UAISubsystem::~UAISubsystem EnvQueryManager (000002D092E05A00), frame # 3413
[2020.06.14-13.33.04:382][413]LogAISub: UAISubsystem::~UAISubsystem AIPerceptionSystem (000002D0E04F79C0), frame # 3413
[2020.06.14-13.33.04:384][413]LogUObjectHash: Compacting FUObjectHashTables data took   1.75ms
[2020.06.14-13.33.04:430][414]LogPlayLevel: Display: Destroying online subsystem :Context_5
[2020.06.14-13.51.42:226][615]LogTemp: Resetting audio stream to device id 
[2020.06.14-13.51.42:468][615]LogAudioMixer: Display: 0: FrontLeft
[2020.06.14-13.51.42:468][615]LogAudioMixer: Display: 1: FrontRight
[2020.06.14-14.02.16:811][628]LogTemp: Resetting audio stream to device id 
[2020.06.14-14.02.16:845][628]LogAudioMixer: Display: 0: FrontLeft
[2020.06.14-14.02.16:845][628]LogAudioMixer: Display: 1: FrontRight
[2020.06.14-14.02.17:788][631]LogHttp: Warning: 000002D0EA3B5600: invalid HTTP response code received. URL: https://datarouter.ol.epicgames.com/datarouter/api/v1/public/data?SessionID=%7B5E590601-4590-B870-3FEE-04941C3332BD%7D&AppID=UEEditor.Rocket.Release&AppVersion=4.25.0-13144385%2B%2B%2BUE4%2BRelease-4.25&UserID=efc4e72f4de32dde49902ba6400de8b3%7C555752968de44ffdb914c1b1f46e1b0a%7Cb5ed7d1a-bcfa-40d3-85ce-617511f443ab&AppEnvironment=datacollector-source&UploadType=eteventstream, HTTP code: 0, content length: 0, actual payload size: 0
[2020.06.14-14.02.17:788][631]LogHttp: Warning: 000002D0EA3B5600: request failed, libcurl error: 56 (Failure when receiving data from the peer)
[2020.06.14-14.02.17:788][631]LogHttp: Warning: 000002D0EA3B5600: libcurl info message cache 0 (Found bundle for host datarouter.ol.epicgames.com: 0x2d0ccec7f70 [can pipeline])
[2020.06.14-14.02.17:788][631]LogHttp: Warning: 000002D0EA3B5600: libcurl info message cache 1 (Re-using existing connection! (#4) with host datarouter.ol.epicgames.com)
[2020.06.14-14.02.17:788][631]LogHttp: Warning: 000002D0EA3B5600: libcurl info message cache 2 (Connected to datarouter.ol.epicgames.com (34.232.40.138) port 443 (#4))
[2020.06.14-14.02.17:788][631]LogHttp: Warning: 000002D0EA3B5600: libcurl info message cache 3 (We are completely uploaded and fine)
[2020.06.14-14.02.17:788][631]LogHttp: Warning: 000002D0EA3B5600: libcurl info message cache 4 (OpenSSL SSL_read: SSL_ERROR_SYSCALL, errno 10054)
[2020.06.14-14.02.17:788][631]LogHttp: Warning: 000002D0EA3B5600: libcurl info message cache 5 (Connection died, retrying a fresh connect)
[2020.06.14-14.02.17:788][631]LogHttp: Warning: 000002D0EA3B5600: libcurl info message cache 6 (necessary data rewind wasn't possible)
[2020.06.14-14.02.17:788][631]LogHttp: Warning: 000002D0EA3B5600: libcurl info message cache 7 (Closing connection 4)
[2020.06.14-14.02.18:120][632]LogHttp: Warning: Retry exhausted on https://datarouter.ol.epicgames.com/datarouter/api/v1/public/data?SessionID=%7B5E590601-4590-B870-3FEE-04941C3332BD%7D&AppID=UEEditor.Rocket.Release&AppVersion=4.25.0-13144385%2B%2B%2BUE4%2BRelease-4.25&UserID=efc4e72f4de32dde49902ba6400de8b3%7C555752968de44ffdb914c1b1f46e1b0a%7Cb5ed7d1a-bcfa-40d3-85ce-617511f443ab&AppEnvironment=datacollector-source&UploadType=eteventstream
[2020.06.14-14.02.45:818][245]Cmd: TRANSACTION UNDO
[2020.06.14-14.02.45:843][245]LogEditorTransaction: Undo Move Actors
[2020.06.14-14.02.47:661][310]LogEditorViewport: Clicking on Actor (LMB): BP_Sky_Sphere_C (Sky Sphere)
[2020.06.14-14.03.00:003][948]LogAssetEditorSubsystem: Opening Asset editor for Blueprint /Game/Assets/Blueprints/BP_Bumper.BP_Bumper
[2020.06.14-14.03.03:589][948]LogContentBrowser: Native class hierarchy updated for 'BlueprintGraph' in 0.0541 seconds. Added 125 classes and 0 folders.
[2020.06.14-14.03.08:522][948]LogSlate: Took 0.014346 seconds to synchronously load lazily loaded font '../../../Engine/Content/Slate/Fonts/Roboto-BoldCondensed.ttf' (158K)
[2020.06.14-14.03.09:089][949]LogSlate: Took 0.014429 seconds to synchronously load lazily loaded font '../../../Engine/Content/Slate/Fonts/Roboto-Italic.ttf' (157K)
[2020.06.14-14.03.13:698][103]LogUObjectHash: Compacting FUObjectHashTables data took   6.58ms
[2020.06.14-14.03.13:720][103]LogFileHelpers: Editor autosave (incl. sublevels) for '/Game/Pinball' took 0.206
[2020.06.14-14.13.14:863][966]LogUObjectHash: Compacting FUObjectHashTables data took   2.19ms
[2020.06.14-14.13.15:023][966]LogFileHelpers: Editor autosave (incl. sublevels) for '/Game/Pinball' took 0.667
[2020.06.14-14.23.15:599][758]LogUObjectHash: Compacting FUObjectHashTables data took   0.67ms
[2020.06.14-14.23.15:801][758]LogFileHelpers: Editor autosave (incl. sublevels) for '/Game/Pinball' took 0.224
[2020.06.14-14.33.16:064][549]LogUObjectHash: Compacting FUObjectHashTables data took   0.68ms
[2020.06.14-14.33.16:149][549]LogFileHelpers: Editor autosave (incl. sublevels) for '/Game/Pinball' took 0.143
[2020.06.14-14.43.16:780][340]LogUObjectHash: Compacting FUObjectHashTables data took   5.65ms
[2020.06.14-14.43.16:790][340]LogFileHelpers: Editor autosave (incl. sublevels) for '/Game/Pinball' took 0.172
[2020.06.14-14.53.17:372][101]LogUObjectHash: Compacting FUObjectHashTables data took   5.39ms
[2020.06.14-14.53.17:421][101]LogFileHelpers: Editor autosave (incl. sublevels) for '/Game/Pinball' took 0.226
[2020.06.14-14.53.27:367][121]LogD3D11RHI: Timed out while waiting for GPU to catch up. (0.5 s) (ErrorCode 00000001)
