Log file open, 06/07/20 11:31:58
LogInit: Display: Running engine for game: Pinball
LogPlatformFile: Not using cached read wrapper
LogTaskGraph: Started task graph with 5 named threads and 23 total threads with 3 sets of task threads.
LogStats: Stats thread started at 0.632661
LogD3D11RHI: Loaded GFSDK_Aftermath_Lib.x64.dll
LogICUInternationalization: ICU TimeZone Detection - Raw Offset: +5:30, Platform Override: ''
LogPluginManager: Mounting plugin Paper2D
LogPluginManager: Mounting plugin AISupport
LogPluginManager: Mounting plugin LightPropagationVolume
LogPluginManager: Mounting plugin CameraShakePreviewer
LogPluginManager: Mounting plugin ActorLayerUtilities
LogPluginManager: Mounting plugin AnimationSharing
LogPluginManager: Mounting plugin CLionSourceCodeAccess
LogPluginManager: Mounting plugin CodeLiteSourceCodeAccess
LogPluginManager: Mounting plugin GitSourceControl
LogPluginManager: Mounting plugin KDevelopSourceCodeAccess
LogPluginManager: Mounting plugin NullSourceCodeAccess
LogPluginManager: Mounting plugin PerforceSourceControl
LogPluginManager: Mounting plugin PlasticSourceControl
LogPluginManager: Mounting plugin RiderSourceCodeAccess
LogPluginManager: Mounting plugin SubversionSourceControl
LogPluginManager: Mounting plugin UObjectPlugin
LogPluginManager: Mounting plugin VisualStudioCodeSourceCodeAccess
LogPluginManager: Mounting plugin VisualStudioSourceCodeAccess
LogPluginManager: Mounting plugin XCodeSourceCodeAccess
LogPluginManager: Mounting plugin AssetManagerEditor
LogPluginManager: Mounting plugin CryptoKeys
LogPluginManager: Mounting plugin CurveEditorTools
LogPluginManager: Mounting plugin DataValidation
LogPluginManager: Mounting plugin EditorScriptingUtilities
LogPluginManager: Mounting plugin FacialAnimation
LogPluginManager: Mounting plugin GameplayTagsEditor
LogPluginManager: Mounting plugin GeometryMode
LogPluginManager: Mounting plugin MacGraphicsSwitching
LogPluginManager: Mounting plugin MaterialAnalyzer
LogPluginManager: Mounting plugin MobileLauncherProfileWizard
LogPluginManager: Mounting plugin PluginBrowser
LogPluginManager: Mounting plugin SpeedTreeImporter
LogPluginManager: Mounting plugin DatasmithContent
LogPluginManager: Mounting plugin VariantManagerContent
LogPluginManager: Mounting plugin AlembicImporter
LogPluginManager: Mounting plugin AutomationUtils
LogPluginManager: Mounting plugin BackChannel
LogPluginManager: Mounting plugin ChaosCloth
LogPluginManager: Mounting plugin ChaosClothEditor
LogPluginManager: Mounting plugin ChaosEditor
LogPluginManager: Mounting plugin ChaosNiagara
LogPluginManager: Mounting plugin ChaosSolverPlugin
LogPluginManager: Mounting plugin CharacterAI
LogPluginManager: Mounting plugin GeometryCache
LogPluginManager: Mounting plugin GeometryCollectionPlugin
LogPluginManager: Mounting plugin GeometryProcessing
LogPluginManager: Mounting plugin PlanarCut
LogPluginManager: Mounting plugin PlatformCrypto
LogPluginManager: Mounting plugin ProxyLODPlugin
LogPluginManager: Mounting plugin SkeletalReduction
LogPluginManager: Mounting plugin Niagara
LogPluginManager: Mounting plugin MagicLeap
LogPluginManager: Mounting plugin MagicLeapLightEstimation
LogPluginManager: Mounting plugin MagicLeapMedia
LogPluginManager: Mounting plugin MagicLeapPassableWorld
LogPluginManager: Mounting plugin MLSDK
LogPluginManager: Mounting plugin AndroidMedia
LogPluginManager: Mounting plugin AvfMedia
LogPluginManager: Mounting plugin ImgMedia
LogPluginManager: Mounting plugin MediaCompositing
LogPluginManager: Mounting plugin MediaPlayerEditor
LogPluginManager: Mounting plugin WebMMedia
LogPluginManager: Mounting plugin WmfMedia
LogPluginManager: Mounting plugin MeshPainting
LogPluginManager: Mounting plugin TcpMessaging
LogPluginManager: Mounting plugin UdpMessaging
LogPluginManager: Mounting plugin ActorSequence
LogPluginManager: Mounting plugin LevelSequenceEditor
LogPluginManager: Mounting plugin MatineeToLevelSequence
LogPluginManager: Mounting plugin MovieRenderPipeline
LogPluginManager: Mounting plugin TemplateSequence
LogPluginManager: Mounting plugin NetcodeUnitTest
LogPluginManager: Mounting plugin NUTUnrealEngine4
LogPluginManager: Mounting plugin OnlineSubsystemGooglePlay
LogPluginManager: Mounting plugin OnlineSubsystemIOS
LogPluginManager: Mounting plugin OnlineSubsystem
LogPluginManager: Mounting plugin OnlineSubsystemNull
LogPluginManager: Mounting plugin OnlineSubsystemUtils
LogPluginManager: Mounting plugin LauncherChunkInstaller
LogPluginManager: Mounting plugin AndroidDeviceProfileSelector
LogPluginManager: Mounting plugin AndroidMoviePlayer
LogPluginManager: Mounting plugin AndroidPermission
LogPluginManager: Mounting plugin AppleImageUtils
LogPluginManager: Mounting plugin AppleMoviePlayer
LogPluginManager: Mounting plugin ArchVisCharacter
LogPluginManager: Mounting plugin AssetTags
LogPluginManager: Mounting plugin AudioCapture
LogPluginManager: Mounting plugin CableComponent
LogPluginManager: Mounting plugin CustomMeshComponent
LogPluginManager: Mounting plugin EditableMesh
LogPluginManager: Mounting plugin ExampleDeviceProfileSelector
LogPluginManager: Mounting plugin GoogleCloudMessaging
LogPluginManager: Mounting plugin GooglePAD
LogPluginManager: Mounting plugin IOSDeviceProfileSelector
LogPluginManager: Mounting plugin LinuxDeviceProfileSelector
LogPluginManager: Mounting plugin LocationServicesBPLibrary
LogPluginManager: Mounting plugin MobilePatchingUtils
LogPluginManager: Mounting plugin OculusVR
LogPluginManager: Mounting plugin PhysXVehicles
LogPluginManager: Mounting plugin PostSplashScreen
LogPluginManager: Mounting plugin ProceduralMeshComponent
LogPluginManager: Mounting plugin RuntimePhysXCooking
LogPluginManager: Mounting plugin SignificanceManager
LogPluginManager: Mounting plugin SoundFields
LogPluginManager: Mounting plugin SteamVR
LogPluginManager: Mounting plugin Synthesis
LogPluginManager: Mounting plugin WebMMoviePlayer
LogPluginManager: Mounting plugin WindowsMoviePlayer
LogPluginManager: Mounting plugin ScreenshotTools
LogInit: Using libcurl 7.55.1-DEV
LogInit:  - built for x86_64-pc-win32
LogInit:  - supports SSL with OpenSSL/1.1.1
LogInit:  - supports HTTP deflate (compression) using libz 1.2.8
LogInit:  - other features:
LogInit:      CURL_VERSION_SSL
LogInit:      CURL_VERSION_LIBZ
LogInit:      CURL_VERSION_IPV6
LogInit:      CURL_VERSION_ASYNCHDNS
LogInit:      CURL_VERSION_LARGEFILE
LogInit:      CURL_VERSION_IDN
LogInit:  CurlRequestOptions (configurable via config and command line):
LogInit:  - bVerifyPeer = true  - Libcurl will verify peer certificate
LogInit:  - bUseHttpProxy = false  - Libcurl will NOT use HTTP proxy
LogInit:  - bDontReuseConnections = false  - Libcurl will reuse connections
LogInit:  - MaxHostConnections = 16  - Libcurl will limit the number of connections to a host
LogInit:  - LocalHostAddr = Default
LogInit:  - BufferSize = 65536
LogOnline: OSS: Creating online subsystem instance for: NULL
LogInit: WinSock: version 1.1 (2.2), MaxSocks=32767, MaxUdp=65467
LogOnline: OSS: TryLoadSubsystemAndSetDefault: Loaded subsystem for module [NULL]
LogInit: Build: ++UE4+Release-4.25-CL-13144385
LogInit: Engine Version: 4.25.0-13144385+++UE4+Release-4.25
LogInit: Compatible Engine Version: 4.25.0-13144385+++UE4+Release-4.25
LogInit: Net CL: 13144385
LogInit: OS: Windows 10 (Release 1903) (), CPU: Intel(R) Core(TM) i5-8250U CPU @ 1.60GHz, GPU: Intel(R) UHD Graphics 620
LogInit: Compiled (64-bit): May  2 2020 02:12:11
LogInit: Compiled with Visual C++: 19.24.28315.00
LogInit: Build Configuration: Development
LogInit: Branch Name: ++UE4+Release-4.25
LogInit: Command Line: 
LogInit: Base Directory: C:/Program Files/Epic Games/UE_4.25/Engine/Binaries/Win64/
LogInit: Allocator: TBB
LogInit: Installed Engine Build: 1
LogDevObjectVersion: Number of dev versions registered: 26
LogDevObjectVersion:   Dev-Blueprints (B0D832E4-1F89-4F0D-ACCF-7EB736FD4AA2): 10
LogDevObjectVersion:   Dev-Build (E1C64328-A22C-4D53-A36C-8E866417BD8C): 0
LogDevObjectVersion:   Dev-Core (375EC13C-06E4-48FB-B500-84F0262A717E): 4
LogDevObjectVersion:   Dev-Editor (E4B068ED-F494-42E9-A231-DA0B2E46BB41): 38
LogDevObjectVersion:   Dev-Framework (CFFC743F-43B0-4480-9391-14DF171D2073): 37
LogDevObjectVersion:   Dev-Mobile (B02B49B5-BB20-44E9-A304-32B752E40360): 2
LogDevObjectVersion:   Dev-Networking (A4E4105C-59A1-49B5-A7C5-40C4547EDFEE): 0
LogDevObjectVersion:   Dev-Online (39C831C9-5AE6-47DC-9A44-9C173E1C8E7C): 0
LogDevObjectVersion:   Dev-Physics (78F01B33-EBEA-4F98-B9B4-84EACCB95AA2): 4
LogDevObjectVersion:   Dev-Platform (6631380F-2D4D-43E0-8009-CF276956A95A): 0
LogDevObjectVersion:   Dev-Rendering (12F88B9F-8875-4AFC-A67C-D90C383ABD29): 43
LogDevObjectVersion:   Dev-Sequencer (7B5AE74C-D270-4C10-A958-57980B212A5A): 12
LogDevObjectVersion:   Dev-VR (D7296918-1DD6-4BDD-9DE2-64A83CC13884): 3
LogDevObjectVersion:   Dev-LoadTimes (C2A15278-BFE7-4AFE-6C17-90FF531DF755): 1
LogDevObjectVersion:   Private-Geometry (6EACA3D4-40EC-4CC1-B786-8BED09428FC5): 3
LogDevObjectVersion:   Dev-AnimPhys (29E575DD-E0A3-4627-9D10-D276232CDCEA): 17
LogDevObjectVersion:   Dev-Anim (AF43A65D-7FD3-4947-9873-3E8ED9C1BB05): 7
LogDevObjectVersion:   Dev-ReflectionCapture (6B266CEC-1EC7-4B8F-A30B-E4D90942FC07): 1
LogDevObjectVersion:   Dev-Automation (0DF73D61-A23F-47EA-B727-89E90C41499A): 1
LogDevObjectVersion:   FortniteMain (601D1886-AC64-4F84-AA16-D3DE0DEAC7D6): 31
LogDevObjectVersion:   Dev-Enterprise (9DFFBCD6-494F-0158-E221-12823C92A888): 10
LogDevObjectVersion:   Dev-Niagara (F2AED0AC-9AFE-416F-8664-AA7FFA26D6FC): 1
LogDevObjectVersion:   Dev-Destruction (174F1F0B-B4C6-45A5-B13F-2EE8D0FB917D): 10
LogDevObjectVersion:   Dev-Physics-Ext (35F94A83-E258-406C-A318-09F59610247C): 37
LogDevObjectVersion:   Dev-PhysicsMaterial-Chaos (B68FC16E-8B1B-42E2-B453-215C058844FE): 1
LogDevObjectVersion:   Dev-CineCamera (B2E18506-4273-CFC2-A54E-F4BB758BBA07): 1
LogInit: Presizing for max 25165824 objects, including 0 objects not considered by GC, pre-allocating 0 bytes for permanent pool.
LogConfig: Applying CVar settings from Section [/Script/Engine.StreamingSettings] File [C:/Users/Lenovo/Documents/GitHub/UnrealEngine_Mudassir/Pinball/Saved/Config/Windows/Engine.ini]
LogConfig: Setting CVar [[s.MinBulkDataSizeForAsyncLoading:131072]]
LogConfig: Setting CVar [[s.AsyncLoadingThreadEnabled:0]]
LogConfig: Setting CVar [[s.EventDrivenLoaderEnabled:1]]
LogConfig: Setting CVar [[s.WarnIfTimeLimitExceeded:0]]
LogConfig: Setting CVar [[s.TimeLimitExceededMultiplier:1.5]]
LogConfig: Setting CVar [[s.TimeLimitExceededMinTime:0.005]]
LogConfig: Setting CVar [[s.UseBackgroundLevelStreaming:1]]
LogConfig: Setting CVar [[s.PriorityAsyncLoadingExtraTime:15.0]]
LogConfig: Setting CVar [[s.LevelStreamingActorsUpdateTimeLimit:5.0]]
LogConfig: Setting CVar [[s.PriorityLevelStreamingActorsUpdateExtraTime:5.0]]
LogConfig: Setting CVar [[s.LevelStreamingComponentsRegistrationGranularity:10]]
LogConfig: Setting CVar [[s.UnregisterComponentsTimeLimit:1.0]]
LogConfig: Setting CVar [[s.LevelStreamingComponentsUnregistrationGranularity:5]]
LogConfig: Setting CVar [[s.FlushStreamingOnExit:1]]
LogInit: Object subsystem initialized
LogConfig: Setting CVar [[con.DebugEarlyDefault:1]]
LogConfig: Setting CVar [[r.setres:1280x720]]
[2020.06.07-06.02.23:361][  0]LogConfig: Setting CVar [[r.VSync:0]]
[2020.06.07-06.02.23:361][  0]LogConfig: Setting CVar [[r.RHICmdBypass:0]]
[2020.06.07-06.02.23:362][  0]LogConfig: Applying CVar settings from Section [/Script/Engine.RendererSettings] File [C:/Users/Lenovo/Documents/GitHub/UnrealEngine_Mudassir/Pinball/Saved/Config/Windows/Engine.ini]
[2020.06.07-06.02.23:362][  0]LogConfig: Setting CVar [[r.GPUCrashDebugging:0]]
[2020.06.07-06.02.23:362][  0]LogConfig: Applying CVar settings from Section [/Script/Engine.RendererOverrideSettings] File [C:/Users/Lenovo/Documents/GitHub/UnrealEngine_Mudassir/Pinball/Saved/Config/Windows/Engine.ini]
[2020.06.07-06.02.23:362][  0]LogConfig: Applying CVar settings from Section [/Script/Engine.StreamingSettings] File [C:/Users/Lenovo/Documents/GitHub/UnrealEngine_Mudassir/Pinball/Saved/Config/Windows/Engine.ini]
[2020.06.07-06.02.23:363][  0]LogConfig: Setting CVar [[s.MinBulkDataSizeForAsyncLoading:131072]]
[2020.06.07-06.02.23:363][  0]LogConfig: Setting CVar [[s.AsyncLoadingThreadEnabled:0]]
[2020.06.07-06.02.23:363][  0]LogConfig: Setting CVar [[s.EventDrivenLoaderEnabled:1]]
[2020.06.07-06.02.23:364][  0]LogConfig: Setting CVar [[s.WarnIfTimeLimitExceeded:0]]
[2020.06.07-06.02.23:364][  0]LogConfig: Setting CVar [[s.TimeLimitExceededMultiplier:1.5]]
[2020.06.07-06.02.23:364][  0]LogConfig: Setting CVar [[s.TimeLimitExceededMinTime:0.005]]
[2020.06.07-06.02.23:364][  0]LogConfig: Setting CVar [[s.UseBackgroundLevelStreaming:1]]
[2020.06.07-06.02.23:365][  0]LogConfig: Setting CVar [[s.PriorityAsyncLoadingExtraTime:15.0]]
[2020.06.07-06.02.23:365][  0]LogConfig: Setting CVar [[s.LevelStreamingActorsUpdateTimeLimit:5.0]]
[2020.06.07-06.02.23:365][  0]LogConfig: Setting CVar [[s.PriorityLevelStreamingActorsUpdateExtraTime:5.0]]
[2020.06.07-06.02.23:366][  0]LogConfig: Setting CVar [[s.LevelStreamingComponentsRegistrationGranularity:10]]
[2020.06.07-06.02.23:366][  0]LogConfig: Setting CVar [[s.UnregisterComponentsTimeLimit:1.0]]
[2020.06.07-06.02.23:366][  0]LogConfig: Setting CVar [[s.LevelStreamingComponentsUnregistrationGranularity:5]]
[2020.06.07-06.02.23:366][  0]LogConfig: Setting CVar [[s.FlushStreamingOnExit:1]]
[2020.06.07-06.02.23:367][  0]LogConfig: Applying CVar settings from Section [/Script/Engine.GarbageCollectionSettings] File [C:/Users/Lenovo/Documents/GitHub/UnrealEngine_Mudassir/Pinball/Saved/Config/Windows/Engine.ini]
[2020.06.07-06.02.23:367][  0]LogConfig: Setting CVar [[gc.MaxObjectsNotConsideredByGC:1]]
[2020.06.07-06.02.23:367][  0]LogConfig: Setting CVar [[gc.SizeOfPermanentObjectPool:0]]
[2020.06.07-06.02.23:368][  0]LogConfig: Setting CVar [[gc.FlushStreamingOnGC:0]]
[2020.06.07-06.02.23:368][  0]LogConfig: Setting CVar [[gc.NumRetriesBeforeForcingGC:10]]
[2020.06.07-06.02.23:368][  0]LogConfig: Setting CVar [[gc.AllowParallelGC:1]]
[2020.06.07-06.02.23:368][  0]LogConfig: Setting CVar [[gc.TimeBetweenPurgingPendingKillObjects:61.1]]
[2020.06.07-06.02.23:369][  0]LogConfig: Setting CVar [[gc.MaxObjectsInEditor:25165824]]
[2020.06.07-06.02.23:369][  0]LogConfig: Setting CVar [[gc.IncrementalBeginDestroyEnabled:1]]
[2020.06.07-06.02.23:369][  0]LogConfig: Setting CVar [[gc.CreateGCClusters:1]]
[2020.06.07-06.02.23:369][  0]LogConfig: Setting CVar [[gc.MinGCClusterSize:5]]
[2020.06.07-06.02.23:370][  0]LogConfig: Setting CVar [[gc.ActorClusteringEnabled:0]]
[2020.06.07-06.02.23:370][  0]LogConfig: Setting CVar [[gc.BlueprintClusteringEnabled:0]]
[2020.06.07-06.02.23:370][  0]LogConfig: Setting CVar [[gc.UseDisregardForGCOnDedicatedServers:0]]
[2020.06.07-06.02.23:370][  0]LogConfig: Applying CVar settings from Section [/Script/Engine.NetworkSettings] File [C:/Users/Lenovo/Documents/GitHub/UnrealEngine_Mudassir/Pinball/Saved/Config/Windows/Engine.ini]
[2020.06.07-06.02.23:373][  0]LogConfig: Applying CVar settings from Section [/Script/UnrealEd.CookerSettings] File [C:/Users/Lenovo/Documents/GitHub/UnrealEngine_Mudassir/Pinball/Saved/Config/Windows/Engine.ini]
[2020.06.07-06.02.24:014][  0]LogConfig: Applying CVar settings from Section [ViewDistanceQuality@3] File [C:/Users/Lenovo/Documents/GitHub/UnrealEngine_Mudassir/Pinball/Saved/Config/Windows/Scalability.ini]
[2020.06.07-06.02.24:014][  0]LogConfig: Setting CVar [[r.SkeletalMeshLODBias:0]]
[2020.06.07-06.02.24:014][  0]LogConfig: Setting CVar [[r.ViewDistanceScale:1.0]]
[2020.06.07-06.02.24:014][  0]LogConfig: Applying CVar settings from Section [AntiAliasingQuality@3] File [C:/Users/Lenovo/Documents/GitHub/UnrealEngine_Mudassir/Pinball/Saved/Config/Windows/Scalability.ini]
[2020.06.07-06.02.24:014][  0]LogConfig: Setting CVar [[r.PostProcessAAQuality:4]]
[2020.06.07-06.02.24:014][  0]LogConfig: Applying CVar settings from Section [ShadowQuality@3] File [C:/Users/Lenovo/Documents/GitHub/UnrealEngine_Mudassir/Pinball/Saved/Config/Windows/Scalability.ini]
[2020.06.07-06.02.24:015][  0]LogConfig: Setting CVar [[r.LightFunctionQuality:1]]
[2020.06.07-06.02.24:015][  0]LogConfig: Setting CVar [[r.ShadowQuality:5]]
[2020.06.07-06.02.24:015][  0]LogConfig: Setting CVar [[r.Shadow.CSM.MaxCascades:10]]
[2020.06.07-06.02.24:015][  0]LogConfig: Setting CVar [[r.Shadow.MaxResolution:2048]]
[2020.06.07-06.02.24:015][  0]LogConfig: Setting CVar [[r.Shadow.MaxCSMResolution:2048]]
[2020.06.07-06.02.24:015][  0]LogConfig: Setting CVar [[r.Shadow.RadiusThreshold:0.01]]
[2020.06.07-06.02.24:015][  0]LogConfig: Setting CVar [[r.Shadow.DistanceScale:1.0]]
[2020.06.07-06.02.24:015][  0]LogConfig: Setting CVar [[r.Shadow.CSM.TransitionScale:1.0]]
[2020.06.07-06.02.24:015][  0]LogConfig: Setting CVar [[r.Shadow.PreShadowResolutionFactor:1.0]]
[2020.06.07-06.02.24:015][  0]LogConfig: Setting CVar [[r.DistanceFieldShadowing:1]]
[2020.06.07-06.02.24:015][  0]LogConfig: Setting CVar [[r.DistanceFieldAO:1]]
[2020.06.07-06.02.24:016][  0]LogConfig: Setting CVar [[r.AOQuality:2]]
[2020.06.07-06.02.24:016][  0]LogConfig: Setting CVar [[r.VolumetricFog:1]]
[2020.06.07-06.02.24:016][  0]LogConfig: Setting CVar [[r.VolumetricFog.GridPixelSize:8]]
[2020.06.07-06.02.24:016][  0]LogConfig: Setting CVar [[r.VolumetricFog.GridSizeZ:128]]
[2020.06.07-06.02.24:016][  0]LogConfig: Setting CVar [[r.VolumetricFog.HistoryMissSupersampleCount:4]]
[2020.06.07-06.02.24:016][  0]LogConfig: Setting CVar [[r.LightMaxDrawDistanceScale:1]]
[2020.06.07-06.02.24:016][  0]LogConfig: Setting CVar [[r.CapsuleShadows:1]]
[2020.06.07-06.02.24:016][  0]LogConfig: Applying CVar settings from Section [PostProcessQuality@3] File [C:/Users/Lenovo/Documents/GitHub/UnrealEngine_Mudassir/Pinball/Saved/Config/Windows/Scalability.ini]
[2020.06.07-06.02.24:016][  0]LogConfig: Setting CVar [[r.MotionBlurQuality:4]]
[2020.06.07-06.02.24:016][  0]LogConfig: Setting CVar [[r.AmbientOcclusionMipLevelFactor:0.4]]
[2020.06.07-06.02.24:017][  0]LogConfig: Setting CVar [[r.AmbientOcclusionMaxQuality:100]]
[2020.06.07-06.02.24:017][  0]LogConfig: Setting CVar [[r.AmbientOcclusionLevels:-1]]
[2020.06.07-06.02.24:017][  0]LogConfig: Setting CVar [[r.AmbientOcclusionRadiusScale:1.0]]
[2020.06.07-06.02.24:017][  0]LogConfig: Setting CVar [[r.DepthOfFieldQuality:2]]
[2020.06.07-06.02.24:017][  0]LogConfig: Setting CVar [[r.RenderTargetPoolMin:400]]
[2020.06.07-06.02.24:017][  0]LogConfig: Setting CVar [[r.LensFlareQuality:2]]
[2020.06.07-06.02.24:017][  0]LogConfig: Setting CVar [[r.SceneColorFringeQuality:1]]
[2020.06.07-06.02.24:017][  0]LogConfig: Setting CVar [[r.EyeAdaptationQuality:2]]
[2020.06.07-06.02.24:017][  0]LogConfig: Setting CVar [[r.BloomQuality:5]]
[2020.06.07-06.02.24:017][  0]LogConfig: Setting CVar [[r.FastBlurThreshold:100]]
[2020.06.07-06.02.24:017][  0]LogConfig: Setting CVar [[r.Upscale.Quality:3]]
[2020.06.07-06.02.24:018][  0]LogConfig: Setting CVar [[r.Tonemapper.GrainQuantization:1]]
[2020.06.07-06.02.24:018][  0]LogConfig: Setting CVar [[r.LightShaftQuality:1]]
[2020.06.07-06.02.24:018][  0]LogConfig: Setting CVar [[r.Filter.SizeScale:1]]
[2020.06.07-06.02.24:018][  0]LogConfig: Setting CVar [[r.Tonemapper.Quality:5]]
[2020.06.07-06.02.24:018][  0]LogConfig: Setting CVar [[r.DOF.Gather.AccumulatorQuality:1        ; higher gathering accumulator quality]]
[2020.06.07-06.02.24:018][  0]LogConfig: Setting CVar [[r.DOF.Gather.PostfilterMethod:1          ; Median3x3 postfilering method]]
[2020.06.07-06.02.24:018][  0]LogConfig: Setting CVar [[r.DOF.Gather.EnableBokehSettings:0       ; no bokeh simulation when gathering]]
[2020.06.07-06.02.24:018][  0]LogConfig: Setting CVar [[r.DOF.Gather.RingCount:4                 ; medium number of samples when gathering]]
[2020.06.07-06.02.24:018][  0]LogConfig: Setting CVar [[r.DOF.Scatter.ForegroundCompositing:1    ; additive foreground scattering]]
[2020.06.07-06.02.24:018][  0]LogConfig: Setting CVar [[r.DOF.Scatter.BackgroundCompositing:2    ; additive background scattering]]
[2020.06.07-06.02.24:018][  0]LogConfig: Setting CVar [[r.DOF.Scatter.EnableBokehSettings:1      ; bokeh simulation when scattering]]
[2020.06.07-06.02.24:019][  0]LogConfig: Setting CVar [[r.DOF.Scatter.MaxSpriteRatio:0.1         ; only a maximum of 10% of scattered bokeh]]
[2020.06.07-06.02.24:019][  0]LogConfig: Setting CVar [[r.DOF.Recombine.Quality:1                ; cheap slight out of focus]]
[2020.06.07-06.02.24:019][  0]LogConfig: Setting CVar [[r.DOF.Recombine.EnableBokehSettings:0    ; no bokeh simulation on slight out of focus]]
[2020.06.07-06.02.24:019][  0]LogConfig: Setting CVar [[r.DOF.TemporalAAQuality:1                ; more stable temporal accumulation]]
[2020.06.07-06.02.24:019][  0]LogConfig: Setting CVar [[r.DOF.Kernel.MaxForegroundRadius:0.025]]
[2020.06.07-06.02.24:019][  0]LogConfig: Setting CVar [[r.DOF.Kernel.MaxBackgroundRadius:0.025]]
[2020.06.07-06.02.24:019][  0]LogConfig: Applying CVar settings from Section [TextureQuality@3] File [C:/Users/Lenovo/Documents/GitHub/UnrealEngine_Mudassir/Pinball/Saved/Config/Windows/Scalability.ini]
[2020.06.07-06.02.24:019][  0]LogConfig: Setting CVar [[r.Streaming.MipBias:0]]
[2020.06.07-06.02.24:019][  0]LogConfig: Setting CVar [[r.Streaming.AmortizeCPUToGPUCopy:0]]
[2020.06.07-06.02.24:019][  0]LogConfig: Setting CVar [[r.Streaming.MaxNumTexturesToStreamPerFrame:0]]
[2020.06.07-06.02.24:019][  0]LogConfig: Setting CVar [[r.Streaming.Boost:1]]
[2020.06.07-06.02.24:020][  0]LogConfig: Setting CVar [[r.MaxAnisotropy:8]]
[2020.06.07-06.02.24:020][  0]LogConfig: Setting CVar [[r.VT.MaxAnisotropy:8]]
[2020.06.07-06.02.24:020][  0]LogConfig: Setting CVar [[r.Streaming.LimitPoolSizeToVRAM:0]]
[2020.06.07-06.02.24:020][  0]LogConfig: Setting CVar [[r.Streaming.PoolSize:1000]]
[2020.06.07-06.02.24:020][  0]LogConfig: Setting CVar [[r.Streaming.MaxEffectiveScreenSize:0]]
[2020.06.07-06.02.24:020][  0]LogConfig: Applying CVar settings from Section [EffectsQuality@3] File [C:/Users/Lenovo/Documents/GitHub/UnrealEngine_Mudassir/Pinball/Saved/Config/Windows/Scalability.ini]
[2020.06.07-06.02.24:020][  0]LogConfig: Setting CVar [[r.TranslucencyLightingVolumeDim:64]]
[2020.06.07-06.02.24:020][  0]LogConfig: Setting CVar [[r.RefractionQuality:2]]
[2020.06.07-06.02.24:020][  0]LogConfig: Setting CVar [[r.SSR.Quality:3]]
[2020.06.07-06.02.24:020][  0]LogConfig: Setting CVar [[r.SSR.HalfResSceneColor:0]]
[2020.06.07-06.02.24:020][  0]LogConfig: Setting CVar [[r.SceneColorFormat:4]]
[2020.06.07-06.02.24:021][  0]LogConfig: Setting CVar [[r.DetailMode:2]]
[2020.06.07-06.02.24:021][  0]LogConfig: Setting CVar [[r.TranslucencyVolumeBlur:1]]
[2020.06.07-06.02.24:021][  0]LogConfig: Setting CVar [[r.MaterialQualityLevel:1 ; High quality]]
[2020.06.07-06.02.24:021][  0]LogConfig: Setting CVar [[r.SSS.Scale:1]]
[2020.06.07-06.02.24:021][  0]LogConfig: Setting CVar [[r.SSS.SampleSet:2]]
[2020.06.07-06.02.24:021][  0]LogConfig: Setting CVar [[r.SSS.Quality:1]]
[2020.06.07-06.02.24:021][  0]LogConfig: Setting CVar [[r.SSS.HalfRes:0]]
[2020.06.07-06.02.24:021][  0]LogConfig: Setting CVar [[r.SSGI.Quality:3]]
[2020.06.07-06.02.24:021][  0]LogConfig: Setting CVar [[r.EmitterSpawnRateScale:1.0]]
[2020.06.07-06.02.24:021][  0]LogConfig: Setting CVar [[r.ParticleLightQuality:2]]
[2020.06.07-06.02.24:022][  0]LogConfig: Setting CVar [[r.SkyAtmosphere.AerialPerspectiveLUT.FastApplyOnOpaque:1 ; Always have FastSkyLUT 1 in this case to avoid wrong sky]]
[2020.06.07-06.02.24:022][  0]LogConfig: Setting CVar [[r.SkyAtmosphere.AerialPerspectiveLUT.SampleCountPerSlice:1]]
[2020.06.07-06.02.24:022][  0]LogConfig: Setting CVar [[r.SkyAtmosphere.AerialPerspectiveLUT.DepthResolution:16.0]]
[2020.06.07-06.02.24:022][  0]LogConfig: Setting CVar [[r.SkyAtmosphere.FastSkyLUT:1]]
[2020.06.07-06.02.24:022][  0]LogConfig: Setting CVar [[r.SkyAtmosphere.FastSkyLUT.SampleCountMin:4.0]]
[2020.06.07-06.02.24:022][  0]LogConfig: Setting CVar [[r.SkyAtmosphere.FastSkyLUT.SampleCountMax:32.0]]
[2020.06.07-06.02.24:023][  0]LogConfig: Setting CVar [[r.SkyAtmosphere.SampleCountMin:4.0]]
[2020.06.07-06.02.24:023][  0]LogConfig: Setting CVar [[r.SkyAtmosphere.SampleCountMax:32.0]]
[2020.06.07-06.02.24:023][  0]LogConfig: Setting CVar [[r.SkyAtmosphere.TransmittanceLUT.UseSmallFormat:0]]
[2020.06.07-06.02.24:023][  0]LogConfig: Setting CVar [[r.SkyAtmosphere.TransmittanceLUT.SampleCount:10.0]]
[2020.06.07-06.02.24:023][  0]LogConfig: Setting CVar [[r.SkyAtmosphere.MultiScatteringLUT.SampleCount:15.0]]
[2020.06.07-06.02.24:023][  0]LogConfig: Applying CVar settings from Section [FoliageQuality@3] File [C:/Users/Lenovo/Documents/GitHub/UnrealEngine_Mudassir/Pinball/Saved/Config/Windows/Scalability.ini]
[2020.06.07-06.02.24:023][  0]LogConfig: Setting CVar [[foliage.DensityScale:1.0]]
[2020.06.07-06.02.24:023][  0]LogConfig: Setting CVar [[grass.DensityScale:1.0]]
[2020.06.07-06.02.24:023][  0]LogConfig: Applying CVar settings from Section [ShadingQuality@3] File [C:/Users/Lenovo/Documents/GitHub/UnrealEngine_Mudassir/Pinball/Saved/Config/Windows/Scalability.ini]
[2020.06.07-06.02.24:023][  0]LogConfig: Setting CVar [[r.HairStrands.SkyLighting.SampleCount:16]]
[2020.06.07-06.02.24:023][  0]LogConfig: Setting CVar [[r.HairStrands.SkyLighting.JitterIntegration:0]]
[2020.06.07-06.02.24:024][  0]LogConfig: Setting CVar [[r.HairStrands.SkyAO.SampleCount:16]]
[2020.06.07-06.02.24:024][  0]LogConfig: Setting CVar [[r.HairStrands.DeepShadow.SuperSampling:0]]
[2020.06.07-06.02.24:024][  0]LogConfig: Setting CVar [[r.HairStrands.VisibilityPPLL:0]]
[2020.06.07-06.02.24:024][  0]LogConfig: Setting CVar [[r.HairStrands.RasterizationScale:0.5]]
[2020.06.07-06.02.24:024][  0]LogConfig: Setting CVar [[r.HairStrands.VelocityRasterizationScale:1]]
[2020.06.07-06.02.24:024][  0]LogInit: Selected Device Profile: [Windows]
[2020.06.07-06.02.24:024][  0]LogInit: Applying CVar settings loaded from the selected device profile: [Windows]
[2020.06.07-06.02.24:024][  0]LogHAL: Display: Platform has ~ 8 GB [8494747648 / 8589934592 / 8], which maps to Default [LargestMinGB=32, LargerMinGB=12, DefaultMinGB=8, SmallerMinGB=6, SmallestMinGB=0)
[2020.06.07-06.02.24:025][  0]LogInit: Going up to parent DeviceProfile []
[2020.06.07-06.02.24:025][  0]LogConfig: Applying CVar settings from Section [ViewDistanceQuality@3] File [C:/Users/Lenovo/Documents/GitHub/UnrealEngine_Mudassir/Pinball/Saved/Config/Windows/Scalability.ini]
[2020.06.07-06.02.24:025][  0]LogConfig: Setting CVar [[r.SkeletalMeshLODBias:0]]
[2020.06.07-06.02.24:025][  0]LogConfig: Setting CVar [[r.ViewDistanceScale:1.0]]
[2020.06.07-06.02.24:025][  0]LogConfig: Applying CVar settings from Section [AntiAliasingQuality@3] File [C:/Users/Lenovo/Documents/GitHub/UnrealEngine_Mudassir/Pinball/Saved/Config/Windows/Scalability.ini]
[2020.06.07-06.02.24:025][  0]LogConfig: Setting CVar [[r.PostProcessAAQuality:4]]
[2020.06.07-06.02.24:025][  0]LogConfig: Applying CVar settings from Section [ShadowQuality@3] File [C:/Users/Lenovo/Documents/GitHub/UnrealEngine_Mudassir/Pinball/Saved/Config/Windows/Scalability.ini]
[2020.06.07-06.02.24:025][  0]LogConfig: Setting CVar [[r.LightFunctionQuality:1]]
[2020.06.07-06.02.24:025][  0]LogConfig: Setting CVar [[r.ShadowQuality:5]]
[2020.06.07-06.02.24:025][  0]LogConfig: Setting CVar [[r.Shadow.CSM.MaxCascades:10]]
[2020.06.07-06.02.24:026][  0]LogConfig: Setting CVar [[r.Shadow.MaxResolution:2048]]
[2020.06.07-06.02.24:026][  0]LogConfig: Setting CVar [[r.Shadow.MaxCSMResolution:2048]]
[2020.06.07-06.02.24:026][  0]LogConfig: Setting CVar [[r.Shadow.RadiusThreshold:0.01]]
[2020.06.07-06.02.24:026][  0]LogConfig: Setting CVar [[r.Shadow.DistanceScale:1.0]]
[2020.06.07-06.02.24:026][  0]LogConfig: Setting CVar [[r.Shadow.CSM.TransitionScale:1.0]]
[2020.06.07-06.02.24:026][  0]LogConfig: Setting CVar [[r.Shadow.PreShadowResolutionFactor:1.0]]
[2020.06.07-06.02.24:026][  0]LogConfig: Setting CVar [[r.DistanceFieldShadowing:1]]
[2020.06.07-06.02.24:026][  0]LogConfig: Setting CVar [[r.DistanceFieldAO:1]]
[2020.06.07-06.02.24:026][  0]LogConfig: Setting CVar [[r.AOQuality:2]]
[2020.06.07-06.02.24:026][  0]LogConfig: Setting CVar [[r.VolumetricFog:1]]
[2020.06.07-06.02.24:027][  0]LogConfig: Setting CVar [[r.VolumetricFog.GridPixelSize:8]]
[2020.06.07-06.02.24:027][  0]LogConfig: Setting CVar [[r.VolumetricFog.GridSizeZ:128]]
[2020.06.07-06.02.24:027][  0]LogConfig: Setting CVar [[r.VolumetricFog.HistoryMissSupersampleCount:4]]
[2020.06.07-06.02.24:027][  0]LogConfig: Setting CVar [[r.LightMaxDrawDistanceScale:1]]
[2020.06.07-06.02.24:027][  0]LogConfig: Setting CVar [[r.CapsuleShadows:1]]
[2020.06.07-06.02.24:027][  0]LogConfig: Applying CVar settings from Section [PostProcessQuality@3] File [C:/Users/Lenovo/Documents/GitHub/UnrealEngine_Mudassir/Pinball/Saved/Config/Windows/Scalability.ini]
[2020.06.07-06.02.24:027][  0]LogConfig: Setting CVar [[r.MotionBlurQuality:4]]
[2020.06.07-06.02.24:027][  0]LogConfig: Setting CVar [[r.AmbientOcclusionMipLevelFactor:0.4]]
[2020.06.07-06.02.24:027][  0]LogConfig: Setting CVar [[r.AmbientOcclusionMaxQuality:100]]
[2020.06.07-06.02.24:027][  0]LogConfig: Setting CVar [[r.AmbientOcclusionLevels:-1]]
[2020.06.07-06.02.24:027][  0]LogConfig: Setting CVar [[r.AmbientOcclusionRadiusScale:1.0]]
[2020.06.07-06.02.24:028][  0]LogConfig: Setting CVar [[r.DepthOfFieldQuality:2]]
[2020.06.07-06.02.24:028][  0]LogConfig: Setting CVar [[r.RenderTargetPoolMin:400]]
[2020.06.07-06.02.24:028][  0]LogConfig: Setting CVar [[r.LensFlareQuality:2]]
[2020.06.07-06.02.24:028][  0]LogConfig: Setting CVar [[r.SceneColorFringeQuality:1]]
[2020.06.07-06.02.24:028][  0]LogConfig: Setting CVar [[r.EyeAdaptationQuality:2]]
[2020.06.07-06.02.24:028][  0]LogConfig: Setting CVar [[r.BloomQuality:5]]
[2020.06.07-06.02.24:028][  0]LogConfig: Setting CVar [[r.FastBlurThreshold:100]]
[2020.06.07-06.02.24:028][  0]LogConfig: Setting CVar [[r.Upscale.Quality:3]]
[2020.06.07-06.02.24:028][  0]LogConfig: Setting CVar [[r.Tonemapper.GrainQuantization:1]]
[2020.06.07-06.02.24:028][  0]LogConfig: Setting CVar [[r.LightShaftQuality:1]]
[2020.06.07-06.02.24:028][  0]LogConfig: Setting CVar [[r.Filter.SizeScale:1]]
[2020.06.07-06.02.24:029][  0]LogConfig: Setting CVar [[r.Tonemapper.Quality:5]]
[2020.06.07-06.02.24:029][  0]LogConfig: Setting CVar [[r.DOF.Gather.AccumulatorQuality:1        ; higher gathering accumulator quality]]
[2020.06.07-06.02.24:029][  0]LogConfig: Setting CVar [[r.DOF.Gather.PostfilterMethod:1          ; Median3x3 postfilering method]]
[2020.06.07-06.02.24:029][  0]LogConfig: Setting CVar [[r.DOF.Gather.EnableBokehSettings:0       ; no bokeh simulation when gathering]]
[2020.06.07-06.02.24:029][  0]LogConfig: Setting CVar [[r.DOF.Gather.RingCount:4                 ; medium number of samples when gathering]]
[2020.06.07-06.02.24:029][  0]LogConfig: Setting CVar [[r.DOF.Scatter.ForegroundCompositing:1    ; additive foreground scattering]]
[2020.06.07-06.02.24:029][  0]LogConfig: Setting CVar [[r.DOF.Scatter.BackgroundCompositing:2    ; additive background scattering]]
[2020.06.07-06.02.24:029][  0]LogConfig: Setting CVar [[r.DOF.Scatter.EnableBokehSettings:1      ; bokeh simulation when scattering]]
[2020.06.07-06.02.24:029][  0]LogConfig: Setting CVar [[r.DOF.Scatter.MaxSpriteRatio:0.1         ; only a maximum of 10% of scattered bokeh]]
[2020.06.07-06.02.24:029][  0]LogConfig: Setting CVar [[r.DOF.Recombine.Quality:1                ; cheap slight out of focus]]
[2020.06.07-06.02.24:029][  0]LogConfig: Setting CVar [[r.DOF.Recombine.EnableBokehSettings:0    ; no bokeh simulation on slight out of focus]]
[2020.06.07-06.02.24:030][  0]LogConfig: Setting CVar [[r.DOF.TemporalAAQuality:1                ; more stable temporal accumulation]]
[2020.06.07-06.02.24:030][  0]LogConfig: Setting CVar [[r.DOF.Kernel.MaxForegroundRadius:0.025]]
[2020.06.07-06.02.24:030][  0]LogConfig: Setting CVar [[r.DOF.Kernel.MaxBackgroundRadius:0.025]]
[2020.06.07-06.02.24:030][  0]LogConfig: Applying CVar settings from Section [TextureQuality@3] File [C:/Users/Lenovo/Documents/GitHub/UnrealEngine_Mudassir/Pinball/Saved/Config/Windows/Scalability.ini]
[2020.06.07-06.02.24:030][  0]LogConfig: Setting CVar [[r.Streaming.MipBias:0]]
[2020.06.07-06.02.24:030][  0]LogConfig: Setting CVar [[r.Streaming.AmortizeCPUToGPUCopy:0]]
[2020.06.07-06.02.24:030][  0]LogConfig: Setting CVar [[r.Streaming.MaxNumTexturesToStreamPerFrame:0]]
[2020.06.07-06.02.24:030][  0]LogConfig: Setting CVar [[r.Streaming.Boost:1]]
[2020.06.07-06.02.24:030][  0]LogConfig: Setting CVar [[r.MaxAnisotropy:8]]
[2020.06.07-06.02.24:030][  0]LogConfig: Setting CVar [[r.VT.MaxAnisotropy:8]]
[2020.06.07-06.02.24:030][  0]LogConfig: Setting CVar [[r.Streaming.LimitPoolSizeToVRAM:0]]
[2020.06.07-06.02.24:031][  0]LogConfig: Setting CVar [[r.Streaming.PoolSize:1000]]
[2020.06.07-06.02.24:031][  0]LogConfig: Setting CVar [[r.Streaming.MaxEffectiveScreenSize:0]]
[2020.06.07-06.02.24:031][  0]LogConfig: Applying CVar settings from Section [EffectsQuality@3] File [C:/Users/Lenovo/Documents/GitHub/UnrealEngine_Mudassir/Pinball/Saved/Config/Windows/Scalability.ini]
[2020.06.07-06.02.24:031][  0]LogConfig: Setting CVar [[r.TranslucencyLightingVolumeDim:64]]
[2020.06.07-06.02.24:031][  0]LogConfig: Setting CVar [[r.RefractionQuality:2]]
[2020.06.07-06.02.24:031][  0]LogConfig: Setting CVar [[r.SSR.Quality:3]]
[2020.06.07-06.02.24:031][  0]LogConfig: Setting CVar [[r.SSR.HalfResSceneColor:0]]
[2020.06.07-06.02.24:031][  0]LogConfig: Setting CVar [[r.SceneColorFormat:4]]
[2020.06.07-06.02.24:031][  0]LogConfig: Setting CVar [[r.DetailMode:2]]
[2020.06.07-06.02.24:031][  0]LogConfig: Setting CVar [[r.TranslucencyVolumeBlur:1]]
[2020.06.07-06.02.24:031][  0]LogConfig: Setting CVar [[r.MaterialQualityLevel:1 ; High quality]]
[2020.06.07-06.02.24:032][  0]LogConfig: Setting CVar [[r.SSS.Scale:1]]
[2020.06.07-06.02.24:032][  0]LogConfig: Setting CVar [[r.SSS.SampleSet:2]]
[2020.06.07-06.02.24:032][  0]LogConfig: Setting CVar [[r.SSS.Quality:1]]
[2020.06.07-06.02.24:032][  0]LogConfig: Setting CVar [[r.SSS.HalfRes:0]]
[2020.06.07-06.02.24:032][  0]LogConfig: Setting CVar [[r.SSGI.Quality:3]]
[2020.06.07-06.02.24:032][  0]LogConfig: Setting CVar [[r.EmitterSpawnRateScale:1.0]]
[2020.06.07-06.02.24:032][  0]LogConfig: Setting CVar [[r.ParticleLightQuality:2]]
[2020.06.07-06.02.24:032][  0]LogConfig: Setting CVar [[r.SkyAtmosphere.AerialPerspectiveLUT.FastApplyOnOpaque:1 ; Always have FastSkyLUT 1 in this case to avoid wrong sky]]
[2020.06.07-06.02.24:032][  0]LogConfig: Setting CVar [[r.SkyAtmosphere.AerialPerspectiveLUT.SampleCountPerSlice:1]]
[2020.06.07-06.02.24:032][  0]LogConfig: Setting CVar [[r.SkyAtmosphere.AerialPerspectiveLUT.DepthResolution:16.0]]
[2020.06.07-06.02.24:033][  0]LogConfig: Setting CVar [[r.SkyAtmosphere.FastSkyLUT:1]]
[2020.06.07-06.02.24:033][  0]LogConfig: Setting CVar [[r.SkyAtmosphere.FastSkyLUT.SampleCountMin:4.0]]
[2020.06.07-06.02.24:033][  0]LogConfig: Setting CVar [[r.SkyAtmosphere.FastSkyLUT.SampleCountMax:32.0]]
[2020.06.07-06.02.24:033][  0]LogConfig: Setting CVar [[r.SkyAtmosphere.SampleCountMin:4.0]]
[2020.06.07-06.02.24:033][  0]LogConfig: Setting CVar [[r.SkyAtmosphere.SampleCountMax:32.0]]
[2020.06.07-06.02.24:033][  0]LogConfig: Setting CVar [[r.SkyAtmosphere.TransmittanceLUT.UseSmallFormat:0]]
[2020.06.07-06.02.24:033][  0]LogConfig: Setting CVar [[r.SkyAtmosphere.TransmittanceLUT.SampleCount:10.0]]
[2020.06.07-06.02.24:033][  0]LogConfig: Setting CVar [[r.SkyAtmosphere.MultiScatteringLUT.SampleCount:15.0]]
[2020.06.07-06.02.24:033][  0]LogConfig: Applying CVar settings from Section [FoliageQuality@3] File [C:/Users/Lenovo/Documents/GitHub/UnrealEngine_Mudassir/Pinball/Saved/Config/Windows/Scalability.ini]
[2020.06.07-06.02.24:033][  0]LogConfig: Setting CVar [[foliage.DensityScale:1.0]]
[2020.06.07-06.02.24:034][  0]LogConfig: Setting CVar [[grass.DensityScale:1.0]]
[2020.06.07-06.02.24:034][  0]LogConfig: Applying CVar settings from Section [ShadingQuality@3] File [C:/Users/Lenovo/Documents/GitHub/UnrealEngine_Mudassir/Pinball/Saved/Config/Windows/Scalability.ini]
[2020.06.07-06.02.24:034][  0]LogConfig: Setting CVar [[r.HairStrands.SkyLighting.SampleCount:16]]
[2020.06.07-06.02.24:034][  0]LogConfig: Setting CVar [[r.HairStrands.SkyLighting.JitterIntegration:0]]
[2020.06.07-06.02.24:034][  0]LogConfig: Setting CVar [[r.HairStrands.SkyAO.SampleCount:16]]
[2020.06.07-06.02.24:034][  0]LogConfig: Setting CVar [[r.HairStrands.DeepShadow.SuperSampling:0]]
[2020.06.07-06.02.24:034][  0]LogConfig: Setting CVar [[r.HairStrands.VisibilityPPLL:0]]
[2020.06.07-06.02.24:034][  0]LogConfig: Setting CVar [[r.HairStrands.RasterizationScale:0.5]]
[2020.06.07-06.02.24:034][  0]LogConfig: Setting CVar [[r.HairStrands.VelocityRasterizationScale:1]]
[2020.06.07-06.02.24:034][  0]LogConfig: Applying CVar settings from Section [Startup] File [../../../Engine/Config/ConsoleVariables.ini]
[2020.06.07-06.02.24:142][  0]LogConfig: Setting CVar [[net.UseAdaptiveNetUpdateFrequency:0]]
[2020.06.07-06.02.24:142][  0]LogConfig: Setting CVar [[p.chaos.AllowCreatePhysxBodies:1]]
[2020.06.07-06.02.24:142][  0]LogConfig: Setting CVar [[fx.SkipVectorVMBackendOptimizations:1]]
[2020.06.07-06.02.24:143][  0]LogConfig: Applying CVar settings from Section [ConsoleVariables] File [C:/Users/Lenovo/Documents/GitHub/UnrealEngine_Mudassir/Pinball/Saved/Config/Windows/Engine.ini]
[2020.06.07-06.02.24:143][  0]LogInit: Computer: DESKTOP-0GI6FT0
[2020.06.07-06.02.24:143][  0]LogInit: User: Lenovo
[2020.06.07-06.02.24:143][  0]LogInit: CPU Page size=4096, Cores=4
[2020.06.07-06.02.24:143][  0]LogInit: High frequency timer resolution =10.000000 MHz
[2020.06.07-06.02.24:144][  0]LogMemory: Memory total: Physical=7.9GB (8GB approx)
[2020.06.07-06.02.24:144][  0]LogMemory: Platform Memory Stats for Windows
[2020.06.07-06.02.24:144][  0]LogMemory: Process Physical Memory: 113.25 MB used, 113.25 MB peak
[2020.06.07-06.02.24:144][  0]LogMemory: Process Virtual Memory: 96.24 MB used, 96.24 MB peak
[2020.06.07-06.02.24:144][  0]LogMemory: Physical Memory: 3650.89 MB used,  4450.33 MB free, 8101.22 MB total
[2020.06.07-06.02.24:144][  0]LogMemory: Virtual Memory: 5109.76 MB used,  134212616.00 MB free, 134217728.00 MB total
[2020.06.07-06.02.24:187][  0]LogWindows: WindowsPlatformFeatures enabled
[2020.06.07-06.02.25:345][  0]LogInit: Physics initialised using underlying interface: PhysX
[2020.06.07-06.02.25:365][  0]LogInit: Using OS detected language (en-US).
[2020.06.07-06.02.25:365][  0]LogInit: Using OS detected locale (en-US).
[2020.06.07-06.02.26:155][  0]LogTextLocalizationManager: No specific localization for 'en-US' exists, so the 'en' localization will be used.
[2020.06.07-06.02.29:629][  0]LogInit: Setting process to per monitor DPI aware
[2020.06.07-06.02.30:586][  0]LogSlate: New Slate User Created.  User Index 0, Is Virtual User: 0
[2020.06.07-06.02.30:586][  0]LogSlate: Slate User Registered.  User Index 0, Is Virtual User: 0
[2020.06.07-06.02.35:834][  0]LogHMD: Failed to initialize OpenVR with code 110
[2020.06.07-06.02.35:834][  0]LogD3D11RHI: D3D11 min allowed feature level: 11_0
[2020.06.07-06.02.35:834][  0]LogD3D11RHI: D3D11 max allowed feature level: 11_0
[2020.06.07-06.02.35:834][  0]LogD3D11RHI: D3D11 adapters:
[2020.06.07-06.02.36:878][  0]LogD3D11RHI:    0. 'NVIDIA GeForce MX150' (Feature Level 11_0)
[2020.06.07-06.02.36:879][  0]LogD3D11RHI:       1983/0/4050 MB DedicatedVideo/DedicatedSystem/SharedSystem, Outputs:1, VendorId:0x10de
[2020.06.07-06.02.36:941][  0]LogD3D11RHI:    1. 'Intel(R) UHD Graphics 620' (Feature Level 11_0)
[2020.06.07-06.02.36:941][  0]LogD3D11RHI:       128/0/4050 MB DedicatedVideo/DedicatedSystem/SharedSystem, Outputs:0, VendorId:0x8086
[2020.06.07-06.02.37:445][  0]LogD3D11RHI:    2. 'Microsoft Basic Render Driver' (Feature Level 11_0)
[2020.06.07-06.02.37:446][  0]LogD3D11RHI:       0/0/4050 MB DedicatedVideo/DedicatedSystem/SharedSystem, Outputs:0, VendorId:0x1414
[2020.06.07-06.02.37:447][  0]LogD3D11RHI: Chosen D3D11 Adapter: 0
[2020.06.07-06.02.37:633][  0]LogD3D11RHI: Creating new Direct3DDevice
[2020.06.07-06.02.37:633][  0]LogD3D11RHI:     GPU DeviceId: 0x1d10 (for the marketing name, search the web for "GPU Device Id")
[2020.06.07-06.02.37:634][  0]LogWindows: EnumDisplayDevices:
[2020.06.07-06.02.37:634][  0]LogWindows:    0. 'Intel(R) UHD Graphics 620' (P:1 D:1)
[2020.06.07-06.02.37:636][  0]LogWindows:    1. 'Intel(R) UHD Graphics 620' (P:0 D:0)
[2020.06.07-06.02.37:637][  0]LogWindows:    2. 'Intel(R) UHD Graphics 620' (P:0 D:0)
[2020.06.07-06.02.37:638][  0]LogWindows: DebugString: PrimaryIsNotTheChoosenAdapter PrimaryIsNotTheChoosenAdapter PrimaryIsNotTheChoosenAdapter FoundDriverCount:0 
[2020.06.07-06.02.37:638][  0]LogD3D11RHI:     Adapter Name: NVIDIA GeForce MX150
[2020.06.07-06.02.37:638][  0]LogD3D11RHI:   Driver Version: Unknown (internal:Unknown, unified:Unknown)
[2020.06.07-06.02.37:638][  0]LogD3D11RHI:      Driver Date: Unknown
[2020.06.07-06.02.37:638][  0]LogRHI: Texture pool is 1388 MB (70% of 1983 MB)
[2020.06.07-06.02.38:057][  0]LogD3D11RHI: RHI has support for 64 bit atomics
[2020.06.07-06.02.38:073][  0]LogD3D11RHI: [Aftermath] Enabled and primed
[2020.06.07-06.02.38:073][  0]LogD3D11RHI: Async texture creation enabled
[2020.06.07-06.02.38:073][  0]LogD3D11RHI: Array index from any shader is supported
[2020.06.07-06.02.38:212][  0]LogD3D11RHI: GPU Timing Frequency: 1000.000000 (Debug: 2 1)
[2020.06.07-06.02.41:086][  0]LogTargetPlatformManager: Display: Loaded TargetPlatform 'AllDesktop'
[2020.06.07-06.02.41:159][  0]LogTargetPlatformManager: Display: Loaded TargetPlatform 'Android'
[2020.06.07-06.02.41:159][  0]LogTargetPlatformManager: Display: Loaded TargetPlatform 'Android_ASTC'
[2020.06.07-06.02.41:159][  0]LogTargetPlatformManager: Display: Loaded TargetPlatform 'Android_DXT'
[2020.06.07-06.02.41:159][  0]LogTargetPlatformManager: Display: Loaded TargetPlatform 'Android_ETC2'
[2020.06.07-06.02.41:159][  0]LogTargetPlatformManager: Display: Loaded TargetPlatform 'AndroidClient'
[2020.06.07-06.02.41:159][  0]LogTargetPlatformManager: Display: Loaded TargetPlatform 'Android_ASTCClient'
[2020.06.07-06.02.41:159][  0]LogTargetPlatformManager: Display: Loaded TargetPlatform 'Android_DXTClient'
[2020.06.07-06.02.41:159][  0]LogTargetPlatformManager: Display: Loaded TargetPlatform 'Android_ETC2Client'
[2020.06.07-06.02.41:160][  0]LogTargetPlatformManager: Display: Loaded TargetPlatform 'Android_Multi'
[2020.06.07-06.02.41:160][  0]LogTargetPlatformManager: Display: Loaded TargetPlatform 'Android_MultiClient'
[2020.06.07-06.02.41:659][  0]LogTargetPlatformManager: Display: Loaded TargetPlatform 'IOSClient'
[2020.06.07-06.02.41:659][  0]LogTargetPlatformManager: Display: Loaded TargetPlatform 'IOS'
[2020.06.07-06.02.41:785][  0]LogTargetPlatformManager: Display: Loaded TargetPlatform 'Linux'
[2020.06.07-06.02.41:838][  0]LogTargetPlatformManager: Display: Loaded TargetPlatform 'LinuxNoEditor'
[2020.06.07-06.02.41:950][  0]LogTargetPlatformManager: Display: Loaded TargetPlatform 'LinuxClient'
[2020.06.07-06.02.42:072][  0]LogTargetPlatformManager: Display: Loaded TargetPlatform 'LinuxServer'
[2020.06.07-06.02.42:149][  0]LogTargetPlatformManager: Display: Loaded TargetPlatform 'LinuxAArch64NoEditor'
[2020.06.07-06.02.42:196][  0]LogTargetPlatformManager: Display: Loaded TargetPlatform 'LinuxAArch64Client'
[2020.06.07-06.02.42:238][  0]LogTargetPlatformManager: Display: Loaded TargetPlatform 'LinuxAArch64Server'
[2020.06.07-06.02.42:357][  0]LogTargetPlatformManager: Display: Loaded TargetPlatform 'Lumin'
[2020.06.07-06.02.42:357][  0]LogTargetPlatformManager: Display: Loaded TargetPlatform 'LuminClient'
[2020.06.07-06.02.42:458][  0]LogTargetPlatformManager: Display: Loaded TargetPlatform 'TVOSClient'
[2020.06.07-06.02.42:459][  0]LogTargetPlatformManager: Display: Loaded TargetPlatform 'TVOS'
[2020.06.07-06.02.42:518][  0]LogTargetPlatformManager: Display: Loaded TargetPlatform 'WindowsNoEditor'
[2020.06.07-06.02.42:568][  0]LogTargetPlatformManager: Display: Loaded TargetPlatform 'Windows'
[2020.06.07-06.02.42:666][  0]LogTargetPlatformManager: Display: Loaded TargetPlatform 'WindowsClient'
[2020.06.07-06.02.42:798][  0]LogTargetPlatformManager: Display: Loaded TargetPlatform 'WindowsServer'
[2020.06.07-06.02.42:798][  0]LogTargetPlatformManager: Display: Building Assets For Windows
[2020.06.07-06.02.43:038][  0]LogAudioDebug: Display: Lib vorbis DLL was dynamically loaded.
[2020.06.07-06.02.43:886][  0]LogShaderCompilers: Guid format shader working directory is -31 characters bigger than the processId version (../../../../../../Users/Lenovo/Documents/GitHub/UnrealEngine_Mudassir/Pinball/Intermediate/Shaders/WorkingDirectory/16508/).
[2020.06.07-06.02.43:886][  0]LogShaderCompilers: Cleaned the shader compiler working directory 'C:/Users/Lenovo/AppData/Local/Temp/UnrealShaderWorkingDir/DAD7C64F40083E0FEB8FDBA4FC10A5CB/'.
[2020.06.07-06.02.43:901][  0]LogXGEController: Cannot use XGE Controller as Incredibuild is not installed on this machine.
[2020.06.07-06.02.43:902][  0]LogShaderCompilers: Cannot use XGE Shader Compiler as Incredibuild is not installed on this machine.
[2020.06.07-06.02.43:902][  0]LogShaderCompilers: Display: Using Local Shader Compiler.
[2020.06.07-06.02.49:656][  0]LogDerivedDataCache: Display: Max Cache Size: 512 MB
[2020.06.07-06.02.49:986][  0]LogDerivedDataCache: Loaded boot cache 0.33s 104MB C:/Users/Lenovo/AppData/Local/UnrealEngine/4.25/DerivedDataCache/Boot.ddc.
[2020.06.07-06.02.49:987][  0]LogDerivedDataCache: Display: Loaded Boot cache: C:/Users/Lenovo/AppData/Local/UnrealEngine/4.25/DerivedDataCache/Boot.ddc
[2020.06.07-06.02.49:987][  0]LogDerivedDataCache: FDerivedDataBackendGraph:  Pak pak cache file ../../../../../../Users/Lenovo/Documents/GitHub/UnrealEngine_Mudassir/Pinball/DerivedDataCache/DDC.ddp not found, will not use a pak cache.
[2020.06.07-06.02.49:987][  0]LogDerivedDataCache: Unable to find inner node Pak for hierarchical cache Hierarchy.
[2020.06.07-06.02.49:987][  0]LogDerivedDataCache: FDerivedDataBackendGraph:  CompressedPak pak cache file ../../../../../../Users/Lenovo/Documents/GitHub/UnrealEngine_Mudassir/Pinball/DerivedDataCache/Compressed.ddp not found, will not use a pak cache.
[2020.06.07-06.02.49:987][  0]LogDerivedDataCache: Unable to find inner node CompressedPak for hierarchical cache Hierarchy.
[2020.06.07-06.02.50:015][  0]LogDerivedDataCache: Display: Pak cache opened for reading ../../../Engine/DerivedDataCache/Compressed.ddp.
[2020.06.07-06.02.50:015][  0]LogDerivedDataCache: FDerivedDataBackendGraph:  EnterprisePak pak cache file ../../../Enterprise/DerivedDataCache/Compressed.ddp not found, will not use a pak cache.
[2020.06.07-06.02.50:015][  0]LogDerivedDataCache: Unable to find inner node EnterprisePak for hierarchical cache Hierarchy.
[2020.06.07-06.02.50:019][  0]LogDerivedDataCache: Using Local data cache path C:/Users/Lenovo/AppData/Local/UnrealEngine/Common/DerivedDataCache: Writable
[2020.06.07-06.02.50:019][  0]LogDerivedDataCache: Shared data cache path not found in *engine.ini, will not use an Shared cache.
[2020.06.07-06.02.50:019][  0]LogDerivedDataCache: Unable to find inner node Shared for hierarchical cache Hierarchy.
[2020.06.07-06.02.50:257][  0]LogSlate: Using FreeType 2.10.0
[2020.06.07-06.02.50:383][  0]LogSlate: SlateFontServices - WITH_FREETYPE: 1, WITH_HARFBUZZ: 1
[2020.06.07-06.02.50:899][  0]LogAssetRegistry: FAssetRegistry took 0.0079 seconds to start up
[2020.06.07-06.02.51:814][  0]LogInit: Selected Device Profile: [Windows]
[2020.06.07-06.02.52:826][  0]LogMeshReduction: Using QuadricMeshReduction for automatic static mesh reduction
[2020.06.07-06.02.52:826][  0]LogMeshReduction: Using SimplygonMeshReduction for automatic skeletal mesh reduction
[2020.06.07-06.02.52:826][  0]LogMeshReduction: Using ProxyLODMeshReduction for automatic mesh merging
[2020.06.07-06.02.52:826][  0]LogMeshReduction: No distributed automatic mesh merging module available
[2020.06.07-06.02.52:826][  0]LogMeshMerging: No distributed automatic mesh merging module available
[2020.06.07-06.02.52:986][  0]LogNetVersion: Pinball 1.0.0, NetCL: 13144385, EngineNetVer: 14, GameNetVer: 0 (Checksum: 2258170969)
[2020.06.07-06.02.56:958][  0]LogAISub: UAISubsystem::UAISubsystem AISubsystem (0000026A7CF0F780), frame # 0
[2020.06.07-06.02.56:958][  0]LogAISub: UAISubsystem::UAISubsystem AIPerceptionSystem (0000026A7CF18F40), frame # 0
[2020.06.07-06.02.56:963][  0]LogAISub: UAISubsystem::UAISubsystem EnvQueryManager (0000026A7750A200), frame # 0
[2020.06.07-06.02.56:996][  0]LogFileManager: Warning: DeleteFile was unable to delete '../../../../../../Users/Lenovo/Documents/GitHub/UnrealEngine_Mudassir/Pinball/Intermediate/AssetRegistryCache/866581fd.bin', retrying in .5s...
[2020.06.07-06.02.57:497][  0]LogFileManager: Error: Error deleting file '../../../../../../Users/Lenovo/Documents/GitHub/UnrealEngine_Mudassir/Pinball/Intermediate/AssetRegistryCache/866581fd.bin'.
[2020.06.07-06.02.57:705][  0]LogPackageLocalizationCache: Processed 19 localized package path(s) for 1 prioritized culture(s) in 0.718242 seconds
[2020.06.07-06.02.57:717][  0]LogUObjectArray: 15917 objects as part of root set at end of initial load.
[2020.06.07-06.02.57:718][  0]LogUObjectAllocator: 3965568 out of 0 bytes used by permanent object pool.
[2020.06.07-06.02.57:718][  0]LogUObjectArray: CloseDisregardForGC: 0/0 objects in disregard for GC pool
[2020.06.07-06.03.01:370][  0]LogTcpMessaging: Initializing TcpMessaging bridge
[2020.06.07-06.03.01:415][  0]LogUdpMessaging: Initializing bridge on interface 0.0.0.0:0 to multicast group 230.0.0.1:6666.
[2020.06.07-06.03.02:282][  0]SourceControl: Source control is disabled
[2020.06.07-06.03.02:282][  0]SourceControl: Source control is disabled
[2020.06.07-06.03.02:376][  0]SourceControl: Source control is disabled
[2020.06.07-06.03.02:477][  0]SourceControl: Source control is disabled
[2020.06.07-06.03.02:583][  0]SourceControl: Source control is disabled
[2020.06.07-06.03.02:788][  0]LogVSAccessor: Display: Unable to create Visual Studio setup instance: 80040154
[2020.06.07-06.03.02:791][  0]LogVSAccessor: Display: Unable to create Visual Studio setup instance: 80040154
[2020.06.07-06.03.05:136][  0]LogAndroidPermission: UAndroidPermissionCallbackProxy::GetInstance
[2020.06.07-06.03.05:491][  0]LogAudioCaptureCore: Display: No Audio Capture implementations found. Audio input will be silent.
[2020.06.07-06.03.05:492][  0]LogAudioCaptureCore: Display: No Audio Capture implementations found. Audio input will be silent.
[2020.06.07-06.03.06:001][  0]LogOcInput: OculusInput pre-init called
[2020.06.07-06.03.06:055][  0]LogWindows: Failed to load 'OVRPlugin.dll' (GetLastError=126)
[2020.06.07-06.03.06:055][  0]LogWindows: File 'OVRPlugin.dll' does not exist
[2020.06.07-06.03.06:636][  0]LogEngine: Initializing Engine...
[2020.06.07-06.03.06:684][  0]LogHMD: Failed to initialize OpenVR with code 110
[2020.06.07-06.03.06:684][  0]LogMagicLeap: Warning: VR disabled because ZI is not enabled.  To enable, in the editor, Edit -> Project Settings -> Plugins -> Magic Leap Plugin -> Enable Zero Iteration
[2020.06.07-06.03.06:687][  0]LogStats: UGameplayTagsManager::InitializeManager -  0.000 s
[2020.06.07-06.03.07:178][  0]LogInit: Initializing FReadOnlyCVARCache
[2020.06.07-06.03.07:356][  0]LogAIModule: Creating AISystem for world Untitled
[2020.06.07-06.03.07:356][  0]LogAISub: UAISubsystem::UAISubsystem EnvQueryManager (0000026A018B5800), frame # 0
[2020.06.07-06.03.07:357][  0]LogAISub: UAISubsystem::UAISubsystem AIPerceptionSystem (0000026A018ED6C0), frame # 0
[2020.06.07-06.03.07:444][  0]LogAudioMixer: Display: Audio Mixer Platform Settings:
[2020.06.07-06.03.07:444][  0]LogAudioMixer: Display: 	Sample Rate:						  48000
[2020.06.07-06.03.07:445][  0]LogAudioMixer: Display: 	Callback Buffer Frame Size Requested: 1024
[2020.06.07-06.03.07:445][  0]LogAudioMixer: Display: 	Callback Buffer Frame Size To Use:	  1024
[2020.06.07-06.03.07:445][  0]LogAudioMixer: Display: 	Number of buffers to queue:			  2
[2020.06.07-06.03.07:446][  0]LogAudioMixer: Display: 	Max Channels (voices):				  32
[2020.06.07-06.03.07:446][  0]LogAudioMixer: Display: 	Number of Async Source Workers:		  0
[2020.06.07-06.03.07:446][  0]LogAudio: Display: AudioDevice MaxSources: 32
[2020.06.07-06.03.07:448][  0]LogAudio: Display: Using built-in audio occlusion.
[2020.06.07-06.03.07:448][  0]LogAudioMixer: Display: Initializing audio mixer.
[2020.06.07-06.03.07:842][  0]LogAudioMixer: Display: 0: FrontLeft
[2020.06.07-06.03.07:842][  0]LogAudioMixer: Display: 1: FrontRight
[2020.06.07-06.03.08:754][  0]LogAudioMixer: Display: Using Audio Device Speakers (2- Realtek High Definition Audio)
[2020.06.07-06.03.08:783][  0]LogAudioMixer: Display: Initializing Sound Submixes...
[2020.06.07-06.03.08:791][  0]LogAudioMixer: Display: Creating Master Submix 'MasterSubmixDefault'
[2020.06.07-06.03.08:791][  0]LogAudioMixer: Display: Creating Master Submix 'MasterReverbSubmixDefault'
[2020.06.07-06.03.08:794][  0]LogAudioMixer: Display: Creating Master Submix 'MasterEQSubmixDefault'
[2020.06.07-06.03.08:797][  0]LogInit: FAudioDevice initialized.
[2020.06.07-06.03.08:798][  0]LogNetVersion: Set ProjectVersion to 1.0.0.0. Version Checksum will be recalculated on next use.
[2020.06.07-06.03.09:910][  0]LogDerivedDataCache: Saved boot cache 1.11s 104MB C:/Users/Lenovo/AppData/Local/UnrealEngine/4.25/DerivedDataCache/Boot.ddc.
[2020.06.07-06.03.09:914][  0]LogInit: Texture streaming: Enabled
[2020.06.07-06.03.09:945][  0]LogEngineSessionManager: EngineSessionManager initialized
[2020.06.07-06.03.09:945][  0]LogEditorSessionSummary: Verbose: Initializing EditorSessionSummaryWriter for editor session tracking
[2020.06.07-06.03.09:977][  0]LogEditorSessionSummary: EditorSessionSummaryWriter initialized
[2020.06.07-06.03.10:064][  0]LogInit: Transaction tracking system initialized
[2020.06.07-06.03.10:709][  0]BlueprintLog: New page: Editor Load
[2020.06.07-06.03.11:636][  0]LocalizationService: Localization service is disabled
[2020.06.07-06.03.12:854][  0]LogVSAccessor: Display: Unable to create Visual Studio setup instance: 80040154
[2020.06.07-06.03.12:857][  0]LogVSAccessor: Display: Unable to create Visual Studio setup instance: 80040154
[2020.06.07-06.03.13:569][  0]LogCook: Display: Max memory allowance for cook 16384mb min free memory 0mb
[2020.06.07-06.03.13:570][  0]LogCook: Display: Mobile HDR setting 1
[2020.06.07-06.03.14:042][  0]LogFileCache: Scanning file cache for directory 'C:/Users/Lenovo/Documents/GitHub/UnrealEngine_Mudassir/Pinball/Content/' took 0.03s
[2020.06.07-06.03.18:173][  0]SourceControl: Source control is disabled
[2020.06.07-06.03.18:173][  0]LogUnrealEdMisc: Loading editor; pre map load, took 151.861
[2020.06.07-06.03.18:173][  0]Cmd: MAP LOAD FILE="../../../Engine/Content/Maps/Templates/Template_Default.umap" TEMPLATE=1 SHOWPROGRESS=1 FEATURELEVEL=3
[2020.06.07-06.03.18:203][  0]LightingResults: New page: Lighting Build
[2020.06.07-06.03.18:369][  0]LogWorld: UWorld::CleanupWorld for Untitled, bSessionEnded=true, bCleanupResources=true
[2020.06.07-06.03.18:370][  0]LogSlate: InvalidateAllWidgets triggered.  All widgets were invalidated
[2020.06.07-06.03.18:371][  0]MapCheck: New page: Map Check
[2020.06.07-06.03.18:372][  0]LightingResults: New page: Lighting Build
[2020.06.07-06.03.18:435][  0]LogAISub: UAISubsystem::~UAISubsystem EnvQueryManager (0000026A018B5800), frame # 0
[2020.06.07-06.03.18:436][  0]LogAISub: UAISubsystem::~UAISubsystem AIPerceptionSystem (0000026A018ED6C0), frame # 0
[2020.06.07-06.03.18:438][  0]LogUObjectHash: Compacting FUObjectHashTables data took   2.20ms
[2020.06.07-06.03.19:114][  0]LogAIModule: Creating AISystem for world Untitled_1
[2020.06.07-06.03.19:114][  0]LogAISub: UAISubsystem::UAISubsystem EnvQueryManager (0000026A09ACFE00), frame # 0
[2020.06.07-06.03.19:115][  0]LogAISub: UAISubsystem::UAISubsystem AIPerceptionSystem (0000026A0A721A80), frame # 0
[2020.06.07-06.03.19:155][  0]LogEditorServer: Finished looking for orphan Actors (0.000 secs)
[2020.06.07-06.03.19:239][  0]LogUObjectHash: Compacting FUObjectHashTables data took   2.48ms
[2020.06.07-06.03.19:240][  0]Cmd: MAP CHECKDEP NOCLEARLOG
[2020.06.07-06.03.19:245][  0]MapCheck: Map check complete: 0 Error(s), 0 Warning(s), took 0.315ms to complete.
[2020.06.07-06.03.19:245][  0]LogFileHelpers: Loading map 'Template_Default' took 1.072
[2020.06.07-06.03.19:348][  0]LogUnrealEdMisc: Total Editor Startup Time, took 153.036
[2020.06.07-06.03.21:543][  0]LogSlate: Updating window title bar state: overlay mode, drag disabled, window buttons hidden, title bar hidden
[2020.06.07-06.03.21:570][  0]LogSlate: Updating window title bar state: overlay mode, drag disabled, window buttons hidden, title bar hidden
[2020.06.07-06.03.21:595][  0]LogSlate: Updating window title bar state: overlay mode, drag disabled, window buttons hidden, title bar hidden
[2020.06.07-06.03.21:621][  0]LogSlate: Updating window title bar state: overlay mode, drag disabled, window buttons hidden, title bar hidden
[2020.06.07-06.03.21:986][  0]LogCollectionManager: Loaded 0 collections in 0.009371 seconds
[2020.06.07-06.03.22:447][  0]LogFileCache: Scanning file cache for directory 'C:/Users/Lenovo/Documents/GitHub/UnrealEngine_Mudassir/Pinball/Saved/Collections/' took 0.00s
[2020.06.07-06.03.22:447][  0]LogFileCache: Scanning file cache for directory 'C:/Users/Lenovo/Documents/GitHub/UnrealEngine_Mudassir/Pinball/Content/Developers/Lenovo/Collections/' took 0.00s
[2020.06.07-06.03.22:447][  0]LogFileCache: Scanning file cache for directory 'C:/Users/Lenovo/Documents/GitHub/UnrealEngine_Mudassir/Pinball/Content/Collections/' took 0.01s
[2020.06.07-06.03.22:447][  0]LogContentBrowser: Native class hierarchy populated in 0.0328 seconds. Added 3426 classes and 820 folders.
[2020.06.07-06.03.22:719][  0]LogContentBrowser: Native class hierarchy updated for 'WidgetCarousel' in 0.0007 seconds. Added 0 classes and 0 folders.
[2020.06.07-06.03.26:822][  0]LogContentBrowser: Native class hierarchy updated for 'AddContentDialog' in 0.0007 seconds. Added 0 classes and 0 folders.
[2020.06.07-06.03.27:090][  0]LogContentBrowser: Native class hierarchy updated for 'SceneOutliner' in 0.0007 seconds. Added 2 classes and 0 folders.
[2020.06.07-06.03.28:038][  0]LogSlate: Took 0.013068 seconds to synchronously load lazily loaded font '../../../Engine/Content/Slate/Fonts/Roboto-Regular.ttf' (155K)
[2020.06.07-06.03.28:119][  0]LogSlate: Took 0.072500 seconds to synchronously load lazily loaded font '../../../Engine/Content/Slate/Fonts/Roboto-Bold.ttf' (160K)
[2020.06.07-06.03.28:352][  0]LogSlate: Took 0.010504 seconds to synchronously load lazily loaded font '../../../Engine/Content/Editor/Slate/Fonts/FontAwesome.ttf' (139K)
[2020.06.07-06.03.29:863][  0]LogRenderer: Reallocating scene render targets to support 808x360 Format 10 NumSamples 1 (Frame:1).
[2020.06.07-06.03.33:555][  0]LogContentBrowser: Native class hierarchy updated for 'HierarchicalLODOutliner' in 0.0007 seconds. Added 0 classes and 0 folders.
[2020.06.07-06.03.33:555][  0]LogLoad: (Engine Initialization) Total time: 167.24 seconds
[2020.06.07-06.03.33:555][  0]LogLoad: (Engine Initialization) Total Blueprint compile time: 0.00 seconds
[2020.06.07-06.03.33:957][  0]LogContentStreaming: Texture pool size now 1000 MB
[2020.06.07-06.03.35:219][  3]LogAssetRegistry: Asset discovery search completed in 44.3224 seconds
[2020.06.07-06.03.35:236][  3]LogCollectionManager: Fixed up redirectors for 0 collections in 0.000006 seconds (updated 0 objects)
[2020.06.07-06.10.03:631][106]Cmd: BRUSH ADD SELECTNEWBRUSH
[2020.06.07-06.10.06:142][179]LogEditorViewport: Clicking on Actor (LMB): BP_Sky_Sphere_C (Sky Sphere)
[2020.06.07-06.10.14:008][635]Cmd: TRANSACTION UNDO
[2020.06.07-06.10.14:008][635]LogEditorTransaction: Undo Move Actors
[2020.06.07-06.10.14:331][635]LogSlate: Took 0.042598 seconds to synchronously load lazily loaded font '../../../Engine/Content/Slate/Fonts/Roboto-Light.ttf' (167K)
[2020.06.07-06.10.15:529][692]LogEditorViewport: Clicking on Actor (LMB): BP_Sky_Sphere_C (Sky Sphere)
[2020.06.07-06.10.18:450][857]Cmd: EDCALLBACK SURFPROPS
[2020.06.07-06.10.19:342][857]Cmd: EDCALLBACK SURFPROPS
[2020.06.07-06.10.29:075][389]LogSlate: Took 0.062155 seconds to synchronously load lazily loaded font '../../../Engine/Content/Slate/Fonts/Roboto-Italic.ttf' (157K)
[2020.06.07-06.10.31:192][510]LogEditorViewport: Clicking on Actor (LMB): BP_Sky_Sphere_C (Sky Sphere)
[2020.06.07-06.10.39:693][ 17]LogEditorViewport: Clicking on Actor (LMB): StaticMeshActor (Floor)
[2020.06.07-06.10.59:052][107]LogEditorViewport: Clicking on Actor (LMB): BP_Sky_Sphere_C (Sky Sphere)
[2020.06.07-06.11.31:652][ 44]LogEditorViewport: Clicking on Actor (LMB): BP_Sky_Sphere_C (Sky Sphere)
[2020.06.07-06.11.37:977][415]LogEditorViewport: Clicking on Actor (LMB): StaticMeshActor (Floor)
[2020.06.07-06.13.23:799][598]LogEditorViewport: Clicking on Actor (LMB): BP_Sky_Sphere_C (Sky Sphere)
[2020.06.07-06.13.25:697][709]LogEditorViewport: Clicking on Actor (LMB): StaticMeshActor (Floor)
[2020.06.07-06.13.43:549][761]LogEditorViewport: Clicking on Actor (LMB): BP_Sky_Sphere_C (Sky Sphere)
[2020.06.07-06.13.46:705][947]LogEditorViewport: Clicking on Actor (LMB): StaticMeshActor (Floor)
[2020.06.07-06.13.50:528][172]LogEditorViewport: Clicking on Actor (context menu): StaticMeshActor (Floor)
[2020.06.07-06.14.43:447][290]Cmd: TRANSACTION UNDO
[2020.06.07-06.14.43:447][290]LogEditorTransaction: Undo Move Actors
[2020.06.07-06.14.50:793][696]LogEditorViewport: Clicking on Actor (LMB): StaticMeshActor (Floor)
[2020.06.07-06.15.15:881][196]Cmd: TRANSACTION UNDO
[2020.06.07-06.15.15:881][196]LogEditorTransaction: Undo Clicking on Actors
[2020.06.07-06.15.36:118][322]LogEditorViewport: Clicking on Actor (LMB): BP_Sky_Sphere_C (Sky Sphere)
[2020.06.07-06.16.03:079][920]LogEditorViewport: Clicking on Actor (double click): BP_Sky_Sphere_C (Sky Sphere)
[2020.06.07-06.16.21:216][  0]LogEditorViewport: Clicking on Actor (LMB): BP_Sky_Sphere_C (Sky Sphere)
[2020.06.07-06.16.45:419][428]LogEditorViewport: Clicking on Actor (LMB): BP_Sky_Sphere_C (Sky Sphere)
[2020.06.07-06.16.49:194][652]LogEditorViewport: Clicking on Actor (context menu): BP_Sky_Sphere_C (Sky Sphere)
[2020.06.07-06.16.50:332][716]LogEditorViewport: Clicking on Actor (LMB): BP_Sky_Sphere_C (Sky Sphere)
[2020.06.07-06.17.07:989][755]LogEditorViewport: Clicking on Actor (LMB): BP_Sky_Sphere_C (Sky Sphere)
[2020.06.07-06.17.09:729][857]LogEditorViewport: Clicking on Actor (context menu): BP_Sky_Sphere_C (Sky Sphere)
[2020.06.07-06.17.11:165][938]LogEditorViewport: Clicking on Actor (LMB): StaticMeshActor (Floor)
[2020.06.07-06.17.13:224][ 54]LogEditorViewport: Clicking on Actor (LMB): BP_Sky_Sphere_C (Sky Sphere)
[2020.06.07-06.17.41:673][750]LogEditorViewport: Clicking on Actor (LMB): StaticMeshActor (Floor)
[2020.06.07-06.17.45:084][946]LogEditorViewport: Clicking on Actor (LMB): StaticMeshActor (Floor)
[2020.06.07-06.17.51:613][226]LogSlate: Window 'Extrude Coordinates Mode Warning' being destroyed
[2020.06.07-06.18.10:356][398]LogEditorViewport: Clicking on Actor (LMB): BP_Sky_Sphere_C (Sky Sphere)
[2020.06.07-06.18.15:713][932]Cmd: TRANSACTION UNDO
[2020.06.07-06.18.15:713][932]LogEditorTransaction: Undo Clicking on Actors
[2020.06.07-06.18.24:660][757]LogEditorViewport: Clicking on Actor (LMB): BP_Sky_Sphere_C (Sky Sphere)
[2020.06.07-06.18.30:807][325]Cmd: TRANSACTION UNDO
[2020.06.07-06.18.30:807][325]LogEditorTransaction: Undo Select Brush Surface
[2020.06.07-06.18.31:245][333]Cmd: TRANSACTION UNDO
[2020.06.07-06.18.31:246][333]LogEditorTransaction: Undo Clicking on Actors
[2020.06.07-06.18.31:657][357]Cmd: TRANSACTION UNDO
[2020.06.07-06.18.31:657][357]LogEditorTransaction: Undo Move Actors
[2020.06.07-06.18.34:112][575]LogEditorViewport: Clicking on Actor (LMB): BP_Sky_Sphere_C (Sky Sphere)
[2020.06.07-06.18.42:715][340]LogEditorViewport: Clicking on Actor (LMB): BP_Sky_Sphere_C (Sky Sphere)
[2020.06.07-06.18.43:634][419]LogEditorViewport: Clicking on Actor (LMB): BP_Sky_Sphere_C (Sky Sphere)
[2020.06.07-06.18.51:162][ 72]Cmd: EDCALLBACK SURFPROPS
[2020.06.07-06.18.58:519][741]LogEditorViewport: Clicking on Actor (double click): Brush (Box Brush)
[2020.06.07-06.19.10:227][868]LogEditorViewport: Clicking on Actor (LMB): BP_Sky_Sphere_C (Sky Sphere)
[2020.06.07-06.19.44:265][259]LogEditorViewport: Clicking on Actor (LMB): BP_Sky_Sphere_C (Sky Sphere)
[2020.06.07-06.20.03:964][535]LogEditorViewport: Clicking on Actor (LMB): BP_Sky_Sphere_C (Sky Sphere)
[2020.06.07-06.20.09:117][868]Cmd: TRANSACTION UNDO
[2020.06.07-06.20.09:118][868]LogEditorTransaction: Undo Clicking on Actors
[2020.06.07-06.20.09:399][871]Cmd: TRANSACTION UNDO
[2020.06.07-06.20.09:400][871]LogEditorTransaction: Undo Move Actors
[2020.06.07-06.20.09:468][871]LogGeometryMode: Warning: Unable to find 2 Vertex(s) in new BSP
[2020.06.07-06.20.09:468][871]LogGeometryMode: Warning: Unable to resolve BoxBrush Brush in new BSP, see above
[2020.06.07-06.20.09:468][871]LogGeometryMode: Warning: Unable to find all previously selected geometry data, resetting selection
[2020.06.07-06.20.09:699][873]Cmd: TRANSACTION UNDO
[2020.06.07-06.20.09:700][873]LogEditorTransaction: Undo Modifier [Edit]
[2020.06.07-06.20.10:192][896]Cmd: TRANSACTION UNDO
[2020.06.07-06.20.10:192][896]LogEditorTransaction: Undo Move Actors
[2020.06.07-06.20.10:429][902]Cmd: TRANSACTION UNDO
[2020.06.07-06.20.10:430][902]LogEditorTransaction: Undo Move Actors
[2020.06.07-06.20.10:651][910]Cmd: TRANSACTION UNDO
[2020.06.07-06.20.10:652][910]LogEditorTransaction: Undo Move Actors
[2020.06.07-06.20.10:871][919]Cmd: TRANSACTION UNDO
[2020.06.07-06.20.10:872][919]LogEditorTransaction: Undo Move Actors
[2020.06.07-06.20.11:076][925]Cmd: TRANSACTION UNDO
[2020.06.07-06.20.11:076][925]LogEditorTransaction: Undo Modifier [Edit]
[2020.06.07-06.20.11:271][932]Cmd: TRANSACTION UNDO
[2020.06.07-06.20.11:271][932]LogEditorTransaction: Undo Select Brush Surface
[2020.06.07-06.20.11:511][936]Cmd: TRANSACTION UNDO
[2020.06.07-06.20.11:512][936]LogEditorTransaction: Undo Clicking on Actors
[2020.06.07-06.20.11:880][953]Cmd: TRANSACTION UNDO
[2020.06.07-06.20.11:880][953]LogEditorTransaction: Undo Move Actors
[2020.06.07-06.20.12:166][962]Cmd: TRANSACTION UNDO
[2020.06.07-06.20.12:167][962]LogEditorTransaction: Undo Modifier [Edit]
[2020.06.07-06.20.12:770][990]Cmd: TRANSACTION UNDO
[2020.06.07-06.20.12:770][990]LogEditorTransaction: Undo Move Actors
[2020.06.07-06.20.13:397][ 19]Cmd: TRANSACTION UNDO
[2020.06.07-06.20.13:398][ 19]LogEditorTransaction: Undo Move Actors
[2020.06.07-06.20.13:681][ 28]Cmd: TRANSACTION UNDO
[2020.06.07-06.20.13:682][ 28]LogEditorTransaction: Undo Move Actors
[2020.06.07-06.20.13:912][ 38]Cmd: TRANSACTION UNDO
[2020.06.07-06.20.13:913][ 38]LogEditorTransaction: Undo Move Actors
[2020.06.07-06.20.14:150][ 46]Cmd: TRANSACTION UNDO
[2020.06.07-06.20.14:150][ 46]LogEditorTransaction: Undo Move Actors
[2020.06.07-06.20.14:391][ 57]Cmd: TRANSACTION UNDO
[2020.06.07-06.20.14:392][ 57]LogEditorTransaction: Undo Modifier [Edit]
[2020.06.07-06.20.14:597][ 62]Cmd: TRANSACTION UNDO
[2020.06.07-06.20.14:597][ 62]LogEditorTransaction: Undo Move Actors
[2020.06.07-06.20.14:849][ 70]Cmd: TRANSACTION UNDO
[2020.06.07-06.20.14:849][ 70]LogEditorTransaction: Undo Move Actors
[2020.06.07-06.20.15:060][ 76]Cmd: TRANSACTION UNDO
[2020.06.07-06.20.15:060][ 76]LogEditorTransaction: Undo Select Brush Surface
[2020.06.07-06.20.15:278][ 82]Cmd: TRANSACTION UNDO
[2020.06.07-06.20.15:278][ 82]LogEditorTransaction: Undo Clicking on Actors
[2020.06.07-06.20.15:842][106]Cmd: TRANSACTION UNDO
[2020.06.07-06.20.15:843][106]LogEditorTransaction: Undo Modifier [Edit]
[2020.06.07-06.20.16:242][120]Cmd: TRANSACTION UNDO
[2020.06.07-06.20.16:242][120]LogEditorTransaction: Undo Move Actors
[2020.06.07-06.20.17:168][120]Cmd: TRANSACTION UNDO
[2020.06.07-06.20.17:168][120]LogEditorTransaction: Undo Move Actors
[2020.06.07-06.20.17:187][120]Cmd: TRANSACTION UNDO
[2020.06.07-06.20.17:187][120]LogEditorTransaction: Undo Move Actors
[2020.06.07-06.20.17:205][120]Cmd: TRANSACTION UNDO
[2020.06.07-06.20.17:206][120]LogEditorTransaction: Undo Modifier [Extrude]
[2020.06.07-06.20.17:224][120]Cmd: TRANSACTION UNDO
[2020.06.07-06.20.17:224][120]LogEditorTransaction: Undo Move Actors
[2020.06.07-06.20.17:370][122]Cmd: TRANSACTION UNDO
[2020.06.07-06.20.17:371][122]LogEditorTransaction: Undo Select Brush Surface
[2020.06.07-06.20.21:451][329]Cmd: DELETE
[2020.06.07-06.20.21:602][329]Cmd: ACTOR DELETE
[2020.06.07-06.20.21:784][329]LogEditorActor: Deleted Actor: Brush
[2020.06.07-06.20.21:841][329]LogUObjectHash: Compacting FUObjectHashTables data took   1.48ms
[2020.06.07-06.20.21:848][329]LogEditorActor: Deleted 1 Actors (0.219 secs)
[2020.06.07-06.20.23:153][416]LogEditorViewport: Clicking on Actor (LMB): StaticMeshActor (Floor)
[2020.06.07-06.20.39:891][352]Cmd: BRUSH ADD SELECTNEWBRUSH
[2020.06.07-06.20.58:260][404]LogEditorViewport: Clicking on Actor (LMB): Brush (Box Brush)
[2020.06.07-06.20.59:585][442]LogEditorViewport: Clicking on Actor (double click): Brush (Box Brush)
[2020.06.07-06.21.04:110][686]LogEditorViewport: Clicking on Actor (LMB): BP_Sky_Sphere_C (Sky Sphere)
[2020.06.07-06.21.13:209][135]LogEditorViewport: Clicking on Actor (LMB): BP_Sky_Sphere_C (Sky Sphere)
[2020.06.07-06.21.38:216][557]LogEditorViewport: Clicking on Actor (LMB): BP_Sky_Sphere_C (Sky Sphere)
[2020.06.07-06.21.51:761][321]LogEditorViewport: Clicking on Actor (LMB): BP_Sky_Sphere_C (Sky Sphere)
[2020.06.07-06.22.11:239][441]LogEditorViewport: Clicking on Actor (LMB): BP_Sky_Sphere_C (Sky Sphere)
[2020.06.07-06.22.17:711][821]LogEditorViewport: Clicking on Actor (LMB): StaticMeshActor (Floor)
[2020.06.07-06.22.21:654][ 67]LogEditorViewport: Clicking on Actor (LMB): BP_Sky_Sphere_C (Sky Sphere)
[2020.06.07-06.22.30:367][501]LogEditorViewport: Clicking on Actor (LMB): BP_Sky_Sphere_C (Sky Sphere)
[2020.06.07-06.22.56:632][846]LogUObjectHash: Compacting FUObjectHashTables data took   2.67ms
[2020.06.07-06.22.56:668][846]LogSavePackage: Moving '../../../../../../Users/Lenovo/Documents/GitHub/UnrealEngine_Mudassir/Pinball/Saved/Untitled_1_Auto14222077E48E12E875596339B7BCC5C30.tmp' to '../../../../../../Users/Lenovo/Documents/GitHub/UnrealEngine_Mudassir/Pinball/Saved/Autosaves/Temp/Untitled_1_Auto1.umap'
[2020.06.07-06.22.56:670][846]LogFileHelpers: Editor autosave (incl. sublevels) for '/Temp/Untitled_1' took 0.081
[2020.06.07-06.22.56:671][846]LogFileHelpers: Editor autosave (incl. sublevels) for all levels took 0.081
[2020.06.07-06.23.05:876][297]LogEditorViewport: Clicking on Actor (LMB): StaticMeshActor (Floor)
[2020.06.07-06.23.11:318][559]LogEditorViewport: Clicking on Actor (LMB): BP_Sky_Sphere_C (Sky Sphere)
[2020.06.07-06.23.35:213][728]LogEditorViewport: Clicking on Actor (LMB): BP_Sky_Sphere_C (Sky Sphere)
[2020.06.07-06.23.57:620][870]LogEditorViewport: Clicking on Actor (double click): BP_Sky_Sphere_C (Sky Sphere)
[2020.06.07-06.24.05:663][267]LogEditorViewport: Clicking on Actor (LMB): BP_Sky_Sphere_C (Sky Sphere)
[2020.06.07-06.24.17:159][870]LogEditorViewport: Clicking on Actor (LMB): BP_Sky_Sphere_C (Sky Sphere)
[2020.06.07-06.24.32:339][639]Cmd: TRANSACTION UNDO
[2020.06.07-06.24.32:339][639]LogEditorTransaction: Undo Move Actors
[2020.06.07-06.25.43:610][367]Cmd: TRANSACTION UNDO
[2020.06.07-06.25.43:610][367]LogEditorTransaction: Undo Modifier [Edit]
[2020.06.07-06.25.44:214][376]Cmd: TRANSACTION UNDO
[2020.06.07-06.25.44:215][376]LogEditorTransaction: Undo Move Actors
[2020.06.07-06.25.44:238][376]LogGeometryMode: Warning: Unable to find 1 Poly(s) in new BSP
[2020.06.07-06.25.44:238][376]LogGeometryMode: Warning: Unable to resolve BoxBrush_3 Brush in new BSP, see above
[2020.06.07-06.25.44:238][376]LogGeometryMode: Warning: Unable to find all previously selected geometry data, resetting selection
[2020.06.07-06.25.50:756][623]LogEditorViewport: Clicking on Actor (LMB): BP_Sky_Sphere_C (Sky Sphere)
[2020.06.07-06.26.08:138][269]LogSlate: Window 'Extrude Coordinates Mode Warning' being destroyed
[2020.06.07-06.26.19:321][ 57]Cmd: TRANSACTION UNDO
[2020.06.07-06.26.19:321][ 57]LogEditorTransaction: Undo Move Actors
[2020.06.07-06.26.19:343][ 57]LogGeometryMode: Warning: Unable to find 1 Poly(s) in new BSP
[2020.06.07-06.26.19:344][ 57]LogGeometryMode: Warning: Unable to resolve BoxBrush_3 Brush in new BSP, see above
[2020.06.07-06.26.19:344][ 57]LogGeometryMode: Warning: Unable to find all previously selected geometry data, resetting selection
[2020.06.07-06.26.30:100][634]LogDialogs: Warning: Suppressed: Extrude only works with Local Coordinates System
[2020.06.07-06.26.40:705][277]LogEditorViewport: Clicking on Actor (LMB): BP_Sky_Sphere_C (Sky Sphere)
[2020.06.07-06.26.47:690][682]Cmd: TRANSACTION UNDO
[2020.06.07-06.26.47:690][682]LogEditorTransaction: Undo Move Actors
[2020.06.07-06.26.48:326][694]Cmd: TRANSACTION UNDO
[2020.06.07-06.26.48:327][694]LogEditorTransaction: Undo Move Actors
[2020.06.07-06.26.48:983][724]Cmd: TRANSACTION UNDO
[2020.06.07-06.26.48:983][724]LogEditorTransaction: Undo Select Brush Surface
[2020.06.07-06.26.51:417][831]Cmd: TRANSACTION UNDO
[2020.06.07-06.26.51:418][831]LogEditorTransaction: Undo Select Brush Surface
[2020.06.07-06.26.51:851][848]Cmd: TRANSACTION UNDO
[2020.06.07-06.26.51:852][848]LogEditorTransaction: Undo Clicking on Actors
[2020.06.07-06.26.52:270][867]Cmd: TRANSACTION UNDO
[2020.06.07-06.26.52:270][867]LogEditorTransaction: Undo Move Actors
[2020.06.07-06.26.52:732][883]Cmd: TRANSACTION UNDO
[2020.06.07-06.26.52:732][883]LogEditorTransaction: Undo Move Actors
[2020.06.07-06.26.52:750][883]LogGeometryMode: Warning: Unable to find 1 Poly(s) in new BSP
[2020.06.07-06.26.52:750][883]LogGeometryMode: Warning: Unable to resolve BoxBrush_3 Brush in new BSP, see above
[2020.06.07-06.26.52:750][883]LogGeometryMode: Warning: Unable to find all previously selected geometry data, resetting selection
[2020.06.07-06.26.56:453][ 63]LogEditorViewport: Clicking on Actor (LMB): BP_Sky_Sphere_C (Sky Sphere)
[2020.06.07-06.28.17:007][971]LogEditorViewport: Clicking on Actor (LMB): BP_Sky_Sphere_C (Sky Sphere)
[2020.06.07-06.28.38:262][930]Cmd: TRANSACTION UNDO
[2020.06.07-06.28.38:262][930]LogEditorTransaction: Undo Scale Actors
[2020.06.07-06.28.38:822][938]Cmd: TRANSACTION UNDO
[2020.06.07-06.28.38:822][938]LogEditorTransaction: Undo Scale Actors
[2020.06.07-06.28.40:663][ 33]Cmd: TRANSACTION UNDO
[2020.06.07-06.28.40:664][ 33]LogEditorTransaction: Undo Move Actors
[2020.06.07-06.28.40:898][ 35]Cmd: TRANSACTION UNDO
[2020.06.07-06.28.40:898][ 35]LogEditorTransaction: Undo Move Actors
[2020.06.07-06.28.41:219][ 41]Cmd: TRANSACTION UNDO
[2020.06.07-06.28.41:219][ 41]LogEditorTransaction: Undo Modifier [Edit]
[2020.06.07-06.28.41:481][ 45]Cmd: TRANSACTION UNDO
[2020.06.07-06.28.41:482][ 45]LogEditorTransaction: Undo Select Brush Surface
[2020.06.07-06.28.42:280][ 71]Cmd: TRANSACTION UNDO
[2020.06.07-06.28.42:281][ 71]LogEditorTransaction: Undo Clicking on Actors
[2020.06.07-06.28.42:654][ 82]Cmd: TRANSACTION UNDO
[2020.06.07-06.28.42:654][ 82]LogEditorTransaction: Undo Move Actors
[2020.06.07-06.28.43:080][ 93]Cmd: TRANSACTION UNDO
[2020.06.07-06.28.43:081][ 93]LogEditorTransaction: Undo Move Actors
[2020.06.07-06.28.43:551][103]Cmd: TRANSACTION UNDO
[2020.06.07-06.28.43:551][103]LogEditorTransaction: Undo Modifier [Edit]
[2020.06.07-06.28.43:922][113]Cmd: TRANSACTION UNDO
[2020.06.07-06.28.43:922][113]LogEditorTransaction: Undo Modifier [Edit]
[2020.06.07-06.28.44:174][119]Cmd: TRANSACTION UNDO
[2020.06.07-06.28.44:174][119]LogEditorTransaction: Undo Move Actors
[2020.06.07-06.28.44:368][120]Cmd: TRANSACTION UNDO
[2020.06.07-06.28.44:369][120]LogEditorTransaction: Undo Move Actors
[2020.06.07-06.28.44:531][121]Cmd: TRANSACTION UNDO
[2020.06.07-06.28.44:532][121]LogEditorTransaction: Undo Modifier [Edit]
[2020.06.07-06.28.45:318][162]Cmd: TRANSACTION UNDO
[2020.06.07-06.28.45:318][162]LogEditorTransaction: Undo Move Actors
[2020.06.07-06.28.45:349][162]LogGeometryMode: Warning: Unable to find 1 Poly(s) in new BSP
[2020.06.07-06.28.45:349][162]LogGeometryMode: Warning: Unable to resolve BoxBrush_3 Brush in new BSP, see above
[2020.06.07-06.28.45:349][162]LogGeometryMode: Warning: Unable to find all previously selected geometry data, resetting selection
[2020.06.07-06.28.45:482][166]Cmd: TRANSACTION UNDO
[2020.06.07-06.28.45:482][166]LogEditorTransaction: Undo Move Actors
[2020.06.07-06.28.45:533][166]LogGeometryMode: Warning: Unable to find 1 Poly(s) in new BSP
[2020.06.07-06.28.45:533][166]LogGeometryMode: Warning: Unable to resolve BoxBrush_3 Brush in new BSP, see above
[2020.06.07-06.28.45:533][166]LogGeometryMode: Warning: Unable to find all previously selected geometry data, resetting selection
[2020.06.07-06.28.45:766][180]Cmd: TRANSACTION UNDO
[2020.06.07-06.28.45:766][180]LogEditorTransaction: Undo Move Actors
[2020.06.07-06.28.45:926][180]LogGeometryMode: Warning: Unable to find 1 Poly(s) in new BSP
[2020.06.07-06.28.45:926][180]LogGeometryMode: Warning: Unable to resolve BoxBrush_3 Brush in new BSP, see above
[2020.06.07-06.28.45:927][180]LogGeometryMode: Warning: Unable to find all previously selected geometry data, resetting selection
[2020.06.07-06.28.49:448][337]Cmd: TRANSACTION UNDO
[2020.06.07-06.28.49:449][337]LogEditorTransaction: Undo Move Actors
[2020.06.07-06.28.49:493][337]LogGeometryMode: Warning: Unable to find 1 Poly(s) in new BSP
[2020.06.07-06.28.49:493][337]LogGeometryMode: Warning: Unable to resolve BoxBrush_3 Brush in new BSP, see above
[2020.06.07-06.28.49:493][337]LogGeometryMode: Warning: Unable to find all previously selected geometry data, resetting selection
[2020.06.07-06.29.00:364][810]Cmd: TRANSACTION UNDO
[2020.06.07-06.29.00:365][810]LogEditorTransaction: Undo Move Actors
[2020.06.07-06.29.00:384][810]LogGeometryMode: Warning: Unable to find 1 Poly(s) in new BSP
[2020.06.07-06.29.00:384][810]LogGeometryMode: Warning: Unable to resolve BoxBrush_3 Brush in new BSP, see above
[2020.06.07-06.29.00:384][810]LogGeometryMode: Warning: Unable to find all previously selected geometry data, resetting selection
[2020.06.07-06.29.12:651][329]LogDialogs: Warning: Suppressed: Extrude only works with Local Coordinates System
[2020.06.07-06.29.19:016][582]LogEditorViewport: Clicking on Actor (LMB): BP_Sky_Sphere_C (Sky Sphere)
[2020.06.07-06.29.55:848][301]Cmd: TRANSACTION UNDO
[2020.06.07-06.29.55:849][301]LogEditorTransaction: Undo Move Actors
[2020.06.07-06.29.55:994][301]LogGeometryMode: Warning: Unable to find 1 Poly(s) in new BSP
[2020.06.07-06.29.55:994][301]LogGeometryMode: Warning: Unable to resolve BoxBrush_3 Brush in new BSP, see above
[2020.06.07-06.29.55:994][301]LogGeometryMode: Warning: Unable to find all previously selected geometry data, resetting selection
[2020.06.07-06.29.59:846][424]Cmd: TRANSACTION UNDO
[2020.06.07-06.29.59:846][424]LogEditorTransaction: Undo Move Actors
[2020.06.07-06.29.59:976][424]LogGeometryMode: Warning: Unable to find 1 Poly(s) in new BSP
[2020.06.07-06.29.59:976][424]LogGeometryMode: Warning: Unable to resolve BoxBrush_3 Brush in new BSP, see above
[2020.06.07-06.29.59:976][424]LogGeometryMode: Warning: Unable to find all previously selected geometry data, resetting selection
[2020.06.07-06.30.02:242][496]LogDialogs: Warning: Suppressed: Extrude only works with Local Coordinates System
[2020.06.07-06.30.42:646][285]LogEditorViewport: Clicking on Actor (LMB): BP_Sky_Sphere_C (Sky Sphere)
[2020.06.07-06.30.53:891][821]Cmd: EDCALLBACK SURFPROPS
[2020.06.07-06.31.01:158][125]LogEditorViewport: Clicking on Actor (double click): Brush (Box Brush)
[2020.06.07-06.31.01:541][149]LogEditorViewport: Clicking on Actor (double click): Brush (Box Brush)
[2020.06.07-06.31.24:590][209]LogEditorViewport: Clicking on Actor (LMB): StaticMeshActor (Floor)
[2020.06.07-06.31.36:109][700]Cmd: TRANSACTION UNDO
[2020.06.07-06.31.36:109][700]LogEditorTransaction: Undo Move Actors
[2020.06.07-06.31.36:224][700]LogGeometryMode: Warning: Unable to find 1 Vertex(s) in new BSP
[2020.06.07-06.31.36:225][700]LogGeometryMode: Warning: Unable to resolve BoxBrush_3 Brush in new BSP, see above
[2020.06.07-06.31.36:225][700]LogGeometryMode: Warning: Unable to find all previously selected geometry data, resetting selection
[2020.06.07-06.31.42:380][901]LogEditorViewport: Clicking on Actor (LMB): PlayerStart (Player Start)
[2020.06.07-06.31.42:403][901]LogNavigationPoint: PostEditMove Clear paths rebuilt
[2020.06.07-06.32.26:442][860]LogEditorViewport: Clicking on Actor (double click): BP_Sky_Sphere_C (Sky Sphere)
[2020.06.07-06.33.08:153][197]LogSlate: Window 'Save Level As' being destroyed
[2020.06.07-06.33.08:223][197]Cmd: OBJ SAVEPACKAGE PACKAGE="/Game/Pinball" FILE="../../../../../../Users/Lenovo/Documents/GitHub/UnrealEngine_Mudassir/Pinball/Content/Pinball.umap" SILENT=true AUTOSAVING=false KEEPDIRTY=false
[2020.06.07-06.33.08:249][197]LogUObjectHash: Compacting FUObjectHashTables data took   1.75ms
[2020.06.07-06.33.08:334][197]LogSavePackage: Moving '../../../../../../Users/Lenovo/Documents/GitHub/UnrealEngine_Mudassir/Pinball/Saved/Pinball27CB2E4D4CCE5C70F7A7F78997B638D4.tmp' to '../../../../../../Users/Lenovo/Documents/GitHub/UnrealEngine_Mudassir/Pinball/Content/Pinball.umap'
[2020.06.07-06.33.08:376][197]Cmd: OBJ SAVEPACKAGE PACKAGE="/Game/Pinball_BuiltData" FILE="../../../../../../Users/Lenovo/Documents/GitHub/UnrealEngine_Mudassir/Pinball/Content/Pinball_BuiltData.uasset" SILENT=true
[2020.06.07-06.33.08:419][197]LogSavePackage: Moving '../../../../../../Users/Lenovo/Documents/GitHub/UnrealEngine_Mudassir/Pinball/Saved/Pinball_BuiltData58D687DF4F630C8E59C81A9583BA6C66.tmp' to '../../../../../../Users/Lenovo/Documents/GitHub/UnrealEngine_Mudassir/Pinball/Content/Pinball_BuiltData.uasset'
[2020.06.07-06.33.08:441][197]LogFileHelpers: Saving map 'Pinball' took 0.277
[2020.06.07-06.33.08:449][197]AssetCheck: New page: Asset Save: multiple assets
[2020.06.07-06.33.08:449][197]LogContentValidation: Display: Validating World /Game/Pinball.Pinball
[2020.06.07-06.33.08:449][197]LogContentValidation: Display: Validating MapBuildDataRegistry /Game/Pinball_BuiltData.Pinball_BuiltData
[2020.06.07-06.33.08:610][197]LogSlate: Took 0.000768 seconds to synchronously load lazily loaded font '../../../Engine/Content/Slate/Fonts/Roboto-Light.ttf' (167K)
